[16:43:09.480] [INFO   ] thread bguspl.set.Main.main() starting.
[16:43:09.483] [SEVERE ] cannot read configuration file config.properties trying from resources.
[16:43:09.484] [SEVERE ] configuration file was loaded from resources directory.
[16:43:10.092] [INFO   ] thread dealer starting.
[16:43:10.092] [INFO   ] thread dealer starting.
[16:43:10.093] [INFO   ] thread Thread-1 starting.
[16:43:10.093] [INFO   ] thread Thread-2 starting.
[16:43:10.199] [SEVERE ] placing card 1 in slot 0
[16:43:10.302] [SEVERE ] placing card 44 in slot 1
[16:43:10.403] [SEVERE ] placing card 59 in slot 2
[16:43:10.507] [SEVERE ] placing card 29 in slot 3
[16:43:10.608] [SEVERE ] placing card 56 in slot 4
[16:43:10.709] [SEVERE ] placing card 32 in slot 5
[16:43:10.810] [SEVERE ] placing card 58 in slot 6
[16:43:10.911] [SEVERE ] placing card 72 in slot 7
[16:43:11.013] [SEVERE ] placing card 69 in slot 8
[16:43:11.114] [SEVERE ] placing card 24 in slot 9
[16:43:11.215] [SEVERE ] placing card 39 in slot 10
[16:43:11.316] [SEVERE ] placing card 41 in slot 11
[16:43:11.316] [SEVERE ] updating countdown to 60000
[16:43:11.413] [SEVERE ] updating countdown to 59903
[16:43:11.508] [SEVERE ] updating countdown to 59808
[16:43:11.604] [SEVERE ] updating countdown to 59712
[16:43:11.699] [SEVERE ] updating countdown to 59617
[16:43:11.795] [SEVERE ] updating countdown to 59521
[16:43:11.891] [SEVERE ] updating countdown to 59425
[16:43:11.986] [SEVERE ] updating countdown to 59330
[16:43:12.082] [SEVERE ] updating countdown to 59234
[16:43:12.178] [SEVERE ] updating countdown to 59138
[16:43:12.274] [SEVERE ] updating countdown to 59042
[16:43:12.369] [SEVERE ] updating countdown to 58947
[16:43:12.464] [SEVERE ] updating countdown to 58852
[16:43:12.560] [SEVERE ] updating countdown to 58756
[16:43:12.655] [SEVERE ] updating countdown to 58661
[16:43:12.750] [SEVERE ] updating countdown to 58566
[16:43:12.845] [SEVERE ] updating countdown to 58471
[16:43:12.940] [SEVERE ] updating countdown to 58376
[16:43:13.036] [SEVERE ] updating countdown to 58280
[16:43:13.132] [SEVERE ] updating countdown to 58184
[16:43:13.227] [SEVERE ] updating countdown to 58089
[16:43:13.322] [SEVERE ] updating countdown to 57994
[16:43:13.417] [SEVERE ] updating countdown to 57899
[16:43:13.513] [SEVERE ] updating countdown to 57803
[16:43:13.608] [SEVERE ] updating countdown to 57708
[16:43:13.704] [SEVERE ] updating countdown to 57612
[16:43:13.799] [SEVERE ] updating countdown to 57517
[16:43:13.895] [SEVERE ] updating countdown to 57421
[16:43:13.990] [SEVERE ] updating countdown to 57326
[16:43:14.086] [SEVERE ] updating countdown to 57230
[16:43:14.181] [SEVERE ] updating countdown to 57135
[16:43:14.277] [SEVERE ] updating countdown to 57039
[16:43:14.372] [SEVERE ] updating countdown to 56944
[16:43:14.468] [SEVERE ] updating countdown to 56848
[16:43:14.563] [SEVERE ] updating countdown to 56753
[16:43:14.659] [SEVERE ] updating countdown to 56657
[16:43:14.754] [SEVERE ] updating countdown to 56562
[16:43:14.850] [SEVERE ] updating countdown to 56466
[16:43:14.946] [SEVERE ] updating countdown to 56370
[16:43:15.041] [SEVERE ] updating countdown to 56275
[16:43:15.068] [SEVERE ] key 90 was pressed by player 1
[16:43:15.068] [SEVERE ] player 1 placing token on slot 8
[16:43:15.136] [SEVERE ] updating countdown to 56180
[16:43:15.232] [SEVERE ] updating countdown to 56084
[16:43:15.328] [SEVERE ] updating countdown to 55988
[16:43:15.424] [SEVERE ] updating countdown to 55892
[16:43:15.519] [SEVERE ] updating countdown to 55797
[16:43:15.614] [SEVERE ] updating countdown to 55702
[16:43:15.710] [SEVERE ] updating countdown to 55606
[16:43:15.806] [SEVERE ] updating countdown to 55510
[16:43:15.901] [SEVERE ] updating countdown to 55415
[16:43:15.996] [SEVERE ] updating countdown to 55320
[16:43:16.091] [SEVERE ] updating countdown to 55225
[16:43:16.187] [SEVERE ] updating countdown to 55129
[16:43:16.283] [SEVERE ] updating countdown to 55033
[16:43:16.378] [SEVERE ] updating countdown to 54938
[16:43:16.474] [SEVERE ] updating countdown to 54842
[16:43:16.521] [SEVERE ] key 88 was pressed by player 1
[16:43:16.522] [SEVERE ] player 1 placing token on slot 9
[16:43:16.570] [SEVERE ] updating countdown to 54746
[16:43:16.665] [SEVERE ] updating countdown to 54651
[16:43:16.761] [SEVERE ] updating countdown to 54555
[16:43:16.857] [SEVERE ] updating countdown to 54459
[16:43:16.953] [SEVERE ] updating countdown to 54363
[16:43:17.049] [SEVERE ] updating countdown to 54267
[16:43:17.145] [SEVERE ] updating countdown to 54171
[16:43:17.240] [SEVERE ] updating countdown to 54076
[16:43:17.336] [SEVERE ] updating countdown to 53980
[16:43:17.384] [SEVERE ] key 67 was pressed by player 1
[16:43:17.384] [SEVERE ] player 1 placing token on slot 10
[16:43:17.384] [SEVERE ] updating countdown to 53932
[16:43:17.480] [SEVERE ] updating countdown to 53836
[16:43:17.575] [SEVERE ] updating countdown to 53741
[16:43:17.670] [SEVERE ] updating countdown to 53646
[16:43:17.765] [SEVERE ] updating countdown to 53551
[16:43:17.861] [SEVERE ] updating countdown to 53455
[16:43:17.957] [SEVERE ] updating countdown to 53359
[16:43:18.053] [SEVERE ] updating countdown to 53263
[16:43:18.149] [SEVERE ] updating countdown to 53167
[16:43:18.245] [SEVERE ] updating countdown to 53071
[16:43:18.341] [SEVERE ] updating countdown to 52975
[16:43:18.437] [SEVERE ] updating countdown to 52879
[16:43:18.533] [SEVERE ] updating countdown to 52783
[16:43:18.629] [SEVERE ] updating countdown to 52687
[16:43:18.725] [SEVERE ] updating countdown to 52591
[16:43:18.821] [SEVERE ] updating countdown to 52495
[16:43:18.916] [SEVERE ] updating countdown to 52400
[16:43:19.012] [SEVERE ] updating countdown to 52304
[16:43:19.107] [SEVERE ] updating countdown to 52209
[16:43:19.203] [SEVERE ] updating countdown to 52113
[16:43:19.298] [SEVERE ] updating countdown to 52018
[16:43:19.394] [SEVERE ] updating countdown to 51922
[16:43:19.489] [SEVERE ] updating countdown to 51827
[16:43:19.584] [SEVERE ] updating countdown to 51732
[16:43:19.680] [SEVERE ] updating countdown to 51636
[16:43:19.776] [SEVERE ] updating countdown to 51540
[16:43:19.871] [SEVERE ] updating countdown to 51445
[16:43:19.967] [SEVERE ] updating countdown to 51349
[16:43:20.062] [SEVERE ] updating countdown to 51254
[16:43:20.157] [SEVERE ] updating countdown to 51159
[16:43:20.253] [SEVERE ] updating countdown to 51063
[16:43:20.349] [SEVERE ] updating countdown to 50967
[16:43:20.445] [SEVERE ] updating countdown to 50871
[16:43:20.541] [SEVERE ] updating countdown to 50775
[16:43:20.637] [SEVERE ] updating countdown to 50679
[16:43:20.733] [SEVERE ] updating countdown to 50583
[16:43:20.828] [SEVERE ] updating countdown to 50488
[16:43:20.923] [SEVERE ] updating countdown to 50393
[16:43:21.018] [SEVERE ] updating countdown to 50298
[16:43:21.114] [SEVERE ] updating countdown to 50202
[16:43:21.210] [SEVERE ] updating countdown to 50106
[16:43:21.305] [SEVERE ] updating countdown to 50011
[16:43:21.401] [SEVERE ] updating countdown to 49915
[16:43:21.496] [SEVERE ] updating countdown to 49820
[16:43:21.592] [SEVERE ] updating countdown to 49724
[16:43:21.687] [SEVERE ] updating countdown to 49629
[16:43:21.783] [SEVERE ] updating countdown to 49533
[16:43:21.879] [SEVERE ] updating countdown to 49437
[16:43:21.975] [SEVERE ] updating countdown to 49341
[16:43:22.071] [SEVERE ] updating countdown to 49245
[16:43:22.167] [SEVERE ] updating countdown to 49149
[16:43:22.262] [SEVERE ] updating countdown to 49054
[16:43:22.358] [SEVERE ] updating countdown to 48958
[16:43:22.454] [SEVERE ] updating countdown to 48862
[16:43:22.550] [SEVERE ] updating countdown to 48766
[16:43:22.646] [SEVERE ] updating countdown to 48670
[16:43:22.741] [SEVERE ] updating countdown to 48575
[16:43:22.760] [SEVERE ] key 83 was pressed by player 1
[16:43:22.836] [SEVERE ] updating countdown to 48480
[16:43:22.932] [SEVERE ] updating countdown to 48384
[16:43:23.028] [SEVERE ] updating countdown to 48288
[16:43:23.124] [SEVERE ] updating countdown to 48192
[16:43:23.220] [SEVERE ] updating countdown to 48096
[16:43:23.315] [SEVERE ] updating countdown to 48001
[16:43:23.410] [SEVERE ] updating countdown to 47906
[16:43:23.448] [SEVERE ] key 83 was pressed by player 1
[16:43:23.506] [SEVERE ] updating countdown to 47810
[16:43:23.602] [SEVERE ] updating countdown to 47714
[16:43:23.698] [SEVERE ] updating countdown to 47618
[16:43:23.794] [SEVERE ] updating countdown to 47522
[16:43:23.890] [SEVERE ] updating countdown to 47426
[16:43:23.985] [SEVERE ] updating countdown to 47331
[16:43:24.080] [SEVERE ] updating countdown to 47236
[16:43:24.176] [SEVERE ] updating countdown to 47140
[16:43:24.244] [SEVERE ] key 90 was pressed by player 1
[16:43:24.271] [SEVERE ] updating countdown to 47045
[16:43:24.367] [SEVERE ] updating countdown to 46949
[16:43:24.463] [SEVERE ] updating countdown to 46853
[16:43:24.558] [SEVERE ] updating countdown to 46758
[16:43:24.654] [SEVERE ] updating countdown to 46662
[16:43:24.750] [SEVERE ] updating countdown to 46566
[16:43:24.846] [SEVERE ] updating countdown to 46470
[16:43:24.941] [SEVERE ] updating countdown to 46375
[16:43:25.037] [SEVERE ] updating countdown to 46279
[16:43:25.133] [SEVERE ] updating countdown to 46183
[16:43:25.228] [SEVERE ] updating countdown to 46088
[16:43:25.324] [SEVERE ] updating countdown to 45992
[16:43:25.419] [SEVERE ] updating countdown to 45897
[16:43:25.514] [SEVERE ] updating countdown to 45802
[16:43:25.610] [SEVERE ] updating countdown to 45706
[16:43:25.706] [SEVERE ] updating countdown to 45610
[16:43:25.802] [SEVERE ] updating countdown to 45514
[16:43:25.897] [SEVERE ] updating countdown to 45419
[16:43:25.993] [SEVERE ] updating countdown to 45323
[16:43:26.089] [SEVERE ] updating countdown to 45227
[16:43:26.185] [SEVERE ] updating countdown to 45131
[16:43:26.280] [SEVERE ] updating countdown to 45036
[16:43:26.375] [SEVERE ] updating countdown to 44941
[16:43:26.471] [SEVERE ] updating countdown to 44845
[16:43:26.567] [SEVERE ] updating countdown to 44749
[16:43:26.662] [SEVERE ] updating countdown to 44654
[16:43:26.757] [SEVERE ] updating countdown to 44559
[16:43:26.853] [SEVERE ] updating countdown to 44463
[16:43:26.948] [SEVERE ] updating countdown to 44368
[16:43:27.043] [SEVERE ] updating countdown to 44273
[16:43:27.139] [SEVERE ] updating countdown to 44177
[16:43:27.235] [SEVERE ] updating countdown to 44081
[16:43:27.330] [SEVERE ] updating countdown to 43986
[16:43:27.426] [SEVERE ] updating countdown to 43890
[16:43:27.521] [SEVERE ] updating countdown to 43795
[16:43:27.617] [SEVERE ] updating countdown to 43699
[16:43:27.712] [SEVERE ] updating countdown to 43604
[16:43:27.807] [SEVERE ] updating countdown to 43509
[16:43:27.822] [SEVERE ] key 59 was pressed by player 2
[16:43:27.822] [SEVERE ] player 2 placing token on slot 7
[16:43:27.871] [SEVERE ] key 76 was pressed by player 2
[16:43:27.872] [SEVERE ] player 2 placing token on slot 6
[16:43:27.902] [SEVERE ] updating countdown to 43414
[16:43:27.998] [SEVERE ] updating countdown to 43318
[16:43:28.021] [SEVERE ] key 75 was pressed by player 2
[16:43:28.021] [SEVERE ] player 2 placing token on slot 5
[16:43:28.021] [SEVERE ] updating countdown to 43295
[16:43:28.117] [SEVERE ] updating countdown to 43199
[16:43:28.212] [SEVERE ] updating countdown to 43104
[16:43:28.308] [SEVERE ] updating countdown to 43008
[16:43:28.404] [SEVERE ] updating countdown to 42912
[16:43:28.481] [SEVERE ] key 79 was pressed by player 2
[16:43:28.499] [SEVERE ] updating countdown to 42817
[16:43:28.595] [SEVERE ] updating countdown to 42721
[16:43:28.691] [SEVERE ] updating countdown to 42625
[16:43:28.786] [SEVERE ] updating countdown to 42530
[16:43:28.882] [SEVERE ] updating countdown to 42434
[16:43:28.977] [SEVERE ] updating countdown to 42339
[16:43:29.073] [SEVERE ] updating countdown to 42243
[16:43:29.169] [SEVERE ] updating countdown to 42147
[16:43:29.264] [SEVERE ] updating countdown to 42052
[16:43:29.359] [SEVERE ] updating countdown to 41957
[16:43:29.454] [SEVERE ] updating countdown to 41862
[16:43:29.549] [SEVERE ] updating countdown to 41767
[16:43:29.644] [SEVERE ] updating countdown to 41672
[16:43:29.740] [SEVERE ] updating countdown to 41576
[16:43:29.836] [SEVERE ] updating countdown to 41480
[16:43:29.932] [SEVERE ] updating countdown to 41384
[16:43:30.027] [SEVERE ] updating countdown to 41289
[16:43:30.122] [SEVERE ] updating countdown to 41194
[16:43:30.218] [SEVERE ] updating countdown to 41098
[16:43:30.313] [SEVERE ] updating countdown to 41003
[16:43:30.408] [SEVERE ] updating countdown to 40908
[16:43:30.504] [SEVERE ] updating countdown to 40812
[16:43:30.600] [SEVERE ] updating countdown to 40716
[16:43:30.695] [SEVERE ] updating countdown to 40621
[16:43:30.792] [SEVERE ] updating countdown to 40524
[16:43:30.887] [SEVERE ] updating countdown to 40429
[16:43:30.983] [SEVERE ] updating countdown to 40333
[16:43:31.079] [SEVERE ] updating countdown to 40237
[16:43:31.174] [SEVERE ] updating countdown to 40142
[16:43:31.269] [SEVERE ] updating countdown to 40047
[16:43:31.364] [SEVERE ] updating countdown to 39952
[16:43:31.459] [SEVERE ] updating countdown to 39857
[16:43:31.555] [SEVERE ] updating countdown to 39761
[16:43:31.650] [SEVERE ] updating countdown to 39666
[16:43:31.745] [SEVERE ] updating countdown to 39571
[16:43:31.840] [SEVERE ] updating countdown to 39476
[16:43:31.936] [SEVERE ] updating countdown to 39380
[16:43:32.032] [SEVERE ] updating countdown to 39284
[16:43:32.127] [SEVERE ] updating countdown to 39189
[16:43:32.223] [SEVERE ] updating countdown to 39093
[16:43:32.319] [SEVERE ] updating countdown to 38997
[16:43:32.414] [SEVERE ] updating countdown to 38902
[16:43:32.510] [SEVERE ] updating countdown to 38806
[16:43:32.606] [SEVERE ] updating countdown to 38710
[16:43:32.702] [SEVERE ] updating countdown to 38614
[16:43:32.797] [SEVERE ] updating countdown to 38519
[16:43:32.893] [SEVERE ] updating countdown to 38423
[16:43:32.988] [SEVERE ] updating countdown to 38328
[16:43:33.083] [SEVERE ] updating countdown to 38233
[16:43:33.179] [SEVERE ] updating countdown to 38137
[16:43:33.275] [SEVERE ] updating countdown to 38041
[16:43:33.370] [SEVERE ] updating countdown to 37946
[16:43:33.466] [SEVERE ] updating countdown to 37850
[16:43:33.562] [SEVERE ] updating countdown to 37754
[16:43:33.658] [SEVERE ] updating countdown to 37658
[16:43:33.753] [SEVERE ] updating countdown to 37563
[16:43:33.848] [SEVERE ] updating countdown to 37468
[16:43:33.943] [SEVERE ] updating countdown to 37373
[16:43:34.039] [SEVERE ] updating countdown to 37277
[16:43:34.134] [SEVERE ] updating countdown to 37182
[16:43:34.230] [SEVERE ] updating countdown to 37086
[16:43:34.326] [SEVERE ] updating countdown to 36990
[16:43:34.422] [SEVERE ] updating countdown to 36894
[16:43:34.518] [SEVERE ] updating countdown to 36798
[16:43:34.613] [SEVERE ] updating countdown to 36703
[16:43:34.709] [SEVERE ] updating countdown to 36607
[16:43:34.804] [SEVERE ] updating countdown to 36512
[16:43:34.900] [SEVERE ] updating countdown to 36416
[16:43:34.995] [SEVERE ] updating countdown to 36321
[16:43:35.091] [SEVERE ] updating countdown to 36225
[16:43:35.187] [SEVERE ] updating countdown to 36129
[16:43:35.282] [SEVERE ] updating countdown to 36034
[16:43:35.377] [SEVERE ] updating countdown to 35939
[16:43:35.473] [SEVERE ] updating countdown to 35843
[16:43:35.568] [SEVERE ] updating countdown to 35748
[16:43:35.664] [SEVERE ] updating countdown to 35652
[16:43:35.759] [SEVERE ] updating countdown to 35557
[16:43:35.855] [SEVERE ] updating countdown to 35461
[16:43:35.951] [SEVERE ] updating countdown to 35365
[16:43:36.047] [SEVERE ] updating countdown to 35269
[16:43:36.143] [SEVERE ] updating countdown to 35173
[16:43:36.238] [SEVERE ] updating countdown to 35078
[16:43:36.333] [SEVERE ] updating countdown to 34983
[16:43:36.429] [SEVERE ] updating countdown to 34887
[16:43:36.525] [SEVERE ] updating countdown to 34791
[16:43:36.620] [SEVERE ] updating countdown to 34696
[16:43:36.715] [SEVERE ] updating countdown to 34601
[16:43:36.811] [SEVERE ] updating countdown to 34505
[16:43:36.907] [SEVERE ] updating countdown to 34409
[16:43:37.002] [SEVERE ] updating countdown to 34314
[16:43:37.098] [SEVERE ] updating countdown to 34218
[16:43:37.193] [SEVERE ] updating countdown to 34123
[16:43:37.289] [SEVERE ] updating countdown to 34027
[16:43:37.384] [SEVERE ] updating countdown to 33932
[16:43:37.481] [SEVERE ] updating countdown to 33835
[16:43:37.577] [SEVERE ] updating countdown to 33739
[16:43:37.672] [SEVERE ] updating countdown to 33644
[16:43:37.768] [SEVERE ] updating countdown to 33548
[16:43:37.863] [SEVERE ] updating countdown to 33453
[16:43:37.959] [SEVERE ] updating countdown to 33357
[16:43:38.055] [SEVERE ] updating countdown to 33261
[16:43:38.150] [SEVERE ] updating countdown to 33166
[16:43:38.246] [SEVERE ] updating countdown to 33070
[16:43:38.342] [SEVERE ] updating countdown to 32974
[16:43:38.437] [SEVERE ] updating countdown to 32879
[16:43:38.532] [SEVERE ] updating countdown to 32784
[16:43:38.628] [SEVERE ] updating countdown to 32688
[16:43:38.723] [SEVERE ] updating countdown to 32593
[16:43:38.819] [SEVERE ] updating countdown to 32497
[16:43:38.914] [SEVERE ] updating countdown to 32402
[16:43:39.009] [SEVERE ] updating countdown to 32307
[16:43:39.104] [SEVERE ] updating countdown to 32212
[16:43:39.200] [SEVERE ] updating countdown to 32116
[16:43:39.296] [SEVERE ] updating countdown to 32020
[16:43:39.392] [SEVERE ] updating countdown to 31924
[16:43:39.487] [SEVERE ] updating countdown to 31829
[16:43:39.583] [SEVERE ] updating countdown to 31733
[16:43:39.678] [SEVERE ] updating countdown to 31638
[16:43:39.773] [SEVERE ] updating countdown to 31543
[16:43:39.869] [SEVERE ] updating countdown to 31447
[16:43:39.965] [SEVERE ] updating countdown to 31351
[16:43:40.060] [SEVERE ] updating countdown to 31256
[16:43:40.155] [SEVERE ] updating countdown to 31161
[16:43:40.250] [SEVERE ] updating countdown to 31066
[16:43:40.346] [SEVERE ] updating countdown to 30970
[16:43:40.442] [SEVERE ] updating countdown to 30874
[16:43:40.538] [SEVERE ] updating countdown to 30778
[16:43:40.633] [SEVERE ] updating countdown to 30683
[16:43:40.729] [SEVERE ] updating countdown to 30587
[16:43:40.824] [SEVERE ] updating countdown to 30492
[16:43:40.920] [SEVERE ] updating countdown to 30396
[16:43:41.015] [SEVERE ] updating countdown to 30301
[16:43:41.110] [SEVERE ] updating countdown to 30206
[16:43:41.206] [SEVERE ] updating countdown to 30110
[16:43:41.302] [SEVERE ] updating countdown to 30014
[16:43:41.398] [SEVERE ] updating countdown to 29918
[16:43:41.493] [SEVERE ] updating countdown to 29823
[16:43:41.589] [SEVERE ] updating countdown to 29727
[16:43:41.685] [SEVERE ] updating countdown to 29631
[16:43:41.780] [SEVERE ] updating countdown to 29536
[16:43:41.876] [SEVERE ] updating countdown to 29440
[16:43:41.972] [SEVERE ] updating countdown to 29344
[16:43:42.068] [SEVERE ] updating countdown to 29248
[16:43:42.163] [SEVERE ] updating countdown to 29153
[16:43:42.258] [SEVERE ] updating countdown to 29058
[16:43:42.353] [SEVERE ] updating countdown to 28963
[16:43:42.449] [SEVERE ] updating countdown to 28867
[16:43:42.545] [SEVERE ] updating countdown to 28771
[16:43:42.641] [SEVERE ] updating countdown to 28675
[16:43:42.736] [SEVERE ] updating countdown to 28580
[16:43:42.831] [SEVERE ] updating countdown to 28485
[16:43:42.927] [SEVERE ] updating countdown to 28389
[16:43:43.023] [SEVERE ] updating countdown to 28293
[16:43:43.118] [SEVERE ] updating countdown to 28198
[16:43:43.214] [SEVERE ] updating countdown to 28102
[16:43:43.309] [SEVERE ] updating countdown to 28007
[16:43:43.405] [SEVERE ] updating countdown to 27911
[16:43:43.500] [SEVERE ] updating countdown to 27816
[16:43:43.596] [SEVERE ] updating countdown to 27720
[16:43:43.692] [SEVERE ] updating countdown to 27624
[16:43:43.787] [SEVERE ] updating countdown to 27529
[16:43:43.882] [SEVERE ] updating countdown to 27434
[16:43:43.977] [SEVERE ] updating countdown to 27339
[16:43:44.073] [SEVERE ] updating countdown to 27243
[16:43:44.168] [SEVERE ] updating countdown to 27148
[16:43:44.263] [SEVERE ] updating countdown to 27053
[16:43:44.359] [SEVERE ] updating countdown to 26957
[16:43:44.456] [SEVERE ] updating countdown to 26860
[16:43:44.551] [SEVERE ] updating countdown to 26765
[16:43:44.647] [SEVERE ] updating countdown to 26669
[16:43:44.742] [SEVERE ] updating countdown to 26574
[16:43:44.838] [SEVERE ] updating countdown to 26478
[16:43:44.934] [SEVERE ] updating countdown to 26382
[16:43:45.029] [SEVERE ] updating countdown to 26287
[16:43:45.125] [SEVERE ] updating countdown to 26191
[16:43:45.221] [SEVERE ] updating countdown to 26095
[16:43:45.317] [SEVERE ] updating countdown to 25999
[16:43:45.412] [SEVERE ] updating countdown to 25904
[16:43:45.508] [SEVERE ] updating countdown to 25808
[16:43:45.603] [SEVERE ] updating countdown to 25713
[16:43:45.699] [SEVERE ] updating countdown to 25617
[16:43:45.795] [SEVERE ] updating countdown to 25521
[16:43:45.890] [SEVERE ] updating countdown to 25426
[16:43:45.985] [SEVERE ] updating countdown to 25331
[16:43:46.081] [SEVERE ] updating countdown to 25235
[16:43:46.176] [SEVERE ] updating countdown to 25140
[16:43:46.272] [SEVERE ] updating countdown to 25044
[16:43:46.367] [SEVERE ] updating countdown to 24949
[16:43:46.463] [SEVERE ] updating countdown to 24853
[16:43:46.558] [SEVERE ] updating countdown to 24758
[16:43:46.653] [SEVERE ] updating countdown to 24663
[16:43:46.749] [SEVERE ] updating countdown to 24567
[16:43:46.844] [SEVERE ] updating countdown to 24472
[16:43:46.939] [SEVERE ] updating countdown to 24377
[16:43:47.035] [SEVERE ] updating countdown to 24281
[16:43:47.130] [SEVERE ] updating countdown to 24186
[16:43:47.225] [SEVERE ] updating countdown to 24091
[16:43:47.321] [SEVERE ] updating countdown to 23995
[16:43:47.416] [SEVERE ] updating countdown to 23900
[16:43:47.512] [SEVERE ] updating countdown to 23804
[16:43:47.608] [SEVERE ] updating countdown to 23708
[16:43:47.704] [SEVERE ] updating countdown to 23612
[16:43:47.727] [SEVERE ] exit button pressed
[16:43:47.799] [SEVERE ] updating countdown to 23517
[16:43:47.894] [SEVERE ] updating countdown to 23422
[16:43:47.990] [SEVERE ] updating countdown to 23326
[16:43:48.086] [SEVERE ] updating countdown to 23230
[16:43:48.181] [SEVERE ] updating countdown to 23135
[16:43:48.276] [SEVERE ] updating countdown to 23040
[16:43:48.371] [SEVERE ] updating countdown to 22945
[16:43:48.467] [SEVERE ] updating countdown to 22849
[16:43:48.563] [SEVERE ] updating countdown to 22753
[16:43:48.659] [SEVERE ] updating countdown to 22657
[16:43:48.754] [SEVERE ] updating countdown to 22562
[16:43:48.849] [SEVERE ] updating countdown to 22467
[16:43:48.944] [SEVERE ] updating countdown to 22372
[16:43:49.040] [SEVERE ] updating countdown to 22276
[16:43:49.136] [SEVERE ] updating countdown to 22180
[16:43:49.232] [SEVERE ] updating countdown to 22084
[16:43:49.327] [SEVERE ] updating countdown to 21989
[16:43:49.423] [SEVERE ] updating countdown to 21893
[16:43:49.518] [SEVERE ] updating countdown to 21798
[16:43:49.613] [SEVERE ] updating countdown to 21703
[16:43:49.708] [SEVERE ] updating countdown to 21608
[16:43:49.804] [SEVERE ] updating countdown to 21512
[16:43:49.899] [SEVERE ] updating countdown to 21417
[16:43:49.994] [SEVERE ] updating countdown to 21322
[16:43:50.089] [SEVERE ] updating countdown to 21227
[16:43:50.185] [SEVERE ] updating countdown to 21131
[16:43:50.280] [SEVERE ] updating countdown to 21036
[16:43:50.375] [SEVERE ] updating countdown to 20941
[16:43:50.471] [SEVERE ] updating countdown to 20845
[16:43:50.567] [SEVERE ] updating countdown to 20749
[16:43:50.662] [SEVERE ] updating countdown to 20654
[16:43:50.757] [SEVERE ] updating countdown to 20559
[16:43:50.852] [SEVERE ] updating countdown to 20464
[16:43:50.947] [SEVERE ] updating countdown to 20369
[16:43:51.044] [SEVERE ] updating countdown to 20272
[16:43:51.140] [SEVERE ] updating countdown to 20176
[16:43:51.235] [SEVERE ] updating countdown to 20081
[16:43:51.330] [SEVERE ] updating countdown to 19986
[16:43:51.426] [SEVERE ] updating countdown to 19890
[16:43:51.521] [SEVERE ] updating countdown to 19795
