[19:36:45.037] [INFO   ] thread bguspl.set.Main.main() starting.
[19:36:45.041] [SEVERE ] cannot read configuration file config.properties trying from resources.
[19:36:45.041] [SEVERE ] configuration file was loaded from resources directory.
[19:36:45.691] [INFO   ] thread dealer starting.
[19:36:45.692] [INFO   ] thread dealer starting.
[19:36:45.693] [INFO   ] thread Thread-1 starting.
[19:36:45.693] [INFO   ] thread Thread-2 starting.
[19:36:45.693] [INFO   ] thread Thread-3 starting.
[19:36:45.693] [INFO   ] thread Thread-4 starting.
[19:36:45.694] [INFO   ] thread computer-2 starting.
[19:36:45.694] [INFO   ] thread computer-3 starting.
[19:36:45.801] [SEVERE ] placing card 47 in slot 0
[19:36:45.911] [SEVERE ] placing card 50 in slot 1
[19:36:46.022] [SEVERE ] placing card 55 in slot 2
[19:36:46.132] [SEVERE ] placing card 77 in slot 3
[19:36:46.241] [SEVERE ] placing card 42 in slot 4
[19:36:46.352] [SEVERE ] placing card 4 in slot 5
[19:36:46.462] [SEVERE ] placing card 1 in slot 6
[19:36:46.572] [SEVERE ] placing card 5 in slot 7
[19:36:46.680] [SEVERE ] placing card 78 in slot 8
[19:36:46.789] [SEVERE ] placing card 16 in slot 9
[19:36:46.900] [SEVERE ] placing card 9 in slot 10
[19:36:47.010] [SEVERE ] placing card 67 in slot 11
[19:36:47.011] [SEVERE ] updating countdown to 60000
[19:36:47.013] [SEVERE ] player 4 placing token on slot 6
[19:36:47.013] [SEVERE ] player 4 placing token on slot 11
[19:36:47.014] [SEVERE ] player 4 placing token on slot 3
[19:36:47.014] [SEVERE ] player 3 placing token on slot 4
[19:36:47.015] [SEVERE ] player 3 placing token on slot 2
[19:36:47.015] [SEVERE ] player 3 placing token on slot 7
[19:36:47.021] [SEVERE ] updating countdown to 59990
[19:36:47.026] [SEVERE ] setting player 4 freeze to 3000
[19:36:47.118] [SEVERE ] updating countdown to 59893
[19:36:47.118] [SEVERE ] setting player 3 freeze to 3000
[19:36:47.213] [SEVERE ] updating countdown to 59798
[19:36:47.308] [SEVERE ] updating countdown to 59703
[19:36:47.403] [SEVERE ] updating countdown to 59608
[19:36:47.499] [SEVERE ] updating countdown to 59512
[19:36:47.595] [SEVERE ] updating countdown to 59416
[19:36:47.691] [SEVERE ] updating countdown to 59320
[19:36:47.787] [SEVERE ] updating countdown to 59224
[19:36:47.882] [SEVERE ] updating countdown to 59129
[19:36:47.977] [SEVERE ] updating countdown to 59034
[19:36:48.073] [SEVERE ] updating countdown to 58938
[19:36:48.168] [SEVERE ] updating countdown to 58843
[19:36:48.264] [SEVERE ] updating countdown to 58747
[19:36:48.360] [SEVERE ] updating countdown to 58651
[19:36:48.455] [SEVERE ] updating countdown to 58556
[19:36:48.551] [SEVERE ] updating countdown to 58460
[19:36:48.647] [SEVERE ] updating countdown to 58364
[19:36:48.742] [SEVERE ] updating countdown to 58269
[19:36:48.838] [SEVERE ] updating countdown to 58173
[19:36:48.933] [SEVERE ] updating countdown to 58078
[19:36:49.028] [SEVERE ] updating countdown to 57983
[19:36:49.124] [SEVERE ] updating countdown to 57887
[19:36:49.219] [SEVERE ] updating countdown to 57792
[19:36:49.315] [SEVERE ] updating countdown to 57696
[19:36:49.411] [SEVERE ] updating countdown to 57600
[19:36:49.507] [SEVERE ] updating countdown to 57504
[19:36:49.602] [SEVERE ] updating countdown to 57409
[19:36:49.698] [SEVERE ] updating countdown to 57313
[19:36:49.794] [SEVERE ] updating countdown to 57217
[19:36:49.890] [SEVERE ] updating countdown to 57121
[19:36:49.985] [SEVERE ] updating countdown to 57026
[19:36:50.080] [SEVERE ] updating countdown to 56931
[19:36:50.175] [SEVERE ] updating countdown to 56836
[19:36:50.270] [SEVERE ] updating countdown to 56741
[19:36:50.365] [SEVERE ] updating countdown to 56646
[19:36:50.460] [SEVERE ] updating countdown to 56551
[19:36:50.556] [SEVERE ] updating countdown to 56455
[19:36:50.652] [SEVERE ] updating countdown to 56359
[19:36:50.748] [SEVERE ] updating countdown to 56263
[19:36:50.843] [SEVERE ] updating countdown to 56168
[19:36:50.938] [SEVERE ] updating countdown to 56073
[19:36:51.034] [SEVERE ] updating countdown to 55977
[19:36:51.130] [SEVERE ] updating countdown to 55881
[19:36:51.225] [SEVERE ] updating countdown to 55786
[19:36:51.320] [SEVERE ] updating countdown to 55691
[19:36:51.416] [SEVERE ] updating countdown to 55595
[19:36:51.511] [SEVERE ] updating countdown to 55500
[19:36:51.607] [SEVERE ] updating countdown to 55404
[19:36:51.702] [SEVERE ] updating countdown to 55309
[19:36:51.798] [SEVERE ] updating countdown to 55213
[19:36:51.893] [SEVERE ] updating countdown to 55118
[19:36:51.989] [SEVERE ] updating countdown to 55022
[19:36:52.084] [SEVERE ] updating countdown to 54927
[19:36:52.180] [SEVERE ] updating countdown to 54831
[19:36:52.275] [SEVERE ] updating countdown to 54736
[19:36:52.370] [SEVERE ] updating countdown to 54641
[19:36:52.466] [SEVERE ] updating countdown to 54545
[19:36:52.561] [SEVERE ] updating countdown to 54450
[19:36:52.657] [SEVERE ] updating countdown to 54354
[19:36:52.752] [SEVERE ] updating countdown to 54259
[19:36:52.784] [SEVERE ] key 81 was pressed by player 1
[19:36:52.788] [SEVERE ] key 87 was pressed by player 1
[19:36:52.847] [SEVERE ] updating countdown to 54164
[19:36:52.865] [SEVERE ] key 69 was pressed by player 1
[19:36:52.942] [SEVERE ] updating countdown to 54069
[19:36:53.030] [SEVERE ] setting player 4 freeze to 0
[19:36:53.030] [SEVERE ] removing player 4 token from slot 6
[19:36:53.030] [SEVERE ] player 4 placing token on slot 5
[19:36:53.031] [SEVERE ] updating countdown to 53980
[19:36:53.032] [SEVERE ] setting player 4 freeze to 3000
[19:36:53.119] [SEVERE ] setting player 3 freeze to 0
[19:36:53.119] [SEVERE ] removing player 3 token from slot 7
[19:36:53.119] [SEVERE ] removing player 3 token from slot 2
[19:36:53.119] [SEVERE ] player 3 placing token on slot 11
[19:36:53.120] [SEVERE ] removing player 3 token from slot 4
[19:36:53.120] [SEVERE ] player 3 placing token on slot 8
[19:36:53.120] [SEVERE ] removing player 3 token from slot 8
[19:36:53.120] [SEVERE ] player 3 placing token on slot 10
[19:36:53.120] [SEVERE ] player 3 placing token on slot 1
[19:36:53.121] [SEVERE ] updating countdown to 53890
[19:36:53.121] [SEVERE ] setting player 3 freeze to 3000
[19:36:53.217] [SEVERE ] updating countdown to 53794
[19:36:53.313] [SEVERE ] updating countdown to 53698
[19:36:53.409] [SEVERE ] updating countdown to 53602
[19:36:53.504] [SEVERE ] updating countdown to 53507
[19:36:53.600] [SEVERE ] updating countdown to 53411
[19:36:53.695] [SEVERE ] updating countdown to 53316
[19:36:53.791] [SEVERE ] updating countdown to 53220
[19:36:53.886] [SEVERE ] updating countdown to 53125
[19:36:53.982] [SEVERE ] updating countdown to 53029
[19:36:54.047] [SEVERE ] key 81 was pressed by player 1
[19:36:54.078] [SEVERE ] updating countdown to 52933
[19:36:54.096] [SEVERE ] key 87 was pressed by player 1
[19:36:54.174] [SEVERE ] updating countdown to 52837
[19:36:54.212] [SEVERE ] key 69 was pressed by player 1
[19:36:54.269] [SEVERE ] updating countdown to 52742
[19:36:54.364] [SEVERE ] updating countdown to 52647
[19:36:54.460] [SEVERE ] updating countdown to 52551
[19:36:54.555] [SEVERE ] updating countdown to 52456
[19:36:54.651] [SEVERE ] updating countdown to 52360
[19:36:54.747] [SEVERE ] updating countdown to 52264
[19:36:54.843] [SEVERE ] updating countdown to 52168
[19:36:54.888] [SEVERE ] key 69 was pressed by player 1
[19:36:54.939] [SEVERE ] updating countdown to 52072
[19:36:55.034] [SEVERE ] updating countdown to 51977
[19:36:55.056] [SEVERE ] key 87 was pressed by player 1
[19:36:55.061] [SEVERE ] key 81 was pressed by player 1
[19:36:55.129] [SEVERE ] updating countdown to 51882
[19:36:55.224] [SEVERE ] updating countdown to 51787
[19:36:55.320] [SEVERE ] updating countdown to 51691
[19:36:55.415] [SEVERE ] updating countdown to 51596
[19:36:55.510] [SEVERE ] updating countdown to 51501
[19:36:55.605] [SEVERE ] updating countdown to 51406
[19:36:55.700] [SEVERE ] updating countdown to 51311
[19:36:55.724] [SEVERE ] key 83 was pressed by player 1
[19:36:55.744] [SEVERE ] key 65 was pressed by player 1
[19:36:55.796] [SEVERE ] updating countdown to 51215
[19:36:55.891] [SEVERE ] updating countdown to 51120
[19:36:55.897] [SEVERE ] key 68 was pressed by player 1
[19:36:55.987] [SEVERE ] updating countdown to 51024
[19:36:56.083] [SEVERE ] updating countdown to 50928
[19:36:56.179] [SEVERE ] updating countdown to 50832
[19:36:56.275] [SEVERE ] updating countdown to 50736
[19:36:56.370] [SEVERE ] updating countdown to 50641
[19:36:56.465] [SEVERE ] updating countdown to 50546
[19:36:56.560] [SEVERE ] updating countdown to 50451
[19:36:56.655] [SEVERE ] updating countdown to 50356
[19:36:56.751] [SEVERE ] updating countdown to 50260
[19:36:56.847] [SEVERE ] updating countdown to 50164
[19:36:56.942] [SEVERE ] updating countdown to 50069
[19:36:57.038] [SEVERE ] updating countdown to 49973
[19:36:57.134] [SEVERE ] updating countdown to 49877
[19:36:57.230] [SEVERE ] updating countdown to 49781
[19:36:57.326] [SEVERE ] updating countdown to 49685
[19:36:57.421] [SEVERE ] updating countdown to 49590
[19:36:57.516] [SEVERE ] updating countdown to 49495
[19:36:57.612] [SEVERE ] updating countdown to 49399
[19:36:57.708] [SEVERE ] updating countdown to 49303
[19:36:57.803] [SEVERE ] updating countdown to 49208
[19:36:57.899] [SEVERE ] updating countdown to 49112
[19:36:57.995] [SEVERE ] updating countdown to 49016
[19:36:58.091] [SEVERE ] updating countdown to 48920
[19:36:58.186] [SEVERE ] updating countdown to 48825
[19:36:58.282] [SEVERE ] updating countdown to 48729
[19:36:58.378] [SEVERE ] updating countdown to 48633
[19:36:58.473] [SEVERE ] updating countdown to 48538
[19:36:58.568] [SEVERE ] updating countdown to 48443
[19:36:58.663] [SEVERE ] updating countdown to 48348
[19:36:58.758] [SEVERE ] updating countdown to 48253
[19:36:58.854] [SEVERE ] updating countdown to 48157
[19:36:58.950] [SEVERE ] updating countdown to 48061
[19:36:59.036] [SEVERE ] setting player 4 freeze to 0
[19:36:59.036] [SEVERE ] removing player 4 token from slot 11
[19:36:59.036] [SEVERE ] removing player 4 token from slot 5
[19:36:59.036] [SEVERE ] player 4 placing token on slot 11
[19:36:59.036] [SEVERE ] player 4 placing token on slot 10
[19:36:59.037] [SEVERE ] updating countdown to 47974
[19:36:59.038] [SEVERE ] setting player 4 freeze to 3000
[19:36:59.123] [SEVERE ] setting player 3 freeze to 0
[19:36:59.123] [SEVERE ] removing player 3 token from slot 10
[19:36:59.123] [SEVERE ] player 3 placing token on slot 3
[19:36:59.124] [SEVERE ] updating countdown to 47887
[19:36:59.124] [SEVERE ] setting player 3 freeze to 3000
[19:36:59.220] [SEVERE ] updating countdown to 47791
[19:36:59.316] [SEVERE ] updating countdown to 47695
[19:36:59.411] [SEVERE ] updating countdown to 47600
[19:36:59.507] [SEVERE ] updating countdown to 47504
[19:36:59.603] [SEVERE ] updating countdown to 47408
[19:36:59.699] [SEVERE ] updating countdown to 47312
[19:36:59.794] [SEVERE ] updating countdown to 47217
[19:36:59.889] [SEVERE ] updating countdown to 47122
[19:36:59.984] [SEVERE ] updating countdown to 47027
[19:37:00.079] [SEVERE ] updating countdown to 46932
[19:37:00.175] [SEVERE ] updating countdown to 46836
[19:37:00.270] [SEVERE ] updating countdown to 46741
[19:37:00.322] [SEVERE ] key 90 was pressed by player 1
[19:37:00.351] [SEVERE ] key 88 was pressed by player 1
[19:37:00.366] [SEVERE ] updating countdown to 46645
[19:37:00.462] [SEVERE ] updating countdown to 46549
[19:37:00.462] [SEVERE ] key 67 was pressed by player 1
[19:37:00.558] [SEVERE ] updating countdown to 46453
[19:37:00.653] [SEVERE ] updating countdown to 46358
[19:37:00.745] [SEVERE ] key 90 was pressed by player 1
[19:37:00.748] [SEVERE ] updating countdown to 46263
[19:37:00.793] [SEVERE ] key 88 was pressed by player 1
[19:37:00.844] [SEVERE ] updating countdown to 46167
[19:37:00.879] [SEVERE ] key 67 was pressed by player 1
[19:37:00.939] [SEVERE ] updating countdown to 46072
[19:37:01.034] [SEVERE ] updating countdown to 45977
[19:37:01.042] [SEVERE ] key 90 was pressed by player 1
[19:37:01.106] [SEVERE ] key 88 was pressed by player 1
[19:37:01.130] [SEVERE ] updating countdown to 45881
[19:37:01.206] [SEVERE ] key 67 was pressed by player 1
[19:37:01.226] [SEVERE ] updating countdown to 45785
[19:37:01.321] [SEVERE ] updating countdown to 45690
[19:37:01.349] [SEVERE ] key 90 was pressed by player 1
[19:37:01.416] [SEVERE ] updating countdown to 45595
[19:37:01.478] [SEVERE ] key 67 was pressed by player 1
[19:37:01.512] [SEVERE ] updating countdown to 45499
[19:37:01.608] [SEVERE ] updating countdown to 45403
[19:37:01.618] [SEVERE ] key 90 was pressed by player 1
[19:37:01.703] [SEVERE ] updating countdown to 45308
[19:37:01.759] [SEVERE ] key 67 was pressed by player 1
[19:37:01.799] [SEVERE ] updating countdown to 45212
[19:37:01.895] [SEVERE ] updating countdown to 45116
[19:37:01.920] [SEVERE ] key 90 was pressed by player 1
[19:37:01.990] [SEVERE ] updating countdown to 45021
[19:37:02.064] [SEVERE ] key 67 was pressed by player 1
[19:37:02.085] [SEVERE ] updating countdown to 44926
[19:37:02.181] [SEVERE ] updating countdown to 44830
[19:37:02.199] [SEVERE ] key 90 was pressed by player 1
[19:37:02.277] [SEVERE ] updating countdown to 44734
[19:37:02.343] [SEVERE ] key 67 was pressed by player 1
[19:37:02.373] [SEVERE ] updating countdown to 44638
[19:37:02.468] [SEVERE ] updating countdown to 44543
[19:37:02.502] [SEVERE ] key 90 was pressed by player 1
[19:37:02.563] [SEVERE ] updating countdown to 44448
[19:37:02.636] [SEVERE ] key 67 was pressed by player 1
[19:37:02.659] [SEVERE ] updating countdown to 44352
[19:37:02.754] [SEVERE ] updating countdown to 44257
[19:37:02.850] [SEVERE ] updating countdown to 44161
[19:37:02.946] [SEVERE ] updating countdown to 44065
[19:37:03.041] [SEVERE ] updating countdown to 43970
[19:37:03.137] [SEVERE ] updating countdown to 43874
[19:37:03.196] [SEVERE ] key 76 was pressed by player 2
[19:37:03.196] [SEVERE ] player 2 placing token on slot 6
[19:37:03.232] [SEVERE ] updating countdown to 43779
[19:37:03.235] [SEVERE ] key 75 was pressed by player 2
[19:37:03.235] [SEVERE ] player 2 placing token on slot 5
[19:37:03.327] [SEVERE ] updating countdown to 43684
[19:37:03.335] [SEVERE ] key 74 was pressed by player 2
[19:37:03.335] [SEVERE ] player 2 placing token on slot 4
[19:37:03.336] [SEVERE ] updating countdown to 43675
[19:37:03.337] [SEVERE ] setting player 2 freeze to 3000
[19:37:03.431] [SEVERE ] updating countdown to 43580
[19:37:03.527] [SEVERE ] updating countdown to 43484
[19:37:03.623] [SEVERE ] updating countdown to 43388
[19:37:03.719] [SEVERE ] updating countdown to 43292
[19:37:03.773] [SEVERE ] key 76 was pressed by player 2
[19:37:03.815] [SEVERE ] updating countdown to 43196
[19:37:03.901] [SEVERE ] key 75 was pressed by player 2
[19:37:03.911] [SEVERE ] updating countdown to 43100
[19:37:03.964] [SEVERE ] key 74 was pressed by player 2
[19:37:04.006] [SEVERE ] updating countdown to 43005
[19:37:04.102] [SEVERE ] updating countdown to 42909
[19:37:04.198] [SEVERE ] updating countdown to 42813
[19:37:04.293] [SEVERE ] updating countdown to 42718
[19:37:04.389] [SEVERE ] updating countdown to 42622
[19:37:04.485] [SEVERE ] updating countdown to 42526
[19:37:04.580] [SEVERE ] updating countdown to 42431
[19:37:04.676] [SEVERE ] updating countdown to 42335
[19:37:04.771] [SEVERE ] updating countdown to 42240
[19:37:04.790] [SEVERE ] key 74 was pressed by player 2
[19:37:04.867] [SEVERE ] updating countdown to 42144
[19:37:04.887] [SEVERE ] key 76 was pressed by player 2
[19:37:04.963] [SEVERE ] updating countdown to 42048
[19:37:05.003] [SEVERE ] key 75 was pressed by player 2
[19:37:05.041] [SEVERE ] setting player 4 freeze to 0
[19:37:05.041] [SEVERE ] removing player 4 token from slot 11
[19:37:05.041] [SEVERE ] player 4 placing token on slot 0
[19:37:05.042] [SEVERE ] updating countdown to 41969
[19:37:05.042] [SEVERE ] setting player 4 freeze to 3000
[19:37:05.126] [SEVERE ] setting player 3 freeze to 0
[19:37:05.126] [SEVERE ] removing player 3 token from slot 1
[19:37:05.126] [SEVERE ] player 3 placing token on slot 4
[19:37:05.127] [SEVERE ] updating countdown to 41884
[19:37:05.128] [SEVERE ] setting player 3 freeze to 3000
[19:37:05.223] [SEVERE ] updating countdown to 41788
[19:37:05.318] [SEVERE ] updating countdown to 41693
[19:37:05.413] [SEVERE ] updating countdown to 41598
[19:37:05.509] [SEVERE ] updating countdown to 41502
[19:37:05.604] [SEVERE ] updating countdown to 41407
[19:37:05.700] [SEVERE ] updating countdown to 41311
[19:37:05.796] [SEVERE ] updating countdown to 41215
[19:37:05.891] [SEVERE ] updating countdown to 41120
[19:37:05.987] [SEVERE ] updating countdown to 41024
[19:37:06.062] [SEVERE ] key 90 was pressed by player 1
[19:37:06.082] [SEVERE ] key 88 was pressed by player 1
[19:37:06.083] [SEVERE ] updating countdown to 40928
[19:37:06.153] [SEVERE ] key 67 was pressed by player 1
[19:37:06.179] [SEVERE ] updating countdown to 40832
[19:37:06.275] [SEVERE ] updating countdown to 40736
[19:37:06.339] [SEVERE ] setting player 2 freeze to 0
[19:37:06.370] [SEVERE ] updating countdown to 40641
[19:37:06.465] [SEVERE ] updating countdown to 40546
[19:37:06.561] [SEVERE ] updating countdown to 40450
[19:37:06.657] [SEVERE ] updating countdown to 40354
[19:37:06.752] [SEVERE ] updating countdown to 40259
[19:37:06.847] [SEVERE ] updating countdown to 40164
[19:37:06.942] [SEVERE ] updating countdown to 40069
[19:37:07.038] [SEVERE ] updating countdown to 39973
[19:37:07.134] [SEVERE ] updating countdown to 39877
[19:37:07.229] [SEVERE ] updating countdown to 39782
[19:37:07.325] [SEVERE ] updating countdown to 39686
[19:37:07.420] [SEVERE ] updating countdown to 39591
[19:37:07.516] [SEVERE ] updating countdown to 39495
[19:37:07.611] [SEVERE ] updating countdown to 39400
[19:37:07.707] [SEVERE ] updating countdown to 39304
[19:37:07.802] [SEVERE ] updating countdown to 39209
[19:37:07.898] [SEVERE ] updating countdown to 39113
[19:37:07.993] [SEVERE ] updating countdown to 39018
[19:37:08.089] [SEVERE ] updating countdown to 38922
[19:37:08.184] [SEVERE ] updating countdown to 38827
[19:37:08.280] [SEVERE ] updating countdown to 38731
[19:37:08.376] [SEVERE ] updating countdown to 38635
[19:37:08.471] [SEVERE ] updating countdown to 38540
[19:37:08.566] [SEVERE ] updating countdown to 38445
[19:37:08.661] [SEVERE ] updating countdown to 38350
[19:37:08.757] [SEVERE ] updating countdown to 38254
[19:37:08.852] [SEVERE ] updating countdown to 38159
[19:37:08.948] [SEVERE ] updating countdown to 38063
[19:37:09.043] [SEVERE ] updating countdown to 37968
[19:37:09.139] [SEVERE ] updating countdown to 37872
[19:37:09.235] [SEVERE ] updating countdown to 37776
[19:37:09.330] [SEVERE ] updating countdown to 37681
[19:37:09.425] [SEVERE ] updating countdown to 37586
[19:37:09.521] [SEVERE ] updating countdown to 37490
[19:37:09.616] [SEVERE ] updating countdown to 37395
[19:37:09.712] [SEVERE ] updating countdown to 37299
[19:37:09.807] [SEVERE ] updating countdown to 37204
[19:37:09.902] [SEVERE ] updating countdown to 37109
[19:37:09.998] [SEVERE ] updating countdown to 37013
[19:37:10.094] [SEVERE ] updating countdown to 36917
[19:37:10.189] [SEVERE ] updating countdown to 36822
[19:37:10.285] [SEVERE ] updating countdown to 36726
[19:37:10.381] [SEVERE ] updating countdown to 36630
[19:37:10.476] [SEVERE ] updating countdown to 36535
[19:37:10.572] [SEVERE ] updating countdown to 36439
[19:37:10.668] [SEVERE ] updating countdown to 36343
[19:37:10.763] [SEVERE ] updating countdown to 36248
[19:37:10.858] [SEVERE ] updating countdown to 36153
[19:37:10.954] [SEVERE ] updating countdown to 36057
[19:37:11.045] [SEVERE ] setting player 4 freeze to 0
[19:37:11.045] [SEVERE ] removing player 4 token from slot 3
[19:37:11.045] [SEVERE ] player 4 placing token on slot 2
[19:37:11.046] [SEVERE ] setting player 4 score to 1
[19:37:11.046] [SEVERE ] setting player 4 freeze to 1000
[19:37:11.130] [SEVERE ] setting player 3 freeze to 0
[19:37:11.130] [SEVERE ] removing player 3 token from slot 11
[19:37:11.130] [SEVERE ] removing player 3 token from slot 4
[19:37:11.130] [SEVERE ] player 3 placing token on slot 6
[19:37:11.130] [SEVERE ] player 3 placing token on slot 9
[19:37:11.146] [SEVERE ] removing tokens from slot 0
[19:37:11.146] [SEVERE ] removing card from slot 0
[19:37:11.257] [SEVERE ] removing tokens from slot 2
[19:37:11.257] [SEVERE ] removing card from slot 2
[19:37:11.369] [SEVERE ] removing tokens from slot 10
[19:37:11.369] [SEVERE ] removing card from slot 10
[19:37:11.480] [SEVERE ] placing card 3 in slot 0
[19:37:11.592] [SEVERE ] placing card 64 in slot 2
[19:37:11.703] [SEVERE ] placing card 15 in slot 10
[19:37:11.703] [SEVERE ] updating countdown to 60000
[19:37:11.703] [SEVERE ] updating countdown to 60000
[19:37:11.799] [SEVERE ] updating countdown to 59904
[19:37:11.799] [SEVERE ] setting player 3 freeze to 3000
[19:37:11.894] [SEVERE ] updating countdown to 59809
[19:37:11.989] [SEVERE ] updating countdown to 59714
[19:37:12.085] [SEVERE ] updating countdown to 59618
[19:37:12.181] [SEVERE ] updating countdown to 59522
[19:37:12.276] [SEVERE ] updating countdown to 59427
[19:37:12.372] [SEVERE ] updating countdown to 59331
[19:37:12.467] [SEVERE ] updating countdown to 59236
[19:37:12.563] [SEVERE ] updating countdown to 59140
[19:37:12.658] [SEVERE ] updating countdown to 59045
[19:37:12.754] [SEVERE ] updating countdown to 58949
[19:37:12.849] [SEVERE ] updating countdown to 58854
[19:37:12.945] [SEVERE ] updating countdown to 58758
[19:37:13.040] [SEVERE ] updating countdown to 58663
[19:37:13.055] [SEVERE ] setting player 4 freeze to 0
[19:37:13.055] [SEVERE ] player 4 placing token on slot 8
[19:37:13.055] [SEVERE ] player 4 placing token on slot 4
[19:37:13.055] [SEVERE ] removing player 4 token from slot 0
[19:37:13.055] [SEVERE ] player 4 placing token on slot 1
[19:37:13.056] [SEVERE ] updating countdown to 58647
[19:37:13.056] [SEVERE ] setting player 4 freeze to 3000
[19:37:13.151] [SEVERE ] updating countdown to 58552
[19:37:13.247] [SEVERE ] updating countdown to 58456
[19:37:13.342] [SEVERE ] updating countdown to 58361
[19:37:13.438] [SEVERE ] updating countdown to 58265
[19:37:13.534] [SEVERE ] updating countdown to 58169
[19:37:13.629] [SEVERE ] updating countdown to 58074
[19:37:13.724] [SEVERE ] updating countdown to 57979
[19:37:13.819] [SEVERE ] updating countdown to 57884
[19:37:13.914] [SEVERE ] updating countdown to 57789
[19:37:14.010] [SEVERE ] updating countdown to 57693
[19:37:14.105] [SEVERE ] updating countdown to 57598
[19:37:14.200] [SEVERE ] updating countdown to 57503
[19:37:14.296] [SEVERE ] updating countdown to 57407
[19:37:14.391] [SEVERE ] updating countdown to 57312
[19:37:14.487] [SEVERE ] updating countdown to 57216
[19:37:14.582] [SEVERE ] updating countdown to 57121
[19:37:14.678] [SEVERE ] updating countdown to 57025
[19:37:14.773] [SEVERE ] updating countdown to 56930
[19:37:14.869] [SEVERE ] updating countdown to 56834
[19:37:14.964] [SEVERE ] updating countdown to 56739
[19:37:15.059] [SEVERE ] updating countdown to 56644
[19:37:15.155] [SEVERE ] updating countdown to 56548
[19:37:15.251] [SEVERE ] updating countdown to 56452
[19:37:15.346] [SEVERE ] updating countdown to 56357
[19:37:15.442] [SEVERE ] updating countdown to 56261
[19:37:15.537] [SEVERE ] updating countdown to 56166
[19:37:15.632] [SEVERE ] updating countdown to 56071
[19:37:15.727] [SEVERE ] updating countdown to 55976
[19:37:15.823] [SEVERE ] updating countdown to 55880
[19:37:15.919] [SEVERE ] updating countdown to 55784
[19:37:16.014] [SEVERE ] updating countdown to 55689
[19:37:16.110] [SEVERE ] updating countdown to 55593
[19:37:16.205] [SEVERE ] updating countdown to 55498
[19:37:16.301] [SEVERE ] updating countdown to 55402
[19:37:16.397] [SEVERE ] updating countdown to 55306
[19:37:16.492] [SEVERE ] updating countdown to 55211
[19:37:16.587] [SEVERE ] updating countdown to 55116
[19:37:16.682] [SEVERE ] updating countdown to 55021
[19:37:16.778] [SEVERE ] updating countdown to 54925
[19:37:16.873] [SEVERE ] updating countdown to 54830
[19:37:16.968] [SEVERE ] updating countdown to 54735
[19:37:17.063] [SEVERE ] updating countdown to 54640
[19:37:17.158] [SEVERE ] updating countdown to 54545
[19:37:17.254] [SEVERE ] updating countdown to 54449
[19:37:17.350] [SEVERE ] updating countdown to 54353
[19:37:17.446] [SEVERE ] updating countdown to 54257
[19:37:17.541] [SEVERE ] updating countdown to 54162
[19:37:17.637] [SEVERE ] updating countdown to 54066
[19:37:17.732] [SEVERE ] updating countdown to 53971
[19:37:17.802] [SEVERE ] setting player 3 freeze to 0
[19:37:17.802] [SEVERE ] removing player 3 token from slot 9
[19:37:17.802] [SEVERE ] player 3 placing token on slot 2
[19:37:17.803] [SEVERE ] updating countdown to 53900
[19:37:17.803] [SEVERE ] setting player 3 freeze to 3000
[19:37:17.898] [SEVERE ] updating countdown to 53805
[19:37:17.994] [SEVERE ] updating countdown to 53709
[19:37:18.089] [SEVERE ] updating countdown to 53614
[19:37:18.185] [SEVERE ] updating countdown to 53518
[19:37:18.281] [SEVERE ] updating countdown to 53422
[19:37:18.376] [SEVERE ] updating countdown to 53327
[19:37:18.472] [SEVERE ] updating countdown to 53231
[19:37:18.567] [SEVERE ] updating countdown to 53136
[19:37:18.663] [SEVERE ] updating countdown to 53040
[19:37:18.758] [SEVERE ] updating countdown to 52945
[19:37:18.854] [SEVERE ] updating countdown to 52849
[19:37:18.949] [SEVERE ] updating countdown to 52754
[19:37:19.045] [SEVERE ] updating countdown to 52658
[19:37:19.059] [SEVERE ] setting player 4 freeze to 0
[19:37:19.059] [SEVERE ] removing player 4 token from slot 4
[19:37:19.059] [SEVERE ] removing player 4 token from slot 8
[19:37:19.059] [SEVERE ] player 4 placing token on slot 5
[19:37:19.059] [SEVERE ] removing player 4 token from slot 1
[19:37:19.059] [SEVERE ] player 4 placing token on slot 6
[19:37:19.059] [SEVERE ] player 4 placing token on slot 7
[19:37:19.060] [SEVERE ] updating countdown to 52643
[19:37:19.061] [SEVERE ] setting player 4 freeze to 3000
[19:37:19.155] [SEVERE ] updating countdown to 52548
[19:37:19.251] [SEVERE ] updating countdown to 52452
[19:37:19.347] [SEVERE ] updating countdown to 52356
[19:37:19.443] [SEVERE ] updating countdown to 52260
[19:37:19.539] [SEVERE ] updating countdown to 52164
[19:37:19.634] [SEVERE ] updating countdown to 52069
[19:37:19.730] [SEVERE ] updating countdown to 51973
[19:37:19.826] [SEVERE ] updating countdown to 51877
[19:37:19.921] [SEVERE ] updating countdown to 51782
[19:37:20.016] [SEVERE ] updating countdown to 51687
[19:37:20.112] [SEVERE ] updating countdown to 51591
[19:37:20.207] [SEVERE ] updating countdown to 51496
[19:37:20.303] [SEVERE ] updating countdown to 51400
[19:37:20.398] [SEVERE ] updating countdown to 51305
[19:37:20.493] [SEVERE ] updating countdown to 51210
[19:37:20.589] [SEVERE ] updating countdown to 51114
[19:37:20.684] [SEVERE ] updating countdown to 51019
[19:37:20.780] [SEVERE ] updating countdown to 50923
[19:37:20.875] [SEVERE ] updating countdown to 50828
[19:37:20.970] [SEVERE ] updating countdown to 50733
[19:37:21.066] [SEVERE ] updating countdown to 50637
[19:37:21.161] [SEVERE ] updating countdown to 50542
[19:37:21.257] [SEVERE ] updating countdown to 50446
[19:37:21.352] [SEVERE ] updating countdown to 50351
[19:37:21.448] [SEVERE ] updating countdown to 50255
[19:37:21.543] [SEVERE ] updating countdown to 50160
[19:37:21.639] [SEVERE ] updating countdown to 50064
[19:37:21.734] [SEVERE ] updating countdown to 49969
[19:37:21.829] [SEVERE ] updating countdown to 49874
[19:37:21.925] [SEVERE ] updating countdown to 49778
[19:37:22.021] [SEVERE ] updating countdown to 49682
[19:37:22.116] [SEVERE ] updating countdown to 49587
[19:37:22.212] [SEVERE ] updating countdown to 49491
[19:37:22.308] [SEVERE ] updating countdown to 49395
[19:37:22.404] [SEVERE ] updating countdown to 49299
[19:37:22.500] [SEVERE ] updating countdown to 49203
[19:37:22.595] [SEVERE ] updating countdown to 49108
[19:37:22.690] [SEVERE ] updating countdown to 49013
[19:37:22.785] [SEVERE ] updating countdown to 48918
[19:37:22.881] [SEVERE ] updating countdown to 48822
[19:37:22.977] [SEVERE ] updating countdown to 48726
[19:37:23.072] [SEVERE ] updating countdown to 48631
[19:37:23.168] [SEVERE ] updating countdown to 48535
[19:37:23.264] [SEVERE ] updating countdown to 48439
[19:37:23.360] [SEVERE ] updating countdown to 48343
[19:37:23.455] [SEVERE ] updating countdown to 48248
[19:37:23.550] [SEVERE ] updating countdown to 48153
[19:37:23.646] [SEVERE ] updating countdown to 48057
[19:37:23.741] [SEVERE ] updating countdown to 47962
[19:37:23.804] [SEVERE ] setting player 3 freeze to 0
[19:37:23.804] [SEVERE ] removing player 3 token from slot 3
[19:37:23.804] [SEVERE ] player 3 placing token on slot 7
[19:37:23.805] [SEVERE ] updating countdown to 47898
[19:37:23.805] [SEVERE ] setting player 3 freeze to 3000
[19:37:23.900] [SEVERE ] updating countdown to 47803
[19:37:23.995] [SEVERE ] updating countdown to 47708
[19:37:24.091] [SEVERE ] updating countdown to 47612
[19:37:24.186] [SEVERE ] updating countdown to 47517
[19:37:24.282] [SEVERE ] updating countdown to 47421
[19:37:24.378] [SEVERE ] updating countdown to 47325
[19:37:24.474] [SEVERE ] updating countdown to 47229
[19:37:24.569] [SEVERE ] updating countdown to 47134
[19:37:24.664] [SEVERE ] updating countdown to 47039
[19:37:24.760] [SEVERE ] updating countdown to 46943
[19:37:24.790] [SEVERE ] key 83 was pressed by player 1
[19:37:24.814] [SEVERE ] key 65 was pressed by player 1
[19:37:24.855] [SEVERE ] updating countdown to 46848
[19:37:24.910] [SEVERE ] key 68 was pressed by player 1
[19:37:24.951] [SEVERE ] updating countdown to 46752
[19:37:25.046] [SEVERE ] updating countdown to 46657
[19:37:25.062] [SEVERE ] setting player 4 freeze to 0
[19:37:25.062] [SEVERE ] removing player 4 token from slot 10
[19:37:25.062] [SEVERE ] removing player 4 token from slot 7
[19:37:25.062] [SEVERE ] removing player 4 token from slot 5
[19:37:25.062] [SEVERE ] removing player 4 token from slot 2
[19:37:25.062] [SEVERE ] player 4 placing token on slot 4
[19:37:25.062] [SEVERE ] player 4 placing token on slot 2
[19:37:25.063] [SEVERE ] updating countdown to 46640
[19:37:25.063] [SEVERE ] setting player 4 freeze to 3000
[19:37:25.159] [SEVERE ] updating countdown to 46544
[19:37:25.176] [SEVERE ] key 65 was pressed by player 1
[19:37:25.177] [SEVERE ] key 83 was pressed by player 1
[19:37:25.254] [SEVERE ] updating countdown to 46449
[19:37:25.267] [SEVERE ] key 68 was pressed by player 1
[19:37:25.350] [SEVERE ] updating countdown to 46353
[19:37:25.445] [SEVERE ] updating countdown to 46258
[19:37:25.475] [SEVERE ] key 65 was pressed by player 1
[19:37:25.515] [SEVERE ] key 83 was pressed by player 1
[19:37:25.540] [SEVERE ] updating countdown to 46163
[19:37:25.635] [SEVERE ] updating countdown to 46068
[19:37:25.731] [SEVERE ] updating countdown to 45972
[19:37:25.827] [SEVERE ] updating countdown to 45876
[19:37:25.923] [SEVERE ] updating countdown to 45780
[19:37:26.005] [SEVERE ] key 83 was pressed by player 1
[19:37:26.018] [SEVERE ] updating countdown to 45685
[19:37:26.114] [SEVERE ] updating countdown to 45589
[19:37:26.210] [SEVERE ] updating countdown to 45493
[19:37:26.305] [SEVERE ] updating countdown to 45398
[19:37:26.401] [SEVERE ] updating countdown to 45302
[19:37:26.496] [SEVERE ] updating countdown to 45207
[19:37:26.591] [SEVERE ] updating countdown to 45112
[19:37:26.687] [SEVERE ] updating countdown to 45016
[19:37:26.782] [SEVERE ] updating countdown to 44921
[19:37:26.877] [SEVERE ] updating countdown to 44826
[19:37:26.973] [SEVERE ] updating countdown to 44730
[19:37:27.025] [SEVERE ] key 76 was pressed by player 2
[19:37:27.025] [SEVERE ] removing player 2 token from slot 6
[19:37:27.040] [SEVERE ] key 75 was pressed by player 2
[19:37:27.040] [SEVERE ] removing player 2 token from slot 5
[19:37:27.068] [SEVERE ] updating countdown to 44635
[19:37:27.131] [SEVERE ] key 74 was pressed by player 2
[19:37:27.132] [SEVERE ] removing player 2 token from slot 4
[19:37:27.163] [SEVERE ] updating countdown to 44540
[19:37:27.259] [SEVERE ] updating countdown to 44444
[19:37:27.349] [SEVERE ] key 76 was pressed by player 2
[19:37:27.350] [SEVERE ] player 2 placing token on slot 6
[19:37:27.355] [SEVERE ] updating countdown to 44348
[19:37:27.451] [SEVERE ] updating countdown to 44252
[19:37:27.546] [SEVERE ] updating countdown to 44157
[19:37:27.634] [SEVERE ] key 74 was pressed by player 2
[19:37:27.634] [SEVERE ] player 2 placing token on slot 4
[19:37:27.641] [SEVERE ] updating countdown to 44062
[19:37:27.736] [SEVERE ] updating countdown to 43967
[19:37:27.828] [SEVERE ] key 76 was pressed by player 2
[19:37:27.828] [SEVERE ] removing player 2 token from slot 6
[19:37:27.832] [SEVERE ] updating countdown to 43871
[19:37:27.882] [SEVERE ] key 75 was pressed by player 2
[19:37:27.882] [SEVERE ] player 2 placing token on slot 5
[19:37:27.927] [SEVERE ] updating countdown to 43776
[19:37:28.023] [SEVERE ] updating countdown to 43680
[19:37:28.119] [SEVERE ] updating countdown to 43584
[19:37:28.214] [SEVERE ] updating countdown to 43489
[19:37:28.309] [SEVERE ] updating countdown to 43394
[19:37:28.405] [SEVERE ] updating countdown to 43298
[19:37:28.501] [SEVERE ] updating countdown to 43202
[19:37:28.596] [SEVERE ] updating countdown to 43107
[19:37:28.691] [SEVERE ] updating countdown to 43012
[19:37:28.761] [SEVERE ] key 76 was pressed by player 2
[19:37:28.761] [SEVERE ] player 2 placing token on slot 6
[19:37:28.761] [SEVERE ] updating countdown to 42942
[19:37:28.762] [SEVERE ] setting player 2 freeze to 3000
[19:37:28.815] [SEVERE ] key 75 was pressed by player 2
[19:37:28.858] [SEVERE ] updating countdown to 42845
[19:37:28.954] [SEVERE ] updating countdown to 42749
[19:37:29.049] [SEVERE ] updating countdown to 42654
[19:37:29.145] [SEVERE ] updating countdown to 42558
[19:37:29.241] [SEVERE ] updating countdown to 42462
[19:37:29.336] [SEVERE ] updating countdown to 42367
[19:37:29.432] [SEVERE ] updating countdown to 42271
[19:37:29.528] [SEVERE ] updating countdown to 42175
[19:37:29.624] [SEVERE ] updating countdown to 42079
[19:37:29.719] [SEVERE ] updating countdown to 41984
[19:37:29.807] [SEVERE ] setting player 3 freeze to 0
[19:37:29.807] [SEVERE ] removing player 3 token from slot 2
[19:37:29.807] [SEVERE ] player 3 placing token on slot 5
[19:37:29.807] [SEVERE ] updating countdown to 41896
[19:37:29.808] [SEVERE ] setting player 3 freeze to 3000
[19:37:29.822] [SEVERE ] key 83 was pressed by player 1
[19:37:29.870] [SEVERE ] key 65 was pressed by player 1
[19:37:29.903] [SEVERE ] updating countdown to 41800
[19:37:29.953] [SEVERE ] key 68 was pressed by player 1
[19:37:29.998] [SEVERE ] updating countdown to 41705
[19:37:30.094] [SEVERE ] updating countdown to 41609
[19:37:30.189] [SEVERE ] updating countdown to 41514
[19:37:30.284] [SEVERE ] updating countdown to 41419
[19:37:30.379] [SEVERE ] updating countdown to 41324
[19:37:30.474] [SEVERE ] updating countdown to 41229
[19:37:30.570] [SEVERE ] updating countdown to 41133
[19:37:30.666] [SEVERE ] updating countdown to 41037
[19:37:30.761] [SEVERE ] updating countdown to 40942
[19:37:30.857] [SEVERE ] updating countdown to 40846
[19:37:30.952] [SEVERE ] updating countdown to 40751
[19:37:31.047] [SEVERE ] updating countdown to 40656
[19:37:31.064] [SEVERE ] setting player 4 freeze to 0
[19:37:31.064] [SEVERE ] removing player 4 token from slot 2
[19:37:31.064] [SEVERE ] removing player 4 token from slot 4
[19:37:31.064] [SEVERE ] player 4 placing token on slot 0
[19:37:31.064] [SEVERE ] removing player 4 token from slot 6
[19:37:31.064] [SEVERE ] player 4 placing token on slot 4
[19:37:31.064] [SEVERE ] player 4 placing token on slot 2
[19:37:31.065] [SEVERE ] updating countdown to 40638
[19:37:31.066] [SEVERE ] setting player 4 freeze to 3000
[19:37:31.160] [SEVERE ] updating countdown to 40543
[19:37:31.256] [SEVERE ] updating countdown to 40447
[19:37:31.352] [SEVERE ] updating countdown to 40351
[19:37:31.447] [SEVERE ] updating countdown to 40256
[19:37:31.542] [SEVERE ] updating countdown to 40161
[19:37:31.638] [SEVERE ] updating countdown to 40065
[19:37:31.734] [SEVERE ] updating countdown to 39969
[19:37:31.763] [SEVERE ] setting player 2 freeze to 0
[19:37:31.830] [SEVERE ] updating countdown to 39873
[19:37:31.925] [SEVERE ] updating countdown to 39778
[19:37:32.020] [SEVERE ] updating countdown to 39683
[19:37:32.115] [SEVERE ] updating countdown to 39588
[19:37:32.211] [SEVERE ] updating countdown to 39492
[19:37:32.306] [SEVERE ] updating countdown to 39397
[19:37:32.401] [SEVERE ] updating countdown to 39302
[19:37:32.496] [SEVERE ] updating countdown to 39207
[19:37:32.592] [SEVERE ] updating countdown to 39111
[19:37:32.688] [SEVERE ] updating countdown to 39015
[19:37:32.783] [SEVERE ] updating countdown to 38920
[19:37:32.879] [SEVERE ] updating countdown to 38824
[19:37:32.974] [SEVERE ] updating countdown to 38729
[19:37:33.070] [SEVERE ] updating countdown to 38633
[19:37:33.166] [SEVERE ] updating countdown to 38537
[19:37:33.262] [SEVERE ] updating countdown to 38441
[19:37:33.358] [SEVERE ] updating countdown to 38345
[19:37:33.453] [SEVERE ] updating countdown to 38250
[19:37:33.549] [SEVERE ] updating countdown to 38154
[19:37:33.644] [SEVERE ] updating countdown to 38059
[19:37:33.739] [SEVERE ] updating countdown to 37964
[19:37:33.835] [SEVERE ] updating countdown to 37868
[19:37:33.930] [SEVERE ] updating countdown to 37773
[19:37:34.026] [SEVERE ] updating countdown to 37677
[19:37:34.121] [SEVERE ] updating countdown to 37582
[19:37:34.217] [SEVERE ] updating countdown to 37486
[19:37:34.313] [SEVERE ] updating countdown to 37390
[19:37:34.408] [SEVERE ] updating countdown to 37295
[19:37:34.503] [SEVERE ] updating countdown to 37200
[19:37:34.598] [SEVERE ] updating countdown to 37105
[19:37:34.694] [SEVERE ] updating countdown to 37009
[19:37:34.789] [SEVERE ] updating countdown to 36914
[19:37:34.885] [SEVERE ] updating countdown to 36818
[19:37:34.980] [SEVERE ] updating countdown to 36723
[19:37:35.076] [SEVERE ] updating countdown to 36627
[19:37:35.172] [SEVERE ] updating countdown to 36531
[19:37:35.268] [SEVERE ] updating countdown to 36435
[19:37:35.363] [SEVERE ] updating countdown to 36340
[19:37:35.458] [SEVERE ] updating countdown to 36245
[19:37:35.554] [SEVERE ] updating countdown to 36149
[19:37:35.649] [SEVERE ] updating countdown to 36054
[19:37:35.745] [SEVERE ] updating countdown to 35958
[19:37:35.811] [SEVERE ] setting player 3 freeze to 0
[19:37:35.811] [SEVERE ] removing player 3 token from slot 5
[19:37:35.811] [SEVERE ] player 3 placing token on slot 10
[19:37:35.811] [SEVERE ] updating countdown to 35892
[19:37:35.812] [SEVERE ] setting player 3 freeze to 3000
[19:37:35.907] [SEVERE ] updating countdown to 35796
[19:37:36.002] [SEVERE ] updating countdown to 35701
[19:37:36.098] [SEVERE ] updating countdown to 35605
[19:37:36.194] [SEVERE ] updating countdown to 35509
[19:37:36.290] [SEVERE ] updating countdown to 35413
[19:37:36.385] [SEVERE ] updating countdown to 35318
[19:37:36.480] [SEVERE ] updating countdown to 35223
[19:37:36.576] [SEVERE ] updating countdown to 35127
[19:37:36.672] [SEVERE ] updating countdown to 35031
[19:37:36.768] [SEVERE ] updating countdown to 34935
[19:37:36.863] [SEVERE ] updating countdown to 34840
[19:37:36.959] [SEVERE ] updating countdown to 34744
[19:37:37.054] [SEVERE ] updating countdown to 34649
[19:37:37.067] [SEVERE ] setting player 4 freeze to 0
[19:37:37.067] [SEVERE ] removing player 4 token from slot 4
[19:37:37.067] [SEVERE ] player 4 placing token on slot 5
[19:37:37.067] [SEVERE ] updating countdown to 34636
[19:37:37.068] [SEVERE ] setting player 4 freeze to 3000
[19:37:37.162] [SEVERE ] updating countdown to 34541
[19:37:37.258] [SEVERE ] updating countdown to 34445
[19:37:37.354] [SEVERE ] updating countdown to 34349
[19:37:37.449] [SEVERE ] updating countdown to 34254
[19:37:37.545] [SEVERE ] updating countdown to 34158
[19:37:37.640] [SEVERE ] updating countdown to 34063
[19:37:37.736] [SEVERE ] updating countdown to 33967
[19:37:37.832] [SEVERE ] updating countdown to 33871
[19:37:37.927] [SEVERE ] updating countdown to 33776
[19:37:38.023] [SEVERE ] updating countdown to 33680
[19:37:38.119] [SEVERE ] updating countdown to 33584
[19:37:38.215] [SEVERE ] updating countdown to 33488
[19:37:38.311] [SEVERE ] updating countdown to 33392
[19:37:38.407] [SEVERE ] updating countdown to 33296
[19:37:38.503] [SEVERE ] updating countdown to 33200
[19:37:38.598] [SEVERE ] updating countdown to 33105
[19:37:38.694] [SEVERE ] updating countdown to 33009
[19:37:38.789] [SEVERE ] updating countdown to 32914
[19:37:38.885] [SEVERE ] updating countdown to 32818
[19:37:38.981] [SEVERE ] updating countdown to 32722
[19:37:39.077] [SEVERE ] updating countdown to 32626
[19:37:39.173] [SEVERE ] updating countdown to 32530
[19:37:39.268] [SEVERE ] updating countdown to 32435
[19:37:39.364] [SEVERE ] updating countdown to 32339
[19:37:39.459] [SEVERE ] updating countdown to 32244
[19:37:39.554] [SEVERE ] updating countdown to 32149
[19:37:39.649] [SEVERE ] updating countdown to 32054
[19:37:39.745] [SEVERE ] updating countdown to 31958
[19:37:39.840] [SEVERE ] updating countdown to 31863
[19:37:39.936] [SEVERE ] updating countdown to 31767
[19:37:40.032] [SEVERE ] updating countdown to 31671
[19:37:40.128] [SEVERE ] updating countdown to 31575
[19:37:40.223] [SEVERE ] updating countdown to 31480
[19:37:40.319] [SEVERE ] updating countdown to 31384
[19:37:40.415] [SEVERE ] updating countdown to 31288
[19:37:40.511] [SEVERE ] updating countdown to 31192
[19:37:40.607] [SEVERE ] updating countdown to 31096
[19:37:40.703] [SEVERE ] updating countdown to 31000
[19:37:40.798] [SEVERE ] updating countdown to 30905
[19:37:40.894] [SEVERE ] updating countdown to 30809
[19:37:40.990] [SEVERE ] updating countdown to 30713
[19:37:41.085] [SEVERE ] updating countdown to 30618
[19:37:41.181] [SEVERE ] updating countdown to 30522
[19:37:41.276] [SEVERE ] updating countdown to 30427
[19:37:41.372] [SEVERE ] updating countdown to 30331
[19:37:41.468] [SEVERE ] updating countdown to 30235
[19:37:41.563] [SEVERE ] updating countdown to 30140
[19:37:41.659] [SEVERE ] updating countdown to 30044
[19:37:41.754] [SEVERE ] updating countdown to 29949
[19:37:41.814] [SEVERE ] setting player 3 freeze to 0
[19:37:41.814] [SEVERE ] removing player 3 token from slot 10
[19:37:41.814] [SEVERE ] player 3 placing token on slot 8
[19:37:41.814] [SEVERE ] updating countdown to 29889
[19:37:41.815] [SEVERE ] setting player 3 freeze to 3000
[19:37:41.909] [SEVERE ] updating countdown to 29794
[19:37:42.005] [SEVERE ] updating countdown to 29698
[19:37:42.101] [SEVERE ] updating countdown to 29602
[19:37:42.196] [SEVERE ] updating countdown to 29507
[19:37:42.292] [SEVERE ] updating countdown to 29411
[19:37:42.387] [SEVERE ] updating countdown to 29316
[19:37:42.483] [SEVERE ] updating countdown to 29220
[19:37:42.579] [SEVERE ] updating countdown to 29124
[19:37:42.674] [SEVERE ] updating countdown to 29029
[19:37:42.770] [SEVERE ] updating countdown to 28933
[19:37:42.866] [SEVERE ] updating countdown to 28837
[19:37:42.961] [SEVERE ] updating countdown to 28742
[19:37:43.057] [SEVERE ] updating countdown to 28646
[19:37:43.071] [SEVERE ] setting player 4 freeze to 0
[19:37:43.071] [SEVERE ] removing player 4 token from slot 5
[19:37:43.071] [SEVERE ] player 4 placing token on slot 3
[19:37:43.071] [SEVERE ] updating countdown to 28632
[19:37:43.072] [SEVERE ] setting player 4 freeze to 3000
[19:37:43.166] [SEVERE ] updating countdown to 28537
[19:37:43.262] [SEVERE ] updating countdown to 28441
[19:37:43.357] [SEVERE ] updating countdown to 28346
[19:37:43.453] [SEVERE ] updating countdown to 28250
[19:37:43.549] [SEVERE ] updating countdown to 28154
[19:37:43.644] [SEVERE ] updating countdown to 28059
[19:37:43.740] [SEVERE ] updating countdown to 27963
[19:37:43.835] [SEVERE ] updating countdown to 27868
[19:37:43.930] [SEVERE ] updating countdown to 27773
[19:37:44.026] [SEVERE ] updating countdown to 27677
[19:37:44.122] [SEVERE ] updating countdown to 27581
[19:37:44.218] [SEVERE ] updating countdown to 27485
[19:37:44.313] [SEVERE ] updating countdown to 27390
[19:37:44.408] [SEVERE ] updating countdown to 27295
[19:37:44.504] [SEVERE ] updating countdown to 27199
[19:37:44.600] [SEVERE ] updating countdown to 27103
[19:37:44.696] [SEVERE ] updating countdown to 27007
[19:37:44.792] [SEVERE ] updating countdown to 26911
[19:37:44.888] [SEVERE ] updating countdown to 26815
[19:37:44.983] [SEVERE ] updating countdown to 26720
[19:37:45.079] [SEVERE ] updating countdown to 26624
[19:37:45.174] [SEVERE ] updating countdown to 26529
[19:37:45.269] [SEVERE ] updating countdown to 26434
[19:37:45.365] [SEVERE ] updating countdown to 26338
[19:37:45.460] [SEVERE ] updating countdown to 26243
[19:37:45.555] [SEVERE ] updating countdown to 26148
[19:37:45.651] [SEVERE ] updating countdown to 26052
[19:37:45.747] [SEVERE ] updating countdown to 25956
[19:37:45.842] [SEVERE ] updating countdown to 25861
[19:37:45.937] [SEVERE ] updating countdown to 25766
[19:37:46.032] [SEVERE ] updating countdown to 25671
[19:37:46.128] [SEVERE ] updating countdown to 25575
[19:37:46.223] [SEVERE ] updating countdown to 25480
[19:37:46.319] [SEVERE ] updating countdown to 25384
[19:37:46.415] [SEVERE ] updating countdown to 25288
[19:37:46.510] [SEVERE ] updating countdown to 25193
[19:37:46.605] [SEVERE ] updating countdown to 25098
[19:37:46.701] [SEVERE ] updating countdown to 25002
[19:37:46.797] [SEVERE ] updating countdown to 24906
[19:37:46.892] [SEVERE ] updating countdown to 24811
[19:37:46.988] [SEVERE ] updating countdown to 24715
[19:37:47.084] [SEVERE ] updating countdown to 24619
[19:37:47.179] [SEVERE ] updating countdown to 24524
[19:37:47.275] [SEVERE ] updating countdown to 24428
[19:37:47.370] [SEVERE ] updating countdown to 24333
[19:37:47.466] [SEVERE ] updating countdown to 24237
[19:37:47.562] [SEVERE ] updating countdown to 24141
[19:37:47.657] [SEVERE ] updating countdown to 24046
[19:37:47.753] [SEVERE ] updating countdown to 23950
[19:37:47.817] [SEVERE ] setting player 3 freeze to 0
[19:37:47.817] [SEVERE ] removing player 3 token from slot 6
[19:37:47.817] [SEVERE ] player 3 placing token on slot 10
[19:37:47.817] [SEVERE ] updating countdown to 23886
[19:37:47.818] [SEVERE ] setting player 3 freeze to 3000
[19:37:47.913] [SEVERE ] updating countdown to 23790
[19:37:48.008] [SEVERE ] updating countdown to 23695
[19:37:48.103] [SEVERE ] updating countdown to 23600
[19:37:48.198] [SEVERE ] updating countdown to 23505
[19:37:48.294] [SEVERE ] updating countdown to 23409
[19:37:48.389] [SEVERE ] updating countdown to 23314
[19:37:48.484] [SEVERE ] updating countdown to 23219
[19:37:48.580] [SEVERE ] updating countdown to 23123
[19:37:48.676] [SEVERE ] updating countdown to 23027
[19:37:48.771] [SEVERE ] updating countdown to 22932
[19:37:48.866] [SEVERE ] updating countdown to 22837
[19:37:48.962] [SEVERE ] updating countdown to 22741
[19:37:49.058] [SEVERE ] updating countdown to 22645
[19:37:49.074] [SEVERE ] setting player 4 freeze to 0
[19:37:49.074] [SEVERE ] removing player 4 token from slot 0
[19:37:49.074] [SEVERE ] player 4 placing token on slot 11
[19:37:49.074] [SEVERE ] updating countdown to 22629
[19:37:49.075] [SEVERE ] setting player 4 freeze to 3000
[19:37:49.169] [SEVERE ] updating countdown to 22534
[19:37:49.265] [SEVERE ] updating countdown to 22438
[19:37:49.360] [SEVERE ] updating countdown to 22343
[19:37:49.455] [SEVERE ] updating countdown to 22248
[19:37:49.550] [SEVERE ] updating countdown to 22153
[19:37:49.647] [SEVERE ] updating countdown to 22056
[19:37:49.743] [SEVERE ] updating countdown to 21960
[19:37:49.839] [SEVERE ] updating countdown to 21864
[19:37:49.934] [SEVERE ] updating countdown to 21769
[19:37:50.029] [SEVERE ] updating countdown to 21674
[19:37:50.124] [SEVERE ] updating countdown to 21579
[19:37:50.219] [SEVERE ] updating countdown to 21484
[19:37:50.314] [SEVERE ] updating countdown to 21389
[19:37:50.410] [SEVERE ] updating countdown to 21293
[19:37:50.505] [SEVERE ] updating countdown to 21198
[19:37:50.601] [SEVERE ] updating countdown to 21102
[19:37:50.696] [SEVERE ] updating countdown to 21007
[19:37:50.791] [SEVERE ] updating countdown to 20912
[19:37:50.887] [SEVERE ] updating countdown to 20816
[19:37:50.983] [SEVERE ] updating countdown to 20720
[19:37:51.079] [SEVERE ] updating countdown to 20624
[19:37:51.174] [SEVERE ] updating countdown to 20529
[19:37:51.270] [SEVERE ] updating countdown to 20433
[19:37:51.366] [SEVERE ] updating countdown to 20337
[19:37:51.462] [SEVERE ] updating countdown to 20241
[19:37:51.557] [SEVERE ] updating countdown to 20146
[19:37:51.653] [SEVERE ] updating countdown to 20050
[19:37:51.748] [SEVERE ] updating countdown to 19955
[19:37:51.844] [SEVERE ] updating countdown to 19859
[19:37:51.940] [SEVERE ] updating countdown to 19763
[19:37:52.035] [SEVERE ] updating countdown to 19668
[19:37:52.131] [SEVERE ] updating countdown to 19572
[19:37:52.227] [SEVERE ] updating countdown to 19476
[19:37:52.323] [SEVERE ] updating countdown to 19380
[19:37:52.418] [SEVERE ] updating countdown to 19285
[19:37:52.514] [SEVERE ] updating countdown to 19189
[19:37:52.610] [SEVERE ] updating countdown to 19093
[19:37:52.705] [SEVERE ] updating countdown to 18998
[19:37:52.801] [SEVERE ] updating countdown to 18902
[19:37:52.896] [SEVERE ] updating countdown to 18807
[19:37:52.992] [SEVERE ] updating countdown to 18711
[19:37:53.087] [SEVERE ] updating countdown to 18616
[19:37:53.183] [SEVERE ] updating countdown to 18520
[19:37:53.278] [SEVERE ] updating countdown to 18425
[19:37:53.373] [SEVERE ] updating countdown to 18330
[19:37:53.469] [SEVERE ] updating countdown to 18234
[19:37:53.565] [SEVERE ] updating countdown to 18138
[19:37:53.660] [SEVERE ] updating countdown to 18043
[19:37:53.755] [SEVERE ] updating countdown to 17948
[19:37:53.821] [SEVERE ] setting player 3 freeze to 0
[19:37:53.821] [SEVERE ] removing player 3 token from slot 7
[19:37:53.821] [SEVERE ] player 3 placing token on slot 11
[19:37:53.821] [SEVERE ] updating countdown to 17882
[19:37:53.822] [SEVERE ] setting player 3 freeze to 3000
[19:37:53.917] [SEVERE ] updating countdown to 17786
[19:37:54.012] [SEVERE ] updating countdown to 17691
[19:37:54.107] [SEVERE ] updating countdown to 17596
[19:37:54.203] [SEVERE ] updating countdown to 17500
[19:37:54.298] [SEVERE ] updating countdown to 17405
[19:37:54.394] [SEVERE ] updating countdown to 17309
[19:37:54.490] [SEVERE ] updating countdown to 17213
[19:37:54.586] [SEVERE ] updating countdown to 17117
[19:37:54.682] [SEVERE ] updating countdown to 17021
[19:37:54.777] [SEVERE ] updating countdown to 16926
[19:37:54.872] [SEVERE ] updating countdown to 16831
[19:37:54.968] [SEVERE ] updating countdown to 16735
[19:37:55.063] [SEVERE ] updating countdown to 16640
[19:37:55.077] [SEVERE ] setting player 4 freeze to 0
[19:37:55.077] [SEVERE ] removing player 4 token from slot 3
[19:37:55.077] [SEVERE ] player 4 placing token on slot 6
[19:37:55.078] [SEVERE ] updating countdown to 16625
[19:37:55.078] [SEVERE ] setting player 4 freeze to 3000
[19:37:55.173] [SEVERE ] updating countdown to 16530
[19:37:55.269] [SEVERE ] updating countdown to 16434
[19:37:55.365] [SEVERE ] updating countdown to 16338
[19:37:55.460] [SEVERE ] updating countdown to 16243
[19:37:55.556] [SEVERE ] updating countdown to 16147
[19:37:55.651] [SEVERE ] updating countdown to 16052
[19:37:55.746] [SEVERE ] updating countdown to 15957
[19:37:55.842] [SEVERE ] updating countdown to 15861
[19:37:55.937] [SEVERE ] updating countdown to 15766
[19:37:56.032] [SEVERE ] updating countdown to 15671
[19:37:56.128] [SEVERE ] updating countdown to 15575
[19:37:56.223] [SEVERE ] updating countdown to 15480
[19:37:56.319] [SEVERE ] updating countdown to 15384
[19:37:56.414] [SEVERE ] updating countdown to 15289
[19:37:56.509] [SEVERE ] updating countdown to 15194
[19:37:56.604] [SEVERE ] updating countdown to 15099
[19:37:56.700] [SEVERE ] updating countdown to 15003
[19:37:56.796] [SEVERE ] updating countdown to 14907
[19:37:56.891] [SEVERE ] updating countdown to 14812
[19:37:56.987] [SEVERE ] updating countdown to 14716
[19:37:57.082] [SEVERE ] updating countdown to 14621
[19:37:57.177] [SEVERE ] updating countdown to 14526
[19:37:57.273] [SEVERE ] updating countdown to 14430
[19:37:57.368] [SEVERE ] updating countdown to 14335
[19:37:57.464] [SEVERE ] updating countdown to 14239
[19:37:57.559] [SEVERE ] updating countdown to 14144
[19:37:57.655] [SEVERE ] updating countdown to 14048
[19:37:57.751] [SEVERE ] updating countdown to 13952
[19:37:57.846] [SEVERE ] updating countdown to 13857
[19:37:57.942] [SEVERE ] updating countdown to 13761
[19:37:58.038] [SEVERE ] updating countdown to 13665
[19:37:58.133] [SEVERE ] updating countdown to 13570
[19:37:58.229] [SEVERE ] updating countdown to 13474
[19:37:58.325] [SEVERE ] updating countdown to 13378
[19:37:58.420] [SEVERE ] updating countdown to 13283
[19:37:58.516] [SEVERE ] updating countdown to 13187
[19:37:58.612] [SEVERE ] updating countdown to 13091
[19:37:58.707] [SEVERE ] updating countdown to 12996
[19:37:58.803] [SEVERE ] updating countdown to 12900
[19:37:58.898] [SEVERE ] updating countdown to 12805
[19:37:58.994] [SEVERE ] updating countdown to 12709
[19:37:59.090] [SEVERE ] updating countdown to 12613
[19:37:59.185] [SEVERE ] updating countdown to 12518
[19:37:59.281] [SEVERE ] updating countdown to 12422
[19:37:59.376] [SEVERE ] updating countdown to 12327
[19:37:59.471] [SEVERE ] updating countdown to 12232
[19:37:59.566] [SEVERE ] updating countdown to 12137
[19:37:59.662] [SEVERE ] updating countdown to 12041
[19:37:59.757] [SEVERE ] updating countdown to 11946
[19:37:59.825] [SEVERE ] setting player 3 freeze to 0
[19:37:59.825] [SEVERE ] removing player 3 token from slot 11
[19:37:59.825] [SEVERE ] player 3 placing token on slot 3
[19:37:59.825] [SEVERE ] updating countdown to 11878
[19:37:59.826] [SEVERE ] setting player 3 freeze to 3000
[19:37:59.920] [SEVERE ] updating countdown to 11783
[19:38:00.016] [SEVERE ] updating countdown to 11687
[19:38:00.111] [SEVERE ] updating countdown to 11592
[19:38:00.206] [SEVERE ] updating countdown to 11497
[19:38:00.302] [SEVERE ] updating countdown to 11401
[19:38:00.398] [SEVERE ] updating countdown to 11305
[19:38:00.493] [SEVERE ] updating countdown to 11210
[19:38:00.589] [SEVERE ] updating countdown to 11114
[19:38:00.684] [SEVERE ] updating countdown to 11019
[19:38:00.780] [SEVERE ] updating countdown to 10923
[19:38:00.875] [SEVERE ] updating countdown to 10828
[19:38:00.970] [SEVERE ] updating countdown to 10733
[19:38:01.066] [SEVERE ] updating countdown to 10637
[19:38:01.082] [SEVERE ] setting player 4 freeze to 0
[19:38:01.082] [SEVERE ] removing player 4 token from slot 2
[19:38:01.082] [SEVERE ] player 4 placing token on slot 10
[19:38:01.082] [SEVERE ] updating countdown to 10621
[19:38:01.083] [SEVERE ] setting player 4 freeze to 3000
[19:38:01.178] [SEVERE ] updating countdown to 10525
[19:38:01.273] [SEVERE ] updating countdown to 10430
[19:38:01.368] [SEVERE ] updating countdown to 10335
[19:38:01.464] [SEVERE ] updating countdown to 10239
[19:38:01.559] [SEVERE ] updating countdown to 10144
[19:38:01.654] [SEVERE ] updating countdown to 10049
[19:38:01.750] [SEVERE ] updating countdown to 9953
[19:38:01.846] [SEVERE ] updating countdown to 9857
[19:38:01.941] [SEVERE ] updating countdown to 9762
[19:38:02.037] [SEVERE ] updating countdown to 9666
[19:38:02.133] [SEVERE ] updating countdown to 9570
[19:38:02.229] [SEVERE ] updating countdown to 9474
[19:38:02.324] [SEVERE ] updating countdown to 9379
[19:38:02.419] [SEVERE ] updating countdown to 9284
[19:38:02.515] [SEVERE ] updating countdown to 9188
[19:38:02.610] [SEVERE ] updating countdown to 9093
[19:38:02.706] [SEVERE ] updating countdown to 8997
[19:38:02.802] [SEVERE ] updating countdown to 8901
[19:38:02.897] [SEVERE ] updating countdown to 8806
[19:38:02.993] [SEVERE ] updating countdown to 8710
[19:38:03.089] [SEVERE ] updating countdown to 8614
[19:38:03.185] [SEVERE ] updating countdown to 8518
[19:38:03.281] [SEVERE ] updating countdown to 8422
[19:38:03.377] [SEVERE ] updating countdown to 8326
[19:38:03.473] [SEVERE ] updating countdown to 8230
[19:38:03.568] [SEVERE ] updating countdown to 8135
[19:38:03.664] [SEVERE ] updating countdown to 8039
[19:38:03.760] [SEVERE ] updating countdown to 7943
[19:38:03.855] [SEVERE ] updating countdown to 7848
[19:38:03.951] [SEVERE ] updating countdown to 7752
[19:38:04.046] [SEVERE ] updating countdown to 7657
[19:38:04.142] [SEVERE ] updating countdown to 7561
[19:38:04.238] [SEVERE ] updating countdown to 7465
[19:38:04.334] [SEVERE ] updating countdown to 7369
[19:38:04.429] [SEVERE ] updating countdown to 7274
[19:38:04.525] [SEVERE ] updating countdown to 7178
[19:38:04.620] [SEVERE ] updating countdown to 7083
[19:38:04.716] [SEVERE ] updating countdown to 6987
[19:38:04.811] [SEVERE ] updating countdown to 6892
[19:38:04.906] [SEVERE ] updating countdown to 6797
[19:38:05.002] [SEVERE ] updating countdown to 6701
[19:38:05.097] [SEVERE ] updating countdown to 6606
[19:38:05.193] [SEVERE ] updating countdown to 6510
[19:38:05.288] [SEVERE ] updating countdown to 6415
[19:38:05.384] [SEVERE ] updating countdown to 6319
[19:38:05.480] [SEVERE ] updating countdown to 6223
[19:38:05.576] [SEVERE ] updating countdown to 6127
[19:38:05.671] [SEVERE ] updating countdown to 6032
[19:38:05.767] [SEVERE ] updating countdown to 5936
[19:38:05.830] [SEVERE ] setting player 3 freeze to 0
[19:38:05.830] [SEVERE ] removing player 3 token from slot 8
[19:38:05.830] [SEVERE ] player 3 placing token on slot 0
[19:38:05.830] [SEVERE ] updating countdown to 5873
[19:38:05.831] [SEVERE ] setting player 3 freeze to 3000
[19:38:05.925] [SEVERE ] updating countdown to 5778
[19:38:06.020] [SEVERE ] updating countdown to 5683
[19:38:06.115] [SEVERE ] updating countdown to 5588
[19:38:06.210] [SEVERE ] updating countdown to 5493
[19:38:06.306] [SEVERE ] updating countdown to 5397
[19:38:06.402] [SEVERE ] updating countdown to 5301
[19:38:06.497] [SEVERE ] updating countdown to 5206
[19:38:06.593] [SEVERE ] updating countdown to 5110
[19:38:06.689] [SEVERE ] updating countdown to 5014
[19:38:07.086] [SEVERE ] setting player 4 freeze to 0
[19:38:07.086] [SEVERE ] removing player 4 token from slot 10
[19:38:07.086] [SEVERE ] removing player 4 token from slot 11
[19:38:07.086] [SEVERE ] player 4 placing token on slot 3
[19:38:07.086] [SEVERE ] player 4 placing token on slot 1
[19:38:07.087] [SEVERE ] setting player 4 freeze to 3000
[19:38:11.768] [SEVERE ] updating countdown to 60000
[19:38:11.833] [SEVERE ] setting player 3 freeze to 0
[19:38:11.877] [SEVERE ] removing tokens from slot 0
[19:38:11.877] [SEVERE ] removing card from slot 0
[19:38:11.986] [SEVERE ] removing tokens from slot 1
[19:38:11.986] [SEVERE ] removing card from slot 1
[19:38:12.095] [SEVERE ] removing tokens from slot 2
[19:38:12.095] [SEVERE ] removing card from slot 2
[19:38:12.205] [SEVERE ] removing tokens from slot 3
[19:38:12.205] [SEVERE ] removing card from slot 3
[19:38:12.315] [SEVERE ] removing tokens from slot 4
[19:38:12.315] [SEVERE ] removing card from slot 4
[19:38:12.423] [SEVERE ] removing tokens from slot 5
[19:38:12.423] [SEVERE ] removing card from slot 5
[19:38:12.534] [SEVERE ] removing tokens from slot 6
[19:38:12.534] [SEVERE ] removing card from slot 6
[19:38:12.643] [SEVERE ] removing tokens from slot 7
[19:38:12.643] [SEVERE ] removing card from slot 7
[19:38:12.752] [SEVERE ] removing tokens from slot 8
[19:38:12.752] [SEVERE ] removing card from slot 8
[19:38:12.859] [SEVERE ] removing tokens from slot 9
[19:38:12.859] [SEVERE ] removing card from slot 9
[19:38:12.968] [SEVERE ] removing tokens from slot 10
[19:38:12.968] [SEVERE ] removing card from slot 10
[19:38:13.078] [SEVERE ] removing tokens from slot 11
[19:38:13.078] [SEVERE ] removing card from slot 11
[19:38:13.089] [SEVERE ] setting player 4 freeze to 0
[19:38:13.189] [SEVERE ] placing card 33 in slot 0
[19:38:13.297] [SEVERE ] placing card 57 in slot 1
[19:38:13.407] [SEVERE ] placing card 40 in slot 2
[19:38:13.515] [SEVERE ] placing card 41 in slot 3
[19:38:13.623] [SEVERE ] placing card 27 in slot 4
[19:38:13.733] [SEVERE ] placing card 74 in slot 5
[19:38:13.841] [SEVERE ] placing card 16 in slot 6
[19:38:13.952] [SEVERE ] placing card 72 in slot 7
[19:38:14.061] [SEVERE ] placing card 60 in slot 8
[19:38:14.170] [SEVERE ] placing card 70 in slot 9
[19:38:14.279] [SEVERE ] placing card 42 in slot 10
[19:38:14.389] [SEVERE ] placing card 34 in slot 11
[19:38:14.390] [SEVERE ] removing player 3 token from slot 10
[19:38:14.390] [SEVERE ] player 1 placing token on slot 0
[19:38:14.390] [SEVERE ] removing player 4 token from slot 6
[19:38:14.390] [SEVERE ] player 3 placing token on slot 11
[19:38:14.390] [SEVERE ] player 4 placing token on slot 4
[19:38:14.390] [SEVERE ] player 1 placing token on slot 1
[19:38:14.390] [SEVERE ] player 4 placing token on slot 7
[19:38:14.390] [SEVERE ] player 3 placing token on slot 4
[19:38:14.390] [SEVERE ] player 4 placing token on slot 6
[19:38:14.390] [SEVERE ] player 1 placing token on slot 2
[19:38:14.390] [SEVERE ] player 3 placing token on slot 6
[19:38:14.391] [SEVERE ] updating countdown to 57377
[19:38:14.395] [SEVERE ] setting player 4 freeze to 3000
[19:38:14.486] [SEVERE ] updating countdown to 57282
[19:38:14.486] [SEVERE ] setting player 1 freeze to 3000
[19:38:14.582] [SEVERE ] updating countdown to 57186
[19:38:14.582] [SEVERE ] setting player 3 freeze to 3000
[19:38:14.677] [SEVERE ] updating countdown to 57091
[19:38:14.773] [SEVERE ] updating countdown to 56995
[19:38:14.868] [SEVERE ] updating countdown to 56900
[19:38:14.964] [SEVERE ] updating countdown to 56804
[19:38:15.059] [SEVERE ] updating countdown to 56709
[19:38:15.155] [SEVERE ] updating countdown to 56613
[19:38:15.251] [SEVERE ] updating countdown to 56517
[19:38:15.347] [SEVERE ] updating countdown to 56421
[19:38:15.443] [SEVERE ] updating countdown to 56325
[19:38:15.539] [SEVERE ] updating countdown to 56229
[19:38:15.634] [SEVERE ] updating countdown to 56134
[19:38:15.729] [SEVERE ] updating countdown to 56039
[19:38:15.825] [SEVERE ] updating countdown to 55943
[19:38:15.920] [SEVERE ] updating countdown to 55848
[19:38:16.016] [SEVERE ] updating countdown to 55752
[19:38:16.111] [SEVERE ] updating countdown to 55657
[19:38:16.207] [SEVERE ] updating countdown to 55561
[19:38:16.302] [SEVERE ] updating countdown to 55466
[19:38:16.398] [SEVERE ] updating countdown to 55370
[19:38:16.494] [SEVERE ] updating countdown to 55274
[19:38:16.590] [SEVERE ] updating countdown to 55178
[19:38:16.685] [SEVERE ] updating countdown to 55083
[19:38:16.781] [SEVERE ] updating countdown to 54987
[19:38:16.877] [SEVERE ] updating countdown to 54891
[19:38:16.973] [SEVERE ] updating countdown to 54795
[19:38:17.069] [SEVERE ] updating countdown to 54699
[19:38:17.165] [SEVERE ] updating countdown to 54603
[19:38:17.260] [SEVERE ] updating countdown to 54508
[19:38:17.355] [SEVERE ] updating countdown to 54413
[19:38:17.451] [SEVERE ] updating countdown to 54317
[19:38:17.487] [SEVERE ] setting player 1 freeze to 0
[19:38:17.487] [SEVERE ] removing player 1 token from slot 0
[19:38:17.546] [SEVERE ] updating countdown to 54222
[19:38:17.642] [SEVERE ] updating countdown to 54126
[19:38:17.737] [SEVERE ] updating countdown to 54031
[19:38:17.832] [SEVERE ] updating countdown to 53936
[19:38:17.928] [SEVERE ] updating countdown to 53840
[19:38:18.023] [SEVERE ] updating countdown to 53745
[19:38:18.119] [SEVERE ] updating countdown to 53649
[19:38:18.214] [SEVERE ] updating countdown to 53554
[19:38:18.310] [SEVERE ] updating countdown to 53458
[19:38:18.406] [SEVERE ] updating countdown to 53362
[19:38:18.501] [SEVERE ] updating countdown to 53267
[19:38:18.597] [SEVERE ] updating countdown to 53171
[19:38:18.693] [SEVERE ] updating countdown to 53075
[19:38:18.788] [SEVERE ] updating countdown to 52980
[19:38:18.883] [SEVERE ] updating countdown to 52885
[19:38:18.979] [SEVERE ] updating countdown to 52789
[19:38:19.074] [SEVERE ] updating countdown to 52694
[19:38:19.169] [SEVERE ] updating countdown to 52599
[19:38:19.264] [SEVERE ] updating countdown to 52504
[19:38:19.360] [SEVERE ] updating countdown to 52408
[19:38:19.456] [SEVERE ] updating countdown to 52312
[19:38:19.551] [SEVERE ] updating countdown to 52217
[19:38:19.646] [SEVERE ] updating countdown to 52122
[19:38:19.742] [SEVERE ] updating countdown to 52026
[19:38:19.837] [SEVERE ] updating countdown to 51931
[19:38:19.932] [SEVERE ] updating countdown to 51836
[19:38:20.028] [SEVERE ] updating countdown to 51740
[19:38:20.124] [SEVERE ] updating countdown to 51644
[19:38:20.219] [SEVERE ] updating countdown to 51549
[19:38:20.315] [SEVERE ] updating countdown to 51453
[19:38:20.399] [SEVERE ] setting player 4 freeze to 0
[19:38:20.399] [SEVERE ] removing player 4 token from slot 4
[19:38:20.399] [SEVERE ] player 4 placing token on slot 4
[19:38:20.399] [SEVERE ] updating countdown to 51369
[19:38:20.401] [SEVERE ] setting player 4 freeze to 3000
[19:38:20.496] [SEVERE ] updating countdown to 51272
[19:38:20.585] [SEVERE ] setting player 3 freeze to 0
[19:38:20.585] [SEVERE ] removing player 3 token from slot 11
[19:38:20.585] [SEVERE ] player 3 placing token on slot 10
[19:38:20.585] [SEVERE ] updating countdown to 51183
[19:38:20.586] [SEVERE ] setting player 3 freeze to 3000
[19:38:20.681] [SEVERE ] updating countdown to 51087
[19:38:20.777] [SEVERE ] updating countdown to 50991
[19:38:20.872] [SEVERE ] updating countdown to 50896
[19:38:20.967] [SEVERE ] updating countdown to 50801
[19:38:21.063] [SEVERE ] updating countdown to 50705
[19:38:21.159] [SEVERE ] updating countdown to 50609
[19:38:21.254] [SEVERE ] updating countdown to 50514
[19:38:21.349] [SEVERE ] updating countdown to 50419
[19:38:21.445] [SEVERE ] updating countdown to 50323
[19:38:21.540] [SEVERE ] updating countdown to 50228
[19:38:21.636] [SEVERE ] updating countdown to 50132
[19:38:21.731] [SEVERE ] updating countdown to 50037
[19:38:21.827] [SEVERE ] updating countdown to 49941
[19:38:21.922] [SEVERE ] updating countdown to 49846
[19:38:22.018] [SEVERE ] updating countdown to 49750
[19:38:22.114] [SEVERE ] updating countdown to 49654
[19:38:22.209] [SEVERE ] updating countdown to 49559
[19:38:22.305] [SEVERE ] updating countdown to 49463
[19:38:22.400] [SEVERE ] updating countdown to 49368
[19:38:22.496] [SEVERE ] updating countdown to 49272
[19:38:22.591] [SEVERE ] updating countdown to 49177
[19:38:22.687] [SEVERE ] updating countdown to 49081
[19:38:22.782] [SEVERE ] updating countdown to 48986
[19:38:22.878] [SEVERE ] updating countdown to 48890
[19:38:22.973] [SEVERE ] updating countdown to 48795
[19:38:23.069] [SEVERE ] updating countdown to 48699
[19:38:23.164] [SEVERE ] updating countdown to 48604
[19:38:23.259] [SEVERE ] updating countdown to 48509
[19:38:23.355] [SEVERE ] updating countdown to 48413
[19:38:23.450] [SEVERE ] updating countdown to 48318
[19:38:23.545] [SEVERE ] updating countdown to 48223
[19:38:23.641] [SEVERE ] updating countdown to 48127
[19:38:23.736] [SEVERE ] updating countdown to 48032
[19:38:23.832] [SEVERE ] updating countdown to 47936
[19:38:23.928] [SEVERE ] updating countdown to 47840
[19:38:24.024] [SEVERE ] updating countdown to 47744
[19:38:24.119] [SEVERE ] updating countdown to 47649
[19:38:24.214] [SEVERE ] updating countdown to 47554
[19:38:24.309] [SEVERE ] updating countdown to 47459
[19:38:24.404] [SEVERE ] updating countdown to 47364
[19:38:24.500] [SEVERE ] updating countdown to 47268
[19:38:24.595] [SEVERE ] updating countdown to 47173
[19:38:24.690] [SEVERE ] updating countdown to 47078
[19:38:24.786] [SEVERE ] updating countdown to 46982
[19:38:24.817] [SEVERE ] key 87 was pressed by player 1
[19:38:24.817] [SEVERE ] removing player 1 token from slot 1
[19:38:24.882] [SEVERE ] updating countdown to 46886
[19:38:24.901] [SEVERE ] key 69 was pressed by player 1
[19:38:24.901] [SEVERE ] removing player 1 token from slot 2
[19:38:24.978] [SEVERE ] updating countdown to 46790
[19:38:25.073] [SEVERE ] updating countdown to 46695
[19:38:25.168] [SEVERE ] updating countdown to 46600
[19:38:25.264] [SEVERE ] updating countdown to 46504
[19:38:25.360] [SEVERE ] updating countdown to 46408
[19:38:25.455] [SEVERE ] updating countdown to 46313
[19:38:25.550] [SEVERE ] updating countdown to 46218
[19:38:25.618] [SEVERE ] key 81 was pressed by player 1
[19:38:25.618] [SEVERE ] player 1 placing token on slot 0
[19:38:25.645] [SEVERE ] updating countdown to 46123
[19:38:25.675] [SEVERE ] key 87 was pressed by player 1
[19:38:25.675] [SEVERE ] player 1 placing token on slot 1
[19:38:25.728] [SEVERE ] key 69 was pressed by player 1
[19:38:25.728] [SEVERE ] player 1 placing token on slot 2
[19:38:25.728] [SEVERE ] updating countdown to 46040
[19:38:25.729] [SEVERE ] setting player 1 freeze to 3000
[19:38:25.824] [SEVERE ] updating countdown to 45944
[19:38:25.919] [SEVERE ] updating countdown to 45849
[19:38:26.014] [SEVERE ] updating countdown to 45754
[19:38:26.109] [SEVERE ] updating countdown to 45659
[19:38:26.204] [SEVERE ] updating countdown to 45564
[19:38:26.300] [SEVERE ] updating countdown to 45468
[19:38:26.395] [SEVERE ] updating countdown to 45373
[19:38:26.404] [SEVERE ] setting player 4 freeze to 0
[19:38:26.404] [SEVERE ] removing player 4 token from slot 6
[19:38:26.404] [SEVERE ] player 4 placing token on slot 2
[19:38:26.404] [SEVERE ] updating countdown to 45364
[19:38:26.406] [SEVERE ] setting player 4 freeze to 3000
[19:38:26.500] [SEVERE ] updating countdown to 45268
[19:38:26.588] [SEVERE ] setting player 3 freeze to 0
[19:38:26.588] [SEVERE ] removing player 3 token from slot 0
[19:38:26.588] [SEVERE ] removing player 3 token from slot 6
[19:38:26.588] [SEVERE ] removing player 3 token from slot 10
[19:38:26.588] [SEVERE ] player 3 placing token on slot 7
[19:38:26.588] [SEVERE ] player 3 placing token on slot 8
[19:38:26.589] [SEVERE ] updating countdown to 45179
[19:38:26.590] [SEVERE ] setting player 3 freeze to 3000
[19:38:26.685] [SEVERE ] updating countdown to 45083
[19:38:26.780] [SEVERE ] updating countdown to 44988
[19:38:26.875] [SEVERE ] updating countdown to 44893
[19:38:26.971] [SEVERE ] updating countdown to 44797
[19:38:27.066] [SEVERE ] updating countdown to 44702
[19:38:27.162] [SEVERE ] updating countdown to 44606
[19:38:27.257] [SEVERE ] updating countdown to 44511
[19:38:27.353] [SEVERE ] updating countdown to 44415
[19:38:27.448] [SEVERE ] updating countdown to 44320
[19:38:27.543] [SEVERE ] updating countdown to 44225
[19:38:27.639] [SEVERE ] updating countdown to 44129
[19:38:27.734] [SEVERE ] updating countdown to 44034
[19:38:27.830] [SEVERE ] updating countdown to 43938
[19:38:27.925] [SEVERE ] updating countdown to 43843
[19:38:28.020] [SEVERE ] updating countdown to 43748
[19:38:28.116] [SEVERE ] updating countdown to 43652
[19:38:28.211] [SEVERE ] updating countdown to 43557
[19:38:28.307] [SEVERE ] updating countdown to 43461
[19:38:28.403] [SEVERE ] updating countdown to 43365
[19:38:28.498] [SEVERE ] updating countdown to 43270
[19:38:28.593] [SEVERE ] updating countdown to 43175
[19:38:28.689] [SEVERE ] updating countdown to 43079
[19:38:28.730] [SEVERE ] setting player 1 freeze to 0
[19:38:28.784] [SEVERE ] updating countdown to 42984
[19:38:28.880] [SEVERE ] updating countdown to 42888
[19:38:28.975] [SEVERE ] updating countdown to 42793
[19:38:29.071] [SEVERE ] updating countdown to 42697
[19:38:29.167] [SEVERE ] updating countdown to 42601
[19:38:29.263] [SEVERE ] updating countdown to 42505
[19:38:29.359] [SEVERE ] updating countdown to 42409
[19:38:29.454] [SEVERE ] updating countdown to 42314
[19:38:29.546] [SEVERE ] key 81 was pressed by player 1
[19:38:29.546] [SEVERE ] removing player 1 token from slot 0
[19:38:29.549] [SEVERE ] updating countdown to 42219
[19:38:29.576] [SEVERE ] key 87 was pressed by player 1
[19:38:29.576] [SEVERE ] removing player 1 token from slot 1
[19:38:29.643] [SEVERE ] key 69 was pressed by player 1
[19:38:29.643] [SEVERE ] removing player 1 token from slot 2
[19:38:29.644] [SEVERE ] updating countdown to 42124
[19:38:29.740] [SEVERE ] updating countdown to 42028
[19:38:29.835] [SEVERE ] updating countdown to 41933
[19:38:29.931] [SEVERE ] updating countdown to 41837
[19:38:30.027] [SEVERE ] updating countdown to 41741
[19:38:30.122] [SEVERE ] updating countdown to 41646
[19:38:30.217] [SEVERE ] updating countdown to 41551
[19:38:30.313] [SEVERE ] updating countdown to 41455
[19:38:30.409] [SEVERE ] updating countdown to 41359
[19:38:30.504] [SEVERE ] updating countdown to 41264
[19:38:30.600] [SEVERE ] updating countdown to 41168
[19:38:30.695] [SEVERE ] updating countdown to 41073
[19:38:30.791] [SEVERE ] updating countdown to 40977
[19:38:30.886] [SEVERE ] updating countdown to 40882
[19:38:30.982] [SEVERE ] updating countdown to 40786
[19:38:31.053] [SEVERE ] key 76 was pressed by player 2
[19:38:31.053] [SEVERE ] removing player 2 token from slot 6
[19:38:31.072] [SEVERE ] key 75 was pressed by player 2
[19:38:31.072] [SEVERE ] removing player 2 token from slot 5
[19:38:31.077] [SEVERE ] updating countdown to 40691
[19:38:31.116] [SEVERE ] key 74 was pressed by player 2
[19:38:31.116] [SEVERE ] removing player 2 token from slot 4
[19:38:31.172] [SEVERE ] updating countdown to 40596
[19:38:31.268] [SEVERE ] updating countdown to 40500
[19:38:31.363] [SEVERE ] updating countdown to 40405
[19:38:31.459] [SEVERE ] updating countdown to 40309
[19:38:31.554] [SEVERE ] updating countdown to 40214
[19:38:31.649] [SEVERE ] updating countdown to 40119
[19:38:31.745] [SEVERE ] updating countdown to 40023
[19:38:31.840] [SEVERE ] updating countdown to 39928
[19:38:31.925] [SEVERE ] key 75 was pressed by player 2
[19:38:31.925] [SEVERE ] player 2 placing token on slot 5
[19:38:31.936] [SEVERE ] updating countdown to 39832
[19:38:31.939] [SEVERE ] key 76 was pressed by player 2
[19:38:31.939] [SEVERE ] player 2 placing token on slot 6
[19:38:32.031] [SEVERE ] updating countdown to 39737
[19:38:32.127] [SEVERE ] updating countdown to 39641
[19:38:32.128] [SEVERE ] key 74 was pressed by player 2
[19:38:32.129] [SEVERE ] player 2 placing token on slot 4
[19:38:32.129] [SEVERE ] updating countdown to 39639
[19:38:32.130] [SEVERE ] setting player 2 freeze to 3000
[19:38:32.225] [SEVERE ] updating countdown to 39543
[19:38:32.320] [SEVERE ] updating countdown to 39448
[19:38:32.409] [SEVERE ] setting player 4 freeze to 0
[19:38:32.409] [SEVERE ] removing player 4 token from slot 2
[19:38:32.409] [SEVERE ] removing player 4 token from slot 1
[19:38:32.409] [SEVERE ] player 4 placing token on slot 5
[19:38:32.409] [SEVERE ] updating countdown to 39359
[19:38:32.410] [SEVERE ] setting player 4 freeze to 3000
[19:38:32.504] [SEVERE ] updating countdown to 39264
[19:38:32.591] [SEVERE ] setting player 3 freeze to 0
[19:38:32.591] [SEVERE ] removing player 3 token from slot 3
[19:38:32.591] [SEVERE ] removing player 3 token from slot 8
[19:38:32.591] [SEVERE ] player 3 placing token on slot 11
[19:38:32.591] [SEVERE ] updating countdown to 39177
[19:38:32.592] [SEVERE ] setting player 3 freeze to 3000
[19:38:32.688] [SEVERE ] updating countdown to 39080
[19:38:32.783] [SEVERE ] updating countdown to 38985
[19:38:32.879] [SEVERE ] updating countdown to 38889
[19:38:32.974] [SEVERE ] updating countdown to 38794
[19:38:32.983] [SEVERE ] key 74 was pressed by player 2
[19:38:33.069] [SEVERE ] key 76 was pressed by player 2
[19:38:33.070] [SEVERE ] updating countdown to 38698
[19:38:33.091] [SEVERE ] key 75 was pressed by player 2
[19:38:33.165] [SEVERE ] updating countdown to 38603
[19:38:33.246] [SEVERE ] key 81 was pressed by player 1
[19:38:33.246] [SEVERE ] player 1 placing token on slot 0
[19:38:33.261] [SEVERE ] updating countdown to 38507
[19:38:33.261] [SEVERE ] key 87 was pressed by player 1
[19:38:33.261] [SEVERE ] player 1 placing token on slot 1
[19:38:33.356] [SEVERE ] updating countdown to 38412
[19:38:33.391] [SEVERE ] key 69 was pressed by player 1
[19:38:33.391] [SEVERE ] player 1 placing token on slot 2
[19:38:33.392] [SEVERE ] updating countdown to 38376
[19:38:33.392] [SEVERE ] setting player 1 freeze to 3000
[19:38:33.487] [SEVERE ] updating countdown to 38281
[19:38:33.583] [SEVERE ] updating countdown to 38185
[19:38:33.634] [SEVERE ] key 75 was pressed by player 2
[19:38:33.639] [SEVERE ] key 76 was pressed by player 2
[19:38:33.678] [SEVERE ] updating countdown to 38090
[19:38:33.762] [SEVERE ] key 74 was pressed by player 2
[19:38:33.773] [SEVERE ] updating countdown to 37995
[19:38:33.826] [SEVERE ] key 65 was pressed by player 1
[19:38:33.841] [SEVERE ] key 83 was pressed by player 1
[19:38:33.869] [SEVERE ] updating countdown to 37899
[19:38:33.965] [SEVERE ] updating countdown to 37803
[19:38:34.000] [SEVERE ] key 68 was pressed by player 1
[19:38:34.060] [SEVERE ] updating countdown to 37708
[19:38:34.155] [SEVERE ] updating countdown to 37613
[19:38:34.250] [SEVERE ] updating countdown to 37518
[19:38:34.346] [SEVERE ] updating countdown to 37422
[19:38:34.441] [SEVERE ] updating countdown to 37327
[19:38:34.442] [SEVERE ] key 76 was pressed by player 2
[19:38:34.476] [SEVERE ] key 75 was pressed by player 2
[19:38:34.536] [SEVERE ] updating countdown to 37232
[19:38:34.631] [SEVERE ] updating countdown to 37137
[19:38:34.640] [SEVERE ] key 74 was pressed by player 2
[19:38:34.716] [SEVERE ] key 81 was pressed by player 1
[19:38:34.726] [SEVERE ] updating countdown to 37042
[19:38:34.726] [SEVERE ] key 87 was pressed by player 1
[19:38:34.822] [SEVERE ] updating countdown to 36946
[19:38:34.917] [SEVERE ] updating countdown to 36851
[19:38:34.934] [SEVERE ] key 69 was pressed by player 1
[19:38:35.013] [SEVERE ] updating countdown to 36755
[19:38:35.108] [SEVERE ] updating countdown to 36660
[19:38:35.131] [SEVERE ] setting player 2 freeze to 0
[19:38:35.203] [SEVERE ] updating countdown to 36565
[19:38:35.298] [SEVERE ] updating countdown to 36470
[19:38:35.393] [SEVERE ] updating countdown to 36375
[19:38:35.488] [SEVERE ] updating countdown to 36280
[19:38:35.584] [SEVERE ] updating countdown to 36184
[19:38:35.680] [SEVERE ] updating countdown to 36088
[19:38:35.776] [SEVERE ] updating countdown to 35992
[19:38:35.871] [SEVERE ] updating countdown to 35897
[19:38:35.967] [SEVERE ] updating countdown to 35801
[19:38:36.046] [SEVERE ] key 75 was pressed by player 2
[19:38:36.046] [SEVERE ] removing player 2 token from slot 5
[19:38:36.063] [SEVERE ] updating countdown to 35705
[19:38:36.070] [SEVERE ] key 76 was pressed by player 2
[19:38:36.070] [SEVERE ] removing player 2 token from slot 6
[19:38:36.104] [SEVERE ] key 74 was pressed by player 2
[19:38:36.104] [SEVERE ] removing player 2 token from slot 4
[19:38:36.159] [SEVERE ] updating countdown to 35609
[19:38:36.230] [SEVERE ] key 87 was pressed by player 1
[19:38:36.254] [SEVERE ] updating countdown to 35514
[19:38:36.299] [SEVERE ] key 81 was pressed by player 1
[19:38:36.349] [SEVERE ] updating countdown to 35419
[19:38:36.394] [SEVERE ] setting player 1 freeze to 0
[19:38:36.445] [SEVERE ] updating countdown to 35323
[19:38:36.453] [SEVERE ] key 69 was pressed by player 1
[19:38:36.453] [SEVERE ] removing player 1 token from slot 2
[19:38:36.540] [SEVERE ] updating countdown to 35228
[19:38:36.635] [SEVERE ] updating countdown to 35133
[19:38:36.731] [SEVERE ] updating countdown to 35037
[19:38:36.827] [SEVERE ] updating countdown to 34941
[19:38:36.921] [SEVERE ] key 76 was pressed by player 2
[19:38:36.922] [SEVERE ] updating countdown to 34846
[19:38:36.922] [SEVERE ] player 2 placing token on slot 6
[19:38:36.936] [SEVERE ] key 74 was pressed by player 2
[19:38:36.936] [SEVERE ] player 2 placing token on slot 4
[19:38:37.017] [SEVERE ] updating countdown to 34751
[19:38:37.049] [SEVERE ] key 75 was pressed by player 2
[19:38:37.049] [SEVERE ] player 2 placing token on slot 5
[19:38:37.050] [SEVERE ] updating countdown to 34718
[19:38:37.050] [SEVERE ] setting player 2 freeze to 3000
[19:38:37.145] [SEVERE ] updating countdown to 34623
[19:38:37.240] [SEVERE ] updating countdown to 34528
[19:38:37.266] [SEVERE ] key 87 was pressed by player 1
[19:38:37.266] [SEVERE ] removing player 1 token from slot 1
[19:38:37.276] [SEVERE ] key 81 was pressed by player 1
[19:38:37.276] [SEVERE ] removing player 1 token from slot 0
[19:38:37.335] [SEVERE ] updating countdown to 34433
[19:38:37.431] [SEVERE ] updating countdown to 34337
[19:38:37.459] [SEVERE ] key 69 was pressed by player 1
[19:38:37.459] [SEVERE ] player 1 placing token on slot 2
[19:38:37.527] [SEVERE ] updating countdown to 34241
[19:38:37.622] [SEVERE ] updating countdown to 34146
[19:38:37.717] [SEVERE ] updating countdown to 34051
[19:38:37.730] [SEVERE ] key 81 was pressed by player 1
[19:38:37.730] [SEVERE ] player 1 placing token on slot 0
[19:38:37.802] [SEVERE ] key 87 was pressed by player 1
[19:38:37.802] [SEVERE ] player 1 placing token on slot 1
[19:38:37.803] [SEVERE ] updating countdown to 33965
[19:38:37.804] [SEVERE ] setting player 1 freeze to 3000
[19:38:37.899] [SEVERE ] updating countdown to 33869
[19:38:37.947] [SEVERE ] key 69 was pressed by player 1
[19:38:37.994] [SEVERE ] updating countdown to 33774
[19:38:38.090] [SEVERE ] updating countdown to 33678
[19:38:38.186] [SEVERE ] updating countdown to 33582
[19:38:38.281] [SEVERE ] updating countdown to 33487
[19:38:38.377] [SEVERE ] updating countdown to 33391
[19:38:38.413] [SEVERE ] setting player 4 freeze to 0
[19:38:38.413] [SEVERE ] removing player 4 token from slot 5
[19:38:38.413] [SEVERE ] player 4 placing token on slot 10
[19:38:38.413] [SEVERE ] updating countdown to 33355
[19:38:38.414] [SEVERE ] setting player 4 freeze to 3000
[19:38:38.510] [SEVERE ] updating countdown to 33258
[19:38:38.593] [SEVERE ] setting player 3 freeze to 0
[19:38:38.593] [SEVERE ] removing player 3 token from slot 4
[19:38:38.593] [SEVERE ] removing player 3 token from slot 7
[19:38:38.593] [SEVERE ] player 3 placing token on slot 1
[19:38:38.593] [SEVERE ] player 3 placing token on slot 8
[19:38:38.593] [SEVERE ] updating countdown to 33175
[19:38:38.594] [SEVERE ] setting player 3 freeze to 3000
[19:38:38.690] [SEVERE ] updating countdown to 33078
[19:38:38.785] [SEVERE ] updating countdown to 32983
[19:38:38.881] [SEVERE ] updating countdown to 32887
[19:38:38.976] [SEVERE ] updating countdown to 32792
[19:38:39.072] [SEVERE ] updating countdown to 32696
[19:38:39.168] [SEVERE ] updating countdown to 32600
[19:38:39.263] [SEVERE ] updating countdown to 32505
[19:38:39.358] [SEVERE ] updating countdown to 32410
[19:38:39.453] [SEVERE ] updating countdown to 32315
[19:38:39.549] [SEVERE ] updating countdown to 32219
[19:38:39.644] [SEVERE ] updating countdown to 32124
[19:38:39.739] [SEVERE ] updating countdown to 32029
[19:38:39.835] [SEVERE ] updating countdown to 31933
[19:38:39.931] [SEVERE ] updating countdown to 31837
[19:38:40.026] [SEVERE ] updating countdown to 31742
[19:38:40.051] [SEVERE ] setting player 2 freeze to 0
[19:38:40.121] [SEVERE ] updating countdown to 31647
[19:38:40.216] [SEVERE ] updating countdown to 31552
[19:38:40.312] [SEVERE ] updating countdown to 31456
[19:38:40.407] [SEVERE ] updating countdown to 31361
[19:38:40.503] [SEVERE ] updating countdown to 31265
[19:38:40.598] [SEVERE ] updating countdown to 31170
[19:38:40.693] [SEVERE ] updating countdown to 31075
[19:38:40.788] [SEVERE ] updating countdown to 30980
[19:38:40.805] [SEVERE ] setting player 1 freeze to 0
[19:38:40.884] [SEVERE ] updating countdown to 30884
[19:38:40.979] [SEVERE ] updating countdown to 30789
[19:38:41.075] [SEVERE ] updating countdown to 30693
[19:38:41.170] [SEVERE ] updating countdown to 30598
[19:38:41.265] [SEVERE ] updating countdown to 30503
[19:38:41.361] [SEVERE ] updating countdown to 30407
[19:38:41.456] [SEVERE ] updating countdown to 30312
[19:38:41.551] [SEVERE ] updating countdown to 30217
[19:38:41.647] [SEVERE ] updating countdown to 30121
[19:38:41.743] [SEVERE ] updating countdown to 30025
[19:38:41.839] [SEVERE ] updating countdown to 29929
[19:38:41.934] [SEVERE ] updating countdown to 29834
[19:38:42.029] [SEVERE ] updating countdown to 29739
[19:38:42.125] [SEVERE ] updating countdown to 29643
[19:38:42.221] [SEVERE ] updating countdown to 29547
[19:38:42.318] [SEVERE ] updating countdown to 29450
