[17:23:46.753] [INFO   ] thread bguspl.set.Main.main() starting.
[17:23:46.757] [SEVERE ] cannot read configuration file config.properties trying from resources.
[17:23:46.757] [SEVERE ] configuration file was loaded from resources directory.
[17:23:47.269] [INFO   ] thread dealer starting.
[17:23:47.270] [INFO   ] thread dealer starting.
[17:23:47.271] [INFO   ] thread Thread-1 starting.
[17:23:47.271] [INFO   ] thread Thread-2 starting.
[17:23:47.377] [SEVERE ] placing card 66 in slot 0
[17:23:47.478] [SEVERE ] placing card 32 in slot 1
[17:23:47.579] [SEVERE ] placing card 74 in slot 2
[17:23:47.681] [SEVERE ] placing card 54 in slot 3
[17:23:47.783] [SEVERE ] placing card 47 in slot 4
[17:23:47.885] [SEVERE ] placing card 17 in slot 5
[17:23:47.988] [SEVERE ] placing card 7 in slot 6
[17:23:48.090] [SEVERE ] placing card 10 in slot 7
[17:23:48.192] [SEVERE ] placing card 63 in slot 8
[17:23:48.293] [SEVERE ] placing card 20 in slot 9
[17:23:48.394] [SEVERE ] placing card 80 in slot 10
[17:23:48.496] [SEVERE ] placing card 35 in slot 11
[17:23:48.496] [SEVERE ] updating countdown to 60000
[17:23:48.595] [SEVERE ] updating countdown to 59901
[17:23:48.690] [SEVERE ] updating countdown to 59806
[17:23:48.786] [SEVERE ] updating countdown to 59710
[17:23:48.881] [SEVERE ] updating countdown to 59615
[17:23:48.976] [SEVERE ] updating countdown to 59520
[17:23:49.071] [SEVERE ] updating countdown to 59425
[17:23:49.167] [SEVERE ] updating countdown to 59329
[17:23:49.263] [SEVERE ] updating countdown to 59233
[17:23:49.359] [SEVERE ] updating countdown to 59137
[17:23:49.455] [SEVERE ] updating countdown to 59041
[17:23:49.550] [SEVERE ] updating countdown to 58946
[17:23:49.646] [SEVERE ] updating countdown to 58850
[17:23:49.741] [SEVERE ] updating countdown to 58755
[17:23:49.836] [SEVERE ] updating countdown to 58660
[17:23:49.932] [SEVERE ] updating countdown to 58564
[17:23:50.027] [SEVERE ] updating countdown to 58469
[17:23:50.123] [SEVERE ] updating countdown to 58373
[17:23:50.219] [SEVERE ] updating countdown to 58277
[17:23:50.314] [SEVERE ] updating countdown to 58182
[17:23:50.410] [SEVERE ] updating countdown to 58086
[17:23:50.505] [SEVERE ] updating countdown to 57991
[17:23:50.601] [SEVERE ] updating countdown to 57895
[17:23:50.696] [SEVERE ] updating countdown to 57800
[17:23:50.792] [SEVERE ] updating countdown to 57704
[17:23:50.887] [SEVERE ] updating countdown to 57609
[17:23:50.983] [SEVERE ] updating countdown to 57513
[17:23:51.078] [SEVERE ] updating countdown to 57418
[17:23:51.174] [SEVERE ] updating countdown to 57322
[17:23:51.270] [SEVERE ] updating countdown to 57226
[17:23:51.365] [SEVERE ] updating countdown to 57131
[17:23:51.461] [SEVERE ] updating countdown to 57035
[17:23:51.557] [SEVERE ] updating countdown to 56939
[17:23:51.652] [SEVERE ] updating countdown to 56844
[17:23:51.748] [SEVERE ] updating countdown to 56748
[17:23:51.844] [SEVERE ] updating countdown to 56652
[17:23:51.939] [SEVERE ] updating countdown to 56557
[17:23:52.034] [SEVERE ] updating countdown to 56462
[17:23:52.130] [SEVERE ] updating countdown to 56366
[17:23:52.226] [SEVERE ] updating countdown to 56270
[17:23:52.321] [SEVERE ] updating countdown to 56175
[17:23:52.417] [SEVERE ] updating countdown to 56079
[17:23:52.512] [SEVERE ] updating countdown to 55984
[17:23:52.608] [SEVERE ] updating countdown to 55888
[17:23:52.703] [SEVERE ] updating countdown to 55793
[17:23:52.799] [SEVERE ] updating countdown to 55697
[17:23:52.894] [SEVERE ] updating countdown to 55602
[17:23:52.989] [SEVERE ] updating countdown to 55507
[17:23:53.085] [SEVERE ] updating countdown to 55411
[17:23:53.180] [SEVERE ] updating countdown to 55316
[17:23:53.276] [SEVERE ] updating countdown to 55220
[17:23:53.371] [SEVERE ] updating countdown to 55125
[17:23:53.467] [SEVERE ] updating countdown to 55029
[17:23:53.562] [SEVERE ] updating countdown to 54934
[17:23:53.657] [SEVERE ] updating countdown to 54839
[17:23:53.753] [SEVERE ] updating countdown to 54743
[17:23:53.848] [SEVERE ] updating countdown to 54648
[17:23:53.943] [SEVERE ] updating countdown to 54553
[17:23:54.038] [SEVERE ] updating countdown to 54458
[17:23:54.134] [SEVERE ] updating countdown to 54362
[17:23:54.230] [SEVERE ] updating countdown to 54266
[17:23:54.325] [SEVERE ] updating countdown to 54171
[17:23:54.420] [SEVERE ] updating countdown to 54076
[17:23:54.516] [SEVERE ] updating countdown to 53980
[17:23:54.612] [SEVERE ] updating countdown to 53884
[17:23:54.707] [SEVERE ] updating countdown to 53789
[17:23:54.803] [SEVERE ] updating countdown to 53693
[17:23:54.899] [SEVERE ] updating countdown to 53597
[17:23:54.994] [SEVERE ] updating countdown to 53502
[17:23:55.089] [SEVERE ] updating countdown to 53407
[17:23:55.185] [SEVERE ] updating countdown to 53311
[17:23:55.281] [SEVERE ] updating countdown to 53215
[17:23:55.376] [SEVERE ] updating countdown to 53120
[17:23:55.471] [SEVERE ] updating countdown to 53025
[17:23:55.566] [SEVERE ] updating countdown to 52930
[17:23:55.661] [SEVERE ] updating countdown to 52835
[17:23:55.756] [SEVERE ] updating countdown to 52740
[17:23:55.851] [SEVERE ] updating countdown to 52645
[17:23:55.947] [SEVERE ] updating countdown to 52549
[17:23:56.043] [SEVERE ] updating countdown to 52453
[17:23:56.139] [SEVERE ] updating countdown to 52357
[17:23:56.234] [SEVERE ] updating countdown to 52262
[17:23:56.330] [SEVERE ] updating countdown to 52166
[17:23:56.426] [SEVERE ] updating countdown to 52070
[17:23:56.522] [SEVERE ] updating countdown to 51974
[17:23:56.618] [SEVERE ] updating countdown to 51878
[17:23:56.714] [SEVERE ] updating countdown to 51782
[17:23:56.809] [SEVERE ] updating countdown to 51687
[17:23:56.904] [SEVERE ] updating countdown to 51592
[17:23:57.000] [SEVERE ] updating countdown to 51496
[17:23:57.095] [SEVERE ] updating countdown to 51401
[17:23:57.190] [SEVERE ] updating countdown to 51306
[17:23:57.285] [SEVERE ] updating countdown to 51211
[17:23:57.380] [SEVERE ] updating countdown to 51116
[17:23:57.476] [SEVERE ] updating countdown to 51020
[17:23:57.572] [SEVERE ] updating countdown to 50924
[17:23:57.667] [SEVERE ] updating countdown to 50829
[17:23:57.762] [SEVERE ] updating countdown to 50734
[17:23:57.857] [SEVERE ] updating countdown to 50639
[17:23:57.953] [SEVERE ] updating countdown to 50543
[17:23:58.049] [SEVERE ] updating countdown to 50447
[17:23:58.145] [SEVERE ] updating countdown to 50351
[17:23:58.240] [SEVERE ] updating countdown to 50256
[17:23:58.336] [SEVERE ] updating countdown to 50160
[17:23:58.431] [SEVERE ] updating countdown to 50065
[17:23:58.527] [SEVERE ] updating countdown to 49969
[17:23:58.623] [SEVERE ] updating countdown to 49873
[17:23:58.718] [SEVERE ] updating countdown to 49778
[17:23:58.813] [SEVERE ] updating countdown to 49683
[17:23:58.909] [SEVERE ] updating countdown to 49587
[17:23:59.005] [SEVERE ] updating countdown to 49491
[17:23:59.101] [SEVERE ] updating countdown to 49395
[17:23:59.197] [SEVERE ] updating countdown to 49299
[17:23:59.293] [SEVERE ] updating countdown to 49203
[17:23:59.388] [SEVERE ] updating countdown to 49108
[17:23:59.483] [SEVERE ] updating countdown to 49013
[17:23:59.579] [SEVERE ] updating countdown to 48917
[17:23:59.674] [SEVERE ] updating countdown to 48822
[17:23:59.770] [SEVERE ] updating countdown to 48726
[17:23:59.866] [SEVERE ] updating countdown to 48630
[17:23:59.961] [SEVERE ] updating countdown to 48535
[17:24:00.056] [SEVERE ] updating countdown to 48440
[17:24:00.152] [SEVERE ] updating countdown to 48344
[17:24:00.247] [SEVERE ] updating countdown to 48249
[17:24:00.342] [SEVERE ] updating countdown to 48154
[17:24:00.438] [SEVERE ] updating countdown to 48058
[17:24:00.533] [SEVERE ] updating countdown to 47963
[17:24:00.629] [SEVERE ] updating countdown to 47867
[17:24:00.724] [SEVERE ] updating countdown to 47772
[17:24:00.819] [SEVERE ] updating countdown to 47677
[17:24:00.915] [SEVERE ] updating countdown to 47581
[17:24:01.011] [SEVERE ] updating countdown to 47485
[17:24:01.106] [SEVERE ] updating countdown to 47390
[17:24:01.202] [SEVERE ] updating countdown to 47294
[17:24:01.298] [SEVERE ] updating countdown to 47198
[17:24:01.394] [SEVERE ] updating countdown to 47102
[17:24:01.490] [SEVERE ] updating countdown to 47006
[17:24:01.586] [SEVERE ] updating countdown to 46910
[17:24:01.682] [SEVERE ] updating countdown to 46814
[17:24:01.778] [SEVERE ] updating countdown to 46718
[17:24:01.874] [SEVERE ] updating countdown to 46622
[17:24:01.970] [SEVERE ] updating countdown to 46526
[17:24:02.066] [SEVERE ] updating countdown to 46430
[17:24:02.162] [SEVERE ] updating countdown to 46334
[17:24:02.257] [SEVERE ] updating countdown to 46239
[17:24:02.353] [SEVERE ] updating countdown to 46143
[17:24:02.449] [SEVERE ] updating countdown to 46047
[17:24:02.545] [SEVERE ] updating countdown to 45951
[17:24:02.641] [SEVERE ] updating countdown to 45855
[17:24:02.737] [SEVERE ] updating countdown to 45759
[17:24:02.833] [SEVERE ] updating countdown to 45663
[17:24:02.928] [SEVERE ] updating countdown to 45568
[17:24:03.023] [SEVERE ] updating countdown to 45473
[17:24:03.118] [SEVERE ] updating countdown to 45378
[17:24:03.214] [SEVERE ] updating countdown to 45282
[17:24:03.310] [SEVERE ] updating countdown to 45186
[17:24:03.405] [SEVERE ] updating countdown to 45091
[17:24:03.500] [SEVERE ] updating countdown to 44996
[17:24:03.595] [SEVERE ] updating countdown to 44901
[17:24:03.690] [SEVERE ] updating countdown to 44806
[17:24:03.786] [SEVERE ] updating countdown to 44710
[17:24:03.881] [SEVERE ] updating countdown to 44615
[17:24:03.976] [SEVERE ] updating countdown to 44520
[17:24:04.072] [SEVERE ] updating countdown to 44424
[17:24:04.168] [SEVERE ] updating countdown to 44328
[17:24:04.264] [SEVERE ] updating countdown to 44232
[17:24:04.360] [SEVERE ] updating countdown to 44136
[17:24:04.456] [SEVERE ] updating countdown to 44040
[17:24:04.552] [SEVERE ] updating countdown to 43944
[17:24:04.648] [SEVERE ] updating countdown to 43848
[17:24:04.744] [SEVERE ] updating countdown to 43752
[17:24:04.839] [SEVERE ] updating countdown to 43657
[17:24:04.934] [SEVERE ] updating countdown to 43562
[17:24:05.029] [SEVERE ] updating countdown to 43467
[17:24:05.124] [SEVERE ] updating countdown to 43372
[17:24:05.220] [SEVERE ] updating countdown to 43276
[17:24:05.316] [SEVERE ] updating countdown to 43180
[17:24:05.411] [SEVERE ] updating countdown to 43085
[17:24:05.506] [SEVERE ] updating countdown to 42990
[17:24:05.602] [SEVERE ] updating countdown to 42894
[17:24:05.697] [SEVERE ] updating countdown to 42799
[17:24:05.792] [SEVERE ] updating countdown to 42704
[17:24:05.887] [SEVERE ] updating countdown to 42609
[17:24:05.983] [SEVERE ] updating countdown to 42513
[17:24:06.079] [SEVERE ] updating countdown to 42417
[17:24:06.175] [SEVERE ] updating countdown to 42321
[17:24:06.271] [SEVERE ] updating countdown to 42225
[17:24:06.366] [SEVERE ] updating countdown to 42130
[17:24:06.461] [SEVERE ] updating countdown to 42035
[17:24:06.557] [SEVERE ] updating countdown to 41939
[17:24:06.653] [SEVERE ] updating countdown to 41843
[17:24:06.749] [SEVERE ] updating countdown to 41747
[17:24:06.845] [SEVERE ] updating countdown to 41651
[17:24:06.941] [SEVERE ] updating countdown to 41555
[17:24:07.036] [SEVERE ] updating countdown to 41460
[17:24:07.131] [SEVERE ] updating countdown to 41365
[17:24:07.227] [SEVERE ] updating countdown to 41269
[17:24:07.323] [SEVERE ] updating countdown to 41173
[17:24:07.418] [SEVERE ] updating countdown to 41078
[17:24:07.513] [SEVERE ] updating countdown to 40983
[17:24:07.608] [SEVERE ] updating countdown to 40888
[17:24:07.704] [SEVERE ] updating countdown to 40792
[17:24:07.800] [SEVERE ] updating countdown to 40696
[17:24:07.895] [SEVERE ] updating countdown to 40601
[17:24:07.990] [SEVERE ] updating countdown to 40506
[17:24:08.086] [SEVERE ] updating countdown to 40410
[17:24:08.181] [SEVERE ] updating countdown to 40315
[17:24:08.276] [SEVERE ] updating countdown to 40220
[17:24:08.371] [SEVERE ] updating countdown to 40125
[17:24:08.467] [SEVERE ] updating countdown to 40029
[17:24:08.563] [SEVERE ] updating countdown to 39933
[17:24:08.658] [SEVERE ] updating countdown to 39838
[17:24:08.753] [SEVERE ] updating countdown to 39743
[17:24:08.849] [SEVERE ] updating countdown to 39647
[17:24:08.945] [SEVERE ] updating countdown to 39551
[17:24:09.040] [SEVERE ] updating countdown to 39456
[17:24:09.135] [SEVERE ] updating countdown to 39361
[17:24:09.230] [SEVERE ] updating countdown to 39266
[17:24:09.325] [SEVERE ] updating countdown to 39171
[17:24:09.420] [SEVERE ] updating countdown to 39076
[17:24:09.515] [SEVERE ] updating countdown to 38981
[17:24:09.611] [SEVERE ] updating countdown to 38885
[17:24:09.706] [SEVERE ] updating countdown to 38790
[17:24:09.802] [SEVERE ] updating countdown to 38694
[17:24:09.897] [SEVERE ] updating countdown to 38599
[17:24:09.993] [SEVERE ] updating countdown to 38503
[17:24:10.088] [SEVERE ] updating countdown to 38408
[17:24:10.184] [SEVERE ] updating countdown to 38312
[17:24:10.279] [SEVERE ] updating countdown to 38217
[17:24:10.374] [SEVERE ] updating countdown to 38122
[17:24:10.469] [SEVERE ] updating countdown to 38027
[17:24:10.565] [SEVERE ] updating countdown to 37931
[17:24:10.660] [SEVERE ] updating countdown to 37836
[17:24:10.755] [SEVERE ] updating countdown to 37741
[17:24:10.851] [SEVERE ] updating countdown to 37645
[17:24:10.947] [SEVERE ] updating countdown to 37549
[17:24:11.043] [SEVERE ] updating countdown to 37453
[17:24:11.138] [SEVERE ] updating countdown to 37358
[17:24:11.234] [SEVERE ] updating countdown to 37262
[17:24:11.329] [SEVERE ] updating countdown to 37167
[17:24:11.424] [SEVERE ] updating countdown to 37072
[17:24:11.520] [SEVERE ] updating countdown to 36976
[17:24:11.616] [SEVERE ] updating countdown to 36880
[17:24:11.712] [SEVERE ] updating countdown to 36784
[17:24:11.808] [SEVERE ] updating countdown to 36688
[17:24:11.903] [SEVERE ] updating countdown to 36593
[17:24:11.998] [SEVERE ] updating countdown to 36498
[17:24:12.094] [SEVERE ] updating countdown to 36402
[17:24:12.189] [SEVERE ] updating countdown to 36307
[17:24:12.284] [SEVERE ] updating countdown to 36212
[17:24:12.379] [SEVERE ] updating countdown to 36117
[17:24:12.474] [SEVERE ] updating countdown to 36022
[17:24:12.569] [SEVERE ] updating countdown to 35927
[17:24:12.665] [SEVERE ] updating countdown to 35831
[17:24:12.761] [SEVERE ] updating countdown to 35735
[17:24:12.856] [SEVERE ] updating countdown to 35640
[17:24:12.952] [SEVERE ] updating countdown to 35544
[17:24:13.048] [SEVERE ] updating countdown to 35448
[17:24:13.143] [SEVERE ] updating countdown to 35353
[17:24:13.239] [SEVERE ] updating countdown to 35257
[17:24:13.334] [SEVERE ] updating countdown to 35162
[17:24:13.430] [SEVERE ] updating countdown to 35066
[17:24:13.526] [SEVERE ] updating countdown to 34970
[17:24:13.621] [SEVERE ] updating countdown to 34875
[17:24:13.717] [SEVERE ] updating countdown to 34779
[17:24:13.813] [SEVERE ] updating countdown to 34683
[17:24:13.909] [SEVERE ] updating countdown to 34587
[17:24:14.004] [SEVERE ] updating countdown to 34492
[17:24:14.100] [SEVERE ] updating countdown to 34396
[17:24:14.196] [SEVERE ] updating countdown to 34300
[17:24:14.291] [SEVERE ] updating countdown to 34205
[17:24:14.387] [SEVERE ] updating countdown to 34109
[17:24:14.482] [SEVERE ] updating countdown to 34014
[17:24:14.577] [SEVERE ] updating countdown to 33919
[17:24:14.673] [SEVERE ] updating countdown to 33823
[17:24:14.769] [SEVERE ] updating countdown to 33727
[17:24:14.865] [SEVERE ] updating countdown to 33631
[17:24:14.961] [SEVERE ] updating countdown to 33535
[17:24:15.057] [SEVERE ] updating countdown to 33439
[17:24:15.153] [SEVERE ] updating countdown to 33343
[17:24:15.249] [SEVERE ] updating countdown to 33247
[17:24:15.344] [SEVERE ] updating countdown to 33152
[17:24:15.440] [SEVERE ] updating countdown to 33056
[17:24:15.536] [SEVERE ] updating countdown to 32960
[17:24:15.631] [SEVERE ] updating countdown to 32865
[17:24:15.726] [SEVERE ] updating countdown to 32770
[17:24:15.770] [SEVERE ] key 81 was pressed by player 1
[17:24:15.771] [SEVERE ] player 1 placing token on slot 0
[17:24:15.808] [SEVERE ] key 87 was pressed by player 1
[17:24:15.809] [SEVERE ] player 1 placing token on slot 1
[17:24:15.822] [SEVERE ] updating countdown to 32674
[17:24:15.899] [SEVERE ] key 69 was pressed by player 1
[17:24:15.899] [SEVERE ] player 1 placing token on slot 2
[17:24:15.917] [SEVERE ] updating countdown to 32579
[17:24:16.013] [SEVERE ] updating countdown to 32483
[17:24:16.109] [SEVERE ] updating countdown to 32387
[17:24:16.204] [SEVERE ] updating countdown to 32292
[17:24:16.300] [SEVERE ] updating countdown to 32196
[17:24:16.396] [SEVERE ] updating countdown to 32100
[17:24:16.491] [SEVERE ] updating countdown to 32005
[17:24:16.586] [SEVERE ] updating countdown to 31910
[17:24:16.682] [SEVERE ] updating countdown to 31814
[17:24:16.778] [SEVERE ] updating countdown to 31718
[17:24:16.873] [SEVERE ] updating countdown to 31623
[17:24:16.968] [SEVERE ] updating countdown to 31528
[17:24:17.064] [SEVERE ] updating countdown to 31432
[17:24:17.160] [SEVERE ] updating countdown to 31336
[17:24:17.255] [SEVERE ] updating countdown to 31241
[17:24:17.350] [SEVERE ] updating countdown to 31146
[17:24:17.446] [SEVERE ] updating countdown to 31050
[17:24:17.541] [SEVERE ] updating countdown to 30955
[17:24:17.636] [SEVERE ] updating countdown to 30860
[17:24:17.732] [SEVERE ] updating countdown to 30764
[17:24:17.828] [SEVERE ] updating countdown to 30668
[17:24:17.924] [SEVERE ] updating countdown to 30572
[17:24:18.019] [SEVERE ] updating countdown to 30477
[17:24:18.115] [SEVERE ] updating countdown to 30381
[17:24:18.210] [SEVERE ] updating countdown to 30286
[17:24:18.305] [SEVERE ] updating countdown to 30191
[17:24:18.401] [SEVERE ] updating countdown to 30095
[17:24:18.496] [SEVERE ] updating countdown to 30000
[17:24:18.591] [SEVERE ] updating countdown to 29905
[17:24:18.687] [SEVERE ] updating countdown to 29809
[17:24:18.782] [SEVERE ] updating countdown to 29714
[17:24:18.878] [SEVERE ] updating countdown to 29618
[17:24:18.973] [SEVERE ] updating countdown to 29523
[17:24:19.069] [SEVERE ] updating countdown to 29427
[17:24:19.165] [SEVERE ] updating countdown to 29331
[17:24:19.261] [SEVERE ] updating countdown to 29235
[17:24:19.357] [SEVERE ] updating countdown to 29139
[17:24:19.453] [SEVERE ] updating countdown to 29043
[17:24:19.549] [SEVERE ] updating countdown to 28947
[17:24:19.644] [SEVERE ] updating countdown to 28852
[17:24:19.739] [SEVERE ] updating countdown to 28757
[17:24:19.835] [SEVERE ] updating countdown to 28661
[17:24:19.931] [SEVERE ] updating countdown to 28565
[17:24:20.026] [SEVERE ] updating countdown to 28470
[17:24:20.121] [SEVERE ] updating countdown to 28375
[17:24:20.216] [SEVERE ] updating countdown to 28280
[17:24:20.311] [SEVERE ] updating countdown to 28185
[17:24:20.406] [SEVERE ] updating countdown to 28090
[17:24:20.501] [SEVERE ] updating countdown to 27995
[17:24:20.597] [SEVERE ] updating countdown to 27899
[17:24:20.692] [SEVERE ] updating countdown to 27804
[17:24:20.788] [SEVERE ] updating countdown to 27708
[17:24:20.883] [SEVERE ] updating countdown to 27613
[17:24:20.978] [SEVERE ] updating countdown to 27518
[17:24:21.074] [SEVERE ] updating countdown to 27422
[17:24:21.169] [SEVERE ] updating countdown to 27327
[17:24:21.264] [SEVERE ] updating countdown to 27232
[17:24:21.296] [SEVERE ] key 69 was pressed by player 1
[17:24:21.296] [SEVERE ] removing player 1 token from slot 2
[17:24:21.359] [SEVERE ] updating countdown to 27137
[17:24:21.454] [SEVERE ] updating countdown to 27042
[17:24:21.549] [SEVERE ] updating countdown to 26947
[17:24:21.644] [SEVERE ] updating countdown to 26852
[17:24:21.740] [SEVERE ] updating countdown to 26756
[17:24:21.836] [SEVERE ] updating countdown to 26660
[17:24:21.932] [SEVERE ] updating countdown to 26564
[17:24:22.027] [SEVERE ] updating countdown to 26469
[17:24:22.093] [SEVERE ] key 69 was pressed by player 1
[17:24:22.094] [SEVERE ] player 1 placing token on slot 2
[17:24:22.122] [SEVERE ] updating countdown to 26374
[17:24:22.218] [SEVERE ] updating countdown to 26278
[17:24:22.314] [SEVERE ] updating countdown to 26182
[17:24:22.410] [SEVERE ] updating countdown to 26086
[17:24:22.505] [SEVERE ] updating countdown to 25991
[17:24:22.600] [SEVERE ] updating countdown to 25896
[17:24:22.695] [SEVERE ] updating countdown to 25801
[17:24:22.791] [SEVERE ] updating countdown to 25705
[17:24:22.886] [SEVERE ] updating countdown to 25610
[17:24:22.982] [SEVERE ] updating countdown to 25514
[17:24:23.078] [SEVERE ] updating countdown to 25418
[17:24:23.174] [SEVERE ] updating countdown to 25322
[17:24:23.270] [SEVERE ] updating countdown to 25226
[17:24:23.366] [SEVERE ] updating countdown to 25130
[17:24:23.461] [SEVERE ] updating countdown to 25035
[17:24:23.557] [SEVERE ] updating countdown to 24939
[17:24:23.652] [SEVERE ] updating countdown to 24844
[17:24:23.747] [SEVERE ] updating countdown to 24749
[17:24:23.842] [SEVERE ] updating countdown to 24654
[17:24:23.938] [SEVERE ] updating countdown to 24558
[17:24:24.033] [SEVERE ] updating countdown to 24463
[17:24:24.129] [SEVERE ] updating countdown to 24367
[17:24:24.224] [SEVERE ] updating countdown to 24272
[17:24:24.320] [SEVERE ] updating countdown to 24176
[17:24:24.416] [SEVERE ] updating countdown to 24080
[17:24:24.512] [SEVERE ] updating countdown to 23984
[17:24:24.607] [SEVERE ] updating countdown to 23889
[17:24:24.703] [SEVERE ] updating countdown to 23793
[17:24:24.798] [SEVERE ] updating countdown to 23698
[17:24:24.894] [SEVERE ] updating countdown to 23602
[17:24:24.990] [SEVERE ] updating countdown to 23506
[17:24:25.086] [SEVERE ] updating countdown to 23410
[17:24:25.181] [SEVERE ] updating countdown to 23315
[17:24:25.276] [SEVERE ] updating countdown to 23220
[17:24:25.372] [SEVERE ] updating countdown to 23124
[17:24:25.468] [SEVERE ] updating countdown to 23028
[17:24:25.563] [SEVERE ] updating countdown to 22933
[17:24:25.659] [SEVERE ] updating countdown to 22837
[17:24:25.754] [SEVERE ] updating countdown to 22742
[17:24:25.850] [SEVERE ] updating countdown to 22646
[17:24:25.946] [SEVERE ] updating countdown to 22550
[17:24:26.041] [SEVERE ] updating countdown to 22455
[17:24:26.136] [SEVERE ] updating countdown to 22360
[17:24:26.232] [SEVERE ] updating countdown to 22264
[17:24:26.328] [SEVERE ] updating countdown to 22168
[17:24:26.424] [SEVERE ] updating countdown to 22072
[17:24:26.520] [SEVERE ] updating countdown to 21976
[17:24:26.616] [SEVERE ] updating countdown to 21880
[17:24:26.712] [SEVERE ] updating countdown to 21784
[17:24:26.807] [SEVERE ] updating countdown to 21689
[17:24:26.902] [SEVERE ] updating countdown to 21594
[17:24:26.998] [SEVERE ] updating countdown to 21498
[17:24:27.094] [SEVERE ] updating countdown to 21402
[17:24:27.189] [SEVERE ] updating countdown to 21307
[17:24:27.285] [SEVERE ] updating countdown to 21211
[17:24:27.381] [SEVERE ] updating countdown to 21115
[17:24:27.476] [SEVERE ] updating countdown to 21020
[17:24:27.558] [SEVERE ] exit button pressed
[17:24:27.559] [INFO   ] thread Thread-2 terminated.
[17:24:27.571] [SEVERE ] updating countdown to 20925
[17:24:27.667] [SEVERE ] updating countdown to 20829
[17:24:27.762] [SEVERE ] updating countdown to 20734
[17:24:27.857] [SEVERE ] updating countdown to 20639
[17:24:27.952] [SEVERE ] updating countdown to 20544
[17:24:28.047] [SEVERE ] updating countdown to 20449
[17:24:28.142] [SEVERE ] updating countdown to 20354
[17:24:28.238] [SEVERE ] updating countdown to 20258
[17:24:28.334] [SEVERE ] updating countdown to 20162
[17:24:28.429] [SEVERE ] updating countdown to 20067
[17:24:28.526] [SEVERE ] updating countdown to 19970
