[18:18:16.459] [INFO   ] thread bguspl.set.Main.main() starting.
[18:18:16.463] [SEVERE ] cannot read configuration file config.properties trying from resources.
[18:18:16.463] [SEVERE ] configuration file was loaded from resources directory.
[18:18:16.975] [INFO   ] thread dealer starting.
[18:18:16.976] [INFO   ] thread dealer starting.
[18:18:16.977] [INFO   ] thread Thread-1 starting.
[18:18:16.977] [INFO   ] thread Thread-2 starting.
[18:18:17.083] [SEVERE ] placing card 61 in slot 0
[18:18:17.185] [SEVERE ] placing card 67 in slot 1
[18:18:17.286] [SEVERE ] placing card 21 in slot 2
[18:18:17.388] [SEVERE ] placing card 48 in slot 3
[18:18:17.489] [SEVERE ] placing card 20 in slot 4
[18:18:17.591] [SEVERE ] placing card 32 in slot 5
[18:18:17.692] [SEVERE ] placing card 23 in slot 6
[18:18:17.794] [SEVERE ] placing card 29 in slot 7
[18:18:17.895] [SEVERE ] placing card 68 in slot 8
[18:18:17.996] [SEVERE ] placing card 1 in slot 9
[18:18:18.097] [SEVERE ] placing card 2 in slot 10
[18:18:18.198] [SEVERE ] placing card 9 in slot 11
[18:18:18.198] [SEVERE ] updating countdown to 60000
[18:18:18.296] [SEVERE ] updating countdown to 59902
[18:18:18.391] [SEVERE ] updating countdown to 59807
[18:18:18.486] [SEVERE ] updating countdown to 59712
[18:18:18.581] [SEVERE ] updating countdown to 59617
[18:18:18.676] [SEVERE ] updating countdown to 59522
[18:18:18.771] [SEVERE ] updating countdown to 59427
[18:18:18.867] [SEVERE ] updating countdown to 59331
[18:18:18.962] [SEVERE ] updating countdown to 59236
[18:18:19.058] [SEVERE ] updating countdown to 59140
[18:18:19.153] [SEVERE ] updating countdown to 59045
[18:18:19.248] [SEVERE ] updating countdown to 58950
[18:18:19.355] [SEVERE ] updating countdown to 58843
[18:18:19.452] [SEVERE ] updating countdown to 58746
[18:18:19.548] [SEVERE ] updating countdown to 58650
[18:18:19.643] [SEVERE ] updating countdown to 58555
[18:18:19.739] [SEVERE ] updating countdown to 58459
[18:18:19.834] [SEVERE ] updating countdown to 58364
[18:18:19.930] [SEVERE ] updating countdown to 58268
[18:18:20.025] [SEVERE ] updating countdown to 58173
[18:18:20.121] [SEVERE ] updating countdown to 58077
[18:18:20.217] [SEVERE ] updating countdown to 57981
[18:18:20.313] [SEVERE ] updating countdown to 57885
[18:18:20.408] [SEVERE ] updating countdown to 57790
[18:18:20.504] [SEVERE ] updating countdown to 57694
[18:18:20.599] [SEVERE ] updating countdown to 57599
[18:18:20.695] [SEVERE ] updating countdown to 57503
[18:18:20.790] [SEVERE ] updating countdown to 57408
[18:18:20.886] [SEVERE ] updating countdown to 57312
[18:18:20.981] [SEVERE ] updating countdown to 57217
[18:18:21.077] [SEVERE ] updating countdown to 57121
[18:18:21.172] [SEVERE ] updating countdown to 57026
[18:18:21.268] [SEVERE ] updating countdown to 56930
[18:18:21.364] [SEVERE ] updating countdown to 56834
[18:18:21.459] [SEVERE ] updating countdown to 56739
[18:18:21.555] [SEVERE ] updating countdown to 56643
[18:18:21.650] [SEVERE ] updating countdown to 56548
[18:18:21.746] [SEVERE ] updating countdown to 56452
[18:18:21.841] [SEVERE ] updating countdown to 56357
[18:18:21.936] [SEVERE ] updating countdown to 56262
[18:18:22.031] [SEVERE ] updating countdown to 56167
[18:18:22.127] [SEVERE ] updating countdown to 56071
[18:18:22.223] [SEVERE ] updating countdown to 55975
[18:18:22.319] [SEVERE ] updating countdown to 55879
[18:18:22.414] [SEVERE ] updating countdown to 55784
[18:18:22.509] [SEVERE ] updating countdown to 55689
[18:18:22.604] [SEVERE ] updating countdown to 55594
[18:18:22.699] [SEVERE ] updating countdown to 55499
[18:18:22.794] [SEVERE ] updating countdown to 55404
[18:18:22.890] [SEVERE ] updating countdown to 55308
[18:18:22.985] [SEVERE ] updating countdown to 55213
[18:18:23.081] [SEVERE ] updating countdown to 55117
[18:18:23.176] [SEVERE ] updating countdown to 55022
[18:18:23.271] [SEVERE ] updating countdown to 54927
[18:18:23.367] [SEVERE ] updating countdown to 54831
[18:18:23.462] [SEVERE ] updating countdown to 54736
[18:18:23.557] [SEVERE ] updating countdown to 54641
[18:18:23.653] [SEVERE ] updating countdown to 54545
[18:18:23.749] [SEVERE ] updating countdown to 54449
[18:18:23.845] [SEVERE ] updating countdown to 54353
[18:18:23.941] [SEVERE ] updating countdown to 54257
[18:18:24.037] [SEVERE ] updating countdown to 54161
[18:18:24.132] [SEVERE ] updating countdown to 54066
[18:18:24.228] [SEVERE ] updating countdown to 53970
[18:18:24.323] [SEVERE ] updating countdown to 53875
[18:18:24.418] [SEVERE ] updating countdown to 53780
[18:18:24.514] [SEVERE ] updating countdown to 53684
[18:18:24.610] [SEVERE ] updating countdown to 53588
[18:18:24.705] [SEVERE ] updating countdown to 53493
[18:18:24.730] [SEVERE ] key 81 was pressed by player 1
[18:18:24.731] [SEVERE ] player 1 placing token on slot 0
[18:18:24.759] [SEVERE ] key 87 was pressed by player 1
[18:18:24.759] [SEVERE ] player 1 placing token on slot 1
[18:18:24.800] [SEVERE ] updating countdown to 53398
[18:18:24.811] [SEVERE ] key 69 was pressed by player 1
[18:18:24.812] [SEVERE ] player 1 placing token on slot 2
[18:18:24.815] [SEVERE ] setting player 1 freeze to 3000
[18:18:27.831] [SEVERE ] setting player 1 freeze to 0
[18:18:27.832] [SEVERE ] updating countdown to 50366
[18:18:27.927] [SEVERE ] updating countdown to 50271
[18:18:28.023] [SEVERE ] updating countdown to 50175
[18:18:28.118] [SEVERE ] updating countdown to 50080
[18:18:28.214] [SEVERE ] updating countdown to 49984
[18:18:28.309] [SEVERE ] updating countdown to 49889
[18:18:28.404] [SEVERE ] updating countdown to 49794
[18:18:28.499] [SEVERE ] updating countdown to 49699
[18:18:28.594] [SEVERE ] updating countdown to 49604
[18:18:28.690] [SEVERE ] updating countdown to 49508
[18:18:28.786] [SEVERE ] updating countdown to 49412
[18:18:28.881] [SEVERE ] updating countdown to 49317
[18:18:28.976] [SEVERE ] updating countdown to 49222
[18:18:29.071] [SEVERE ] updating countdown to 49127
[18:18:29.167] [SEVERE ] updating countdown to 49031
[18:18:29.263] [SEVERE ] updating countdown to 48935
[18:18:29.359] [SEVERE ] updating countdown to 48839
[18:18:29.455] [SEVERE ] updating countdown to 48743
[18:18:29.550] [SEVERE ] updating countdown to 48648
[18:18:29.646] [SEVERE ] updating countdown to 48552
[18:18:29.742] [SEVERE ] updating countdown to 48456
[18:18:29.837] [SEVERE ] updating countdown to 48361
[18:18:29.932] [SEVERE ] updating countdown to 48266
[18:18:30.028] [SEVERE ] updating countdown to 48170
[18:18:30.124] [SEVERE ] updating countdown to 48074
[18:18:30.219] [SEVERE ] updating countdown to 47979
[18:18:30.314] [SEVERE ] updating countdown to 47884
[18:18:30.409] [SEVERE ] updating countdown to 47789
[18:18:30.504] [SEVERE ] updating countdown to 47694
[18:18:30.600] [SEVERE ] updating countdown to 47598
[18:18:30.696] [SEVERE ] updating countdown to 47502
[18:18:30.792] [SEVERE ] updating countdown to 47406
[18:18:30.887] [SEVERE ] updating countdown to 47311
[18:18:30.982] [SEVERE ] updating countdown to 47216
[18:18:31.078] [SEVERE ] updating countdown to 47120
[18:18:31.174] [SEVERE ] updating countdown to 47024
[18:18:31.269] [SEVERE ] updating countdown to 46929
[18:18:31.364] [SEVERE ] updating countdown to 46834
[18:18:31.460] [SEVERE ] updating countdown to 46738
[18:18:31.555] [SEVERE ] updating countdown to 46643
[18:18:31.651] [SEVERE ] updating countdown to 46547
[18:18:31.746] [SEVERE ] updating countdown to 46452
[18:18:31.841] [SEVERE ] updating countdown to 46357
[18:18:31.937] [SEVERE ] updating countdown to 46261
[18:18:32.032] [SEVERE ] updating countdown to 46166
[18:18:32.128] [SEVERE ] updating countdown to 46070
[18:18:32.223] [SEVERE ] updating countdown to 45975
[18:18:32.318] [SEVERE ] updating countdown to 45880
[18:18:32.413] [SEVERE ] updating countdown to 45785
[18:18:32.509] [SEVERE ] updating countdown to 45689
[18:18:32.605] [SEVERE ] updating countdown to 45593
[18:18:32.701] [SEVERE ] updating countdown to 45497
[18:18:32.796] [SEVERE ] updating countdown to 45402
[18:18:32.892] [SEVERE ] updating countdown to 45306
[18:18:32.987] [SEVERE ] updating countdown to 45211
[18:18:33.083] [SEVERE ] updating countdown to 45115
[18:18:33.179] [SEVERE ] updating countdown to 45019
[18:18:33.274] [SEVERE ] updating countdown to 44924
[18:18:33.370] [SEVERE ] updating countdown to 44828
[18:18:33.465] [SEVERE ] updating countdown to 44733
[18:18:33.561] [SEVERE ] updating countdown to 44637
[18:18:33.656] [SEVERE ] updating countdown to 44542
[18:18:33.751] [SEVERE ] updating countdown to 44447
[18:18:33.846] [SEVERE ] updating countdown to 44352
[18:18:33.942] [SEVERE ] updating countdown to 44256
[18:18:34.037] [SEVERE ] updating countdown to 44161
[18:18:34.133] [SEVERE ] updating countdown to 44065
[18:18:34.229] [SEVERE ] updating countdown to 43969
[18:18:34.325] [SEVERE ] updating countdown to 43873
[18:18:34.420] [SEVERE ] updating countdown to 43778
[18:18:34.515] [SEVERE ] updating countdown to 43683
[18:18:34.611] [SEVERE ] updating countdown to 43587
[18:18:34.707] [SEVERE ] updating countdown to 43491
[18:18:34.802] [SEVERE ] updating countdown to 43396
[18:18:34.898] [SEVERE ] updating countdown to 43300
[18:18:34.993] [SEVERE ] updating countdown to 43205
[18:18:35.089] [SEVERE ] updating countdown to 43109
[18:18:35.185] [SEVERE ] updating countdown to 43013
[18:18:35.280] [SEVERE ] updating countdown to 42918
[18:18:35.376] [SEVERE ] updating countdown to 42822
[18:18:35.472] [SEVERE ] updating countdown to 42726
[18:18:35.567] [SEVERE ] updating countdown to 42631
[18:18:35.662] [SEVERE ] updating countdown to 42536
[18:18:35.758] [SEVERE ] updating countdown to 42440
[18:18:35.854] [SEVERE ] updating countdown to 42344
[18:18:35.949] [SEVERE ] updating countdown to 42249
[18:18:36.044] [SEVERE ] updating countdown to 42154
[18:18:36.140] [SEVERE ] updating countdown to 42058
[18:18:36.236] [SEVERE ] updating countdown to 41962
[18:18:36.331] [SEVERE ] updating countdown to 41867
[18:18:36.426] [SEVERE ] updating countdown to 41772
[18:18:36.521] [SEVERE ] updating countdown to 41677
[18:18:36.616] [SEVERE ] updating countdown to 41582
[18:18:36.711] [SEVERE ] updating countdown to 41487
[18:18:36.807] [SEVERE ] updating countdown to 41391
[18:18:36.903] [SEVERE ] updating countdown to 41295
[18:18:36.998] [SEVERE ] updating countdown to 41200
[18:18:37.094] [SEVERE ] updating countdown to 41104
[18:18:37.189] [SEVERE ] updating countdown to 41009
[18:18:37.285] [SEVERE ] updating countdown to 40913
[18:18:37.380] [SEVERE ] updating countdown to 40818
[18:18:37.475] [SEVERE ] updating countdown to 40723
[18:18:37.571] [SEVERE ] updating countdown to 40627
[18:18:37.667] [SEVERE ] updating countdown to 40531
[18:18:37.762] [SEVERE ] updating countdown to 40436
[18:18:37.858] [SEVERE ] updating countdown to 40340
[18:18:37.953] [SEVERE ] updating countdown to 40245
[18:18:38.048] [SEVERE ] updating countdown to 40150
[18:18:38.143] [SEVERE ] updating countdown to 40055
[18:18:38.239] [SEVERE ] updating countdown to 39959
[18:18:38.334] [SEVERE ] updating countdown to 39864
[18:18:38.430] [SEVERE ] updating countdown to 39768
[18:18:38.526] [SEVERE ] updating countdown to 39672
[18:18:38.622] [SEVERE ] updating countdown to 39576
[18:18:38.717] [SEVERE ] updating countdown to 39481
[18:18:38.812] [SEVERE ] updating countdown to 39386
[18:18:38.908] [SEVERE ] updating countdown to 39290
[18:18:39.003] [SEVERE ] updating countdown to 39195
[18:18:39.098] [SEVERE ] updating countdown to 39100
[18:18:39.194] [SEVERE ] updating countdown to 39004
[18:18:39.290] [SEVERE ] updating countdown to 38908
[18:18:39.386] [SEVERE ] updating countdown to 38812
[18:18:39.482] [SEVERE ] updating countdown to 38716
[18:18:39.578] [SEVERE ] updating countdown to 38620
[18:18:39.674] [SEVERE ] updating countdown to 38524
[18:18:39.769] [SEVERE ] updating countdown to 38429
[18:18:39.865] [SEVERE ] updating countdown to 38333
[18:18:39.960] [SEVERE ] updating countdown to 38238
[18:18:40.055] [SEVERE ] updating countdown to 38143
[18:18:40.150] [SEVERE ] updating countdown to 38048
[18:18:40.246] [SEVERE ] updating countdown to 37952
[18:18:40.342] [SEVERE ] updating countdown to 37856
[18:18:40.438] [SEVERE ] updating countdown to 37760
[18:18:40.534] [SEVERE ] updating countdown to 37664
[18:18:40.629] [SEVERE ] updating countdown to 37569
[18:18:40.634] [SEVERE ] key 81 was pressed by player 1
[18:18:40.634] [SEVERE ] removing player 1 token from slot 0
[18:18:40.667] [SEVERE ] key 87 was pressed by player 1
[18:18:40.667] [SEVERE ] removing player 1 token from slot 1
[18:18:40.724] [SEVERE ] updating countdown to 37474
[18:18:40.744] [SEVERE ] key 69 was pressed by player 1
[18:18:40.744] [SEVERE ] removing player 1 token from slot 2
[18:18:40.820] [SEVERE ] updating countdown to 37378
[18:18:40.915] [SEVERE ] updating countdown to 37283
[18:18:41.010] [SEVERE ] updating countdown to 37188
[18:18:41.106] [SEVERE ] updating countdown to 37092
[18:18:41.202] [SEVERE ] updating countdown to 36996
[18:18:41.298] [SEVERE ] updating countdown to 36900
[18:18:41.393] [SEVERE ] updating countdown to 36805
[18:18:41.489] [SEVERE ] updating countdown to 36709
[18:18:41.584] [SEVERE ] updating countdown to 36614
[18:18:41.680] [SEVERE ] updating countdown to 36518
[18:18:41.775] [SEVERE ] updating countdown to 36423
[18:18:41.870] [SEVERE ] updating countdown to 36328
[18:18:41.965] [SEVERE ] updating countdown to 36233
[18:18:42.061] [SEVERE ] updating countdown to 36137
[18:18:42.157] [SEVERE ] updating countdown to 36041
[18:18:42.253] [SEVERE ] updating countdown to 35945
[18:18:42.348] [SEVERE ] updating countdown to 35850
[18:18:42.443] [SEVERE ] updating countdown to 35755
[18:18:42.539] [SEVERE ] updating countdown to 35659
[18:18:42.634] [SEVERE ] updating countdown to 35564
[18:18:42.729] [SEVERE ] updating countdown to 35469
[18:18:42.824] [SEVERE ] updating countdown to 35374
[18:18:42.853] [SEVERE ] key 65 was pressed by player 1
[18:18:42.853] [SEVERE ] player 1 placing token on slot 4
[18:18:42.872] [SEVERE ] key 83 was pressed by player 1
[18:18:42.873] [SEVERE ] player 1 placing token on slot 5
[18:18:42.920] [SEVERE ] updating countdown to 35278
[18:18:42.965] [SEVERE ] key 68 was pressed by player 1
[18:18:42.965] [SEVERE ] player 1 placing token on slot 6
[18:18:42.968] [SEVERE ] setting player 1 freeze to 3000
[18:18:45.979] [SEVERE ] setting player 1 freeze to 0
[18:18:45.980] [SEVERE ] updating countdown to 32218
[18:18:46.076] [SEVERE ] updating countdown to 32122
[18:18:46.173] [SEVERE ] updating countdown to 32025
[18:18:46.268] [SEVERE ] updating countdown to 31930
[18:18:46.364] [SEVERE ] updating countdown to 31834
[18:18:46.460] [SEVERE ] updating countdown to 31738
[18:18:46.555] [SEVERE ] updating countdown to 31643
[18:18:46.651] [SEVERE ] updating countdown to 31547
[18:18:46.747] [SEVERE ] updating countdown to 31451
[18:18:46.842] [SEVERE ] updating countdown to 31356
[18:18:46.937] [SEVERE ] updating countdown to 31261
[18:18:47.032] [SEVERE ] updating countdown to 31166
[18:18:47.127] [SEVERE ] updating countdown to 31071
[18:18:47.223] [SEVERE ] updating countdown to 30975
[18:18:47.318] [SEVERE ] updating countdown to 30880
[18:18:47.414] [SEVERE ] updating countdown to 30784
[18:18:47.509] [SEVERE ] updating countdown to 30689
[18:18:47.604] [SEVERE ] updating countdown to 30594
[18:18:47.699] [SEVERE ] updating countdown to 30499
[18:18:47.794] [SEVERE ] updating countdown to 30404
[18:18:47.890] [SEVERE ] updating countdown to 30308
[18:18:47.985] [SEVERE ] updating countdown to 30213
[18:18:48.081] [SEVERE ] updating countdown to 30117
[18:18:48.177] [SEVERE ] updating countdown to 30021
[18:18:48.273] [SEVERE ] updating countdown to 29925
[18:18:48.368] [SEVERE ] updating countdown to 29830
[18:18:48.463] [SEVERE ] updating countdown to 29735
[18:18:48.559] [SEVERE ] updating countdown to 29639
[18:18:48.655] [SEVERE ] updating countdown to 29543
[18:18:48.750] [SEVERE ] updating countdown to 29448
[18:18:48.846] [SEVERE ] updating countdown to 29352
[18:18:48.941] [SEVERE ] updating countdown to 29257
[18:18:49.036] [SEVERE ] updating countdown to 29162
[18:18:49.131] [SEVERE ] updating countdown to 29067
[18:18:49.227] [SEVERE ] updating countdown to 28971
[18:18:49.322] [SEVERE ] updating countdown to 28876
[18:18:49.417] [SEVERE ] updating countdown to 28781
[18:18:49.513] [SEVERE ] updating countdown to 28685
[18:18:49.608] [SEVERE ] updating countdown to 28590
[18:18:49.703] [SEVERE ] updating countdown to 28495
[18:18:49.798] [SEVERE ] updating countdown to 28400
[18:18:49.893] [SEVERE ] updating countdown to 28305
[18:18:49.989] [SEVERE ] updating countdown to 28209
[18:18:50.085] [SEVERE ] updating countdown to 28113
[18:18:50.180] [SEVERE ] updating countdown to 28018
[18:18:50.276] [SEVERE ] updating countdown to 27922
[18:18:50.371] [SEVERE ] updating countdown to 27827
[18:18:50.467] [SEVERE ] updating countdown to 27731
[18:18:50.563] [SEVERE ] updating countdown to 27635
[18:18:50.658] [SEVERE ] updating countdown to 27540
[18:18:50.753] [SEVERE ] updating countdown to 27445
[18:18:50.848] [SEVERE ] updating countdown to 27350
[18:18:50.944] [SEVERE ] updating countdown to 27254
[18:18:51.039] [SEVERE ] updating countdown to 27159
[18:18:51.134] [SEVERE ] updating countdown to 27064
[18:18:51.229] [SEVERE ] updating countdown to 26969
[18:18:51.324] [SEVERE ] updating countdown to 26874
[18:18:51.420] [SEVERE ] updating countdown to 26778
[18:18:51.516] [SEVERE ] updating countdown to 26682
[18:18:51.611] [SEVERE ] updating countdown to 26587
[18:18:51.706] [SEVERE ] updating countdown to 26492
[18:18:51.801] [SEVERE ] updating countdown to 26397
[18:18:51.897] [SEVERE ] updating countdown to 26301
[18:18:51.992] [SEVERE ] updating countdown to 26206
[18:18:52.088] [SEVERE ] updating countdown to 26110
[18:18:52.183] [SEVERE ] updating countdown to 26015
[18:18:52.279] [SEVERE ] updating countdown to 25919
[18:18:52.375] [SEVERE ] updating countdown to 25823
[18:18:52.470] [SEVERE ] updating countdown to 25728
[18:18:52.566] [SEVERE ] updating countdown to 25632
[18:18:52.662] [SEVERE ] updating countdown to 25536
[18:18:52.757] [SEVERE ] updating countdown to 25441
[18:18:52.853] [SEVERE ] updating countdown to 25345
[18:18:52.948] [SEVERE ] updating countdown to 25250
[18:18:53.043] [SEVERE ] updating countdown to 25155
[18:18:53.139] [SEVERE ] updating countdown to 25059
[18:18:53.235] [SEVERE ] updating countdown to 24963
[18:18:53.330] [SEVERE ] updating countdown to 24868
[18:18:53.425] [SEVERE ] updating countdown to 24773
[18:18:53.521] [SEVERE ] updating countdown to 24677
[18:18:53.617] [SEVERE ] updating countdown to 24581
[18:18:53.712] [SEVERE ] updating countdown to 24486
[18:18:53.807] [SEVERE ] updating countdown to 24391
[18:18:53.903] [SEVERE ] updating countdown to 24295
[18:18:53.998] [SEVERE ] updating countdown to 24200
[18:18:54.094] [SEVERE ] updating countdown to 24104
[18:18:54.190] [SEVERE ] updating countdown to 24008
[18:18:54.286] [SEVERE ] updating countdown to 23912
[18:18:54.382] [SEVERE ] updating countdown to 23816
[18:18:54.478] [SEVERE ] updating countdown to 23720
[18:18:54.573] [SEVERE ] updating countdown to 23625
[18:18:54.669] [SEVERE ] updating countdown to 23529
[18:18:54.764] [SEVERE ] updating countdown to 23434
[18:18:54.859] [SEVERE ] updating countdown to 23339
[18:18:54.955] [SEVERE ] updating countdown to 23243
[18:18:55.051] [SEVERE ] updating countdown to 23147
[18:18:55.146] [SEVERE ] updating countdown to 23052
[18:18:55.242] [SEVERE ] updating countdown to 22956
[18:18:55.337] [SEVERE ] updating countdown to 22861
[18:18:55.433] [SEVERE ] updating countdown to 22765
[18:18:55.529] [SEVERE ] updating countdown to 22669
[18:18:55.624] [SEVERE ] updating countdown to 22574
[18:18:55.719] [SEVERE ] updating countdown to 22479
