[18:00:43.688] [INFO   ] thread bguspl.set.Main.main() starting.
[18:00:43.692] [SEVERE ] cannot read configuration file config.properties trying from resources.
[18:00:43.693] [SEVERE ] configuration file was loaded from resources directory.
[18:00:44.213] [INFO   ] thread dealer starting.
[18:00:44.214] [INFO   ] thread dealer starting.
[18:00:44.215] [INFO   ] thread Thread-2 starting.
[18:00:44.217] [INFO   ] thread Thread-1 starting.
[18:00:44.320] [SEVERE ] placing card 19 in slot 0
[18:00:44.423] [SEVERE ] placing card 63 in slot 1
[18:00:44.524] [SEVERE ] placing card 72 in slot 2
[18:00:44.627] [SEVERE ] placing card 28 in slot 3
[18:00:44.728] [SEVERE ] placing card 23 in slot 4
[18:00:44.830] [SEVERE ] placing card 35 in slot 5
[18:00:44.932] [SEVERE ] placing card 29 in slot 6
[18:00:45.034] [SEVERE ] placing card 38 in slot 7
[18:00:45.135] [SEVERE ] placing card 14 in slot 8
[18:00:45.236] [SEVERE ] placing card 52 in slot 9
[18:00:45.337] [SEVERE ] placing card 3 in slot 10
[18:00:45.438] [SEVERE ] placing card 47 in slot 11
[18:00:45.438] [SEVERE ] updating countdown to 60000
[18:00:45.535] [SEVERE ] updating countdown to 59903
[18:00:45.630] [SEVERE ] updating countdown to 59808
[18:00:45.725] [SEVERE ] updating countdown to 59713
[18:00:45.820] [SEVERE ] updating countdown to 59618
[18:00:45.916] [SEVERE ] updating countdown to 59522
[18:00:46.012] [SEVERE ] updating countdown to 59426
[18:00:46.108] [SEVERE ] updating countdown to 59330
[18:00:46.204] [SEVERE ] updating countdown to 59234
[18:00:46.299] [SEVERE ] updating countdown to 59139
[18:00:46.394] [SEVERE ] updating countdown to 59044
[18:00:46.490] [SEVERE ] updating countdown to 58948
[18:00:46.585] [SEVERE ] updating countdown to 58853
[18:00:46.680] [SEVERE ] updating countdown to 58758
[18:00:46.776] [SEVERE ] updating countdown to 58662
[18:00:46.796] [SEVERE ] key 81 was pressed by player 1
[18:00:46.796] [SEVERE ] player 1 placing token on slot 0
[18:00:46.843] [SEVERE ] key 87 was pressed by player 1
[18:00:46.843] [SEVERE ] player 1 placing token on slot 1
[18:00:46.872] [SEVERE ] updating countdown to 58566
[18:00:46.889] [SEVERE ] key 69 was pressed by player 1
[18:00:46.889] [SEVERE ] player 1 placing token on slot 2
[18:00:46.890] [SEVERE ] setting player 1 freeze to 3000
[18:00:49.903] [SEVERE ] setting player 1 freeze to 0
[18:00:49.904] [SEVERE ] updating countdown to 55534
[18:00:50.000] [SEVERE ] updating countdown to 55438
[18:00:50.096] [SEVERE ] updating countdown to 55342
[18:00:50.191] [SEVERE ] updating countdown to 55247
[18:00:50.286] [SEVERE ] updating countdown to 55152
[18:00:50.382] [SEVERE ] updating countdown to 55056
[18:00:50.477] [SEVERE ] updating countdown to 54961
[18:00:50.573] [SEVERE ] updating countdown to 54865
[18:00:50.668] [SEVERE ] updating countdown to 54770
[18:00:50.764] [SEVERE ] updating countdown to 54674
[18:00:50.860] [SEVERE ] updating countdown to 54578
[18:00:50.955] [SEVERE ] updating countdown to 54483
[18:00:51.051] [SEVERE ] updating countdown to 54387
[18:00:51.146] [SEVERE ] updating countdown to 54292
[18:00:51.242] [SEVERE ] updating countdown to 54196
[18:00:51.337] [SEVERE ] updating countdown to 54101
[18:00:51.432] [SEVERE ] updating countdown to 54006
[18:00:51.528] [SEVERE ] updating countdown to 53910
[18:00:51.624] [SEVERE ] updating countdown to 53814
[18:00:51.719] [SEVERE ] updating countdown to 53719
[18:00:51.814] [SEVERE ] updating countdown to 53624
[18:00:51.909] [SEVERE ] updating countdown to 53529
[18:00:52.005] [SEVERE ] updating countdown to 53433
[18:00:52.100] [SEVERE ] updating countdown to 53338
[18:00:52.196] [SEVERE ] updating countdown to 53242
[18:00:52.292] [SEVERE ] updating countdown to 53146
[18:00:52.388] [SEVERE ] updating countdown to 53050
[18:00:52.483] [SEVERE ] updating countdown to 52955
[18:00:52.579] [SEVERE ] updating countdown to 52859
[18:00:52.674] [SEVERE ] updating countdown to 52764
[18:00:52.769] [SEVERE ] updating countdown to 52669
[18:00:52.865] [SEVERE ] updating countdown to 52573
[18:00:52.960] [SEVERE ] updating countdown to 52478
[18:00:53.056] [SEVERE ] updating countdown to 52382
[18:00:53.151] [SEVERE ] updating countdown to 52287
[18:00:53.247] [SEVERE ] updating countdown to 52191
[18:00:53.343] [SEVERE ] updating countdown to 52095
[18:00:53.439] [SEVERE ] updating countdown to 51999
[18:00:53.534] [SEVERE ] updating countdown to 51904
[18:00:53.629] [SEVERE ] updating countdown to 51809
[18:00:53.725] [SEVERE ] updating countdown to 51713
[18:00:53.820] [SEVERE ] updating countdown to 51618
[18:00:53.916] [SEVERE ] updating countdown to 51522
[18:00:54.011] [SEVERE ] updating countdown to 51427
[18:00:54.106] [SEVERE ] updating countdown to 51332
[18:00:54.202] [SEVERE ] updating countdown to 51236
[18:00:54.297] [SEVERE ] updating countdown to 51141
[18:00:54.393] [SEVERE ] updating countdown to 51045
[18:00:54.489] [SEVERE ] updating countdown to 50949
[18:00:54.584] [SEVERE ] updating countdown to 50854
[18:00:54.680] [SEVERE ] updating countdown to 50758
[18:00:54.787] [SEVERE ] updating countdown to 50651
[18:00:54.883] [SEVERE ] updating countdown to 50555
[18:00:54.978] [SEVERE ] updating countdown to 50460
[18:00:55.074] [SEVERE ] updating countdown to 50364
[18:00:55.169] [SEVERE ] updating countdown to 50269
[18:00:55.264] [SEVERE ] updating countdown to 50174
[18:00:55.360] [SEVERE ] updating countdown to 50078
[18:00:55.455] [SEVERE ] updating countdown to 49983
[18:00:55.550] [SEVERE ] updating countdown to 49888
[18:00:55.646] [SEVERE ] updating countdown to 49792
[18:00:55.742] [SEVERE ] updating countdown to 49696
[18:00:55.837] [SEVERE ] updating countdown to 49601
[18:00:55.933] [SEVERE ] updating countdown to 49505
[18:00:56.029] [SEVERE ] updating countdown to 49409
[18:00:56.124] [SEVERE ] updating countdown to 49314
[18:00:56.220] [SEVERE ] updating countdown to 49218
[18:00:56.315] [SEVERE ] updating countdown to 49123
[18:00:56.410] [SEVERE ] updating countdown to 49028
[18:00:56.506] [SEVERE ] updating countdown to 48932
[18:00:56.602] [SEVERE ] updating countdown to 48836
[18:00:56.698] [SEVERE ] updating countdown to 48740
[18:00:56.793] [SEVERE ] updating countdown to 48645
[18:00:56.889] [SEVERE ] updating countdown to 48549
[18:00:56.985] [SEVERE ] updating countdown to 48453
[18:00:57.080] [SEVERE ] updating countdown to 48358
[18:00:57.175] [SEVERE ] updating countdown to 48263
[18:00:57.271] [SEVERE ] updating countdown to 48167
[18:00:57.367] [SEVERE ] updating countdown to 48071
[18:00:57.462] [SEVERE ] updating countdown to 47976
[18:00:57.558] [SEVERE ] updating countdown to 47880
[18:00:57.653] [SEVERE ] updating countdown to 47785
[18:00:57.748] [SEVERE ] updating countdown to 47690
[18:00:57.844] [SEVERE ] updating countdown to 47594
[18:00:57.939] [SEVERE ] updating countdown to 47499
[18:00:58.034] [SEVERE ] updating countdown to 47404
[18:00:58.129] [SEVERE ] updating countdown to 47309
[18:00:58.225] [SEVERE ] updating countdown to 47213
[18:00:58.321] [SEVERE ] updating countdown to 47117
[18:00:58.417] [SEVERE ] updating countdown to 47021
[18:00:58.512] [SEVERE ] updating countdown to 46926
[18:00:58.608] [SEVERE ] updating countdown to 46830
[18:00:58.704] [SEVERE ] updating countdown to 46734
[18:00:58.799] [SEVERE ] updating countdown to 46639
[18:00:58.895] [SEVERE ] updating countdown to 46543
[18:00:58.990] [SEVERE ] updating countdown to 46448
[18:00:59.086] [SEVERE ] updating countdown to 46352
[18:00:59.181] [SEVERE ] updating countdown to 46257
[18:00:59.276] [SEVERE ] updating countdown to 46162
[18:00:59.372] [SEVERE ] updating countdown to 46066
[18:00:59.468] [SEVERE ] updating countdown to 45970
[18:00:59.564] [SEVERE ] updating countdown to 45874
[18:00:59.659] [SEVERE ] updating countdown to 45779
[18:00:59.755] [SEVERE ] updating countdown to 45683
[18:00:59.851] [SEVERE ] updating countdown to 45587
[18:00:59.946] [SEVERE ] updating countdown to 45492
[18:01:00.041] [SEVERE ] updating countdown to 45397
[18:01:00.137] [SEVERE ] updating countdown to 45301
[18:01:00.232] [SEVERE ] updating countdown to 45206
[18:01:00.328] [SEVERE ] updating countdown to 45110
[18:01:00.424] [SEVERE ] updating countdown to 45014
[18:01:00.519] [SEVERE ] updating countdown to 44919
[18:01:00.614] [SEVERE ] updating countdown to 44824
[18:01:00.710] [SEVERE ] updating countdown to 44728
[18:01:00.805] [SEVERE ] updating countdown to 44633
[18:01:00.901] [SEVERE ] updating countdown to 44537
[18:01:00.997] [SEVERE ] updating countdown to 44441
[18:01:01.092] [SEVERE ] updating countdown to 44346
[18:01:01.188] [SEVERE ] updating countdown to 44250
[18:01:01.283] [SEVERE ] updating countdown to 44155
[18:01:01.378] [SEVERE ] updating countdown to 44060
[18:01:01.474] [SEVERE ] updating countdown to 43964
[18:01:01.570] [SEVERE ] updating countdown to 43868
[18:01:01.666] [SEVERE ] updating countdown to 43772
[18:01:01.761] [SEVERE ] updating countdown to 43677
[18:01:01.857] [SEVERE ] updating countdown to 43581
[18:01:01.952] [SEVERE ] updating countdown to 43486
[18:01:02.047] [SEVERE ] updating countdown to 43391
[18:01:02.142] [SEVERE ] updating countdown to 43296
[18:01:02.237] [SEVERE ] updating countdown to 43201
[18:01:02.333] [SEVERE ] updating countdown to 43105
[18:01:02.428] [SEVERE ] updating countdown to 43010
[18:01:02.523] [SEVERE ] updating countdown to 42915
[18:01:02.618] [SEVERE ] updating countdown to 42820
[18:01:02.713] [SEVERE ] updating countdown to 42725
[18:01:02.809] [SEVERE ] updating countdown to 42629
[18:01:02.904] [SEVERE ] updating countdown to 42534
[18:01:02.999] [SEVERE ] updating countdown to 42439
[18:01:03.095] [SEVERE ] updating countdown to 42343
[18:01:03.190] [SEVERE ] updating countdown to 42248
[18:01:03.285] [SEVERE ] updating countdown to 42153
[18:01:03.381] [SEVERE ] updating countdown to 42057
[18:01:03.476] [SEVERE ] updating countdown to 41962
[18:01:03.572] [SEVERE ] updating countdown to 41866
[18:01:03.668] [SEVERE ] updating countdown to 41770
[18:01:03.763] [SEVERE ] updating countdown to 41675
[18:01:03.859] [SEVERE ] updating countdown to 41579
[18:01:03.955] [SEVERE ] updating countdown to 41483
[18:01:04.050] [SEVERE ] updating countdown to 41388
[18:01:04.145] [SEVERE ] updating countdown to 41293
[18:01:04.241] [SEVERE ] updating countdown to 41197
[18:01:04.337] [SEVERE ] updating countdown to 41101
[18:01:04.433] [SEVERE ] updating countdown to 41005
[18:01:04.528] [SEVERE ] updating countdown to 40910
[18:01:04.624] [SEVERE ] updating countdown to 40814
[18:01:04.720] [SEVERE ] updating countdown to 40718
[18:01:04.815] [SEVERE ] updating countdown to 40623
[18:01:04.911] [SEVERE ] updating countdown to 40527
[18:01:05.007] [SEVERE ] updating countdown to 40431
[18:01:05.102] [SEVERE ] updating countdown to 40336
[18:01:05.198] [SEVERE ] updating countdown to 40240
[18:01:05.293] [SEVERE ] updating countdown to 40145
[18:01:05.389] [SEVERE ] updating countdown to 40049
[18:01:05.485] [SEVERE ] updating countdown to 39953
[18:01:05.581] [SEVERE ] updating countdown to 39857
[18:01:05.676] [SEVERE ] updating countdown to 39762
[18:01:05.772] [SEVERE ] updating countdown to 39666
[18:01:05.868] [SEVERE ] updating countdown to 39570
[18:01:05.963] [SEVERE ] updating countdown to 39475
[18:01:06.058] [SEVERE ] updating countdown to 39380
[18:01:06.154] [SEVERE ] updating countdown to 39284
[18:01:06.249] [SEVERE ] updating countdown to 39189
[18:01:06.344] [SEVERE ] updating countdown to 39094
[18:01:06.440] [SEVERE ] updating countdown to 38998
[18:01:06.535] [SEVERE ] updating countdown to 38903
[18:01:06.630] [SEVERE ] updating countdown to 38808
[18:01:06.728] [SEVERE ] updating countdown to 38711
[18:01:06.829] [SEVERE ] updating countdown to 38609
[18:01:06.925] [SEVERE ] updating countdown to 38513
[18:01:07.020] [SEVERE ] updating countdown to 38418
[18:01:07.115] [SEVERE ] updating countdown to 38323
[18:01:07.211] [SEVERE ] updating countdown to 38227
[18:01:07.306] [SEVERE ] updating countdown to 38132
[18:01:07.401] [SEVERE ] updating countdown to 38037
[18:01:07.497] [SEVERE ] updating countdown to 37941
[18:01:07.593] [SEVERE ] updating countdown to 37845
[18:01:07.689] [SEVERE ] updating countdown to 37749
[18:01:07.784] [SEVERE ] updating countdown to 37654
[18:01:07.879] [SEVERE ] updating countdown to 37559
[18:01:07.975] [SEVERE ] updating countdown to 37463
[18:01:08.070] [SEVERE ] updating countdown to 37368
[18:01:08.166] [SEVERE ] updating countdown to 37272
[18:01:08.261] [SEVERE ] updating countdown to 37177
[18:01:08.356] [SEVERE ] updating countdown to 37082
[18:01:08.452] [SEVERE ] updating countdown to 36986
[18:01:08.548] [SEVERE ] updating countdown to 36890
[18:01:08.643] [SEVERE ] updating countdown to 36795
[18:01:08.738] [SEVERE ] updating countdown to 36700
[18:01:08.834] [SEVERE ] updating countdown to 36604
[18:01:08.929] [SEVERE ] updating countdown to 36509
[18:01:09.025] [SEVERE ] updating countdown to 36413
[18:01:09.121] [SEVERE ] updating countdown to 36317
[18:01:09.216] [SEVERE ] updating countdown to 36222
[18:01:09.312] [SEVERE ] updating countdown to 36126
[18:01:09.407] [SEVERE ] updating countdown to 36031
[18:01:09.503] [SEVERE ] updating countdown to 35935
[18:01:09.599] [SEVERE ] updating countdown to 35839
[18:01:09.694] [SEVERE ] updating countdown to 35744
[18:01:09.790] [SEVERE ] updating countdown to 35648
[18:01:09.886] [SEVERE ] updating countdown to 35552
[18:01:09.981] [SEVERE ] updating countdown to 35457
[18:01:10.077] [SEVERE ] updating countdown to 35361
[18:01:10.172] [SEVERE ] updating countdown to 35266
[18:01:10.267] [SEVERE ] updating countdown to 35171
[18:01:10.363] [SEVERE ] updating countdown to 35075
[18:01:10.459] [SEVERE ] updating countdown to 34979
[18:01:10.554] [SEVERE ] updating countdown to 34884
[18:01:10.649] [SEVERE ] updating countdown to 34789
[18:01:10.744] [SEVERE ] updating countdown to 34694
[18:01:10.840] [SEVERE ] updating countdown to 34598
[18:01:10.935] [SEVERE ] updating countdown to 34503
[18:01:11.031] [SEVERE ] updating countdown to 34407
[18:01:11.126] [SEVERE ] updating countdown to 34312
[18:01:11.221] [SEVERE ] updating countdown to 34217
[18:01:11.316] [SEVERE ] updating countdown to 34122
[18:01:11.412] [SEVERE ] updating countdown to 34026
[18:01:11.507] [SEVERE ] updating countdown to 33931
[18:01:11.602] [SEVERE ] updating countdown to 33836
[18:01:11.698] [SEVERE ] updating countdown to 33740
[18:01:11.794] [SEVERE ] updating countdown to 33644
[18:01:11.889] [SEVERE ] updating countdown to 33549
[18:01:11.984] [SEVERE ] updating countdown to 33454
[18:01:12.080] [SEVERE ] updating countdown to 33358
[18:01:12.175] [SEVERE ] updating countdown to 33263
[18:01:12.270] [SEVERE ] updating countdown to 33168
[18:01:12.366] [SEVERE ] updating countdown to 33072
[18:01:12.462] [SEVERE ] updating countdown to 32976
[18:01:12.557] [SEVERE ] updating countdown to 32881
[18:01:12.653] [SEVERE ] updating countdown to 32785
[18:01:12.749] [SEVERE ] updating countdown to 32689
[18:01:12.845] [SEVERE ] updating countdown to 32593
[18:01:12.940] [SEVERE ] updating countdown to 32498
[18:01:13.035] [SEVERE ] updating countdown to 32403
[18:01:13.131] [SEVERE ] updating countdown to 32307
[18:01:13.227] [SEVERE ] updating countdown to 32211
[18:01:13.322] [SEVERE ] updating countdown to 32116
[18:01:13.418] [SEVERE ] updating countdown to 32020
[18:01:13.514] [SEVERE ] updating countdown to 31924
[18:01:13.610] [SEVERE ] updating countdown to 31828
[18:01:13.706] [SEVERE ] updating countdown to 31732
[18:01:13.801] [SEVERE ] updating countdown to 31637
[18:01:13.897] [SEVERE ] updating countdown to 31541
[18:01:13.993] [SEVERE ] updating countdown to 31445
[18:01:14.089] [SEVERE ] updating countdown to 31349
[18:01:14.184] [SEVERE ] updating countdown to 31254
[18:01:14.279] [SEVERE ] updating countdown to 31159
[18:01:14.374] [SEVERE ] updating countdown to 31064
[18:01:14.472] [SEVERE ] updating countdown to 30966
[18:01:14.568] [SEVERE ] updating countdown to 30870
[18:01:14.663] [SEVERE ] updating countdown to 30775
[18:01:14.759] [SEVERE ] updating countdown to 30679
[18:01:14.854] [SEVERE ] updating countdown to 30584
[18:01:14.950] [SEVERE ] updating countdown to 30488
[18:01:15.046] [SEVERE ] updating countdown to 30392
[18:01:15.142] [SEVERE ] updating countdown to 30296
[18:01:15.238] [SEVERE ] updating countdown to 30200
[18:01:15.334] [SEVERE ] updating countdown to 30104
[18:01:15.430] [SEVERE ] updating countdown to 30008
[18:01:15.525] [SEVERE ] updating countdown to 29913
[18:01:15.620] [SEVERE ] updating countdown to 29818
[18:01:15.716] [SEVERE ] updating countdown to 29722
[18:01:15.812] [SEVERE ] updating countdown to 29626
[18:01:15.908] [SEVERE ] updating countdown to 29530
[18:01:16.004] [SEVERE ] updating countdown to 29434
[18:01:16.099] [SEVERE ] updating countdown to 29339
[18:01:16.195] [SEVERE ] updating countdown to 29243
[18:01:16.290] [SEVERE ] updating countdown to 29148
[18:01:16.385] [SEVERE ] updating countdown to 29053
[18:01:16.481] [SEVERE ] updating countdown to 28957
[18:01:16.577] [SEVERE ] updating countdown to 28861
[18:01:16.673] [SEVERE ] updating countdown to 28765
[18:01:16.769] [SEVERE ] updating countdown to 28669
[18:01:16.864] [SEVERE ] updating countdown to 28574
[18:01:16.960] [SEVERE ] updating countdown to 28478
[18:01:17.055] [SEVERE ] updating countdown to 28383
[18:01:17.151] [SEVERE ] updating countdown to 28287
[18:01:17.247] [SEVERE ] updating countdown to 28191
[18:01:17.343] [SEVERE ] updating countdown to 28095
[18:01:17.439] [SEVERE ] updating countdown to 27999
[18:01:17.535] [SEVERE ] updating countdown to 27903
[18:01:17.665] [SEVERE ] updating countdown to 27773
[18:01:17.761] [SEVERE ] updating countdown to 27677
[18:01:17.856] [SEVERE ] updating countdown to 27582
[18:01:17.952] [SEVERE ] updating countdown to 27486
[18:01:18.048] [SEVERE ] updating countdown to 27390
[18:01:18.143] [SEVERE ] updating countdown to 27295
[18:01:18.239] [SEVERE ] updating countdown to 27199
[18:01:18.335] [SEVERE ] updating countdown to 27103
[18:01:18.431] [SEVERE ] updating countdown to 27007
[18:01:18.526] [SEVERE ] updating countdown to 26912
[18:01:18.622] [SEVERE ] updating countdown to 26816
[18:01:18.717] [SEVERE ] updating countdown to 26721
[18:01:18.813] [SEVERE ] updating countdown to 26625
[18:01:18.909] [SEVERE ] updating countdown to 26529
[18:01:19.004] [SEVERE ] updating countdown to 26434
[18:01:19.100] [SEVERE ] updating countdown to 26338
[18:01:19.195] [SEVERE ] updating countdown to 26243
[18:01:19.290] [SEVERE ] updating countdown to 26148
[18:01:19.386] [SEVERE ] updating countdown to 26052
[18:01:19.482] [SEVERE ] updating countdown to 25956
[18:01:19.578] [SEVERE ] updating countdown to 25860
[18:01:19.674] [SEVERE ] updating countdown to 25764
[18:01:19.770] [SEVERE ] updating countdown to 25668
[18:01:19.865] [SEVERE ] updating countdown to 25573
[18:01:19.960] [SEVERE ] updating countdown to 25478
[18:01:20.055] [SEVERE ] updating countdown to 25383
[18:01:20.150] [SEVERE ] updating countdown to 25288
[18:01:20.246] [SEVERE ] updating countdown to 25192
[18:01:20.342] [SEVERE ] updating countdown to 25096
[18:01:20.437] [SEVERE ] updating countdown to 25001
[18:01:20.533] [SEVERE ] updating countdown to 24905
[18:01:20.628] [SEVERE ] updating countdown to 24810
[18:01:20.723] [SEVERE ] updating countdown to 24715
[18:01:20.819] [SEVERE ] updating countdown to 24619
[18:01:20.915] [SEVERE ] updating countdown to 24523
[18:01:21.011] [SEVERE ] updating countdown to 24427
[18:01:21.107] [SEVERE ] updating countdown to 24331
[18:01:21.202] [SEVERE ] updating countdown to 24236
[18:01:21.297] [SEVERE ] updating countdown to 24141
[18:01:21.392] [SEVERE ] updating countdown to 24046
[18:01:21.487] [SEVERE ] updating countdown to 23951
[18:01:21.583] [SEVERE ] updating countdown to 23855
[18:01:21.678] [SEVERE ] updating countdown to 23760
[18:01:21.774] [SEVERE ] updating countdown to 23664
[18:01:21.869] [SEVERE ] updating countdown to 23569
[18:01:21.964] [SEVERE ] updating countdown to 23474
[18:01:22.059] [SEVERE ] updating countdown to 23379
[18:01:22.155] [SEVERE ] updating countdown to 23283
[18:01:22.250] [SEVERE ] updating countdown to 23188
[18:01:22.346] [SEVERE ] updating countdown to 23092
[18:01:22.442] [SEVERE ] updating countdown to 22996
[18:01:22.538] [SEVERE ] updating countdown to 22900
[18:01:22.633] [SEVERE ] updating countdown to 22805
[18:01:22.729] [SEVERE ] updating countdown to 22709
[18:01:22.824] [SEVERE ] updating countdown to 22614
[18:01:22.919] [SEVERE ] updating countdown to 22519
[18:01:23.015] [SEVERE ] updating countdown to 22423
[18:01:23.111] [SEVERE ] updating countdown to 22327
[18:01:23.207] [SEVERE ] updating countdown to 22231
[18:01:23.302] [SEVERE ] updating countdown to 22136
[18:01:23.398] [SEVERE ] updating countdown to 22040
[18:01:23.493] [SEVERE ] updating countdown to 21945
[18:01:23.589] [SEVERE ] updating countdown to 21849
[18:01:23.684] [SEVERE ] updating countdown to 21754
[18:01:23.780] [SEVERE ] updating countdown to 21658
[18:01:23.875] [SEVERE ] updating countdown to 21563
[18:01:23.971] [SEVERE ] updating countdown to 21467
[18:01:24.067] [SEVERE ] updating countdown to 21371
[18:01:24.162] [SEVERE ] updating countdown to 21276
[18:01:24.257] [SEVERE ] updating countdown to 21181
[18:01:24.353] [SEVERE ] updating countdown to 21085
[18:01:24.449] [SEVERE ] updating countdown to 20989
[18:01:24.544] [SEVERE ] updating countdown to 20894
[18:01:24.639] [SEVERE ] updating countdown to 20799
[18:01:24.734] [SEVERE ] updating countdown to 20704
[18:01:24.830] [SEVERE ] updating countdown to 20608
[18:01:24.925] [SEVERE ] updating countdown to 20513
[18:01:25.021] [SEVERE ] updating countdown to 20417
[18:01:25.116] [SEVERE ] updating countdown to 20322
[18:01:25.212] [SEVERE ] updating countdown to 20226
[18:01:25.307] [SEVERE ] updating countdown to 20131
[18:01:25.403] [SEVERE ] updating countdown to 20035
[18:01:25.499] [SEVERE ] updating countdown to 19939
[18:01:25.594] [SEVERE ] updating countdown to 19844
[18:01:25.689] [SEVERE ] updating countdown to 19749
[18:01:25.785] [SEVERE ] updating countdown to 19653
[18:01:25.880] [SEVERE ] updating countdown to 19558
[18:01:25.976] [SEVERE ] updating countdown to 19462
[18:01:26.071] [SEVERE ] updating countdown to 19367
[18:01:26.167] [SEVERE ] updating countdown to 19271
[18:01:26.263] [SEVERE ] updating countdown to 19175
[18:01:26.358] [SEVERE ] updating countdown to 19080
[18:01:26.453] [SEVERE ] updating countdown to 18985
[18:01:26.549] [SEVERE ] updating countdown to 18889
[18:01:26.644] [SEVERE ] updating countdown to 18794
[18:01:26.740] [SEVERE ] updating countdown to 18698
[18:01:26.836] [SEVERE ] updating countdown to 18602
[18:01:26.932] [SEVERE ] updating countdown to 18506
[18:01:27.028] [SEVERE ] updating countdown to 18410
[18:01:27.124] [SEVERE ] updating countdown to 18314
[18:01:27.219] [SEVERE ] updating countdown to 18219
[18:01:27.315] [SEVERE ] updating countdown to 18123
[18:01:27.410] [SEVERE ] updating countdown to 18028
[18:01:27.505] [SEVERE ] updating countdown to 17933
[18:01:27.601] [SEVERE ] updating countdown to 17837
[18:01:27.697] [SEVERE ] updating countdown to 17741
[18:01:27.792] [SEVERE ] updating countdown to 17646
[18:01:27.888] [SEVERE ] updating countdown to 17550
[18:01:27.983] [SEVERE ] updating countdown to 17455
[18:01:28.079] [SEVERE ] updating countdown to 17359
[18:01:28.174] [SEVERE ] updating countdown to 17264
