[20:30:10.938] [INFO   ] thread bguspl.set.Main.main() starting.
[20:30:10.941] [SEVERE ] cannot read configuration file config.properties trying from resources.
[20:30:10.942] [SEVERE ] configuration file was loaded from resources directory.
[20:30:11.501] [INFO   ] thread dealer starting.
[20:30:11.502] [INFO   ] thread dealer starting.
[20:30:11.503] [INFO   ] thread Thread-1 starting.
[20:30:11.503] [INFO   ] thread Thread-4 starting.
[20:30:11.503] [INFO   ] thread Thread-3 starting.
[20:30:11.503] [INFO   ] thread Thread-2 starting.
[20:30:11.505] [INFO   ] thread computer-2 starting.
[20:30:11.505] [INFO   ] thread computer-3 starting.
[20:30:11.612] [SEVERE ] placing card 49 in slot 0
[20:30:11.721] [SEVERE ] placing card 17 in slot 1
[20:30:11.832] [SEVERE ] placing card 26 in slot 2
[20:30:11.943] [SEVERE ] placing card 65 in slot 3
[20:30:12.051] [SEVERE ] placing card 6 in slot 4
[20:30:12.162] [SEVERE ] placing card 37 in slot 5
[20:30:12.272] [SEVERE ] placing card 16 in slot 6
[20:30:12.383] [SEVERE ] placing card 40 in slot 7
[20:30:12.493] [SEVERE ] placing card 21 in slot 8
[20:30:12.604] [SEVERE ] placing card 19 in slot 9
[20:30:12.713] [SEVERE ] placing card 43 in slot 10
[20:30:12.824] [SEVERE ] placing card 55 in slot 11
[20:30:12.825] [SEVERE ] updating countdown to 60000
[20:30:12.829] [SEVERE ] player 4 placing token on slot 6
[20:30:12.830] [SEVERE ] player 4 placing token on slot 9
[20:30:12.831] [SEVERE ] player 4 placing token on slot 1
[20:30:12.829] [SEVERE ] player 3 placing token on slot 7
[20:30:12.833] [SEVERE ] player 3 placing token on slot 3
[20:30:12.834] [SEVERE ] player 3 placing token on slot 2
[20:30:12.836] [SEVERE ] updating countdown to 59989
[20:30:12.837] [SEVERE ] setting player 4 freeze to 3000
[20:30:12.933] [SEVERE ] updating countdown to 59892
[20:30:12.933] [SEVERE ] setting player 3 freeze to 3000
[20:30:13.029] [SEVERE ] updating countdown to 59796
[20:30:13.124] [SEVERE ] updating countdown to 59701
[20:30:13.220] [SEVERE ] updating countdown to 59605
[20:30:13.316] [SEVERE ] updating countdown to 59509
[20:30:13.411] [SEVERE ] updating countdown to 59414
[20:30:13.506] [SEVERE ] updating countdown to 59319
[20:30:13.602] [SEVERE ] updating countdown to 59223
[20:30:13.697] [SEVERE ] updating countdown to 59128
[20:30:13.792] [SEVERE ] updating countdown to 59033
[20:30:13.888] [SEVERE ] updating countdown to 58937
[20:30:13.983] [SEVERE ] updating countdown to 58842
[20:30:14.079] [SEVERE ] updating countdown to 58746
[20:30:14.174] [SEVERE ] updating countdown to 58651
[20:30:14.269] [SEVERE ] updating countdown to 58556
[20:30:14.365] [SEVERE ] updating countdown to 58460
[20:30:14.461] [SEVERE ] updating countdown to 58364
[20:30:14.556] [SEVERE ] updating countdown to 58269
[20:30:14.652] [SEVERE ] updating countdown to 58173
[20:30:14.747] [SEVERE ] updating countdown to 58078
[20:30:14.843] [SEVERE ] updating countdown to 57982
[20:30:14.940] [SEVERE ] updating countdown to 57885
[20:30:15.036] [SEVERE ] updating countdown to 57789
[20:30:15.131] [SEVERE ] updating countdown to 57694
[20:30:15.227] [SEVERE ] updating countdown to 57598
[20:30:15.323] [SEVERE ] updating countdown to 57502
[20:30:15.419] [SEVERE ] updating countdown to 57406
[20:30:15.514] [SEVERE ] updating countdown to 57311
[20:30:15.609] [SEVERE ] updating countdown to 57216
[20:30:15.705] [SEVERE ] updating countdown to 57120
[20:30:15.801] [SEVERE ] updating countdown to 57024
[20:30:15.897] [SEVERE ] updating countdown to 56928
[20:30:15.992] [SEVERE ] updating countdown to 56833
[20:30:16.087] [SEVERE ] updating countdown to 56738
[20:30:16.182] [SEVERE ] updating countdown to 56643
[20:30:16.278] [SEVERE ] updating countdown to 56547
[20:30:16.373] [SEVERE ] updating countdown to 56452
[20:30:16.469] [SEVERE ] updating countdown to 56356
[20:30:16.565] [SEVERE ] updating countdown to 56260
[20:30:16.661] [SEVERE ] updating countdown to 56164
[20:30:16.756] [SEVERE ] updating countdown to 56069
[20:30:16.852] [SEVERE ] updating countdown to 55973
[20:30:16.947] [SEVERE ] updating countdown to 55878
[20:30:17.043] [SEVERE ] updating countdown to 55782
[20:30:17.138] [SEVERE ] updating countdown to 55687
[20:30:17.233] [SEVERE ] updating countdown to 55592
[20:30:17.329] [SEVERE ] updating countdown to 55496
[20:30:17.424] [SEVERE ] updating countdown to 55401
[20:30:17.520] [SEVERE ] updating countdown to 55305
[20:30:17.616] [SEVERE ] updating countdown to 55209
[20:30:17.711] [SEVERE ] updating countdown to 55114
[20:30:17.807] [SEVERE ] updating countdown to 55018
[20:30:17.903] [SEVERE ] updating countdown to 54922
[20:30:17.999] [SEVERE ] updating countdown to 54826
[20:30:18.094] [SEVERE ] updating countdown to 54731
[20:30:18.189] [SEVERE ] updating countdown to 54636
[20:30:18.284] [SEVERE ] updating countdown to 54541
[20:30:18.380] [SEVERE ] updating countdown to 54445
[20:30:18.475] [SEVERE ] updating countdown to 54350
[20:30:18.570] [SEVERE ] updating countdown to 54255
[20:30:18.666] [SEVERE ] updating countdown to 54159
[20:30:18.761] [SEVERE ] updating countdown to 54064
[20:30:18.840] [SEVERE ] setting player 4 freeze to 0
[20:30:18.840] [SEVERE ] removing player 4 token from slot 9
[20:30:18.840] [SEVERE ] player 4 placing token on slot 11
[20:30:18.841] [SEVERE ] updating countdown to 53984
[20:30:18.842] [SEVERE ] setting player 4 freeze to 3000
[20:30:18.935] [SEVERE ] setting player 3 freeze to 0
[20:30:18.935] [SEVERE ] removing player 3 token from slot 2
[20:30:18.935] [SEVERE ] player 3 placing token on slot 5
[20:30:18.936] [SEVERE ] updating countdown to 53889
[20:30:18.936] [SEVERE ] setting player 3 freeze to 3000
[20:30:19.032] [SEVERE ] updating countdown to 53793
[20:30:19.127] [SEVERE ] updating countdown to 53698
[20:30:19.223] [SEVERE ] updating countdown to 53602
[20:30:19.319] [SEVERE ] updating countdown to 53506
[20:30:19.414] [SEVERE ] updating countdown to 53411
[20:30:19.509] [SEVERE ] updating countdown to 53316
[20:30:19.604] [SEVERE ] updating countdown to 53221
[20:30:19.699] [SEVERE ] updating countdown to 53126
[20:30:19.795] [SEVERE ] updating countdown to 53030
[20:30:19.890] [SEVERE ] updating countdown to 52935
[20:30:19.985] [SEVERE ] updating countdown to 52840
[20:30:20.082] [SEVERE ] updating countdown to 52743
[20:30:20.177] [SEVERE ] updating countdown to 52648
[20:30:20.272] [SEVERE ] updating countdown to 52553
[20:30:20.368] [SEVERE ] updating countdown to 52457
[20:30:20.464] [SEVERE ] updating countdown to 52361
[20:30:20.559] [SEVERE ] updating countdown to 52266
[20:30:20.654] [SEVERE ] updating countdown to 52171
[20:30:20.750] [SEVERE ] updating countdown to 52075
[20:30:20.845] [SEVERE ] updating countdown to 51980
[20:30:20.941] [SEVERE ] updating countdown to 51884
[20:30:21.036] [SEVERE ] updating countdown to 51789
[20:30:21.131] [SEVERE ] updating countdown to 51694
[20:30:21.227] [SEVERE ] updating countdown to 51598
[20:30:21.322] [SEVERE ] updating countdown to 51503
[20:30:21.418] [SEVERE ] updating countdown to 51407
[20:30:21.513] [SEVERE ] updating countdown to 51312
[20:30:21.608] [SEVERE ] updating countdown to 51217
[20:30:21.704] [SEVERE ] updating countdown to 51121
[20:30:21.799] [SEVERE ] updating countdown to 51026
[20:30:21.894] [SEVERE ] updating countdown to 50931
[20:30:21.989] [SEVERE ] updating countdown to 50836
[20:30:22.084] [SEVERE ] updating countdown to 50741
[20:30:22.180] [SEVERE ] updating countdown to 50645
[20:30:22.276] [SEVERE ] updating countdown to 50549
[20:30:22.371] [SEVERE ] updating countdown to 50454
[20:30:22.466] [SEVERE ] updating countdown to 50359
[20:30:22.562] [SEVERE ] updating countdown to 50263
[20:30:22.657] [SEVERE ] updating countdown to 50168
[20:30:22.753] [SEVERE ] updating countdown to 50072
[20:30:22.849] [SEVERE ] updating countdown to 49976
[20:30:22.944] [SEVERE ] updating countdown to 49881
[20:30:23.040] [SEVERE ] updating countdown to 49785
[20:30:23.135] [SEVERE ] updating countdown to 49690
[20:30:23.230] [SEVERE ] updating countdown to 49595
[20:30:23.325] [SEVERE ] updating countdown to 49500
[20:30:23.421] [SEVERE ] updating countdown to 49404
[20:30:23.516] [SEVERE ] updating countdown to 49309
[20:30:23.612] [SEVERE ] updating countdown to 49213
[20:30:23.707] [SEVERE ] updating countdown to 49118
[20:30:23.803] [SEVERE ] updating countdown to 49022
[20:30:23.899] [SEVERE ] updating countdown to 48926
[20:30:23.904] [SEVERE ] key 65 was pressed by player 1
[20:30:23.904] [SEVERE ] player 1 placing token on slot 4
[20:30:23.948] [SEVERE ] key 83 was pressed by player 1
[20:30:23.948] [SEVERE ] player 1 placing token on slot 5
[20:30:23.995] [SEVERE ] updating countdown to 48830
[20:30:24.031] [SEVERE ] key 68 was pressed by player 1
[20:30:24.031] [SEVERE ] player 1 placing token on slot 6
[20:30:24.033] [SEVERE ] updating countdown to 48792
[20:30:24.034] [SEVERE ] setting player 1 freeze to 3000
[20:30:24.129] [SEVERE ] updating countdown to 48696
[20:30:24.224] [SEVERE ] updating countdown to 48601
[20:30:24.320] [SEVERE ] updating countdown to 48505
[20:30:24.415] [SEVERE ] updating countdown to 48410
[20:30:24.510] [SEVERE ] updating countdown to 48315
[20:30:24.605] [SEVERE ] updating countdown to 48220
[20:30:24.701] [SEVERE ] updating countdown to 48124
[20:30:24.797] [SEVERE ] updating countdown to 48028
[20:30:24.844] [SEVERE ] setting player 4 freeze to 0
[20:30:24.844] [SEVERE ] removing player 4 token from slot 11
[20:30:24.844] [SEVERE ] player 4 placing token on slot 10
[20:30:24.845] [SEVERE ] updating countdown to 47980
[20:30:24.846] [SEVERE ] setting player 4 freeze to 3000
[20:30:24.939] [SEVERE ] setting player 3 freeze to 0
[20:30:24.939] [SEVERE ] removing player 3 token from slot 3
[20:30:24.939] [SEVERE ] player 3 placing token on slot 4
[20:30:24.939] [SEVERE ] updating countdown to 47886
[20:30:24.940] [SEVERE ] setting player 3 freeze to 3000
[20:30:25.036] [SEVERE ] updating countdown to 47789
[20:30:25.131] [SEVERE ] updating countdown to 47694
[20:30:25.227] [SEVERE ] updating countdown to 47598
[20:30:25.323] [SEVERE ] updating countdown to 47502
[20:30:25.419] [SEVERE ] updating countdown to 47406
[20:30:25.514] [SEVERE ] updating countdown to 47311
[20:30:25.609] [SEVERE ] updating countdown to 47216
[20:30:25.704] [SEVERE ] updating countdown to 47121
[20:30:25.800] [SEVERE ] updating countdown to 47025
[20:30:25.896] [SEVERE ] updating countdown to 46929
[20:30:25.992] [SEVERE ] updating countdown to 46833
[20:30:26.088] [SEVERE ] updating countdown to 46737
[20:30:26.184] [SEVERE ] updating countdown to 46641
[20:30:26.279] [SEVERE ] updating countdown to 46546
[20:30:26.375] [SEVERE ] updating countdown to 46450
[20:30:26.471] [SEVERE ] updating countdown to 46354
[20:30:26.519] [SEVERE ] key 76 was pressed by player 2
[20:30:26.519] [SEVERE ] player 2 placing token on slot 6
[20:30:26.566] [SEVERE ] updating countdown to 46259
[20:30:26.638] [SEVERE ] key 75 was pressed by player 2
[20:30:26.639] [SEVERE ] player 2 placing token on slot 5
[20:30:26.662] [SEVERE ] updating countdown to 46163
[20:30:26.700] [SEVERE ] key 74 was pressed by player 2
[20:30:26.701] [SEVERE ] player 2 placing token on slot 4
[20:30:26.702] [SEVERE ] updating countdown to 46123
[20:30:26.703] [SEVERE ] setting player 2 freeze to 3000
[20:30:26.798] [SEVERE ] updating countdown to 46027
[20:30:26.893] [SEVERE ] updating countdown to 45932
[20:30:26.988] [SEVERE ] updating countdown to 45837
[20:30:27.036] [SEVERE ] setting player 1 freeze to 0
[20:30:27.084] [SEVERE ] updating countdown to 45741
[20:30:27.179] [SEVERE ] updating countdown to 45646
[20:30:27.274] [SEVERE ] updating countdown to 45551
[20:30:27.370] [SEVERE ] updating countdown to 45455
[20:30:27.465] [SEVERE ] updating countdown to 45360
[20:30:27.560] [SEVERE ] updating countdown to 45265
[20:30:27.656] [SEVERE ] updating countdown to 45169
[20:30:27.752] [SEVERE ] updating countdown to 45073
[20:30:27.847] [SEVERE ] updating countdown to 44978
[20:30:27.942] [SEVERE ] updating countdown to 44883
[20:30:28.038] [SEVERE ] updating countdown to 44787
[20:30:28.134] [SEVERE ] updating countdown to 44691
[20:30:28.230] [SEVERE ] updating countdown to 44595
[20:30:28.325] [SEVERE ] updating countdown to 44500
[20:30:28.420] [SEVERE ] updating countdown to 44405
[20:30:28.516] [SEVERE ] updating countdown to 44309
[20:30:28.612] [SEVERE ] updating countdown to 44213
[20:30:28.707] [SEVERE ] updating countdown to 44118
[20:30:28.803] [SEVERE ] updating countdown to 44022
[20:30:28.899] [SEVERE ] updating countdown to 43926
[20:30:28.994] [SEVERE ] updating countdown to 43831
[20:30:29.090] [SEVERE ] updating countdown to 43735
[20:30:29.185] [SEVERE ] updating countdown to 43640
[20:30:29.281] [SEVERE ] updating countdown to 43544
[20:30:29.377] [SEVERE ] updating countdown to 43448
[20:30:29.473] [SEVERE ] updating countdown to 43352
[20:30:29.569] [SEVERE ] updating countdown to 43256
[20:30:29.664] [SEVERE ] updating countdown to 43161
[20:30:29.704] [SEVERE ] setting player 2 freeze to 0
[20:30:29.759] [SEVERE ] updating countdown to 43066
[20:30:29.854] [SEVERE ] updating countdown to 42971
[20:30:29.949] [SEVERE ] updating countdown to 42876
[20:30:30.045] [SEVERE ] updating countdown to 42780
[20:30:30.141] [SEVERE ] updating countdown to 42684
[20:30:30.237] [SEVERE ] updating countdown to 42588
[20:30:30.332] [SEVERE ] updating countdown to 42493
[20:30:30.427] [SEVERE ] updating countdown to 42398
[20:30:30.523] [SEVERE ] updating countdown to 42302
[20:30:30.618] [SEVERE ] updating countdown to 42207
[20:30:30.714] [SEVERE ] updating countdown to 42111
[20:30:30.810] [SEVERE ] updating countdown to 42015
[20:30:30.850] [SEVERE ] setting player 4 freeze to 0
[20:30:30.850] [SEVERE ] removing player 4 token from slot 1
[20:30:30.850] [SEVERE ] removing player 4 token from slot 6
[20:30:30.850] [SEVERE ] player 4 placing token on slot 0
[20:30:30.850] [SEVERE ] player 4 placing token on slot 4
[20:30:30.851] [SEVERE ] updating countdown to 41974
[20:30:30.851] [SEVERE ] setting player 4 freeze to 3000
[20:30:30.946] [SEVERE ] updating countdown to 41879
[20:30:30.948] [SEVERE ] setting player 3 freeze to 0
[20:30:30.948] [SEVERE ] removing player 3 token from slot 7
[20:30:30.948] [SEVERE ] player 3 placing token on slot 2
[20:30:30.949] [SEVERE ] updating countdown to 41876
[20:30:30.949] [SEVERE ] setting player 3 freeze to 3000
[20:30:31.044] [SEVERE ] updating countdown to 41781
[20:30:31.140] [SEVERE ] updating countdown to 41685
[20:30:31.235] [SEVERE ] updating countdown to 41590
[20:30:31.331] [SEVERE ] updating countdown to 41494
[20:30:31.427] [SEVERE ] updating countdown to 41398
[20:30:31.522] [SEVERE ] updating countdown to 41303
[20:30:31.618] [SEVERE ] updating countdown to 41207
[20:30:31.714] [SEVERE ] updating countdown to 41111
[20:30:31.809] [SEVERE ] updating countdown to 41016
[20:30:31.905] [SEVERE ] updating countdown to 40920
[20:30:32.000] [SEVERE ] updating countdown to 40825
[20:30:32.095] [SEVERE ] updating countdown to 40730
[20:30:32.191] [SEVERE ] updating countdown to 40634
[20:30:32.287] [SEVERE ] updating countdown to 40538
[20:30:32.382] [SEVERE ] updating countdown to 40443
[20:30:32.477] [SEVERE ] updating countdown to 40348
[20:30:32.573] [SEVERE ] updating countdown to 40252
[20:30:32.669] [SEVERE ] updating countdown to 40156
[20:30:32.764] [SEVERE ] updating countdown to 40061
[20:30:32.860] [SEVERE ] updating countdown to 39965
[20:30:32.955] [SEVERE ] updating countdown to 39870
[20:30:33.050] [SEVERE ] updating countdown to 39775
[20:30:33.146] [SEVERE ] updating countdown to 39679
[20:30:33.242] [SEVERE ] updating countdown to 39583
[20:30:33.337] [SEVERE ] updating countdown to 39488
[20:30:33.432] [SEVERE ] updating countdown to 39393
[20:30:33.528] [SEVERE ] updating countdown to 39297
[20:30:33.623] [SEVERE ] updating countdown to 39202
[20:30:33.719] [SEVERE ] updating countdown to 39106
[20:30:33.814] [SEVERE ] updating countdown to 39011
[20:30:33.910] [SEVERE ] updating countdown to 38915
[20:30:34.005] [SEVERE ] updating countdown to 38820
[20:30:34.101] [SEVERE ] updating countdown to 38724
[20:30:34.196] [SEVERE ] updating countdown to 38629
[20:30:34.292] [SEVERE ] updating countdown to 38533
[20:30:34.388] [SEVERE ] updating countdown to 38437
[20:30:34.483] [SEVERE ] updating countdown to 38342
[20:30:34.579] [SEVERE ] updating countdown to 38246
[20:30:34.675] [SEVERE ] updating countdown to 38150
[20:30:34.770] [SEVERE ] updating countdown to 38055
[20:30:34.866] [SEVERE ] updating countdown to 37959
[20:30:34.961] [SEVERE ] updating countdown to 37864
[20:30:35.056] [SEVERE ] updating countdown to 37769
[20:30:35.152] [SEVERE ] updating countdown to 37673
[20:30:35.248] [SEVERE ] updating countdown to 37577
[20:30:35.344] [SEVERE ] updating countdown to 37481
[20:30:35.440] [SEVERE ] updating countdown to 37385
[20:30:35.535] [SEVERE ] updating countdown to 37290
[20:30:35.631] [SEVERE ] updating countdown to 37194
[20:30:35.726] [SEVERE ] updating countdown to 37099
[20:30:35.821] [SEVERE ] updating countdown to 37004
[20:30:35.917] [SEVERE ] updating countdown to 36908
[20:30:36.012] [SEVERE ] updating countdown to 36813
[20:30:36.108] [SEVERE ] updating countdown to 36717
[20:30:36.204] [SEVERE ] updating countdown to 36621
[20:30:36.299] [SEVERE ] updating countdown to 36526
[20:30:36.394] [SEVERE ] updating countdown to 36431
[20:30:36.490] [SEVERE ] updating countdown to 36335
[20:30:36.585] [SEVERE ] updating countdown to 36240
[20:30:36.681] [SEVERE ] updating countdown to 36144
[20:30:36.776] [SEVERE ] updating countdown to 36049
[20:30:36.853] [SEVERE ] setting player 4 freeze to 0
[20:30:36.853] [SEVERE ] removing player 4 token from slot 4
[20:30:36.853] [SEVERE ] player 4 placing token on slot 7
[20:30:36.853] [SEVERE ] updating countdown to 35972
[20:30:36.854] [SEVERE ] setting player 4 freeze to 3000
[20:30:36.949] [SEVERE ] updating countdown to 35876
[20:30:36.952] [SEVERE ] setting player 3 freeze to 0
[20:30:36.952] [SEVERE ] removing player 3 token from slot 4
[20:30:36.952] [SEVERE ] player 3 placing token on slot 11
[20:30:36.952] [SEVERE ] updating countdown to 35873
[20:30:36.953] [SEVERE ] setting player 3 freeze to 3000
[20:30:37.048] [SEVERE ] updating countdown to 35777
[20:30:37.143] [SEVERE ] updating countdown to 35682
[20:30:37.238] [SEVERE ] updating countdown to 35587
[20:30:37.333] [SEVERE ] updating countdown to 35492
[20:30:37.428] [SEVERE ] updating countdown to 35397
[20:30:37.524] [SEVERE ] updating countdown to 35301
[20:30:37.620] [SEVERE ] updating countdown to 35205
[20:30:37.716] [SEVERE ] updating countdown to 35109
[20:30:37.811] [SEVERE ] updating countdown to 35014
[20:30:37.907] [SEVERE ] updating countdown to 34918
[20:30:38.002] [SEVERE ] updating countdown to 34823
[20:30:38.097] [SEVERE ] updating countdown to 34728
[20:30:38.193] [SEVERE ] updating countdown to 34632
[20:30:38.288] [SEVERE ] updating countdown to 34537
[20:30:38.383] [SEVERE ] updating countdown to 34442
[20:30:38.480] [SEVERE ] updating countdown to 34345
[20:30:38.576] [SEVERE ] updating countdown to 34249
[20:30:38.671] [SEVERE ] updating countdown to 34154
[20:30:38.766] [SEVERE ] updating countdown to 34059
[20:30:38.861] [SEVERE ] updating countdown to 33964
[20:30:38.957] [SEVERE ] updating countdown to 33868
[20:30:39.054] [SEVERE ] updating countdown to 33771
[20:30:39.149] [SEVERE ] updating countdown to 33676
[20:30:39.245] [SEVERE ] updating countdown to 33580
[20:30:39.340] [SEVERE ] updating countdown to 33485
[20:30:39.436] [SEVERE ] updating countdown to 33389
[20:30:39.532] [SEVERE ] updating countdown to 33293
[20:30:39.627] [SEVERE ] updating countdown to 33198
[20:30:39.723] [SEVERE ] updating countdown to 33102
[20:30:39.819] [SEVERE ] updating countdown to 33006
[20:30:39.914] [SEVERE ] updating countdown to 32911
[20:30:40.009] [SEVERE ] updating countdown to 32816
[20:30:40.105] [SEVERE ] updating countdown to 32720
[20:30:40.201] [SEVERE ] updating countdown to 32624
[20:30:40.297] [SEVERE ] updating countdown to 32528
[20:30:40.392] [SEVERE ] updating countdown to 32433
[20:30:40.488] [SEVERE ] updating countdown to 32337
[20:30:40.583] [SEVERE ] updating countdown to 32242
[20:30:40.679] [SEVERE ] updating countdown to 32146
[20:30:40.774] [SEVERE ] updating countdown to 32051
[20:30:40.870] [SEVERE ] updating countdown to 31955
[20:30:40.965] [SEVERE ] updating countdown to 31860
[20:30:41.060] [SEVERE ] updating countdown to 31765
[20:30:41.155] [SEVERE ] updating countdown to 31670
[20:30:41.251] [SEVERE ] updating countdown to 31574
[20:30:41.346] [SEVERE ] updating countdown to 31479
[20:30:41.441] [SEVERE ] updating countdown to 31384
[20:30:41.537] [SEVERE ] updating countdown to 31288
[20:30:41.632] [SEVERE ] updating countdown to 31193
[20:30:41.727] [SEVERE ] updating countdown to 31098
[20:30:41.822] [SEVERE ] updating countdown to 31003
[20:30:41.918] [SEVERE ] updating countdown to 30907
[20:30:42.014] [SEVERE ] updating countdown to 30811
[20:30:42.109] [SEVERE ] updating countdown to 30716
[20:30:42.205] [SEVERE ] updating countdown to 30620
[20:30:42.300] [SEVERE ] updating countdown to 30525
[20:30:42.395] [SEVERE ] updating countdown to 30430
[20:30:42.490] [SEVERE ] updating countdown to 30335
[20:30:42.586] [SEVERE ] updating countdown to 30239
[20:30:42.681] [SEVERE ] updating countdown to 30144
[20:30:42.777] [SEVERE ] updating countdown to 30048
[20:30:42.855] [SEVERE ] setting player 4 freeze to 0
[20:30:42.855] [SEVERE ] removing player 4 token from slot 7
[20:30:42.855] [SEVERE ] player 4 placing token on slot 6
[20:30:42.855] [SEVERE ] updating countdown to 29970
[20:30:42.856] [SEVERE ] setting player 4 freeze to 3000
[20:30:42.950] [SEVERE ] updating countdown to 29875
[20:30:42.955] [SEVERE ] setting player 3 freeze to 0
[20:30:42.955] [SEVERE ] removing player 3 token from slot 11
[20:30:42.955] [SEVERE ] player 3 placing token on slot 8
[20:30:42.955] [SEVERE ] updating countdown to 29870
[20:30:42.957] [SEVERE ] setting player 3 freeze to 3000
[20:30:43.053] [SEVERE ] updating countdown to 29772
[20:30:43.148] [SEVERE ] updating countdown to 29677
[20:30:43.244] [SEVERE ] updating countdown to 29581
[20:30:43.340] [SEVERE ] updating countdown to 29485
[20:30:43.436] [SEVERE ] updating countdown to 29389
[20:30:43.531] [SEVERE ] updating countdown to 29294
[20:30:43.628] [SEVERE ] updating countdown to 29198
[20:30:43.723] [SEVERE ] updating countdown to 29102
[20:30:43.819] [SEVERE ] updating countdown to 29006
[20:30:43.914] [SEVERE ] updating countdown to 28911
[20:30:44.010] [SEVERE ] updating countdown to 28815
[20:30:44.105] [SEVERE ] updating countdown to 28720
[20:30:44.201] [SEVERE ] updating countdown to 28624
[20:30:44.296] [SEVERE ] updating countdown to 28529
[20:30:44.392] [SEVERE ] updating countdown to 28433
[20:30:44.488] [SEVERE ] updating countdown to 28337
[20:30:44.583] [SEVERE ] updating countdown to 28242
[20:30:44.678] [SEVERE ] updating countdown to 28147
[20:30:44.773] [SEVERE ] updating countdown to 28052
[20:30:44.868] [SEVERE ] updating countdown to 27957
[20:30:44.963] [SEVERE ] updating countdown to 27862
[20:30:45.059] [SEVERE ] updating countdown to 27766
[20:30:45.155] [SEVERE ] updating countdown to 27670
[20:30:45.251] [SEVERE ] updating countdown to 27574
[20:30:45.346] [SEVERE ] updating countdown to 27479
[20:30:45.442] [SEVERE ] updating countdown to 27383
[20:30:45.538] [SEVERE ] updating countdown to 27287
[20:30:45.633] [SEVERE ] updating countdown to 27192
[20:30:45.728] [SEVERE ] updating countdown to 27097
[20:30:45.823] [SEVERE ] updating countdown to 27002
[20:30:45.919] [SEVERE ] updating countdown to 26906
[20:30:46.014] [SEVERE ] updating countdown to 26811
[20:30:46.110] [SEVERE ] updating countdown to 26715
[20:30:46.206] [SEVERE ] updating countdown to 26619
[20:30:46.301] [SEVERE ] updating countdown to 26524
[20:30:46.397] [SEVERE ] updating countdown to 26428
[20:30:46.492] [SEVERE ] updating countdown to 26333
[20:30:46.587] [SEVERE ] updating countdown to 26238
[20:30:46.683] [SEVERE ] updating countdown to 26142
[20:30:46.778] [SEVERE ] updating countdown to 26047
[20:30:46.873] [SEVERE ] updating countdown to 25952
[20:30:46.968] [SEVERE ] updating countdown to 25857
[20:30:47.063] [SEVERE ] updating countdown to 25762
[20:30:47.159] [SEVERE ] updating countdown to 25666
[20:30:47.255] [SEVERE ] updating countdown to 25570
[20:30:47.350] [SEVERE ] updating countdown to 25475
[20:30:47.446] [SEVERE ] updating countdown to 25379
[20:30:47.541] [SEVERE ] updating countdown to 25284
[20:30:47.637] [SEVERE ] updating countdown to 25188
[20:30:47.733] [SEVERE ] updating countdown to 25092
[20:30:47.829] [SEVERE ] updating countdown to 24996
[20:30:47.924] [SEVERE ] updating countdown to 24901
[20:30:48.020] [SEVERE ] updating countdown to 24805
[20:30:48.115] [SEVERE ] updating countdown to 24710
[20:30:48.210] [SEVERE ] updating countdown to 24615
[20:30:48.306] [SEVERE ] updating countdown to 24519
[20:30:48.401] [SEVERE ] updating countdown to 24424
[20:30:48.496] [SEVERE ] updating countdown to 24329
[20:30:48.592] [SEVERE ] updating countdown to 24233
[20:30:48.688] [SEVERE ] updating countdown to 24137
[20:30:48.784] [SEVERE ] updating countdown to 24041
[20:30:48.858] [SEVERE ] setting player 4 freeze to 0
[20:30:48.858] [SEVERE ] removing player 4 token from slot 10
[20:30:48.858] [SEVERE ] removing player 4 token from slot 0
[20:30:48.858] [SEVERE ] player 4 placing token on slot 10
[20:30:48.858] [SEVERE ] removing player 4 token from slot 10
[20:30:48.858] [SEVERE ] player 4 placing token on slot 8
[20:30:48.858] [SEVERE ] player 4 placing token on slot 3
[20:30:48.859] [SEVERE ] updating countdown to 23966
[20:30:48.859] [SEVERE ] setting player 4 freeze to 3000
[20:30:48.955] [SEVERE ] updating countdown to 23870
[20:30:48.961] [SEVERE ] setting player 3 freeze to 0
[20:30:48.961] [SEVERE ] removing player 3 token from slot 2
[20:30:48.961] [SEVERE ] player 3 placing token on slot 2
[20:30:48.961] [SEVERE ] updating countdown to 23864
[20:30:48.962] [SEVERE ] setting player 3 freeze to 3000
[20:30:49.057] [SEVERE ] updating countdown to 23768
[20:30:49.153] [SEVERE ] updating countdown to 23672
[20:30:49.248] [SEVERE ] updating countdown to 23577
[20:30:49.344] [SEVERE ] updating countdown to 23481
[20:30:49.439] [SEVERE ] updating countdown to 23386
[20:30:49.534] [SEVERE ] updating countdown to 23291
[20:30:49.630] [SEVERE ] updating countdown to 23195
[20:30:49.725] [SEVERE ] updating countdown to 23100
[20:30:49.821] [SEVERE ] updating countdown to 23004
[20:30:49.917] [SEVERE ] updating countdown to 22908
[20:30:50.012] [SEVERE ] updating countdown to 22813
[20:30:50.108] [SEVERE ] updating countdown to 22717
[20:30:50.204] [SEVERE ] updating countdown to 22621
[20:30:50.300] [SEVERE ] updating countdown to 22525
[20:30:50.396] [SEVERE ] updating countdown to 22429
[20:30:50.492] [SEVERE ] updating countdown to 22333
[20:30:50.587] [SEVERE ] updating countdown to 22238
[20:30:50.682] [SEVERE ] updating countdown to 22143
[20:30:50.777] [SEVERE ] updating countdown to 22048
[20:30:50.873] [SEVERE ] updating countdown to 21952
[20:30:50.969] [SEVERE ] updating countdown to 21856
[20:30:51.065] [SEVERE ] updating countdown to 21760
[20:30:51.161] [SEVERE ] updating countdown to 21664
[20:30:51.257] [SEVERE ] updating countdown to 21568
[20:30:51.352] [SEVERE ] updating countdown to 21473
[20:30:51.448] [SEVERE ] updating countdown to 21377
[20:30:51.544] [SEVERE ] updating countdown to 21281
[20:30:51.640] [SEVERE ] updating countdown to 21185
[20:30:51.735] [SEVERE ] updating countdown to 21090
[20:30:51.830] [SEVERE ] updating countdown to 20995
[20:30:51.926] [SEVERE ] updating countdown to 20899
[20:30:52.022] [SEVERE ] updating countdown to 20803
[20:30:52.117] [SEVERE ] updating countdown to 20708
[20:30:52.212] [SEVERE ] updating countdown to 20613
[20:30:52.308] [SEVERE ] updating countdown to 20517
[20:30:52.403] [SEVERE ] updating countdown to 20422
[20:30:52.499] [SEVERE ] updating countdown to 20326
[20:30:52.594] [SEVERE ] updating countdown to 20231
[20:30:52.690] [SEVERE ] updating countdown to 20135
[20:30:52.786] [SEVERE ] updating countdown to 20039
[20:30:52.881] [SEVERE ] updating countdown to 19944
[20:30:52.977] [SEVERE ] updating countdown to 19848
[20:30:53.072] [SEVERE ] updating countdown to 19753
[20:30:53.167] [SEVERE ] updating countdown to 19658
[20:30:53.262] [SEVERE ] updating countdown to 19563
[20:30:53.358] [SEVERE ] updating countdown to 19467
[20:30:53.453] [SEVERE ] updating countdown to 19372
[20:30:53.548] [SEVERE ] updating countdown to 19277
[20:30:53.644] [SEVERE ] updating countdown to 19181
[20:30:53.739] [SEVERE ] updating countdown to 19086
[20:30:53.835] [SEVERE ] updating countdown to 18990
[20:30:53.930] [SEVERE ] updating countdown to 18895
[20:30:54.025] [SEVERE ] updating countdown to 18800
[20:30:54.120] [SEVERE ] updating countdown to 18705
[20:30:54.216] [SEVERE ] updating countdown to 18609
[20:30:54.311] [SEVERE ] updating countdown to 18514
[20:30:54.406] [SEVERE ] updating countdown to 18419
[20:30:54.502] [SEVERE ] updating countdown to 18323
[20:30:54.598] [SEVERE ] updating countdown to 18227
[20:30:54.693] [SEVERE ] updating countdown to 18132
[20:30:54.789] [SEVERE ] updating countdown to 18036
[20:30:54.861] [SEVERE ] setting player 4 freeze to 0
[20:30:54.861] [SEVERE ] removing player 4 token from slot 8
[20:30:54.861] [SEVERE ] player 4 placing token on slot 9
[20:30:54.861] [SEVERE ] updating countdown to 17964
[20:30:54.862] [SEVERE ] setting player 4 freeze to 3000
[20:30:54.956] [SEVERE ] updating countdown to 17869
[20:30:54.965] [SEVERE ] setting player 3 freeze to 0
[20:30:54.965] [SEVERE ] removing player 3 token from slot 5
[20:30:54.965] [SEVERE ] player 3 placing token on slot 9
[20:30:54.966] [SEVERE ] setting player 3 score to 1
[20:30:54.967] [SEVERE ] setting player 3 freeze to 1000
[20:30:55.077] [SEVERE ] removing tokens from slot 2
[20:30:55.077] [SEVERE ] removing card from slot 2
[20:30:55.189] [SEVERE ] removing tokens from slot 8
[20:30:55.189] [SEVERE ] removing card from slot 8
[20:30:55.301] [SEVERE ] removing tokens from slot 9
[20:30:55.301] [SEVERE ] removing card from slot 9
[20:30:55.413] [SEVERE ] placing card 28 in slot 2
[20:30:55.525] [SEVERE ] placing card 0 in slot 8
[20:30:55.637] [SEVERE ] placing card 38 in slot 9
[20:30:55.637] [SEVERE ] updating countdown to 60000
[20:30:55.637] [SEVERE ] updating countdown to 60000
[20:30:55.733] [SEVERE ] updating countdown to 59904
[20:30:55.828] [SEVERE ] updating countdown to 59809
[20:30:55.923] [SEVERE ] updating countdown to 59714
[20:30:56.019] [SEVERE ] updating countdown to 59618
[20:30:56.114] [SEVERE ] updating countdown to 59523
[20:30:56.209] [SEVERE ] updating countdown to 59428
[20:30:56.304] [SEVERE ] updating countdown to 59333
[20:30:56.400] [SEVERE ] updating countdown to 59237
[20:30:56.495] [SEVERE ] updating countdown to 59142
[20:30:56.590] [SEVERE ] updating countdown to 59047
[20:30:56.686] [SEVERE ] updating countdown to 58951
[20:30:56.782] [SEVERE ] updating countdown to 58855
[20:30:56.877] [SEVERE ] updating countdown to 58760
[20:30:56.973] [SEVERE ] updating countdown to 58664
[20:30:56.974] [SEVERE ] setting player 3 freeze to 0
[20:30:56.974] [SEVERE ] player 3 placing token on slot 4
[20:30:56.974] [SEVERE ] player 3 placing token on slot 6
[20:30:56.974] [SEVERE ] player 3 placing token on slot 11
[20:30:56.974] [SEVERE ] updating countdown to 58663
[20:30:56.975] [SEVERE ] setting player 3 freeze to 3000
[20:30:57.069] [SEVERE ] updating countdown to 58568
[20:30:57.164] [SEVERE ] updating countdown to 58473
[20:30:57.259] [SEVERE ] updating countdown to 58378
[20:30:57.355] [SEVERE ] updating countdown to 58282
[20:30:57.451] [SEVERE ] updating countdown to 58186
[20:30:57.546] [SEVERE ] updating countdown to 58091
[20:30:57.641] [SEVERE ] updating countdown to 57996
[20:30:57.737] [SEVERE ] updating countdown to 57900
[20:30:57.832] [SEVERE ] updating countdown to 57805
[20:30:57.928] [SEVERE ] updating countdown to 57709
[20:30:58.023] [SEVERE ] updating countdown to 57614
[20:30:58.119] [SEVERE ] updating countdown to 57518
[20:30:58.214] [SEVERE ] updating countdown to 57423
[20:30:58.310] [SEVERE ] updating countdown to 57327
[20:30:58.406] [SEVERE ] updating countdown to 57231
[20:30:58.501] [SEVERE ] updating countdown to 57136
[20:30:58.597] [SEVERE ] updating countdown to 57040
[20:30:58.693] [SEVERE ] updating countdown to 56944
[20:30:58.789] [SEVERE ] updating countdown to 56848
[20:30:58.884] [SEVERE ] updating countdown to 56753
[20:30:58.979] [SEVERE ] updating countdown to 56658
[20:30:59.074] [SEVERE ] updating countdown to 56563
[20:30:59.170] [SEVERE ] updating countdown to 56467
[20:30:59.265] [SEVERE ] updating countdown to 56372
[20:30:59.361] [SEVERE ] updating countdown to 56276
[20:30:59.456] [SEVERE ] updating countdown to 56181
[20:30:59.551] [SEVERE ] updating countdown to 56086
[20:30:59.647] [SEVERE ] updating countdown to 55990
[20:30:59.742] [SEVERE ] updating countdown to 55895
[20:30:59.838] [SEVERE ] updating countdown to 55799
[20:30:59.933] [SEVERE ] updating countdown to 55704
[20:31:00.029] [SEVERE ] updating countdown to 55608
[20:31:00.125] [SEVERE ] updating countdown to 55512
[20:31:00.221] [SEVERE ] updating countdown to 55416
[20:31:00.316] [SEVERE ] updating countdown to 55321
[20:31:00.412] [SEVERE ] updating countdown to 55225
[20:31:00.508] [SEVERE ] updating countdown to 55129
[20:31:00.604] [SEVERE ] updating countdown to 55033
[20:31:00.700] [SEVERE ] updating countdown to 54937
[20:31:00.795] [SEVERE ] updating countdown to 54842
[20:31:00.864] [SEVERE ] setting player 4 freeze to 0
[20:31:00.864] [SEVERE ] player 4 placing token on slot 5
[20:31:00.864] [SEVERE ] updating countdown to 54773
[20:31:00.865] [SEVERE ] setting player 4 freeze to 3000
[20:31:00.960] [SEVERE ] updating countdown to 54677
[20:31:01.056] [SEVERE ] updating countdown to 54581
[20:31:01.151] [SEVERE ] updating countdown to 54486
[20:31:01.246] [SEVERE ] updating countdown to 54391
[20:31:01.342] [SEVERE ] updating countdown to 54295
[20:31:01.437] [SEVERE ] updating countdown to 54200
[20:31:01.533] [SEVERE ] updating countdown to 54104
[20:31:01.628] [SEVERE ] updating countdown to 54009
[20:31:01.723] [SEVERE ] updating countdown to 53914
[20:31:01.819] [SEVERE ] updating countdown to 53818
[20:31:01.914] [SEVERE ] updating countdown to 53723
[20:31:02.010] [SEVERE ] updating countdown to 53627
[20:31:02.105] [SEVERE ] updating countdown to 53532
[20:31:02.200] [SEVERE ] updating countdown to 53437
[20:31:02.295] [SEVERE ] updating countdown to 53342
[20:31:02.391] [SEVERE ] updating countdown to 53246
[20:31:02.486] [SEVERE ] updating countdown to 53151
[20:31:02.581] [SEVERE ] updating countdown to 53056
[20:31:02.676] [SEVERE ] updating countdown to 52961
[20:31:02.772] [SEVERE ] updating countdown to 52865
[20:31:02.867] [SEVERE ] updating countdown to 52770
[20:31:02.963] [SEVERE ] updating countdown to 52674
[20:31:02.979] [SEVERE ] setting player 3 freeze to 0
[20:31:02.979] [SEVERE ] removing player 3 token from slot 8
[20:31:02.979] [SEVERE ] removing player 3 token from slot 2
[20:31:02.979] [SEVERE ] removing player 3 token from slot 11
[20:31:02.979] [SEVERE ] player 3 placing token on slot 11
[20:31:02.979] [SEVERE ] updating countdown to 52658
[20:31:02.980] [SEVERE ] setting player 3 freeze to 3000
[20:31:03.075] [SEVERE ] updating countdown to 52562
[20:31:03.170] [SEVERE ] updating countdown to 52467
[20:31:03.266] [SEVERE ] updating countdown to 52371
[20:31:03.361] [SEVERE ] updating countdown to 52276
[20:31:03.457] [SEVERE ] updating countdown to 52180
[20:31:03.553] [SEVERE ] updating countdown to 52084
[20:31:03.648] [SEVERE ] updating countdown to 51989
[20:31:03.744] [SEVERE ] updating countdown to 51893
[20:31:03.839] [SEVERE ] updating countdown to 51798
[20:31:03.935] [SEVERE ] updating countdown to 51702
[20:31:04.030] [SEVERE ] updating countdown to 51607
[20:31:04.126] [SEVERE ] updating countdown to 51511
[20:31:04.221] [SEVERE ] updating countdown to 51416
[20:31:04.317] [SEVERE ] updating countdown to 51320
[20:31:04.412] [SEVERE ] updating countdown to 51225
[20:31:04.508] [SEVERE ] updating countdown to 51129
[20:31:04.604] [SEVERE ] updating countdown to 51033
[20:31:04.699] [SEVERE ] updating countdown to 50938
[20:31:04.794] [SEVERE ] updating countdown to 50843
[20:31:04.889] [SEVERE ] updating countdown to 50748
[20:31:04.985] [SEVERE ] updating countdown to 50652
[20:31:05.081] [SEVERE ] updating countdown to 50556
[20:31:05.177] [SEVERE ] updating countdown to 50460
[20:31:05.272] [SEVERE ] updating countdown to 50365
[20:31:05.368] [SEVERE ] updating countdown to 50269
[20:31:05.463] [SEVERE ] updating countdown to 50174
[20:31:05.558] [SEVERE ] updating countdown to 50079
[20:31:05.654] [SEVERE ] updating countdown to 49983
[20:31:05.749] [SEVERE ] updating countdown to 49888
[20:31:05.844] [SEVERE ] updating countdown to 49793
[20:31:05.940] [SEVERE ] updating countdown to 49697
[20:31:06.036] [SEVERE ] updating countdown to 49601
[20:31:06.132] [SEVERE ] updating countdown to 49505
[20:31:06.227] [SEVERE ] updating countdown to 49410
[20:31:06.322] [SEVERE ] updating countdown to 49315
[20:31:06.418] [SEVERE ] updating countdown to 49219
[20:31:06.513] [SEVERE ] updating countdown to 49124
[20:31:06.609] [SEVERE ] updating countdown to 49028
[20:31:06.705] [SEVERE ] updating countdown to 48932
[20:31:06.800] [SEVERE ] updating countdown to 48837
[20:31:06.868] [SEVERE ] setting player 4 freeze to 0
[20:31:06.868] [SEVERE ] removing player 4 token from slot 6
[20:31:06.868] [SEVERE ] player 4 placing token on slot 11
[20:31:06.868] [SEVERE ] updating countdown to 48769
[20:31:06.869] [SEVERE ] setting player 4 freeze to 3000
[20:31:06.964] [SEVERE ] updating countdown to 48673
[20:31:07.060] [SEVERE ] updating countdown to 48577
[20:31:07.156] [SEVERE ] updating countdown to 48481
[20:31:07.251] [SEVERE ] updating countdown to 48386
[20:31:07.347] [SEVERE ] updating countdown to 48290
[20:31:07.442] [SEVERE ] updating countdown to 48195
[20:31:07.538] [SEVERE ] updating countdown to 48099
[20:31:07.634] [SEVERE ] updating countdown to 48003
[20:31:07.730] [SEVERE ] updating countdown to 47907
[20:31:07.825] [SEVERE ] updating countdown to 47812
[20:31:07.921] [SEVERE ] updating countdown to 47716
[20:31:08.016] [SEVERE ] updating countdown to 47621
[20:31:08.112] [SEVERE ] updating countdown to 47525
[20:31:08.208] [SEVERE ] updating countdown to 47429
[20:31:08.303] [SEVERE ] updating countdown to 47334
[20:31:08.398] [SEVERE ] updating countdown to 47239
[20:31:08.493] [SEVERE ] updating countdown to 47144
[20:31:08.589] [SEVERE ] updating countdown to 47048
[20:31:08.684] [SEVERE ] updating countdown to 46953
[20:31:08.779] [SEVERE ] updating countdown to 46858
[20:31:08.874] [SEVERE ] updating countdown to 46763
[20:31:08.970] [SEVERE ] updating countdown to 46667
[20:31:08.985] [SEVERE ] setting player 3 freeze to 0
[20:31:08.985] [SEVERE ] removing player 3 token from slot 4
[20:31:08.985] [SEVERE ] player 3 placing token on slot 10
[20:31:08.985] [SEVERE ] updating countdown to 46652
[20:31:08.986] [SEVERE ] setting player 3 freeze to 3000
[20:31:09.081] [SEVERE ] updating countdown to 46556
[20:31:09.176] [SEVERE ] updating countdown to 46461
[20:31:09.271] [SEVERE ] updating countdown to 46366
[20:31:09.367] [SEVERE ] updating countdown to 46270
[20:31:09.462] [SEVERE ] updating countdown to 46175
[20:31:09.558] [SEVERE ] updating countdown to 46079
[20:31:09.653] [SEVERE ] updating countdown to 45984
[20:31:09.749] [SEVERE ] updating countdown to 45888
[20:31:09.844] [SEVERE ] updating countdown to 45793
[20:31:09.940] [SEVERE ] updating countdown to 45697
[20:31:10.035] [SEVERE ] updating countdown to 45602
[20:31:10.131] [SEVERE ] updating countdown to 45506
[20:31:10.226] [SEVERE ] updating countdown to 45411
[20:31:10.322] [SEVERE ] updating countdown to 45315
[20:31:10.418] [SEVERE ] updating countdown to 45219
[20:31:10.513] [SEVERE ] updating countdown to 45124
[20:31:10.609] [SEVERE ] updating countdown to 45028
[20:31:10.704] [SEVERE ] updating countdown to 44933
[20:31:10.799] [SEVERE ] updating countdown to 44838
[20:31:10.894] [SEVERE ] updating countdown to 44743
[20:31:10.990] [SEVERE ] updating countdown to 44647
[20:31:11.085] [SEVERE ] updating countdown to 44552
[20:31:11.180] [SEVERE ] updating countdown to 44457
[20:31:11.276] [SEVERE ] updating countdown to 44361
[20:31:11.372] [SEVERE ] updating countdown to 44265
[20:31:11.467] [SEVERE ] updating countdown to 44170
[20:31:11.563] [SEVERE ] updating countdown to 44074
[20:31:11.658] [SEVERE ] updating countdown to 43979
[20:31:11.753] [SEVERE ] updating countdown to 43884
[20:31:11.849] [SEVERE ] updating countdown to 43788
[20:31:11.944] [SEVERE ] updating countdown to 43693
[20:31:12.040] [SEVERE ] updating countdown to 43597
[20:31:12.135] [SEVERE ] updating countdown to 43502
[20:31:12.230] [SEVERE ] updating countdown to 43407
[20:31:12.326] [SEVERE ] updating countdown to 43311
[20:31:12.421] [SEVERE ] updating countdown to 43216
[20:31:12.516] [SEVERE ] updating countdown to 43121
[20:31:12.612] [SEVERE ] updating countdown to 43025
[20:31:12.708] [SEVERE ] updating countdown to 42929
[20:31:12.804] [SEVERE ] updating countdown to 42833
[20:31:12.873] [SEVERE ] setting player 4 freeze to 0
[20:31:12.873] [SEVERE ] removing player 4 token from slot 9
[20:31:12.873] [SEVERE ] removing player 4 token from slot 5
[20:31:12.873] [SEVERE ] removing player 4 token from slot 11
[20:31:12.873] [SEVERE ] player 4 placing token on slot 6
[20:31:12.873] [SEVERE ] player 4 placing token on slot 0
[20:31:12.873] [SEVERE ] updating countdown to 42764
[20:31:12.874] [SEVERE ] setting player 4 freeze to 3000
[20:31:12.968] [SEVERE ] updating countdown to 42669
[20:31:13.063] [SEVERE ] updating countdown to 42574
[20:31:13.159] [SEVERE ] updating countdown to 42478
[20:31:13.254] [SEVERE ] updating countdown to 42383
[20:31:13.350] [SEVERE ] updating countdown to 42287
[20:31:13.445] [SEVERE ] updating countdown to 42192
[20:31:13.540] [SEVERE ] updating countdown to 42097
[20:31:13.636] [SEVERE ] updating countdown to 42001
[20:31:13.732] [SEVERE ] updating countdown to 41905
[20:31:13.827] [SEVERE ] updating countdown to 41810
[20:31:13.923] [SEVERE ] updating countdown to 41714
[20:31:14.019] [SEVERE ] updating countdown to 41618
[20:31:14.114] [SEVERE ] updating countdown to 41523
[20:31:14.210] [SEVERE ] updating countdown to 41427
[20:31:14.305] [SEVERE ] updating countdown to 41332
[20:31:14.401] [SEVERE ] updating countdown to 41236
[20:31:14.496] [SEVERE ] updating countdown to 41141
[20:31:14.592] [SEVERE ] updating countdown to 41045
[20:31:14.687] [SEVERE ] updating countdown to 40950
[20:31:14.782] [SEVERE ] updating countdown to 40855
[20:31:14.877] [SEVERE ] updating countdown to 40760
[20:31:14.973] [SEVERE ] updating countdown to 40664
[20:31:14.990] [SEVERE ] setting player 3 freeze to 0
[20:31:14.990] [SEVERE ] removing player 3 token from slot 11
[20:31:14.990] [SEVERE ] removing player 3 token from slot 9
[20:31:14.990] [SEVERE ] removing player 3 token from slot 6
[20:31:14.990] [SEVERE ] player 3 placing token on slot 3
[20:31:14.990] [SEVERE ] removing player 3 token from slot 3
[20:31:14.990] [SEVERE ] player 3 placing token on slot 8
[20:31:14.990] [SEVERE ] removing player 3 token from slot 8
[20:31:14.990] [SEVERE ] player 3 placing token on slot 0
[20:31:14.990] [SEVERE ] removing player 3 token from slot 10
[20:31:14.990] [SEVERE ] player 3 placing token on slot 10
[20:31:14.990] [SEVERE ] removing player 3 token from slot 0
[20:31:14.990] [SEVERE ] player 3 placing token on slot 4
[20:31:14.990] [SEVERE ] player 3 placing token on slot 9
[20:31:14.992] [SEVERE ] updating countdown to 40645
[20:31:14.993] [SEVERE ] setting player 3 freeze to 3000
[20:31:15.088] [SEVERE ] updating countdown to 40549
[20:31:15.183] [SEVERE ] updating countdown to 40454
[20:31:15.279] [SEVERE ] updating countdown to 40358
[20:31:15.374] [SEVERE ] updating countdown to 40263
[20:31:15.469] [SEVERE ] updating countdown to 40168
[20:31:15.565] [SEVERE ] updating countdown to 40072
[20:31:15.660] [SEVERE ] updating countdown to 39977
[20:31:15.755] [SEVERE ] updating countdown to 39882
[20:31:15.851] [SEVERE ] updating countdown to 39786
[20:31:15.946] [SEVERE ] updating countdown to 39691
[20:31:16.042] [SEVERE ] updating countdown to 39595
[20:31:16.137] [SEVERE ] updating countdown to 39500
[20:31:16.234] [SEVERE ] updating countdown to 39403
[20:31:16.329] [SEVERE ] updating countdown to 39308
[20:31:16.425] [SEVERE ] updating countdown to 39212
[20:31:16.520] [SEVERE ] updating countdown to 39117
[20:31:16.616] [SEVERE ] updating countdown to 39021
[20:31:16.711] [SEVERE ] updating countdown to 38926
[20:31:16.807] [SEVERE ] updating countdown to 38830
[20:31:16.902] [SEVERE ] updating countdown to 38735
[20:31:16.998] [SEVERE ] updating countdown to 38639
[20:31:17.093] [SEVERE ] updating countdown to 38544
[20:31:17.188] [SEVERE ] updating countdown to 38449
[20:31:17.283] [SEVERE ] updating countdown to 38354
[20:31:17.379] [SEVERE ] updating countdown to 38258
[20:31:17.474] [SEVERE ] updating countdown to 38163
[20:31:17.570] [SEVERE ] updating countdown to 38067
[20:31:17.665] [SEVERE ] updating countdown to 37972
[20:31:17.761] [SEVERE ] updating countdown to 37876
[20:31:17.857] [SEVERE ] updating countdown to 37780
[20:31:17.952] [SEVERE ] updating countdown to 37685
[20:31:18.048] [SEVERE ] updating countdown to 37589
[20:31:18.143] [SEVERE ] updating countdown to 37494
[20:31:18.238] [SEVERE ] updating countdown to 37399
[20:31:18.334] [SEVERE ] updating countdown to 37303
[20:31:18.429] [SEVERE ] updating countdown to 37208
[20:31:18.525] [SEVERE ] updating countdown to 37112
[20:31:18.620] [SEVERE ] updating countdown to 37017
[20:31:18.716] [SEVERE ] updating countdown to 36921
[20:31:18.812] [SEVERE ] updating countdown to 36825
[20:31:18.877] [SEVERE ] setting player 4 freeze to 0
[20:31:18.877] [SEVERE ] removing player 4 token from slot 6
[20:31:18.877] [SEVERE ] player 4 placing token on slot 5
[20:31:18.877] [SEVERE ] updating countdown to 36760
[20:31:18.878] [SEVERE ] setting player 4 freeze to 3000
[20:31:18.973] [SEVERE ] updating countdown to 36664
[20:31:19.068] [SEVERE ] updating countdown to 36569
[20:31:19.164] [SEVERE ] updating countdown to 36473
[20:31:19.259] [SEVERE ] updating countdown to 36378
[20:31:19.355] [SEVERE ] updating countdown to 36282
[20:31:19.451] [SEVERE ] updating countdown to 36186
[20:31:19.546] [SEVERE ] updating countdown to 36091
[20:31:19.642] [SEVERE ] updating countdown to 35995
[20:31:19.738] [SEVERE ] updating countdown to 35899
[20:31:19.833] [SEVERE ] updating countdown to 35804
[20:31:19.929] [SEVERE ] updating countdown to 35708
[20:31:20.025] [SEVERE ] updating countdown to 35612
[20:31:20.120] [SEVERE ] updating countdown to 35517
[20:31:20.216] [SEVERE ] updating countdown to 35421
[20:31:20.312] [SEVERE ] updating countdown to 35325
[20:31:20.407] [SEVERE ] updating countdown to 35230
[20:31:20.502] [SEVERE ] updating countdown to 35135
[20:31:20.598] [SEVERE ] updating countdown to 35039
[20:31:20.694] [SEVERE ] updating countdown to 34943
[20:31:20.789] [SEVERE ] updating countdown to 34848
[20:31:20.884] [SEVERE ] updating countdown to 34753
[20:31:20.980] [SEVERE ] updating countdown to 34657
[20:31:20.995] [SEVERE ] setting player 3 freeze to 0
[20:31:20.995] [SEVERE ] removing player 3 token from slot 4
[20:31:20.995] [SEVERE ] player 3 placing token on slot 4
[20:31:20.995] [SEVERE ] updating countdown to 34642
[20:31:20.996] [SEVERE ] setting player 3 freeze to 3000
[20:31:21.090] [SEVERE ] updating countdown to 34547
[20:31:21.185] [SEVERE ] updating countdown to 34452
[20:31:21.281] [SEVERE ] updating countdown to 34356
[20:31:21.376] [SEVERE ] updating countdown to 34261
[20:31:21.471] [SEVERE ] updating countdown to 34166
[20:31:21.567] [SEVERE ] updating countdown to 34070
[20:31:21.662] [SEVERE ] updating countdown to 33975
[20:31:21.757] [SEVERE ] updating countdown to 33880
[20:31:21.853] [SEVERE ] updating countdown to 33784
[20:31:21.948] [SEVERE ] updating countdown to 33689
[20:31:22.044] [SEVERE ] updating countdown to 33593
[20:31:22.140] [SEVERE ] updating countdown to 33497
[20:31:22.235] [SEVERE ] updating countdown to 33402
[20:31:22.330] [SEVERE ] updating countdown to 33307
[20:31:22.426] [SEVERE ] updating countdown to 33211
[20:31:22.522] [SEVERE ] updating countdown to 33115
[20:31:22.617] [SEVERE ] updating countdown to 33020
[20:31:22.712] [SEVERE ] updating countdown to 32925
[20:31:22.808] [SEVERE ] updating countdown to 32829
[20:31:22.904] [SEVERE ] updating countdown to 32733
[20:31:23.000] [SEVERE ] updating countdown to 32637
[20:31:23.095] [SEVERE ] updating countdown to 32542
[20:31:23.191] [SEVERE ] updating countdown to 32446
[20:31:23.286] [SEVERE ] updating countdown to 32351
[20:31:23.381] [SEVERE ] updating countdown to 32256
[20:31:23.477] [SEVERE ] updating countdown to 32160
[20:31:23.573] [SEVERE ] updating countdown to 32064
[20:31:23.668] [SEVERE ] updating countdown to 31969
[20:31:23.763] [SEVERE ] updating countdown to 31874
[20:31:23.858] [SEVERE ] updating countdown to 31779
[20:31:23.953] [SEVERE ] updating countdown to 31684
[20:31:24.049] [SEVERE ] updating countdown to 31588
[20:31:24.144] [SEVERE ] updating countdown to 31493
[20:31:24.240] [SEVERE ] updating countdown to 31397
[20:31:24.335] [SEVERE ] updating countdown to 31302
[20:31:24.431] [SEVERE ] updating countdown to 31206
[20:31:24.526] [SEVERE ] updating countdown to 31111
[20:31:24.621] [SEVERE ] updating countdown to 31016
[20:31:24.717] [SEVERE ] updating countdown to 30920
[20:31:24.813] [SEVERE ] updating countdown to 30824
[20:31:24.881] [SEVERE ] setting player 4 freeze to 0
[20:31:24.881] [SEVERE ] removing player 4 token from slot 3
[20:31:24.881] [SEVERE ] player 4 placing token on slot 7
[20:31:24.882] [SEVERE ] updating countdown to 30755
[20:31:24.882] [SEVERE ] setting player 4 freeze to 3000
[20:31:24.977] [SEVERE ] updating countdown to 30660
[20:31:25.073] [SEVERE ] updating countdown to 30564
[20:31:25.169] [SEVERE ] updating countdown to 30468
[20:31:25.264] [SEVERE ] updating countdown to 30373
[20:31:25.359] [SEVERE ] updating countdown to 30278
[20:31:25.455] [SEVERE ] updating countdown to 30182
[20:31:25.550] [SEVERE ] updating countdown to 30087
[20:31:25.645] [SEVERE ] updating countdown to 29992
[20:31:25.741] [SEVERE ] updating countdown to 29896
[20:31:25.836] [SEVERE ] updating countdown to 29801
[20:31:25.932] [SEVERE ] updating countdown to 29705
[20:31:26.028] [SEVERE ] updating countdown to 29609
[20:31:26.123] [SEVERE ] updating countdown to 29514
[20:31:26.219] [SEVERE ] updating countdown to 29418
[20:31:26.315] [SEVERE ] updating countdown to 29322
[20:31:26.410] [SEVERE ] updating countdown to 29227
[20:31:26.506] [SEVERE ] updating countdown to 29131
[20:31:26.601] [SEVERE ] updating countdown to 29036
[20:31:26.696] [SEVERE ] updating countdown to 28941
[20:31:26.792] [SEVERE ] updating countdown to 28845
[20:31:26.887] [SEVERE ] updating countdown to 28750
[20:31:26.983] [SEVERE ] updating countdown to 28654
[20:31:27.001] [SEVERE ] setting player 3 freeze to 0
[20:31:27.001] [SEVERE ] removing player 3 token from slot 9
[20:31:27.001] [SEVERE ] player 3 placing token on slot 7
[20:31:27.001] [SEVERE ] updating countdown to 28636
[20:31:27.002] [SEVERE ] setting player 3 freeze to 3000
[20:31:27.096] [SEVERE ] updating countdown to 28541
[20:31:27.192] [SEVERE ] updating countdown to 28445
[20:31:27.287] [SEVERE ] updating countdown to 28350
[20:31:27.383] [SEVERE ] updating countdown to 28254
[20:31:27.479] [SEVERE ] updating countdown to 28158
[20:31:27.574] [SEVERE ] updating countdown to 28063
[20:31:27.670] [SEVERE ] updating countdown to 27967
[20:31:27.765] [SEVERE ] updating countdown to 27872
[20:31:27.860] [SEVERE ] updating countdown to 27777
[20:31:27.955] [SEVERE ] updating countdown to 27682
[20:31:28.051] [SEVERE ] updating countdown to 27586
[20:31:28.146] [SEVERE ] updating countdown to 27491
[20:31:28.242] [SEVERE ] updating countdown to 27395
[20:31:28.338] [SEVERE ] updating countdown to 27299
[20:31:28.434] [SEVERE ] updating countdown to 27203
[20:31:28.530] [SEVERE ] updating countdown to 27107
[20:31:28.625] [SEVERE ] updating countdown to 27012
[20:31:28.721] [SEVERE ] updating countdown to 26916
[20:31:28.816] [SEVERE ] updating countdown to 26821
[20:31:28.911] [SEVERE ] updating countdown to 26726
[20:31:29.007] [SEVERE ] updating countdown to 26630
[20:31:29.102] [SEVERE ] updating countdown to 26535
[20:31:29.198] [SEVERE ] updating countdown to 26439
[20:31:29.294] [SEVERE ] updating countdown to 26343
[20:31:29.389] [SEVERE ] updating countdown to 26248
[20:31:29.484] [SEVERE ] updating countdown to 26153
[20:31:29.579] [SEVERE ] updating countdown to 26058
[20:31:29.675] [SEVERE ] updating countdown to 25962
[20:31:29.771] [SEVERE ] updating countdown to 25866
[20:31:29.866] [SEVERE ] updating countdown to 25771
[20:31:29.962] [SEVERE ] updating countdown to 25675
[20:31:30.057] [SEVERE ] updating countdown to 25580
[20:31:30.152] [SEVERE ] updating countdown to 25485
[20:31:30.247] [SEVERE ] updating countdown to 25390
[20:31:30.343] [SEVERE ] updating countdown to 25294
[20:31:30.439] [SEVERE ] updating countdown to 25198
[20:31:30.535] [SEVERE ] updating countdown to 25102
[20:31:30.630] [SEVERE ] updating countdown to 25007
[20:31:30.726] [SEVERE ] updating countdown to 24911
[20:31:30.821] [SEVERE ] updating countdown to 24816
[20:31:30.884] [SEVERE ] setting player 4 freeze to 0
[20:31:30.884] [SEVERE ] removing player 4 token from slot 0
[20:31:30.884] [SEVERE ] player 4 placing token on slot 3
[20:31:30.884] [SEVERE ] updating countdown to 24753
[20:31:30.885] [SEVERE ] setting player 4 freeze to 3000
[20:31:30.979] [SEVERE ] updating countdown to 24658
[20:31:31.075] [SEVERE ] updating countdown to 24562
[20:31:31.170] [SEVERE ] updating countdown to 24467
[20:31:31.265] [SEVERE ] updating countdown to 24372
[20:31:31.360] [SEVERE ] updating countdown to 24277
[20:31:31.456] [SEVERE ] updating countdown to 24181
[20:31:31.551] [SEVERE ] updating countdown to 24086
[20:31:31.647] [SEVERE ] updating countdown to 23990
[20:31:31.742] [SEVERE ] updating countdown to 23895
[20:31:31.838] [SEVERE ] updating countdown to 23799
[20:31:31.934] [SEVERE ] updating countdown to 23703
[20:31:32.029] [SEVERE ] updating countdown to 23608
[20:31:32.124] [SEVERE ] updating countdown to 23513
[20:31:32.220] [SEVERE ] updating countdown to 23417
[20:31:32.316] [SEVERE ] updating countdown to 23321
[20:31:32.411] [SEVERE ] updating countdown to 23226
[20:31:32.506] [SEVERE ] updating countdown to 23131
[20:31:32.601] [SEVERE ] updating countdown to 23036
[20:31:32.696] [SEVERE ] updating countdown to 22941
[20:31:32.792] [SEVERE ] updating countdown to 22845
[20:31:32.887] [SEVERE ] updating countdown to 22750
[20:31:32.982] [SEVERE ] updating countdown to 22655
[20:31:33.005] [SEVERE ] setting player 3 freeze to 0
[20:31:33.005] [SEVERE ] removing player 3 token from slot 10
[20:31:33.005] [SEVERE ] player 3 placing token on slot 9
[20:31:33.005] [SEVERE ] updating countdown to 22632
[20:31:33.006] [SEVERE ] setting player 3 freeze to 3000
[20:31:33.101] [SEVERE ] updating countdown to 22536
[20:31:33.197] [SEVERE ] updating countdown to 22440
[20:31:33.292] [SEVERE ] updating countdown to 22345
[20:31:33.388] [SEVERE ] updating countdown to 22249
[20:31:33.405] [SEVERE ] key 87 was pressed by player 1
[20:31:33.414] [SEVERE ] key 81 was pressed by player 1
[20:31:33.483] [SEVERE ] updating countdown to 22154
[20:31:33.486] [SEVERE ] key 69 was pressed by player 1
[20:31:33.579] [SEVERE ] updating countdown to 22058
[20:31:33.674] [SEVERE ] updating countdown to 21963
[20:31:33.769] [SEVERE ] updating countdown to 21868
[20:31:33.864] [SEVERE ] updating countdown to 21773
[20:31:33.960] [SEVERE ] updating countdown to 21677
[20:31:34.055] [SEVERE ] updating countdown to 21582
[20:31:34.151] [SEVERE ] updating countdown to 21486
[20:31:34.246] [SEVERE ] updating countdown to 21391
[20:31:34.341] [SEVERE ] updating countdown to 21296
[20:31:34.437] [SEVERE ] updating countdown to 21200
[20:31:34.532] [SEVERE ] updating countdown to 21105
[20:31:34.628] [SEVERE ] updating countdown to 21009
[20:31:34.724] [SEVERE ] updating countdown to 20913
[20:31:34.819] [SEVERE ] updating countdown to 20818
[20:31:34.914] [SEVERE ] updating countdown to 20723
[20:31:35.010] [SEVERE ] updating countdown to 20627
[20:31:35.105] [SEVERE ] updating countdown to 20532
[20:31:35.200] [SEVERE ] updating countdown to 20437
[20:31:35.296] [SEVERE ] updating countdown to 20341
[20:31:35.391] [SEVERE ] updating countdown to 20246
[20:31:35.485] [SEVERE ] key 81 was pressed by player 1
[20:31:35.487] [SEVERE ] updating countdown to 20150
[20:31:35.528] [SEVERE ] key 87 was pressed by player 1
[20:31:35.582] [SEVERE ] updating countdown to 20055
[20:31:35.678] [SEVERE ] updating countdown to 19959
[20:31:35.773] [SEVERE ] updating countdown to 19864
[20:31:35.868] [SEVERE ] key 69 was pressed by player 1
[20:31:35.869] [SEVERE ] updating countdown to 19768
[20:31:35.965] [SEVERE ] updating countdown to 19672
[20:31:36.061] [SEVERE ] updating countdown to 19576
[20:31:36.156] [SEVERE ] updating countdown to 19481
[20:31:36.252] [SEVERE ] updating countdown to 19385
[20:31:36.348] [SEVERE ] updating countdown to 19289
[20:31:36.362] [SEVERE ] key 81 was pressed by player 1
[20:31:36.444] [SEVERE ] updating countdown to 19193
[20:31:36.539] [SEVERE ] updating countdown to 19098
[20:31:36.635] [SEVERE ] updating countdown to 19002
[20:31:36.730] [SEVERE ] updating countdown to 18907
[20:31:36.826] [SEVERE ] updating countdown to 18811
[20:31:36.886] [SEVERE ] setting player 4 freeze to 0
[20:31:36.886] [SEVERE ] removing player 4 token from slot 3
[20:31:36.886] [SEVERE ] player 4 placing token on slot 8
[20:31:36.886] [SEVERE ] updating countdown to 18751
[20:31:36.887] [SEVERE ] setting player 4 freeze to 3000
[20:31:36.982] [SEVERE ] updating countdown to 18655
[20:31:37.058] [SEVERE ] key 69 was pressed by player 1
[20:31:37.077] [SEVERE ] updating countdown to 18560
[20:31:37.173] [SEVERE ] updating countdown to 18464
[20:31:37.268] [SEVERE ] updating countdown to 18369
[20:31:37.364] [SEVERE ] updating countdown to 18273
[20:31:37.460] [SEVERE ] updating countdown to 18177
[20:31:37.495] [SEVERE ] key 87 was pressed by player 1
[20:31:37.556] [SEVERE ] updating countdown to 18081
[20:31:37.651] [SEVERE ] updating countdown to 17986
[20:31:37.747] [SEVERE ] updating countdown to 17890
[20:31:37.842] [SEVERE ] updating countdown to 17795
[20:31:37.844] [SEVERE ] key 81 was pressed by player 1
[20:31:37.938] [SEVERE ] updating countdown to 17699
[20:31:38.026] [SEVERE ] key 87 was pressed by player 1
[20:31:38.034] [SEVERE ] updating countdown to 17603
[20:31:38.122] [SEVERE ] key 69 was pressed by player 1
[20:31:38.129] [SEVERE ] updating countdown to 17508
[20:31:38.225] [SEVERE ] updating countdown to 17412
[20:31:38.278] [SEVERE ] key 81 was pressed by player 1
[20:31:38.320] [SEVERE ] updating countdown to 17317
[20:31:38.374] [SEVERE ] key 87 was pressed by player 1
[20:31:38.415] [SEVERE ] updating countdown to 17222
[20:31:38.500] [SEVERE ] key 69 was pressed by player 1
[20:31:38.510] [SEVERE ] updating countdown to 17127
[20:31:38.606] [SEVERE ] updating countdown to 17031
[20:31:38.629] [SEVERE ] key 81 was pressed by player 1
[20:31:38.701] [SEVERE ] key 87 was pressed by player 1
[20:31:38.702] [SEVERE ] updating countdown to 16935
[20:31:38.788] [SEVERE ] key 69 was pressed by player 1
[20:31:38.798] [SEVERE ] updating countdown to 16839
[20:31:38.893] [SEVERE ] updating countdown to 16744
[20:31:38.952] [SEVERE ] key 81 was pressed by player 1
[20:31:38.989] [SEVERE ] updating countdown to 16648
[20:31:39.009] [SEVERE ] setting player 3 freeze to 0
[20:31:39.009] [SEVERE ] removing player 3 token from slot 7
[20:31:39.009] [SEVERE ] player 3 placing token on slot 7
[20:31:39.009] [SEVERE ] updating countdown to 16628
[20:31:39.010] [SEVERE ] setting player 3 freeze to 3000
[20:31:39.045] [SEVERE ] key 87 was pressed by player 1
[20:31:39.104] [SEVERE ] updating countdown to 16533
[20:31:39.132] [SEVERE ] key 69 was pressed by player 1
[20:31:39.200] [SEVERE ] updating countdown to 16437
[20:31:39.272] [SEVERE ] key 81 was pressed by player 1
[20:31:39.296] [SEVERE ] updating countdown to 16341
[20:31:39.374] [SEVERE ] key 87 was pressed by player 1
[20:31:39.391] [SEVERE ] updating countdown to 16246
[20:31:39.451] [SEVERE ] key 69 was pressed by player 1
[20:31:39.486] [SEVERE ] updating countdown to 16151
[20:31:39.581] [SEVERE ] updating countdown to 16056
[20:31:39.677] [SEVERE ] updating countdown to 15960
[20:31:39.773] [SEVERE ] updating countdown to 15864
[20:31:39.869] [SEVERE ] updating countdown to 15768
[20:31:39.965] [SEVERE ] updating countdown to 15672
[20:31:40.060] [SEVERE ] updating countdown to 15577
[20:31:40.155] [SEVERE ] updating countdown to 15482
[20:31:40.251] [SEVERE ] updating countdown to 15386
[20:31:40.327] [SEVERE ] key 81 was pressed by player 1
[20:31:40.347] [SEVERE ] updating countdown to 15290
[20:31:40.442] [SEVERE ] updating countdown to 15195
[20:31:40.456] [SEVERE ] key 87 was pressed by player 1
[20:31:40.538] [SEVERE ] updating countdown to 15099
[20:31:40.556] [SEVERE ] key 69 was pressed by player 1
[20:31:40.633] [SEVERE ] updating countdown to 15004
[20:31:40.728] [SEVERE ] updating countdown to 14909
[20:31:40.823] [SEVERE ] updating countdown to 14814
[20:31:40.919] [SEVERE ] updating countdown to 14718
[20:31:41.014] [SEVERE ] updating countdown to 14623
[20:31:41.040] [SEVERE ] key 69 was pressed by player 1
[20:31:41.110] [SEVERE ] updating countdown to 14527
[20:31:41.136] [SEVERE ] key 87 was pressed by player 1
[20:31:41.205] [SEVERE ] updating countdown to 14432
[20:31:41.213] [SEVERE ] key 81 was pressed by player 1
[20:31:41.301] [SEVERE ] updating countdown to 14336
[20:31:41.396] [SEVERE ] updating countdown to 14241
[20:31:41.491] [SEVERE ] updating countdown to 14146
[20:31:41.523] [SEVERE ] key 69 was pressed by player 1
[20:31:41.587] [SEVERE ] updating countdown to 14050
[20:31:41.613] [SEVERE ] key 81 was pressed by player 1
[20:31:41.682] [SEVERE ] updating countdown to 13955
[20:31:41.766] [SEVERE ] key 87 was pressed by player 1
[20:31:41.777] [SEVERE ] updating countdown to 13860
[20:31:41.848] [SEVERE ] key 69 was pressed by player 1
[20:31:41.873] [SEVERE ] updating countdown to 13764
[20:31:41.969] [SEVERE ] updating countdown to 13668
[20:31:41.986] [SEVERE ] key 81 was pressed by player 1
[20:31:42.043] [SEVERE ] key 87 was pressed by player 1
[20:31:42.065] [SEVERE ] updating countdown to 13572
[20:31:42.114] [SEVERE ] key 69 was pressed by player 1
[20:31:42.160] [SEVERE ] updating countdown to 13477
[20:31:42.256] [SEVERE ] updating countdown to 13381
[20:31:42.267] [SEVERE ] key 81 was pressed by player 1
[20:31:42.330] [SEVERE ] key 87 was pressed by player 1
[20:31:42.351] [SEVERE ] updating countdown to 13286
[20:31:42.436] [SEVERE ] key 69 was pressed by player 1
[20:31:42.446] [SEVERE ] updating countdown to 13191
[20:31:42.542] [SEVERE ] updating countdown to 13095
[20:31:42.576] [SEVERE ] key 81 was pressed by player 1
[20:31:42.638] [SEVERE ] updating countdown to 12999
[20:31:42.734] [SEVERE ] updating countdown to 12903
[20:31:42.829] [SEVERE ] updating countdown to 12808
[20:31:42.889] [SEVERE ] setting player 4 freeze to 0
[20:31:42.889] [SEVERE ] removing player 4 token from slot 8
[20:31:42.889] [SEVERE ] player 4 placing token on slot 8
[20:31:42.889] [SEVERE ] updating countdown to 12748
[20:31:42.890] [SEVERE ] setting player 4 freeze to 3000
[20:31:42.984] [SEVERE ] updating countdown to 12653
[20:31:43.080] [SEVERE ] updating countdown to 12557
[20:31:43.176] [SEVERE ] updating countdown to 12461
[20:31:43.271] [SEVERE ] updating countdown to 12366
[20:31:43.367] [SEVERE ] updating countdown to 12270
[20:31:43.463] [SEVERE ] updating countdown to 12174
[20:31:43.558] [SEVERE ] updating countdown to 12079
[20:31:43.654] [SEVERE ] updating countdown to 11983
[20:31:43.750] [SEVERE ] updating countdown to 11887
[20:31:43.845] [SEVERE ] updating countdown to 11792
[20:31:43.941] [SEVERE ] updating countdown to 11696
[20:31:44.037] [SEVERE ] updating countdown to 11600
[20:31:44.132] [SEVERE ] updating countdown to 11505
[20:31:44.227] [SEVERE ] updating countdown to 11410
[20:31:44.322] [SEVERE ] updating countdown to 11315
[20:31:44.410] [SEVERE ] key 65 was pressed by player 1
[20:31:44.410] [SEVERE ] removing player 1 token from slot 4
[20:31:44.418] [SEVERE ] updating countdown to 11219
[20:31:44.477] [SEVERE ] key 83 was pressed by player 1
[20:31:44.477] [SEVERE ] removing player 1 token from slot 5
[20:31:44.513] [SEVERE ] updating countdown to 11124
[20:31:44.539] [SEVERE ] key 68 was pressed by player 1
[20:31:44.540] [SEVERE ] removing player 1 token from slot 6
[20:31:44.609] [SEVERE ] updating countdown to 11028
[20:31:44.704] [SEVERE ] updating countdown to 10933
[20:31:44.800] [SEVERE ] updating countdown to 10837
[20:31:44.895] [SEVERE ] updating countdown to 10742
[20:31:44.990] [SEVERE ] updating countdown to 10647
[20:31:45.014] [SEVERE ] setting player 3 freeze to 0
[20:31:45.014] [SEVERE ] removing player 3 token from slot 7
[20:31:45.014] [SEVERE ] player 3 placing token on slot 10
[20:31:45.014] [SEVERE ] updating countdown to 10623
[20:31:45.016] [SEVERE ] setting player 3 freeze to 3000
[20:31:45.109] [SEVERE ] updating countdown to 10528
[20:31:45.205] [SEVERE ] updating countdown to 10432
[20:31:45.301] [SEVERE ] updating countdown to 10336
[20:31:45.396] [SEVERE ] updating countdown to 10241
[20:31:45.492] [SEVERE ] updating countdown to 10145
[20:31:45.588] [SEVERE ] updating countdown to 10049
[20:31:45.684] [SEVERE ] updating countdown to 9953
[20:31:45.779] [SEVERE ] updating countdown to 9858
[20:31:45.813] [SEVERE ] key 81 was pressed by player 1
[20:31:45.813] [SEVERE ] player 1 placing token on slot 0
[20:31:45.875] [SEVERE ] updating countdown to 9762
[20:31:45.878] [SEVERE ] key 87 was pressed by player 1
[20:31:45.878] [SEVERE ] player 1 placing token on slot 1
[20:31:45.955] [SEVERE ] key 69 was pressed by player 1
[20:31:45.955] [SEVERE ] player 1 placing token on slot 2
[20:31:45.957] [SEVERE ] updating countdown to 9680
[20:31:45.957] [SEVERE ] setting player 1 freeze to 3000
[20:31:46.052] [SEVERE ] updating countdown to 9585
[20:31:46.148] [SEVERE ] updating countdown to 9489
[20:31:46.244] [SEVERE ] updating countdown to 9393
[20:31:46.339] [SEVERE ] updating countdown to 9298
[20:31:46.435] [SEVERE ] updating countdown to 9202
[20:31:46.531] [SEVERE ] updating countdown to 9106
[20:31:46.627] [SEVERE ] updating countdown to 9010
[20:31:46.723] [SEVERE ] updating countdown to 8914
[20:31:46.819] [SEVERE ] updating countdown to 8818
[20:31:46.914] [SEVERE ] updating countdown to 8723
[20:31:47.010] [SEVERE ] updating countdown to 8627
[20:31:47.105] [SEVERE ] updating countdown to 8532
[20:31:47.201] [SEVERE ] updating countdown to 8436
[20:31:47.296] [SEVERE ] updating countdown to 8341
[20:31:47.391] [SEVERE ] updating countdown to 8246
[20:31:47.487] [SEVERE ] updating countdown to 8150
[20:31:47.583] [SEVERE ] updating countdown to 8054
[20:31:47.678] [SEVERE ] updating countdown to 7959
[20:31:47.773] [SEVERE ] updating countdown to 7864
[20:31:47.869] [SEVERE ] updating countdown to 7768
[20:31:47.964] [SEVERE ] updating countdown to 7673
[20:31:48.060] [SEVERE ] updating countdown to 7577
[20:31:48.155] [SEVERE ] updating countdown to 7482
[20:31:48.250] [SEVERE ] updating countdown to 7387
[20:31:48.345] [SEVERE ] updating countdown to 7292
[20:31:48.441] [SEVERE ] updating countdown to 7196
[20:31:48.536] [SEVERE ] updating countdown to 7101
[20:31:48.631] [SEVERE ] updating countdown to 7006
[20:31:48.727] [SEVERE ] updating countdown to 6910
[20:31:48.822] [SEVERE ] updating countdown to 6815
[20:31:48.892] [SEVERE ] setting player 4 freeze to 0
[20:31:48.892] [SEVERE ] removing player 4 token from slot 5
[20:31:48.892] [SEVERE ] player 4 placing token on slot 0
[20:31:48.892] [SEVERE ] updating countdown to 6745
[20:31:48.893] [SEVERE ] setting player 4 freeze to 3000
[20:31:48.958] [SEVERE ] setting player 1 freeze to 0
[20:31:48.988] [SEVERE ] updating countdown to 6649
[20:31:49.084] [SEVERE ] updating countdown to 6553
[20:31:49.179] [SEVERE ] updating countdown to 6458
[20:31:49.274] [SEVERE ] updating countdown to 6363
[20:31:49.370] [SEVERE ] updating countdown to 6267
[20:31:49.466] [SEVERE ] updating countdown to 6171
[20:31:49.561] [SEVERE ] updating countdown to 6076
[20:31:49.656] [SEVERE ] updating countdown to 5981
[20:31:49.751] [SEVERE ] updating countdown to 5886
[20:31:49.847] [SEVERE ] updating countdown to 5790
[20:31:49.942] [SEVERE ] updating countdown to 5695
[20:31:50.038] [SEVERE ] updating countdown to 5599
[20:31:50.134] [SEVERE ] updating countdown to 5503
[20:31:50.230] [SEVERE ] updating countdown to 5407
[20:31:50.325] [SEVERE ] updating countdown to 5312
[20:31:50.420] [SEVERE ] updating countdown to 5217
[20:31:50.516] [SEVERE ] updating countdown to 5121
[20:31:50.612] [SEVERE ] updating countdown to 5025
[20:31:51.021] [SEVERE ] setting player 3 freeze to 0
[20:31:51.021] [SEVERE ] removing player 3 token from slot 9
[20:31:51.021] [SEVERE ] player 3 placing token on slot 5
[20:31:51.022] [SEVERE ] setting player 3 freeze to 3000
[20:31:54.895] [SEVERE ] setting player 4 freeze to 0
[20:31:54.895] [SEVERE ] removing player 4 token from slot 8
[20:31:54.895] [SEVERE ] player 4 placing token on slot 8
[20:31:54.897] [SEVERE ] setting player 4 freeze to 3000
[20:31:55.658] [SEVERE ] updating countdown to 60000
[20:31:55.772] [SEVERE ] removing tokens from slot 0
[20:31:55.772] [SEVERE ] removing card from slot 0
[20:31:55.882] [SEVERE ] removing tokens from slot 1
[20:31:55.882] [SEVERE ] removing card from slot 1
[20:31:55.992] [SEVERE ] removing tokens from slot 2
[20:31:55.992] [SEVERE ] removing card from slot 2
[20:31:56.102] [SEVERE ] removing tokens from slot 3
[20:31:56.102] [SEVERE ] removing card from slot 3
[20:31:56.212] [SEVERE ] removing tokens from slot 4
[20:31:56.212] [SEVERE ] removing card from slot 4
[20:31:56.323] [SEVERE ] removing tokens from slot 5
[20:31:56.323] [SEVERE ] removing card from slot 5
[20:31:56.433] [SEVERE ] removing tokens from slot 6
[20:31:56.433] [SEVERE ] removing card from slot 6
[20:31:56.543] [SEVERE ] removing tokens from slot 7
[20:31:56.543] [SEVERE ] removing card from slot 7
[20:31:56.653] [SEVERE ] removing tokens from slot 8
[20:31:56.653] [SEVERE ] removing card from slot 8
[20:31:56.763] [SEVERE ] removing tokens from slot 9
[20:31:56.763] [SEVERE ] removing card from slot 9
[20:31:56.874] [SEVERE ] removing tokens from slot 10
[20:31:56.874] [SEVERE ] removing card from slot 10
[20:31:56.984] [SEVERE ] removing tokens from slot 11
[20:31:56.984] [SEVERE ] removing card from slot 11
[20:31:57.025] [SEVERE ] setting player 3 freeze to 0
[20:31:57.093] [SEVERE ] placing card 20 in slot 0
[20:31:57.203] [SEVERE ] placing card 6 in slot 1
[20:31:57.313] [SEVERE ] placing card 69 in slot 2
[20:31:57.422] [SEVERE ] placing card 78 in slot 3
[20:31:57.531] [SEVERE ] placing card 49 in slot 4
[20:31:57.642] [SEVERE ] placing card 51 in slot 5
[20:31:57.753] [SEVERE ] placing card 4 in slot 6
[20:31:57.862] [SEVERE ] placing card 30 in slot 7
[20:31:57.972] [SEVERE ] placing card 41 in slot 8
[20:31:58.082] [SEVERE ] placing card 45 in slot 9
[20:31:58.193] [SEVERE ] placing card 60 in slot 10
[20:31:58.302] [SEVERE ] placing card 53 in slot 11
[20:31:58.305] [SEVERE ] player 3 placing token on slot 6
[20:31:58.305] [SEVERE ] player 3 placing token on slot 9
[20:31:58.305] [SEVERE ] player 3 placing token on slot 7
[20:31:58.306] [SEVERE ] updating countdown to 57352
[20:31:58.308] [SEVERE ] setting player 3 freeze to 3000
[20:31:58.403] [SEVERE ] updating countdown to 57255
[20:31:58.498] [SEVERE ] updating countdown to 57160
[20:31:58.593] [SEVERE ] updating countdown to 57065
[20:31:58.689] [SEVERE ] updating countdown to 56969
[20:31:58.784] [SEVERE ] updating countdown to 56874
[20:31:58.880] [SEVERE ] updating countdown to 56778
[20:31:58.976] [SEVERE ] updating countdown to 56682
[20:31:59.071] [SEVERE ] updating countdown to 56587
[20:31:59.166] [SEVERE ] updating countdown to 56492
[20:31:59.261] [SEVERE ] updating countdown to 56397
[20:31:59.357] [SEVERE ] updating countdown to 56301
[20:31:59.452] [SEVERE ] updating countdown to 56206
[20:31:59.547] [SEVERE ] updating countdown to 56111
[20:31:59.643] [SEVERE ] updating countdown to 56015
[20:31:59.738] [SEVERE ] updating countdown to 55920
[20:31:59.833] [SEVERE ] updating countdown to 55825
[20:31:59.929] [SEVERE ] updating countdown to 55729
[20:32:00.024] [SEVERE ] updating countdown to 55634
[20:32:00.120] [SEVERE ] updating countdown to 55538
[20:32:00.215] [SEVERE ] updating countdown to 55443
[20:32:00.310] [SEVERE ] updating countdown to 55348
[20:32:00.405] [SEVERE ] updating countdown to 55253
[20:32:00.501] [SEVERE ] updating countdown to 55157
[20:32:00.597] [SEVERE ] updating countdown to 55061
[20:32:00.692] [SEVERE ] updating countdown to 54966
[20:32:00.787] [SEVERE ] updating countdown to 54871
[20:32:00.883] [SEVERE ] updating countdown to 54775
[20:32:00.903] [SEVERE ] setting player 4 freeze to 0
[20:32:00.903] [SEVERE ] player 4 placing token on slot 3
[20:32:00.903] [SEVERE ] player 4 placing token on slot 6
[20:32:00.903] [SEVERE ] player 4 placing token on slot 11
[20:32:00.904] [SEVERE ] updating countdown to 54754
[20:32:00.907] [SEVERE ] setting player 4 freeze to 3000
[20:32:01.000] [SEVERE ] updating countdown to 54658
[20:32:01.095] [SEVERE ] updating countdown to 54563
[20:32:01.191] [SEVERE ] updating countdown to 54467
[20:32:01.287] [SEVERE ] updating countdown to 54371
[20:32:01.383] [SEVERE ] updating countdown to 54275
[20:32:01.478] [SEVERE ] updating countdown to 54180
[20:32:01.573] [SEVERE ] updating countdown to 54085
[20:32:01.669] [SEVERE ] updating countdown to 53989
[20:32:01.764] [SEVERE ] updating countdown to 53894
[20:32:01.860] [SEVERE ] updating countdown to 53798
[20:32:01.955] [SEVERE ] updating countdown to 53703
[20:32:02.050] [SEVERE ] updating countdown to 53608
[20:32:02.145] [SEVERE ] updating countdown to 53513
[20:32:02.241] [SEVERE ] updating countdown to 53417
[20:32:02.337] [SEVERE ] updating countdown to 53321
[20:32:02.434] [SEVERE ] updating countdown to 53224
[20:32:02.529] [SEVERE ] updating countdown to 53129
[20:32:02.625] [SEVERE ] updating countdown to 53033
[20:32:02.720] [SEVERE ] updating countdown to 52938
[20:32:02.816] [SEVERE ] updating countdown to 52842
[20:32:02.911] [SEVERE ] updating countdown to 52747
[20:32:03.006] [SEVERE ] updating countdown to 52652
[20:32:03.101] [SEVERE ] updating countdown to 52557
[20:32:03.196] [SEVERE ] updating countdown to 52462
[20:32:03.239] [SEVERE ] exit button pressed
[20:32:03.239] [INFO   ] thread computer-2 terminated.
[20:32:03.239] [INFO   ] thread Thread-2 terminated.
[20:32:03.239] [INFO   ] thread Thread-1 terminated.
[20:32:03.291] [SEVERE ] updating countdown to 52367
[20:32:03.387] [SEVERE ] updating countdown to 52271
[20:32:03.482] [SEVERE ] updating countdown to 52176
[20:32:03.577] [SEVERE ] updating countdown to 52081
[20:32:03.672] [SEVERE ] updating countdown to 51986
[20:32:03.768] [SEVERE ] updating countdown to 51890
[20:32:03.863] [SEVERE ] updating countdown to 51795
[20:32:03.958] [SEVERE ] updating countdown to 51700
[20:32:04.054] [SEVERE ] updating countdown to 51604
[20:32:04.150] [SEVERE ] updating countdown to 51508
[20:32:04.245] [SEVERE ] updating countdown to 51413
[20:32:04.309] [SEVERE ] setting player 3 freeze to 0
[20:32:04.309] [INFO   ] thread Thread-3 terminated.
[20:32:04.341] [SEVERE ] updating countdown to 51317
[20:32:04.436] [SEVERE ] updating countdown to 51222
[20:32:04.531] [SEVERE ] updating countdown to 51127
[20:32:04.627] [SEVERE ] updating countdown to 51031
[20:32:04.722] [SEVERE ] updating countdown to 50936
[20:32:04.818] [SEVERE ] updating countdown to 50840
[20:32:04.914] [SEVERE ] updating countdown to 50744
[20:32:05.009] [SEVERE ] updating countdown to 50649
[20:32:05.104] [SEVERE ] updating countdown to 50554
[20:32:05.199] [SEVERE ] updating countdown to 50459
[20:32:05.295] [SEVERE ] updating countdown to 50363
[20:32:05.390] [SEVERE ] updating countdown to 50268
[20:32:05.486] [SEVERE ] updating countdown to 50172
[20:32:05.581] [SEVERE ] updating countdown to 50077
[20:32:05.677] [SEVERE ] updating countdown to 49981
[20:32:05.773] [SEVERE ] updating countdown to 49885
[20:32:05.868] [SEVERE ] updating countdown to 49790
[20:32:05.963] [SEVERE ] updating countdown to 49695
[20:32:06.058] [SEVERE ] updating countdown to 49600
[20:32:06.154] [SEVERE ] updating countdown to 49504
[20:32:06.249] [SEVERE ] updating countdown to 49409
[20:32:06.344] [SEVERE ] updating countdown to 49314
[20:32:06.440] [SEVERE ] updating countdown to 49218
[20:32:06.535] [SEVERE ] updating countdown to 49123
[20:32:06.631] [SEVERE ] updating countdown to 49027
[20:32:06.726] [SEVERE ] updating countdown to 48932
[20:32:06.822] [SEVERE ] updating countdown to 48836
[20:32:06.909] [SEVERE ] setting player 4 freeze to 0
[20:32:06.909] [INFO   ] thread computer-3 terminated.
[20:32:06.910] [INFO   ] thread Thread-4 terminated.
[20:32:06.917] [SEVERE ] updating countdown to 48741
[20:32:06.917] [SEVERE ] updating countdown to 60000
[20:32:07.024] [SEVERE ] removing tokens from slot 0
[20:32:07.024] [SEVERE ] removing card from slot 0
[20:32:07.135] [SEVERE ] removing tokens from slot 1
[20:32:07.135] [SEVERE ] removing card from slot 1
[20:32:07.244] [SEVERE ] removing tokens from slot 2
[20:32:07.244] [SEVERE ] removing card from slot 2
[20:32:07.353] [SEVERE ] removing tokens from slot 3
[20:32:07.353] [SEVERE ] removing card from slot 3
[20:32:07.463] [SEVERE ] removing tokens from slot 4
[20:32:07.463] [SEVERE ] removing card from slot 4
[20:32:07.572] [SEVERE ] removing tokens from slot 5
[20:32:07.572] [SEVERE ] removing card from slot 5
[20:32:07.681] [SEVERE ] removing tokens from slot 6
[20:32:07.681] [SEVERE ] removing card from slot 6
[20:32:07.791] [SEVERE ] removing tokens from slot 7
[20:32:07.791] [SEVERE ] removing card from slot 7
[20:32:07.901] [SEVERE ] removing tokens from slot 8
[20:32:07.901] [SEVERE ] removing card from slot 8
[20:32:08.011] [SEVERE ] removing tokens from slot 9
[20:32:08.011] [SEVERE ] removing card from slot 9
[20:32:08.121] [SEVERE ] removing tokens from slot 10
[20:32:08.121] [SEVERE ] removing card from slot 10
[20:32:08.231] [SEVERE ] removing tokens from slot 11
[20:32:08.231] [SEVERE ] removing card from slot 11
[20:32:08.342] [SEVERE ] placing card 7 in slot 0
[20:32:08.450] [SEVERE ] placing card 61 in slot 1
[20:32:08.560] [SEVERE ] placing card 30 in slot 2
[20:32:08.670] [SEVERE ] placing card 39 in slot 3
[20:32:08.782] [SEVERE ] placing card 48 in slot 4
[20:32:08.892] [SEVERE ] placing card 4 in slot 5
[20:32:09.001] [SEVERE ] placing card 77 in slot 6
[20:32:09.111] [SEVERE ] placing card 32 in slot 7
[20:32:09.222] [SEVERE ] placing card 24 in slot 8
[20:32:09.332] [SEVERE ] placing card 51 in slot 9
[20:32:09.441] [SEVERE ] placing card 34 in slot 10
[20:32:09.551] [SEVERE ] placing card 73 in slot 11
[20:32:09.553] [SEVERE ] announcing winner(s): player 1, player 2, player 3
[20:32:09.556] [INFO   ] thread dealer terminated.
[20:32:09.556] [INFO   ] thread dealer terminated.
[20:32:09.556] [SEVERE ] thanks for playing... it was fun!
[20:32:09.557] [INFO   ] thread bguspl.set.Main.main() terminated.
