[19:53:09.429] [INFO   ] thread bguspl.set.Main.main() starting.
[19:53:09.435] [SEVERE ] cannot read configuration file config.properties trying from resources.
[19:53:09.436] [SEVERE ] configuration file was loaded from resources directory.
[19:53:10.130] [INFO   ] thread dealer starting.
[19:53:10.130] [INFO   ] thread dealer starting.
[19:53:10.131] [INFO   ] thread Thread-1 starting.
[19:53:10.131] [INFO   ] thread Thread-3 starting.
[19:53:10.131] [INFO   ] thread Thread-2 starting.
[19:53:10.133] [INFO   ] thread Thread-4 starting.
[19:53:10.133] [INFO   ] thread computer-2 starting.
[19:53:10.134] [INFO   ] thread computer-3 starting.
[19:53:10.246] [SEVERE ] placing card 49 in slot 0
[19:53:10.355] [SEVERE ] placing card 73 in slot 1
[19:53:10.463] [SEVERE ] placing card 1 in slot 2
[19:53:10.572] [SEVERE ] placing card 39 in slot 3
[19:53:10.682] [SEVERE ] placing card 14 in slot 4
[19:53:10.794] [SEVERE ] placing card 23 in slot 5
[19:53:10.905] [SEVERE ] placing card 45 in slot 6
[19:53:11.016] [SEVERE ] placing card 52 in slot 7
[19:53:11.128] [SEVERE ] placing card 9 in slot 8
[19:53:11.239] [SEVERE ] placing card 63 in slot 9
[19:53:11.351] [SEVERE ] placing card 27 in slot 10
[19:53:11.463] [SEVERE ] placing card 5 in slot 11
[19:53:11.463] [SEVERE ] updating countdown to 60000
[19:53:11.465] [SEVERE ] player 4 placing token on slot 2
[19:53:11.465] [SEVERE ] player 4 placing token on slot 0
[19:53:11.465] [SEVERE ] player 4 placing token on slot 4
[19:53:11.467] [SEVERE ] player 3 placing token on slot 2
[19:53:11.467] [SEVERE ] player 3 placing token on slot 6
[19:53:11.467] [SEVERE ] player 3 placing token on slot 4
[19:53:11.468] [SEVERE ] updating countdown to 59995
[19:53:11.473] [SEVERE ] setting player 4 freeze to 3000
[19:53:11.564] [SEVERE ] updating countdown to 59899
[19:53:11.564] [SEVERE ] setting player 3 freeze to 3000
[19:53:11.659] [SEVERE ] updating countdown to 59804
[19:53:11.755] [SEVERE ] updating countdown to 59708
[19:53:11.851] [SEVERE ] updating countdown to 59612
[19:53:11.946] [SEVERE ] updating countdown to 59517
[19:53:12.042] [SEVERE ] updating countdown to 59421
[19:53:12.137] [SEVERE ] updating countdown to 59326
[19:53:12.233] [SEVERE ] updating countdown to 59230
[19:53:12.328] [SEVERE ] updating countdown to 59135
[19:53:12.424] [SEVERE ] updating countdown to 59039
[19:53:12.519] [SEVERE ] updating countdown to 58944
[19:53:12.614] [SEVERE ] updating countdown to 58849
[19:53:12.710] [SEVERE ] updating countdown to 58753
[19:53:12.806] [SEVERE ] updating countdown to 58657
[19:53:12.901] [SEVERE ] updating countdown to 58562
[19:53:12.996] [SEVERE ] updating countdown to 58467
[19:53:13.092] [SEVERE ] updating countdown to 58371
[19:53:13.188] [SEVERE ] updating countdown to 58275
[19:53:13.284] [SEVERE ] updating countdown to 58179
[19:53:13.380] [SEVERE ] updating countdown to 58083
[19:53:13.475] [SEVERE ] updating countdown to 57988
[19:53:13.571] [SEVERE ] updating countdown to 57892
[19:53:13.666] [SEVERE ] updating countdown to 57797
[19:53:13.761] [SEVERE ] updating countdown to 57702
[19:53:13.857] [SEVERE ] updating countdown to 57606
[19:53:13.883] [SEVERE ] key 81 was pressed by player 1
[19:53:13.883] [SEVERE ] player 1 placing token on slot 0
[19:53:13.891] [SEVERE ] key 87 was pressed by player 1
[19:53:13.891] [SEVERE ] player 1 placing token on slot 1
[19:53:13.952] [SEVERE ] updating countdown to 57511
[19:53:13.983] [SEVERE ] key 69 was pressed by player 1
[19:53:13.983] [SEVERE ] player 1 placing token on slot 2
[19:53:13.984] [SEVERE ] updating countdown to 57479
[19:53:13.984] [SEVERE ] setting player 1 freeze to 3000
[19:53:14.080] [SEVERE ] updating countdown to 57383
[19:53:14.175] [SEVERE ] updating countdown to 57288
[19:53:14.270] [SEVERE ] updating countdown to 57193
[19:53:14.366] [SEVERE ] updating countdown to 57097
[19:53:14.461] [SEVERE ] updating countdown to 57002
[19:53:14.557] [SEVERE ] updating countdown to 56906
[19:53:14.653] [SEVERE ] updating countdown to 56810
[19:53:14.748] [SEVERE ] updating countdown to 56715
[19:53:14.843] [SEVERE ] updating countdown to 56620
[19:53:14.939] [SEVERE ] updating countdown to 56524
[19:53:15.034] [SEVERE ] updating countdown to 56429
[19:53:15.130] [SEVERE ] updating countdown to 56333
[19:53:15.225] [SEVERE ] updating countdown to 56238
[19:53:15.321] [SEVERE ] updating countdown to 56142
[19:53:15.416] [SEVERE ] updating countdown to 56047
[19:53:15.512] [SEVERE ] updating countdown to 55951
[19:53:15.607] [SEVERE ] updating countdown to 55856
[19:53:15.703] [SEVERE ] updating countdown to 55760
[19:53:15.724] [SEVERE ] key 76 was pressed by player 2
[19:53:15.724] [SEVERE ] player 2 placing token on slot 6
[19:53:15.743] [SEVERE ] key 75 was pressed by player 2
[19:53:15.743] [SEVERE ] player 2 placing token on slot 5
[19:53:15.799] [SEVERE ] updating countdown to 55664
[19:53:15.825] [SEVERE ] key 74 was pressed by player 2
[19:53:15.825] [SEVERE ] player 2 placing token on slot 4
[19:53:15.826] [SEVERE ] updating countdown to 55637
[19:53:15.827] [SEVERE ] setting player 2 freeze to 3000
[19:53:15.922] [SEVERE ] updating countdown to 55541
[19:53:16.017] [SEVERE ] updating countdown to 55446
[19:53:16.113] [SEVERE ] updating countdown to 55350
[19:53:16.208] [SEVERE ] updating countdown to 55255
[19:53:16.304] [SEVERE ] updating countdown to 55159
[19:53:16.399] [SEVERE ] updating countdown to 55064
[19:53:16.495] [SEVERE ] updating countdown to 54968
[19:53:16.590] [SEVERE ] updating countdown to 54873
[19:53:16.685] [SEVERE ] updating countdown to 54778
[19:53:16.781] [SEVERE ] updating countdown to 54682
[19:53:16.877] [SEVERE ] updating countdown to 54586
[19:53:16.972] [SEVERE ] updating countdown to 54491
[19:53:16.986] [SEVERE ] setting player 1 freeze to 0
[19:53:17.068] [SEVERE ] updating countdown to 54395
[19:53:17.164] [SEVERE ] updating countdown to 54299
[19:53:17.259] [SEVERE ] updating countdown to 54204
[19:53:17.354] [SEVERE ] updating countdown to 54109
[19:53:17.450] [SEVERE ] updating countdown to 54013
[19:53:17.476] [SEVERE ] setting player 4 freeze to 0
[19:53:17.476] [SEVERE ] removing player 4 token from slot 4
[19:53:17.476] [SEVERE ] player 4 placing token on slot 3
[19:53:17.477] [SEVERE ] updating countdown to 53986
[19:53:17.478] [SEVERE ] setting player 4 freeze to 3000
[19:53:17.568] [SEVERE ] setting player 3 freeze to 0
[19:53:17.568] [SEVERE ] removing player 3 token from slot 6
[19:53:17.568] [SEVERE ] player 3 placing token on slot 6
[19:53:17.569] [SEVERE ] updating countdown to 53894
[19:53:17.569] [SEVERE ] setting player 3 freeze to 3000
[19:53:17.664] [SEVERE ] updating countdown to 53799
[19:53:17.760] [SEVERE ] updating countdown to 53703
[19:53:17.855] [SEVERE ] updating countdown to 53608
[19:53:17.950] [SEVERE ] updating countdown to 53513
[19:53:18.046] [SEVERE ] updating countdown to 53417
[19:53:18.141] [SEVERE ] updating countdown to 53322
[19:53:18.237] [SEVERE ] updating countdown to 53226
[19:53:18.332] [SEVERE ] updating countdown to 53131
[19:53:18.428] [SEVERE ] updating countdown to 53035
[19:53:18.523] [SEVERE ] updating countdown to 52940
[19:53:18.619] [SEVERE ] updating countdown to 52844
[19:53:18.715] [SEVERE ] updating countdown to 52748
[19:53:18.810] [SEVERE ] updating countdown to 52653
[19:53:18.829] [SEVERE ] setting player 2 freeze to 0
[19:53:18.906] [SEVERE ] updating countdown to 52557
[19:53:19.001] [SEVERE ] updating countdown to 52462
[19:53:19.096] [SEVERE ] updating countdown to 52367
[19:53:19.192] [SEVERE ] updating countdown to 52271
[19:53:19.287] [SEVERE ] updating countdown to 52176
[19:53:19.383] [SEVERE ] updating countdown to 52080
[19:53:19.478] [SEVERE ] updating countdown to 51985
[19:53:19.573] [SEVERE ] updating countdown to 51890
[19:53:19.672] [SEVERE ] updating countdown to 51791
[19:53:19.768] [SEVERE ] updating countdown to 51695
[19:53:19.863] [SEVERE ] updating countdown to 51600
[19:53:19.958] [SEVERE ] updating countdown to 51505
[19:53:20.053] [SEVERE ] updating countdown to 51410
[19:53:20.149] [SEVERE ] updating countdown to 51314
[19:53:20.245] [SEVERE ] updating countdown to 51218
[19:53:20.340] [SEVERE ] updating countdown to 51123
[19:53:20.436] [SEVERE ] updating countdown to 51027
[19:53:20.531] [SEVERE ] updating countdown to 50932
[19:53:20.627] [SEVERE ] updating countdown to 50836
[19:53:20.723] [SEVERE ] updating countdown to 50740
[19:53:20.820] [SEVERE ] updating countdown to 50645
[19:53:20.924] [SEVERE ] updating countdown to 50539
[19:53:21.020] [SEVERE ] updating countdown to 50443
[19:53:21.115] [SEVERE ] updating countdown to 50348
[19:53:21.212] [SEVERE ] updating countdown to 50251
[19:53:21.307] [SEVERE ] updating countdown to 50156
[19:53:21.402] [SEVERE ] updating countdown to 50061
[19:53:21.498] [SEVERE ] updating countdown to 49965
[19:53:21.594] [SEVERE ] updating countdown to 49869
[19:53:21.690] [SEVERE ] updating countdown to 49773
[19:53:21.785] [SEVERE ] updating countdown to 49678
[19:53:21.880] [SEVERE ] updating countdown to 49583
[19:53:21.975] [SEVERE ] updating countdown to 49488
[19:53:22.071] [SEVERE ] updating countdown to 49392
[19:53:22.167] [SEVERE ] updating countdown to 49296
[19:53:22.262] [SEVERE ] updating countdown to 49201
[19:53:22.359] [SEVERE ] updating countdown to 49104
[19:53:22.455] [SEVERE ] updating countdown to 49008
[19:53:22.551] [SEVERE ] updating countdown to 48912
[19:53:22.646] [SEVERE ] updating countdown to 48817
[19:53:22.741] [SEVERE ] updating countdown to 48722
[19:53:22.837] [SEVERE ] updating countdown to 48626
[19:53:22.932] [SEVERE ] updating countdown to 48531
[19:53:23.028] [SEVERE ] updating countdown to 48435
[19:53:23.124] [SEVERE ] updating countdown to 48339
[19:53:23.220] [SEVERE ] updating countdown to 48243
[19:53:23.315] [SEVERE ] updating countdown to 48148
[19:53:23.411] [SEVERE ] updating countdown to 48053
[19:53:23.482] [SEVERE ] setting player 4 freeze to 0
[19:53:23.482] [SEVERE ] removing player 4 token from slot 0
[19:53:23.482] [SEVERE ] player 4 placing token on slot 8
[19:53:23.483] [SEVERE ] updating countdown to 47980
[19:53:23.490] [SEVERE ] setting player 4 freeze to 3000
[19:53:23.571] [SEVERE ] setting player 3 freeze to 0
[19:53:23.579] [SEVERE ] updating countdown to 47884
[19:53:23.581] [SEVERE ] removing player 3 token from slot 2
[19:53:23.583] [SEVERE ] player 3 placing token on slot 10
[19:53:23.617] [SEVERE ] updating countdown to 47846
[19:53:23.618] [SEVERE ] setting player 3 freeze to 3000
[19:53:23.713] [SEVERE ] updating countdown to 47750
[19:53:23.809] [SEVERE ] updating countdown to 47654
[19:53:23.904] [SEVERE ] updating countdown to 47559
[19:53:24.000] [SEVERE ] updating countdown to 47463
[19:53:24.095] [SEVERE ] updating countdown to 47368
[19:53:24.191] [SEVERE ] updating countdown to 47272
[19:53:24.286] [SEVERE ] updating countdown to 47177
[19:53:24.382] [SEVERE ] updating countdown to 47081
[19:53:24.477] [SEVERE ] updating countdown to 46986
[19:53:24.573] [SEVERE ] updating countdown to 46890
[19:53:24.668] [SEVERE ] updating countdown to 46795
[19:53:24.764] [SEVERE ] updating countdown to 46699
[19:53:24.860] [SEVERE ] updating countdown to 46603
[19:53:24.955] [SEVERE ] updating countdown to 46508
[19:53:25.051] [SEVERE ] updating countdown to 46412
[19:53:25.146] [SEVERE ] updating countdown to 46317
[19:53:25.316] [SEVERE ] updating countdown to 46147
[19:53:25.439] [SEVERE ] updating countdown to 46024
[19:53:25.535] [SEVERE ] updating countdown to 45928
[19:53:25.631] [SEVERE ] updating countdown to 45832
[19:53:25.726] [SEVERE ] updating countdown to 45737
[19:53:25.822] [SEVERE ] updating countdown to 45641
[19:53:25.917] [SEVERE ] updating countdown to 45546
[19:53:26.013] [SEVERE ] updating countdown to 45450
[19:53:26.109] [SEVERE ] updating countdown to 45354
[19:53:26.204] [SEVERE ] updating countdown to 45259
[19:53:26.299] [SEVERE ] updating countdown to 45164
[19:53:26.395] [SEVERE ] updating countdown to 45068
[19:53:26.491] [SEVERE ] updating countdown to 44972
[19:53:26.586] [SEVERE ] updating countdown to 44877
[19:53:26.682] [SEVERE ] updating countdown to 44781
[19:53:26.778] [SEVERE ] updating countdown to 44685
[19:53:26.873] [SEVERE ] updating countdown to 44590
[19:53:26.969] [SEVERE ] updating countdown to 44494
[19:53:27.064] [SEVERE ] updating countdown to 44399
[19:53:27.118] [SEVERE ] exit button pressed
[19:53:27.118] [INFO   ] thread computer-3 terminated.
[19:53:27.119] [INFO   ] thread computer-2 terminated.
[19:53:27.118] [INFO   ] thread Thread-2 terminated.
[19:53:27.118] [INFO   ] thread Thread-1 terminated.
[19:53:27.160] [SEVERE ] updating countdown to 44303
[19:53:27.255] [SEVERE ] updating countdown to 44208
[19:53:27.350] [SEVERE ] updating countdown to 44113
[19:53:27.446] [SEVERE ] updating countdown to 44017
[19:53:27.541] [SEVERE ] updating countdown to 43922
[19:53:27.637] [SEVERE ] updating countdown to 43826
[19:53:27.733] [SEVERE ] updating countdown to 43730
[19:53:27.829] [SEVERE ] updating countdown to 43634
[19:53:27.925] [SEVERE ] updating countdown to 43538
[19:53:28.020] [SEVERE ] updating countdown to 43443
[19:53:28.116] [SEVERE ] updating countdown to 43347
[19:53:28.212] [SEVERE ] updating countdown to 43251
[19:53:28.308] [SEVERE ] updating countdown to 43155
[19:53:28.403] [SEVERE ] updating countdown to 43060
[19:53:28.499] [SEVERE ] updating countdown to 42964
[19:53:28.594] [SEVERE ] updating countdown to 42869
[19:53:28.690] [SEVERE ] updating countdown to 42773
[19:53:28.786] [SEVERE ] updating countdown to 42677
[19:53:28.881] [SEVERE ] updating countdown to 42582
[19:53:28.977] [SEVERE ] updating countdown to 42486
[19:53:29.073] [SEVERE ] updating countdown to 42390
[19:53:29.169] [SEVERE ] updating countdown to 42294
[19:53:29.264] [SEVERE ] updating countdown to 42199
[19:53:29.359] [SEVERE ] updating countdown to 42104
[19:53:29.455] [SEVERE ] updating countdown to 42008
[19:53:29.493] [SEVERE ] setting player 4 freeze to 0
[19:53:29.493] [INFO   ] thread Thread-4 terminated.
[19:53:29.550] [SEVERE ] updating countdown to 41913
[19:53:29.624] [SEVERE ] setting player 3 freeze to 0
[19:53:29.624] [INFO   ] thread Thread-3 terminated.
[19:53:29.646] [SEVERE ] updating countdown to 41817
[19:53:29.646] [SEVERE ] updating countdown to 60000
[19:53:29.751] [SEVERE ] removing tokens from slot 0
[19:53:29.751] [SEVERE ] removing card from slot 0
[19:53:29.861] [SEVERE ] removing tokens from slot 1
[19:53:29.861] [SEVERE ] removing card from slot 1
[19:53:30.000] [SEVERE ] removing tokens from slot 2
[19:53:30.001] [SEVERE ] removing card from slot 2
[19:53:30.117] [SEVERE ] removing tokens from slot 3
[19:53:30.119] [SEVERE ] removing card from slot 3
[19:53:30.227] [SEVERE ] removing tokens from slot 4
[19:53:30.227] [SEVERE ] removing card from slot 4
[19:53:30.338] [SEVERE ] removing tokens from slot 5
[19:53:30.338] [SEVERE ] removing card from slot 5
[19:53:30.451] [SEVERE ] removing tokens from slot 6
[19:53:30.454] [SEVERE ] removing card from slot 6
[19:53:30.562] [SEVERE ] removing tokens from slot 7
[19:53:30.566] [SEVERE ] removing card from slot 7
[19:53:30.678] [SEVERE ] removing tokens from slot 8
[19:53:30.678] [SEVERE ] removing card from slot 8
[19:53:30.785] [SEVERE ] removing tokens from slot 9
[19:53:30.785] [SEVERE ] removing card from slot 9
[19:53:30.897] [SEVERE ] removing tokens from slot 10
[19:53:30.897] [SEVERE ] removing card from slot 10
[19:53:31.009] [SEVERE ] removing tokens from slot 11
[19:53:31.009] [SEVERE ] removing card from slot 11
[19:53:31.119] [SEVERE ] placing card 51 in slot 0
[19:53:31.231] [SEVERE ] placing card 53 in slot 1
[19:53:31.343] [SEVERE ] placing card 4 in slot 2
[19:53:31.455] [SEVERE ] placing card 63 in slot 3
[19:53:31.569] [SEVERE ] placing card 39 in slot 4
[19:53:31.678] [SEVERE ] placing card 80 in slot 5
[19:53:31.788] [SEVERE ] placing card 22 in slot 6
[19:53:31.900] [SEVERE ] placing card 44 in slot 7
[19:53:32.012] [SEVERE ] placing card 32 in slot 8
[19:53:32.126] [SEVERE ] placing card 28 in slot 9
[19:53:32.258] [SEVERE ] placing card 27 in slot 10
[19:53:32.373] [SEVERE ] placing card 70 in slot 11
[19:53:32.382] [SEVERE ] announcing winner(s): player 1, player 2, player 3, player 4
[19:53:32.384] [INFO   ] thread dealer terminated.
[19:53:32.384] [INFO   ] thread dealer terminated.
[19:53:32.384] [SEVERE ] thanks for playing... it was fun!
[19:53:32.385] [INFO   ] thread bguspl.set.Main.main() terminated.
