[18:53:25.731] [INFO   ] thread bguspl.set.Main.main() starting.
[18:53:25.735] [SEVERE ] cannot read configuration file config.properties trying from resources.
[18:53:25.736] [SEVERE ] configuration file was loaded from resources directory.
[18:53:26.287] [INFO   ] thread dealer starting.
[18:53:26.288] [INFO   ] thread dealer starting.
[18:53:26.289] [INFO   ] thread Thread-1 starting.
[18:53:26.289] [INFO   ] thread Thread-3 starting.
[18:53:26.289] [INFO   ] thread Thread-4 starting.
[18:53:26.289] [INFO   ] thread Thread-2 starting.
[18:53:26.290] [INFO   ] thread computer-2 starting.
[18:53:26.290] [INFO   ] thread computer-3 starting.
[18:53:26.403] [SEVERE ] placing card 0 in slot 0
[18:53:26.511] [SEVERE ] placing card 40 in slot 1
[18:53:26.620] [SEVERE ] placing card 37 in slot 2
[18:53:26.730] [SEVERE ] placing card 49 in slot 3
[18:53:26.839] [SEVERE ] placing card 5 in slot 4
[18:53:26.950] [SEVERE ] placing card 30 in slot 5
[18:53:27.059] [SEVERE ] placing card 26 in slot 6
[18:53:27.168] [SEVERE ] placing card 79 in slot 7
[18:53:27.277] [SEVERE ] placing card 38 in slot 8
[18:53:27.386] [SEVERE ] placing card 27 in slot 9
[18:53:27.496] [SEVERE ] placing card 32 in slot 10
[18:53:27.604] [SEVERE ] placing card 18 in slot 11
[18:53:27.604] [SEVERE ] updating countdown to 60000
[18:53:27.621] [SEVERE ] player 3 placing token on slot 6
[18:53:27.621] [SEVERE ] player 4 placing token on slot 11
[18:53:27.637] [SEVERE ] removing player 3 token from slot 6
[18:53:27.637] [SEVERE ] player 4 placing token on slot 1
[18:53:27.652] [SEVERE ] player 3 placing token on slot 9
[18:53:27.654] [SEVERE ] player 4 placing token on slot 10
[18:53:27.654] [SEVERE ] updating countdown to 59950
[18:53:27.654] [SEVERE ] setting player 4 freeze to 3000
[18:53:27.669] [SEVERE ] player 3 placing token on slot 5
[18:53:27.685] [SEVERE ] removing player 3 token from slot 5
[18:53:27.701] [SEVERE ] player 3 placing token on slot 8
[18:53:27.716] [SEVERE ] player 3 placing token on slot 10
[18:53:27.716] [SEVERE ] updating countdown to 59888
[18:53:27.716] [SEVERE ] setting player 3 freeze to 3000
[18:53:27.812] [SEVERE ] updating countdown to 59792
[18:53:27.907] [SEVERE ] updating countdown to 59697
[18:53:28.002] [SEVERE ] updating countdown to 59602
[18:53:28.098] [SEVERE ] updating countdown to 59506
[18:53:28.194] [SEVERE ] updating countdown to 59410
[18:53:28.289] [SEVERE ] updating countdown to 59315
[18:53:28.385] [SEVERE ] updating countdown to 59219
[18:53:28.481] [SEVERE ] updating countdown to 59123
[18:53:28.576] [SEVERE ] updating countdown to 59028
[18:53:28.671] [SEVERE ] updating countdown to 58933
[18:53:28.766] [SEVERE ] updating countdown to 58838
[18:53:28.862] [SEVERE ] updating countdown to 58742
[18:53:28.957] [SEVERE ] updating countdown to 58647
[18:53:29.052] [SEVERE ] updating countdown to 58552
[18:53:29.147] [SEVERE ] updating countdown to 58457
[18:53:29.242] [SEVERE ] updating countdown to 58362
[18:53:29.337] [SEVERE ] updating countdown to 58267
[18:53:29.434] [SEVERE ] updating countdown to 58170
[18:53:29.529] [SEVERE ] updating countdown to 58075
[18:53:29.624] [SEVERE ] updating countdown to 57980
[18:53:29.720] [SEVERE ] updating countdown to 57884
[18:53:29.816] [SEVERE ] updating countdown to 57788
[18:53:29.912] [SEVERE ] updating countdown to 57692
[18:53:30.007] [SEVERE ] updating countdown to 57597
[18:53:30.103] [SEVERE ] updating countdown to 57501
[18:53:30.199] [SEVERE ] updating countdown to 57405
[18:53:30.294] [SEVERE ] updating countdown to 57310
[18:53:30.390] [SEVERE ] updating countdown to 57214
[18:53:30.485] [SEVERE ] updating countdown to 57119
[18:53:30.581] [SEVERE ] updating countdown to 57023
[18:53:30.676] [SEVERE ] updating countdown to 56928
[18:53:30.771] [SEVERE ] updating countdown to 56833
[18:53:30.866] [SEVERE ] updating countdown to 56738
[18:53:30.962] [SEVERE ] updating countdown to 56642
[18:53:31.057] [SEVERE ] updating countdown to 56547
[18:53:31.153] [SEVERE ] updating countdown to 56451
[18:53:31.248] [SEVERE ] updating countdown to 56356
[18:53:31.343] [SEVERE ] updating countdown to 56261
[18:53:31.438] [SEVERE ] updating countdown to 56166
[18:53:31.534] [SEVERE ] updating countdown to 56070
[18:53:31.630] [SEVERE ] updating countdown to 55974
[18:53:31.725] [SEVERE ] updating countdown to 55879
[18:53:31.821] [SEVERE ] updating countdown to 55783
[18:53:31.917] [SEVERE ] updating countdown to 55687
[18:53:31.991] [SEVERE ] key 81 was pressed by player 1
[18:53:32.013] [SEVERE ] updating countdown to 55591
[18:53:32.070] [SEVERE ] key 87 was pressed by player 1
[18:53:32.108] [SEVERE ] updating countdown to 55496
[18:53:32.119] [SEVERE ] key 69 was pressed by player 1
[18:53:32.203] [SEVERE ] updating countdown to 55401
[18:53:32.299] [SEVERE ] updating countdown to 55305
[18:53:32.394] [SEVERE ] updating countdown to 55210
[18:53:32.490] [SEVERE ] updating countdown to 55114
[18:53:32.585] [SEVERE ] updating countdown to 55019
[18:53:32.680] [SEVERE ] updating countdown to 54924
[18:53:32.776] [SEVERE ] updating countdown to 54828
[18:53:32.871] [SEVERE ] updating countdown to 54733
[18:53:32.967] [SEVERE ] updating countdown to 54637
[18:53:33.063] [SEVERE ] updating countdown to 54541
[18:53:33.158] [SEVERE ] updating countdown to 54446
[18:53:33.254] [SEVERE ] updating countdown to 54350
[18:53:33.350] [SEVERE ] updating countdown to 54254
[18:53:33.445] [SEVERE ] updating countdown to 54159
[18:53:33.540] [SEVERE ] updating countdown to 54064
[18:53:33.636] [SEVERE ] updating countdown to 53968
[18:53:33.656] [SEVERE ] setting player 4 freeze to 0
[18:53:33.669] [SEVERE ] removing player 4 token from slot 11
[18:53:33.685] [SEVERE ] removing player 4 token from slot 1
[18:53:33.700] [SEVERE ] player 4 placing token on slot 0
[18:53:33.716] [SEVERE ] player 4 placing token on slot 9
[18:53:33.716] [SEVERE ] updating countdown to 53888
[18:53:33.716] [SEVERE ] setting player 4 freeze to 3000
[18:53:33.719] [SEVERE ] setting player 3 freeze to 0
[18:53:33.745] [SEVERE ] removing player 3 token from slot 8
[18:53:33.762] [SEVERE ] player 3 placing token on slot 11
[18:53:33.762] [SEVERE ] updating countdown to 53842
[18:53:33.762] [SEVERE ] setting player 3 freeze to 3000
[18:53:33.858] [SEVERE ] updating countdown to 53746
[18:53:33.954] [SEVERE ] updating countdown to 53650
[18:53:34.050] [SEVERE ] updating countdown to 53554
[18:53:34.078] [SEVERE ] key 65 was pressed by player 1
[18:53:34.103] [SEVERE ] key 83 was pressed by player 1
[18:53:34.145] [SEVERE ] updating countdown to 53459
[18:53:34.156] [SEVERE ] key 68 was pressed by player 1
[18:53:34.241] [SEVERE ] updating countdown to 53363
[18:53:34.336] [SEVERE ] updating countdown to 53268
[18:53:34.432] [SEVERE ] updating countdown to 53172
[18:53:34.527] [SEVERE ] updating countdown to 53077
[18:53:34.623] [SEVERE ] updating countdown to 52981
[18:53:34.688] [SEVERE ] key 65 was pressed by player 1
[18:53:34.713] [SEVERE ] key 83 was pressed by player 1
[18:53:34.718] [SEVERE ] updating countdown to 52886
[18:53:34.802] [SEVERE ] key 68 was pressed by player 1
[18:53:34.814] [SEVERE ] updating countdown to 52790
[18:53:34.909] [SEVERE ] updating countdown to 52695
[18:53:35.005] [SEVERE ] updating countdown to 52599
[18:53:35.091] [SEVERE ] key 65 was pressed by player 1
[18:53:35.100] [SEVERE ] updating countdown to 52504
[18:53:35.153] [SEVERE ] key 83 was pressed by player 1
[18:53:35.195] [SEVERE ] updating countdown to 52409
[18:53:35.230] [SEVERE ] key 68 was pressed by player 1
[18:53:35.291] [SEVERE ] updating countdown to 52313
[18:53:35.387] [SEVERE ] updating countdown to 52217
[18:53:35.482] [SEVERE ] updating countdown to 52122
[18:53:35.577] [SEVERE ] updating countdown to 52027
[18:53:35.620] [SEVERE ] key 83 was pressed by player 1
[18:53:35.641] [SEVERE ] key 65 was pressed by player 1
[18:53:35.673] [SEVERE ] updating countdown to 51931
[18:53:35.765] [SEVERE ] key 68 was pressed by player 1
[18:53:35.768] [SEVERE ] updating countdown to 51836
[18:53:35.864] [SEVERE ] updating countdown to 51740
[18:53:35.959] [SEVERE ] updating countdown to 51645
[18:53:36.055] [SEVERE ] updating countdown to 51549
[18:53:36.150] [SEVERE ] updating countdown to 51454
[18:53:36.193] [SEVERE ] key 65 was pressed by player 1
[18:53:36.236] [SEVERE ] key 83 was pressed by player 1
[18:53:36.245] [SEVERE ] updating countdown to 51359
[18:53:36.323] [SEVERE ] key 68 was pressed by player 1
[18:53:36.341] [SEVERE ] updating countdown to 51263
[18:53:36.437] [SEVERE ] updating countdown to 51167
[18:53:36.532] [SEVERE ] updating countdown to 51072
[18:53:36.627] [SEVERE ] updating countdown to 50977
[18:53:36.723] [SEVERE ] updating countdown to 50881
[18:53:36.819] [SEVERE ] updating countdown to 50785
[18:53:36.914] [SEVERE ] updating countdown to 50690
[18:53:37.010] [SEVERE ] updating countdown to 50594
[18:53:37.099] [SEVERE ] key 83 was pressed by player 1
[18:53:37.105] [SEVERE ] updating countdown to 50499
[18:53:37.116] [SEVERE ] key 65 was pressed by player 1
[18:53:37.200] [SEVERE ] updating countdown to 50404
[18:53:37.295] [SEVERE ] updating countdown to 50309
[18:53:37.390] [SEVERE ] updating countdown to 50214
[18:53:37.486] [SEVERE ] updating countdown to 50118
[18:53:37.582] [SEVERE ] updating countdown to 50022
[18:53:37.677] [SEVERE ] updating countdown to 49927
[18:53:37.772] [SEVERE ] updating countdown to 49832
[18:53:37.868] [SEVERE ] updating countdown to 49736
[18:53:37.964] [SEVERE ] updating countdown to 49640
[18:53:38.059] [SEVERE ] updating countdown to 49545
[18:53:38.154] [SEVERE ] updating countdown to 49450
[18:53:38.249] [SEVERE ] updating countdown to 49355
[18:53:38.345] [SEVERE ] updating countdown to 49259
[18:53:38.441] [SEVERE ] updating countdown to 49163
[18:53:38.536] [SEVERE ] updating countdown to 49068
[18:53:38.631] [SEVERE ] updating countdown to 48973
[18:53:38.678] [SEVERE ] key 44 was pressed by player 2
[18:53:38.727] [SEVERE ] updating countdown to 48877
[18:53:38.730] [SEVERE ] key 77 was pressed by player 2
[18:53:38.823] [SEVERE ] updating countdown to 48781
[18:53:38.879] [SEVERE ] key 65 was pressed by player 1
[18:53:38.913] [SEVERE ] key 83 was pressed by player 1
[18:53:38.918] [SEVERE ] updating countdown to 48686
[18:53:38.985] [SEVERE ] key 68 was pressed by player 1
[18:53:39.014] [SEVERE ] updating countdown to 48590
[18:53:39.109] [SEVERE ] updating countdown to 48495
[18:53:39.205] [SEVERE ] updating countdown to 48399
[18:53:39.281] [SEVERE ] key 44 was pressed by player 2
[18:53:39.300] [SEVERE ] updating countdown to 48304
[18:53:39.349] [SEVERE ] key 77 was pressed by player 2
[18:53:39.395] [SEVERE ] updating countdown to 48209
[18:53:39.415] [SEVERE ] key 65 was pressed by player 1
[18:53:39.466] [SEVERE ] key 83 was pressed by player 1
[18:53:39.491] [SEVERE ] updating countdown to 48113
[18:53:39.559] [SEVERE ] key 68 was pressed by player 1
[18:53:39.586] [SEVERE ] updating countdown to 48018
[18:53:39.682] [SEVERE ] updating countdown to 47922
[18:53:39.718] [SEVERE ] setting player 4 freeze to 0
[18:53:39.760] [SEVERE ] key 44 was pressed by player 2
[18:53:39.765] [SEVERE ] setting player 3 freeze to 0
[18:53:39.773] [SEVERE ] removing player 3 token from slot 10
[18:53:39.777] [SEVERE ] updating countdown to 47827
[18:53:39.789] [SEVERE ] player 3 placing token on slot 3
[18:53:39.789] [SEVERE ] setting player 3 freeze to 3000
[18:53:39.789] [SEVERE ] updating countdown to 47815
[18:53:39.810] [SEVERE ] removing player 4 token from slot 9
[18:53:39.826] [SEVERE ] player 4 placing token on slot 3
[18:53:39.826] [SEVERE ] updating countdown to 47778
[18:53:39.826] [SEVERE ] setting player 4 freeze to 3000
[18:53:39.921] [SEVERE ] updating countdown to 47683
[18:53:40.017] [SEVERE ] updating countdown to 47587
[18:53:40.061] [SEVERE ] key 65 was pressed by player 1
[18:53:40.112] [SEVERE ] updating countdown to 47492
[18:53:40.120] [SEVERE ] key 83 was pressed by player 1
[18:53:40.207] [SEVERE ] updating countdown to 47397
[18:53:40.209] [SEVERE ] key 68 was pressed by player 1
[18:53:40.303] [SEVERE ] updating countdown to 47301
[18:53:40.362] [SEVERE ] key 44 was pressed by player 2
[18:53:40.398] [SEVERE ] updating countdown to 47206
[18:53:40.410] [SEVERE ] key 77 was pressed by player 2
[18:53:40.494] [SEVERE ] updating countdown to 47110
[18:53:40.569] [SEVERE ] key 65 was pressed by player 1
[18:53:40.590] [SEVERE ] updating countdown to 47014
[18:53:40.623] [SEVERE ] key 83 was pressed by player 1
[18:53:40.685] [SEVERE ] updating countdown to 46919
[18:53:40.745] [SEVERE ] key 68 was pressed by player 1
[18:53:40.780] [SEVERE ] updating countdown to 46824
[18:53:40.876] [SEVERE ] updating countdown to 46728
[18:53:40.904] [SEVERE ] key 44 was pressed by player 2
[18:53:40.963] [SEVERE ] key 77 was pressed by player 2
[18:53:40.972] [SEVERE ] updating countdown to 46632
[18:53:41.067] [SEVERE ] updating countdown to 46537
[18:53:41.163] [SEVERE ] updating countdown to 46441
[18:53:41.258] [SEVERE ] updating countdown to 46346
[18:53:41.267] [SEVERE ] key 87 was pressed by player 1
[18:53:41.348] [SEVERE ] key 65 was pressed by player 1
[18:53:41.354] [SEVERE ] updating countdown to 46250
[18:53:41.449] [SEVERE ] updating countdown to 46155
[18:53:41.504] [SEVERE ] key 44 was pressed by player 2
[18:53:41.544] [SEVERE ] updating countdown to 46060
[18:53:41.549] [SEVERE ] key 77 was pressed by player 2
[18:53:41.640] [SEVERE ] updating countdown to 45964
[18:53:41.718] [SEVERE ] key 65 was pressed by player 1
[18:53:41.732] [SEVERE ] key 83 was pressed by player 1
[18:53:41.735] [SEVERE ] updating countdown to 45869
[18:53:41.830] [SEVERE ] updating countdown to 45774
[18:53:41.853] [SEVERE ] key 68 was pressed by player 1
[18:53:41.926] [SEVERE ] updating countdown to 45678
[18:53:41.975] [SEVERE ] key 44 was pressed by player 2
[18:53:42.009] [SEVERE ] key 77 was pressed by player 2
[18:53:42.021] [SEVERE ] updating countdown to 45583
[18:53:42.117] [SEVERE ] updating countdown to 45487
[18:53:42.213] [SEVERE ] updating countdown to 45391
[18:53:42.308] [SEVERE ] updating countdown to 45296
[18:53:42.344] [SEVERE ] key 88 was pressed by player 1
[18:53:42.403] [SEVERE ] updating countdown to 45201
[18:53:42.499] [SEVERE ] updating countdown to 45105
[18:53:42.595] [SEVERE ] updating countdown to 45009
[18:53:42.598] [SEVERE ] key 44 was pressed by player 2
[18:53:42.623] [SEVERE ] key 77 was pressed by player 2
[18:53:42.690] [SEVERE ] updating countdown to 44914
[18:53:42.715] [SEVERE ] key 65 was pressed by player 1
[18:53:42.777] [SEVERE ] key 83 was pressed by player 1
[18:53:42.785] [SEVERE ] updating countdown to 44819
[18:53:42.876] [SEVERE ] key 68 was pressed by player 1
[18:53:42.881] [SEVERE ] updating countdown to 44723
[18:53:42.977] [SEVERE ] updating countdown to 44627
[18:53:43.072] [SEVERE ] updating countdown to 44532
[18:53:43.097] [SEVERE ] key 44 was pressed by player 2
[18:53:43.153] [SEVERE ] key 77 was pressed by player 2
[18:53:43.167] [SEVERE ] updating countdown to 44437
[18:53:43.263] [SEVERE ] updating countdown to 44341
[18:53:43.307] [SEVERE ] key 87 was pressed by player 1
[18:53:43.356] [SEVERE ] key 65 was pressed by player 1
[18:53:43.358] [SEVERE ] updating countdown to 44246
[18:53:43.454] [SEVERE ] updating countdown to 44150
[18:53:43.544] [SEVERE ] key 68 was pressed by player 1
[18:53:43.549] [SEVERE ] updating countdown to 44055
[18:53:43.645] [SEVERE ] updating countdown to 43959
[18:53:43.708] [SEVERE ] key 65 was pressed by player 1
[18:53:43.736] [SEVERE ] key 83 was pressed by player 1
[18:53:43.741] [SEVERE ] updating countdown to 43863
[18:53:43.836] [SEVERE ] updating countdown to 43768
[18:53:43.910] [SEVERE ] key 68 was pressed by player 1
[18:53:43.932] [SEVERE ] updating countdown to 43672
[18:53:43.933] [SEVERE ] key 77 was pressed by player 2
[18:53:44.027] [SEVERE ] updating countdown to 43577
[18:53:44.123] [SEVERE ] updating countdown to 43481
[18:53:44.190] [SEVERE ] key 81 was pressed by player 1
[18:53:44.219] [SEVERE ] updating countdown to 43385
[18:53:44.250] [SEVERE ] key 44 was pressed by player 2
[18:53:44.250] [SEVERE ] key 87 was pressed by player 1
[18:53:44.314] [SEVERE ] updating countdown to 43290
[18:53:44.409] [SEVERE ] updating countdown to 43195
[18:53:44.505] [SEVERE ] updating countdown to 43099
[18:53:44.512] [SEVERE ] key 65 was pressed by player 1
[18:53:44.569] [SEVERE ] key 83 was pressed by player 1
[18:53:44.600] [SEVERE ] updating countdown to 43004
[18:53:44.666] [SEVERE ] key 68 was pressed by player 1
[18:53:44.682] [SEVERE ] key 44 was pressed by player 2
[18:53:44.683] [SEVERE ] key 46 was pressed by player 2
[18:53:44.696] [SEVERE ] updating countdown to 42908
[18:53:44.791] [SEVERE ] updating countdown to 42813
[18:53:44.826] [SEVERE ] key 77 was pressed by player 2
[18:53:44.886] [SEVERE ] updating countdown to 42718
[18:53:44.922] [SEVERE ] key 65 was pressed by player 1
[18:53:44.952] [SEVERE ] key 83 was pressed by player 1
[18:53:44.981] [SEVERE ] updating countdown to 42623
[18:53:45.039] [SEVERE ] key 68 was pressed by player 1
[18:53:45.077] [SEVERE ] updating countdown to 42527
[18:53:45.160] [SEVERE ] key 46 was pressed by player 2
[18:53:45.172] [SEVERE ] updating countdown to 42432
[18:53:45.201] [SEVERE ] key 44 was pressed by player 2
[18:53:45.267] [SEVERE ] updating countdown to 42337
[18:53:45.283] [SEVERE ] key 77 was pressed by player 2
[18:53:45.312] [SEVERE ] key 65 was pressed by player 1
[18:53:45.352] [SEVERE ] key 87 was pressed by player 1
[18:53:45.362] [SEVERE ] updating countdown to 42242
[18:53:45.450] [SEVERE ] key 68 was pressed by player 1
[18:53:45.458] [SEVERE ] updating countdown to 42146
[18:53:45.553] [SEVERE ] updating countdown to 42051
[18:53:45.649] [SEVERE ] updating countdown to 41955
[18:53:45.739] [SEVERE ] key 46 was pressed by player 2
[18:53:45.744] [SEVERE ] updating countdown to 41860
[18:53:45.749] [SEVERE ] key 65 was pressed by player 1
[18:53:45.767] [SEVERE ] key 44 was pressed by player 2
[18:53:45.791] [SEVERE ] setting player 3 freeze to 0
[18:53:45.828] [SEVERE ] setting player 4 freeze to 0
[18:53:45.836] [SEVERE ] key 83 was pressed by player 1
[18:53:45.840] [SEVERE ] updating countdown to 41764
[18:53:45.847] [SEVERE ] removing player 4 token from slot 10
[18:53:45.864] [SEVERE ] player 4 placing token on slot 10
[18:53:45.864] [SEVERE ] updating countdown to 41740
[18:53:45.864] [SEVERE ] setting player 4 freeze to 3000
[18:53:45.928] [SEVERE ] key 68 was pressed by player 1
[18:53:45.945] [SEVERE ] removing player 3 token from slot 11
[18:53:45.960] [SEVERE ] updating countdown to 41644
[18:53:45.961] [SEVERE ] player 3 placing token on slot 7
[18:53:45.961] [SEVERE ] updating countdown to 41643
[18:53:45.961] [SEVERE ] setting player 3 freeze to 3000
[18:53:46.057] [SEVERE ] updating countdown to 41547
[18:53:46.150] [SEVERE ] key 46 was pressed by player 2
[18:53:46.152] [SEVERE ] updating countdown to 41452
[18:53:46.155] [SEVERE ] key 77 was pressed by player 2
[18:53:46.174] [SEVERE ] key 44 was pressed by player 2
[18:53:46.247] [SEVERE ] updating countdown to 41357
[18:53:46.315] [SEVERE ] key 83 was pressed by player 1
[18:53:46.320] [SEVERE ] key 68 was pressed by player 1
[18:53:46.321] [SEVERE ] key 65 was pressed by player 1
[18:53:46.343] [SEVERE ] updating countdown to 41261
[18:53:46.437] [SEVERE ] key 46 was pressed by player 2
[18:53:46.439] [SEVERE ] updating countdown to 41165
[18:53:46.460] [SEVERE ] key 44 was pressed by player 2
[18:53:46.534] [SEVERE ] updating countdown to 41070
[18:53:46.584] [SEVERE ] key 65 was pressed by player 1
[18:53:46.629] [SEVERE ] updating countdown to 40975
[18:53:46.630] [SEVERE ] key 83 was pressed by player 1
[18:53:46.697] [SEVERE ] key 68 was pressed by player 1
[18:53:46.725] [SEVERE ] updating countdown to 40879
[18:53:46.820] [SEVERE ] key 46 was pressed by player 2
[18:53:46.821] [SEVERE ] updating countdown to 40783
[18:53:46.840] [SEVERE ] key 44 was pressed by player 2
[18:53:46.911] [SEVERE ] key 65 was pressed by player 1
[18:53:46.915] [SEVERE ] key 77 was pressed by player 2
[18:53:46.917] [SEVERE ] updating countdown to 40687
[18:53:46.975] [SEVERE ] key 83 was pressed by player 1
[18:53:47.012] [SEVERE ] updating countdown to 40592
[18:53:47.045] [SEVERE ] key 68 was pressed by player 1
[18:53:47.108] [SEVERE ] updating countdown to 40496
[18:53:47.204] [SEVERE ] updating countdown to 40400
[18:53:47.212] [SEVERE ] key 77 was pressed by player 2
[18:53:47.299] [SEVERE ] updating countdown to 40305
[18:53:47.313] [SEVERE ] key 46 was pressed by player 2
[18:53:47.366] [SEVERE ] key 44 was pressed by player 2
[18:53:47.395] [SEVERE ] updating countdown to 40209
[18:53:47.490] [SEVERE ] updating countdown to 40114
[18:53:47.585] [SEVERE ] updating countdown to 40019
[18:53:47.602] [SEVERE ] key 65 was pressed by player 1
[18:53:47.655] [SEVERE ] key 83 was pressed by player 1
[18:53:47.681] [SEVERE ] updating countdown to 39923
[18:53:47.765] [SEVERE ] key 68 was pressed by player 1
[18:53:47.776] [SEVERE ] updating countdown to 39828
[18:53:47.871] [SEVERE ] updating countdown to 39733
[18:53:47.966] [SEVERE ] updating countdown to 39638
[18:53:48.061] [SEVERE ] updating countdown to 39543
[18:53:48.103] [SEVERE ] key 46 was pressed by player 2
[18:53:48.137] [SEVERE ] key 44 was pressed by player 2
[18:53:48.157] [SEVERE ] updating countdown to 39447
[18:53:48.196] [SEVERE ] key 77 was pressed by player 2
[18:53:48.252] [SEVERE ] updating countdown to 39352
[18:53:48.287] [SEVERE ] key 65 was pressed by player 1
[18:53:48.307] [SEVERE ] key 83 was pressed by player 1
[18:53:48.348] [SEVERE ] updating countdown to 39256
[18:53:48.414] [SEVERE ] key 68 was pressed by player 1
[18:53:48.444] [SEVERE ] updating countdown to 39160
[18:53:48.540] [SEVERE ] updating countdown to 39064
[18:53:48.635] [SEVERE ] updating countdown to 38969
[18:53:48.707] [SEVERE ] key 65 was pressed by player 1
[18:53:48.731] [SEVERE ] updating countdown to 38873
[18:53:48.793] [SEVERE ] key 83 was pressed by player 1
[18:53:48.827] [SEVERE ] updating countdown to 38777
[18:53:48.862] [SEVERE ] key 68 was pressed by player 1
[18:53:48.922] [SEVERE ] updating countdown to 38682
[18:53:49.017] [SEVERE ] updating countdown to 38587
[18:53:49.085] [SEVERE ] key 65 was pressed by player 1
[18:53:49.112] [SEVERE ] updating countdown to 38492
[18:53:49.190] [SEVERE ] key 83 was pressed by player 1
[18:53:49.208] [SEVERE ] updating countdown to 38396
[18:53:49.214] [SEVERE ] key 68 was pressed by player 1
[18:53:49.304] [SEVERE ] updating countdown to 38300
[18:53:49.399] [SEVERE ] updating countdown to 38205
[18:53:49.412] [SEVERE ] key 65 was pressed by player 1
[18:53:49.448] [SEVERE ] key 83 was pressed by player 1
[18:53:49.495] [SEVERE ] updating countdown to 38109
[18:53:49.524] [SEVERE ] key 68 was pressed by player 1
[18:53:49.590] [SEVERE ] updating countdown to 38014
[18:53:49.670] [SEVERE ] key 65 was pressed by player 1
[18:53:49.686] [SEVERE ] updating countdown to 37918
[18:53:49.709] [SEVERE ] key 83 was pressed by player 1
[18:53:49.782] [SEVERE ] updating countdown to 37822
[18:53:49.788] [SEVERE ] key 68 was pressed by player 1
[18:53:49.877] [SEVERE ] updating countdown to 37727
[18:53:49.972] [SEVERE ] updating countdown to 37632
[18:53:50.062] [SEVERE ] key 65 was pressed by player 1
[18:53:50.068] [SEVERE ] updating countdown to 37536
[18:53:50.163] [SEVERE ] updating countdown to 37441
[18:53:50.259] [SEVERE ] updating countdown to 37345
[18:53:50.289] [SEVERE ] key 65 was pressed by player 1
[18:53:50.318] [SEVERE ] key 83 was pressed by player 1
[18:53:50.355] [SEVERE ] updating countdown to 37249
[18:53:50.387] [SEVERE ] key 68 was pressed by player 1
[18:53:50.450] [SEVERE ] updating countdown to 37154
[18:53:50.544] [SEVERE ] key 46 was pressed by player 2
[18:53:50.546] [SEVERE ] updating countdown to 37058
[18:53:50.548] [SEVERE ] key 44 was pressed by player 2
[18:53:50.605] [SEVERE ] key 77 was pressed by player 2
[18:53:50.641] [SEVERE ] updating countdown to 36963
[18:53:50.736] [SEVERE ] updating countdown to 36868
[18:53:50.769] [SEVERE ] key 87 was pressed by player 1
[18:53:50.823] [SEVERE ] key 65 was pressed by player 1
[18:53:50.832] [SEVERE ] updating countdown to 36772
[18:53:50.914] [SEVERE ] key 46 was pressed by player 2
[18:53:50.928] [SEVERE ] updating countdown to 36676
[18:53:50.963] [SEVERE ] key 44 was pressed by player 2
[18:53:51.023] [SEVERE ] updating countdown to 36581
[18:53:51.023] [SEVERE ] key 77 was pressed by player 2
[18:53:51.103] [SEVERE ] key 68 was pressed by player 1
[18:53:51.119] [SEVERE ] updating countdown to 36485
[18:53:51.145] [SEVERE ] key 65 was pressed by player 1
[18:53:51.214] [SEVERE ] updating countdown to 36390
[18:53:51.244] [SEVERE ] key 83 was pressed by player 1
[18:53:51.306] [SEVERE ] key 44 was pressed by player 2
[18:53:51.310] [SEVERE ] updating countdown to 36294
[18:53:51.310] [SEVERE ] key 46 was pressed by player 2
[18:53:51.405] [SEVERE ] updating countdown to 36199
[18:53:51.413] [SEVERE ] key 68 was pressed by player 1
[18:53:51.424] [SEVERE ] key 77 was pressed by player 2
[18:53:51.501] [SEVERE ] updating countdown to 36103
[18:53:51.550] [SEVERE ] key 65 was pressed by player 1
[18:53:51.594] [SEVERE ] key 87 was pressed by player 1
[18:53:51.596] [SEVERE ] updating countdown to 36008
[18:53:51.663] [SEVERE ] key 46 was pressed by player 2
[18:53:51.691] [SEVERE ] updating countdown to 35913
[18:53:51.741] [SEVERE ] key 44 was pressed by player 2
[18:53:51.787] [SEVERE ] updating countdown to 35817
[18:53:51.818] [SEVERE ] key 65 was pressed by player 1
[18:53:51.838] [SEVERE ] key 83 was pressed by player 1
[18:53:51.865] [SEVERE ] setting player 4 freeze to 0
[18:53:51.882] [SEVERE ] updating countdown to 35722
[18:53:51.892] [SEVERE ] key 77 was pressed by player 2
[18:53:51.899] [SEVERE ] removing player 4 token from slot 3
[18:53:51.917] [SEVERE ] player 4 placing token on slot 5
[18:53:51.917] [SEVERE ] updating countdown to 35687
[18:53:51.917] [SEVERE ] setting player 4 freeze to 3000
[18:53:51.963] [SEVERE ] setting player 3 freeze to 0
[18:53:51.976] [SEVERE ] removing player 3 token from slot 7
[18:53:51.981] [SEVERE ] key 68 was pressed by player 1
[18:53:51.992] [SEVERE ] player 3 placing token on slot 8
[18:53:51.992] [SEVERE ] updating countdown to 35612
[18:53:51.992] [SEVERE ] setting player 3 freeze to 3000
[18:53:52.052] [SEVERE ] key 46 was pressed by player 2
[18:53:52.077] [SEVERE ] key 44 was pressed by player 2
[18:53:52.088] [SEVERE ] updating countdown to 35516
[18:53:52.160] [SEVERE ] key 65 was pressed by player 1
[18:53:52.184] [SEVERE ] updating countdown to 35420
[18:53:52.250] [SEVERE ] key 77 was pressed by player 2
[18:53:52.279] [SEVERE ] updating countdown to 35325
[18:53:52.341] [SEVERE ] key 68 was pressed by player 1
[18:53:52.375] [SEVERE ] updating countdown to 35229
[18:53:52.379] [SEVERE ] key 46 was pressed by player 2
[18:53:52.385] [SEVERE ] key 44 was pressed by player 2
[18:53:52.430] [SEVERE ] key 87 was pressed by player 1
[18:53:52.450] [SEVERE ] key 65 was pressed by player 1
[18:53:52.470] [SEVERE ] updating countdown to 35134
[18:53:52.523] [SEVERE ] key 77 was pressed by player 2
[18:53:52.565] [SEVERE ] updating countdown to 35039
[18:53:52.628] [SEVERE ] key 83 was pressed by player 1
[18:53:52.631] [SEVERE ] key 46 was pressed by player 2
[18:53:52.635] [SEVERE ] key 65 was pressed by player 1
[18:53:52.661] [SEVERE ] updating countdown to 34943
[18:53:52.665] [SEVERE ] key 44 was pressed by player 2
[18:53:52.735] [SEVERE ] key 77 was pressed by player 2
[18:53:52.746] [SEVERE ] key 68 was pressed by player 1
[18:53:52.756] [SEVERE ] updating countdown to 34848
[18:53:52.809] [SEVERE ] key 46 was pressed by player 2
[18:53:52.828] [SEVERE ] key 65 was pressed by player 1
[18:53:52.852] [SEVERE ] updating countdown to 34752
[18:53:52.882] [SEVERE ] key 68 was pressed by player 1
[18:53:52.923] [SEVERE ] key 77 was pressed by player 2
[18:53:52.947] [SEVERE ] updating countdown to 34657
[18:53:53.005] [SEVERE ] key 46 was pressed by player 2
[18:53:53.025] [SEVERE ] key 65 was pressed by player 1
[18:53:53.040] [SEVERE ] key 83 was pressed by player 1
[18:53:53.042] [SEVERE ] updating countdown to 34562
[18:53:53.060] [SEVERE ] key 44 was pressed by player 2
[18:53:53.065] [SEVERE ] key 68 was pressed by player 1
[18:53:53.138] [SEVERE ] updating countdown to 34466
[18:53:53.143] [SEVERE ] key 77 was pressed by player 2
[18:53:53.216] [SEVERE ] key 65 was pressed by player 1
[18:53:53.233] [SEVERE ] updating countdown to 34371
[18:53:53.251] [SEVERE ] key 46 was pressed by player 2
[18:53:53.328] [SEVERE ] updating countdown to 34276
[18:53:53.340] [SEVERE ] key 68 was pressed by player 1
[18:53:53.353] [SEVERE ] key 77 was pressed by player 2
[18:53:53.411] [SEVERE ] key 83 was pressed by player 1
[18:53:53.418] [SEVERE ] key 65 was pressed by player 1
[18:53:53.424] [SEVERE ] updating countdown to 34180
[18:53:53.456] [SEVERE ] key 46 was pressed by player 2
[18:53:53.501] [SEVERE ] key 44 was pressed by player 2
[18:53:53.519] [SEVERE ] updating countdown to 34085
[18:53:53.520] [SEVERE ] key 68 was pressed by player 1
[18:53:53.611] [SEVERE ] key 65 was pressed by player 1
[18:53:53.614] [SEVERE ] updating countdown to 33990
[18:53:53.671] [SEVERE ] key 46 was pressed by player 2
[18:53:53.686] [SEVERE ] key 83 was pressed by player 1
[18:53:53.687] [SEVERE ] key 68 was pressed by player 1
[18:53:53.710] [SEVERE ] updating countdown to 33894
[18:53:53.720] [SEVERE ] key 44 was pressed by player 2
[18:53:53.789] [SEVERE ] key 77 was pressed by player 2
[18:53:53.806] [SEVERE ] updating countdown to 33798
[18:53:53.809] [SEVERE ] key 65 was pressed by player 1
[18:53:53.881] [SEVERE ] key 68 was pressed by player 1
[18:53:53.901] [SEVERE ] updating countdown to 33703
[18:53:53.911] [SEVERE ] key 46 was pressed by player 2
[18:53:53.930] [SEVERE ] key 44 was pressed by player 2
[18:53:53.996] [SEVERE ] updating countdown to 33608
[18:53:54.010] [SEVERE ] key 65 was pressed by player 1
[18:53:54.029] [SEVERE ] key 83 was pressed by player 1
[18:53:54.059] [SEVERE ] key 77 was pressed by player 2
[18:53:54.092] [SEVERE ] updating countdown to 33512
[18:53:54.103] [SEVERE ] key 46 was pressed by player 2
[18:53:54.121] [SEVERE ] key 68 was pressed by player 1
[18:53:54.187] [SEVERE ] updating countdown to 33417
[18:53:54.191] [SEVERE ] key 44 was pressed by player 2
[18:53:54.202] [SEVERE ] key 65 was pressed by player 1
[18:53:54.219] [SEVERE ] key 83 was pressed by player 1
[18:53:54.246] [SEVERE ] key 77 was pressed by player 2
[18:53:54.282] [SEVERE ] updating countdown to 33322
[18:53:54.311] [SEVERE ] key 68 was pressed by player 1
[18:53:54.338] [SEVERE ] key 46 was pressed by player 2
[18:53:54.378] [SEVERE ] updating countdown to 33226
[18:53:54.402] [SEVERE ] key 44 was pressed by player 2
[18:53:54.403] [SEVERE ] key 65 was pressed by player 1
[18:53:54.430] [SEVERE ] key 83 was pressed by player 1
[18:53:54.473] [SEVERE ] key 68 was pressed by player 1
[18:53:54.474] [SEVERE ] updating countdown to 33130
[18:53:54.510] [SEVERE ] key 77 was pressed by player 2
[18:53:54.570] [SEVERE ] updating countdown to 33034
[18:53:54.573] [SEVERE ] key 46 was pressed by player 2
[18:53:54.574] [SEVERE ] key 65 was pressed by player 1
[18:53:54.633] [SEVERE ] key 68 was pressed by player 1
[18:53:54.633] [SEVERE ] key 44 was pressed by player 2
[18:53:54.642] [SEVERE ] key 83 was pressed by player 1
[18:53:54.666] [SEVERE ] updating countdown to 32938
[18:53:54.761] [SEVERE ] updating countdown to 32843
[18:53:54.856] [SEVERE ] updating countdown to 32748
[18:53:54.857] [SEVERE ] key 83 was pressed by player 1
[18:53:54.952] [SEVERE ] updating countdown to 32652
[18:53:55.048] [SEVERE ] updating countdown to 32556
[18:53:55.143] [SEVERE ] updating countdown to 32461
[18:53:55.238] [SEVERE ] updating countdown to 32366
[18:53:55.334] [SEVERE ] updating countdown to 32270
[18:53:55.429] [SEVERE ] updating countdown to 32175
[18:53:55.524] [SEVERE ] updating countdown to 32080
[18:53:55.619] [SEVERE ] updating countdown to 31985
[18:53:55.715] [SEVERE ] updating countdown to 31889
[18:53:55.811] [SEVERE ] updating countdown to 31793
[18:53:55.906] [SEVERE ] updating countdown to 31698
[18:53:56.001] [SEVERE ] updating countdown to 31603
[18:53:56.096] [SEVERE ] updating countdown to 31508
[18:53:56.192] [SEVERE ] updating countdown to 31412
[18:53:56.287] [SEVERE ] updating countdown to 31317
[18:53:56.383] [SEVERE ] updating countdown to 31221
[18:53:56.478] [SEVERE ] updating countdown to 31126
[18:53:56.574] [SEVERE ] updating countdown to 31030
[18:53:56.669] [SEVERE ] updating countdown to 30935
[18:53:56.764] [SEVERE ] updating countdown to 30840
[18:53:56.860] [SEVERE ] updating countdown to 30744
[18:53:56.955] [SEVERE ] updating countdown to 30649
[18:53:57.051] [SEVERE ] updating countdown to 30553
[18:53:57.146] [SEVERE ] updating countdown to 30458
[18:53:57.242] [SEVERE ] updating countdown to 30362
[18:53:57.337] [SEVERE ] updating countdown to 30267
[18:53:57.433] [SEVERE ] updating countdown to 30171
[18:53:57.528] [SEVERE ] updating countdown to 30076
[18:53:57.624] [SEVERE ] updating countdown to 29980
[18:53:57.720] [SEVERE ] updating countdown to 29884
[18:53:57.815] [SEVERE ] updating countdown to 29789
[18:53:57.911] [SEVERE ] updating countdown to 29693
[18:53:57.919] [SEVERE ] setting player 4 freeze to 0
[18:53:57.995] [SEVERE ] setting player 3 freeze to 0
[18:53:58.007] [SEVERE ] updating countdown to 29597
[18:53:58.020] [SEVERE ] removing player 4 token from slot 5
[18:53:58.035] [SEVERE ] player 4 placing token on slot 2
[18:53:58.035] [SEVERE ] updating countdown to 29569
[18:53:58.035] [SEVERE ] setting player 4 freeze to 3000
[18:53:58.077] [SEVERE ] removing player 3 token from slot 9
[18:53:58.093] [SEVERE ] player 3 placing token on slot 5
[18:53:58.093] [SEVERE ] updating countdown to 29511
[18:53:58.093] [SEVERE ] setting player 3 freeze to 3000
[18:53:58.188] [SEVERE ] updating countdown to 29416
[18:53:58.283] [SEVERE ] updating countdown to 29321
[18:53:58.379] [SEVERE ] updating countdown to 29225
[18:53:58.475] [SEVERE ] updating countdown to 29129
[18:53:58.570] [SEVERE ] updating countdown to 29034
[18:53:58.666] [SEVERE ] updating countdown to 28938
[18:53:58.763] [SEVERE ] updating countdown to 28841
[18:53:58.858] [SEVERE ] updating countdown to 28746
[18:53:58.954] [SEVERE ] updating countdown to 28650
[18:53:59.049] [SEVERE ] updating countdown to 28555
[18:53:59.144] [SEVERE ] updating countdown to 28460
[18:53:59.240] [SEVERE ] updating countdown to 28364
[18:53:59.335] [SEVERE ] updating countdown to 28269
[18:53:59.431] [SEVERE ] updating countdown to 28173
[18:53:59.526] [SEVERE ] updating countdown to 28078
[18:53:59.622] [SEVERE ] updating countdown to 27982
[18:53:59.717] [SEVERE ] updating countdown to 27887
[18:53:59.812] [SEVERE ] updating countdown to 27792
[18:53:59.908] [SEVERE ] updating countdown to 27696
[18:54:00.003] [SEVERE ] updating countdown to 27601
[18:54:00.099] [SEVERE ] updating countdown to 27505
[18:54:00.195] [SEVERE ] updating countdown to 27409
[18:54:00.290] [SEVERE ] updating countdown to 27314
[18:54:00.386] [SEVERE ] updating countdown to 27218
[18:54:00.482] [SEVERE ] updating countdown to 27122
[18:54:00.577] [SEVERE ] updating countdown to 27027
[18:54:00.674] [SEVERE ] updating countdown to 26930
[18:54:00.769] [SEVERE ] updating countdown to 26835
[18:54:00.864] [SEVERE ] updating countdown to 26740
[18:54:00.960] [SEVERE ] updating countdown to 26644
[18:54:01.056] [SEVERE ] updating countdown to 26548
[18:54:01.151] [SEVERE ] updating countdown to 26453
[18:54:01.246] [SEVERE ] updating countdown to 26358
[18:54:01.341] [SEVERE ] updating countdown to 26263
[18:54:01.436] [SEVERE ] updating countdown to 26168
[18:54:01.532] [SEVERE ] updating countdown to 26072
[18:54:01.627] [SEVERE ] updating countdown to 25977
[18:54:01.723] [SEVERE ] updating countdown to 25881
[18:54:01.818] [SEVERE ] updating countdown to 25786
[18:54:01.913] [SEVERE ] updating countdown to 25691
[18:54:02.009] [SEVERE ] updating countdown to 25595
[18:54:02.104] [SEVERE ] updating countdown to 25500
[18:54:02.199] [SEVERE ] updating countdown to 25405
[18:54:02.271] [SEVERE ] key 67 was pressed by player 1
[18:54:02.295] [SEVERE ] updating countdown to 25309
[18:54:02.390] [SEVERE ] updating countdown to 25214
[18:54:02.485] [SEVERE ] updating countdown to 25119
[18:54:02.581] [SEVERE ] updating countdown to 25023
[18:54:02.676] [SEVERE ] updating countdown to 24928
[18:54:02.771] [SEVERE ] updating countdown to 24833
[18:54:02.867] [SEVERE ] updating countdown to 24737
[18:54:02.962] [SEVERE ] updating countdown to 24642
[18:54:03.010] [SEVERE ] key 67 was pressed by player 1
[18:54:03.058] [SEVERE ] updating countdown to 24546
[18:54:03.153] [SEVERE ] updating countdown to 24451
[18:54:03.249] [SEVERE ] updating countdown to 24355
[18:54:03.345] [SEVERE ] updating countdown to 24259
[18:54:03.440] [SEVERE ] updating countdown to 24164
[18:54:03.536] [SEVERE ] updating countdown to 24068
[18:54:03.632] [SEVERE ] updating countdown to 23972
[18:54:03.662] [SEVERE ] exit button pressed
[18:54:03.664] [INFO   ] thread computer-3 terminated.
[18:54:03.670] [INFO   ] thread computer-2 terminated.
[18:54:03.727] [SEVERE ] updating countdown to 23877
[18:54:03.823] [SEVERE ] updating countdown to 23781
[18:54:03.918] [SEVERE ] updating countdown to 23686
[18:54:04.013] [SEVERE ] updating countdown to 23591
[18:54:04.036] [SEVERE ] setting player 4 freeze to 0
[18:54:04.036] [INFO   ] thread Thread-4 terminated.
[18:54:04.094] [SEVERE ] setting player 3 freeze to 0
[18:54:04.094] [INFO   ] thread Thread-3 terminated.
[18:54:04.109] [SEVERE ] updating countdown to 23495
[18:54:04.205] [SEVERE ] updating countdown to 23399
[18:54:04.301] [SEVERE ] updating countdown to 23303
[18:54:04.397] [SEVERE ] updating countdown to 23207
[18:54:04.493] [SEVERE ] updating countdown to 23111
[18:54:04.588] [SEVERE ] updating countdown to 23016
[18:54:04.683] [SEVERE ] updating countdown to 22921
[18:54:04.779] [SEVERE ] updating countdown to 22825
[18:54:04.874] [SEVERE ] updating countdown to 22730
[18:54:04.969] [SEVERE ] updating countdown to 22635
[18:54:05.064] [SEVERE ] updating countdown to 22540
[18:54:05.160] [SEVERE ] updating countdown to 22444
[18:54:05.256] [SEVERE ] updating countdown to 22348
[18:54:05.352] [SEVERE ] updating countdown to 22252
[18:54:05.447] [SEVERE ] updating countdown to 22157
[18:54:05.543] [SEVERE ] updating countdown to 22061
[18:54:05.638] [SEVERE ] updating countdown to 21966
[18:54:05.734] [SEVERE ] updating countdown to 21870
[18:54:05.829] [SEVERE ] updating countdown to 21775
[18:54:05.924] [SEVERE ] updating countdown to 21680
[18:54:06.020] [SEVERE ] updating countdown to 21584
[18:54:06.115] [SEVERE ] updating countdown to 21489
[18:54:06.211] [SEVERE ] updating countdown to 21393
[18:54:06.307] [SEVERE ] updating countdown to 21297
[18:54:06.402] [SEVERE ] updating countdown to 21202
[18:54:06.498] [SEVERE ] updating countdown to 21106
[18:54:06.593] [SEVERE ] updating countdown to 21011
[18:54:06.689] [SEVERE ] updating countdown to 20915
[18:54:06.784] [SEVERE ] updating countdown to 20820
[18:54:06.879] [SEVERE ] updating countdown to 20725
[18:54:06.975] [SEVERE ] updating countdown to 20629
[18:54:07.071] [SEVERE ] updating countdown to 20533
[18:54:07.166] [SEVERE ] updating countdown to 20438
[18:54:07.262] [SEVERE ] updating countdown to 20342
[18:54:07.357] [SEVERE ] updating countdown to 20247
[18:54:07.452] [SEVERE ] updating countdown to 20152
[18:54:07.548] [SEVERE ] updating countdown to 20056
[18:54:07.643] [SEVERE ] updating countdown to 19961
[18:54:07.738] [SEVERE ] updating countdown to 19866
[18:54:07.834] [SEVERE ] updating countdown to 19770
[18:54:07.929] [SEVERE ] updating countdown to 19675
[18:54:08.025] [SEVERE ] updating countdown to 19579
[18:54:08.120] [SEVERE ] updating countdown to 19484
[18:54:08.216] [SEVERE ] updating countdown to 19388
[18:54:08.311] [SEVERE ] updating countdown to 19293
[18:54:08.406] [SEVERE ] updating countdown to 19198
