[16:24:04.064] [INFO   ] thread bguspl.set.Main.main() starting.
[16:24:04.067] [SEVERE ] cannot read configuration file config.properties trying from resources.
[16:24:04.069] [SEVERE ] configuration file was loaded from resources directory.
[16:24:04.589] [INFO   ] thread dealer starting.
[16:24:04.591] [INFO   ] thread dealer starting.
[16:24:04.592] [INFO   ] thread Thread-1 starting.
[16:24:04.593] [INFO   ] thread Thread-2 starting.
[16:24:04.697] [SEVERE ] placing card 58 in slot 0
[16:24:04.801] [SEVERE ] placing card 78 in slot 1
[16:24:04.901] [SEVERE ] placing card 74 in slot 2
[16:24:05.005] [SEVERE ] placing card 12 in slot 3
[16:24:05.105] [SEVERE ] placing card 2 in slot 4
[16:24:05.207] [SEVERE ] placing card 28 in slot 5
[16:24:05.310] [SEVERE ] placing card 80 in slot 6
[16:24:05.411] [SEVERE ] placing card 59 in slot 7
[16:24:05.512] [SEVERE ] placing card 53 in slot 8
[16:24:05.613] [SEVERE ] placing card 51 in slot 9
[16:24:05.714] [SEVERE ] placing card 22 in slot 10
[16:24:05.817] [SEVERE ] placing card 18 in slot 11
[16:24:05.843] [INFO   ] thread dealer terminated.
[16:24:10.844] [SEVERE ] thanks for playing... it was fun!
[16:24:10.846] [INFO   ] thread bguspl.set.Main.main() terminated.
[16:24:10.846] [SEVERE ] disposing of user interface elements
