[16:29:29.179] [INFO   ] thread bguspl.set.Main.main() starting.
[16:29:29.183] [SEVERE ] cannot read configuration file config.properties trying from resources.
[16:29:29.184] [SEVERE ] configuration file was loaded from resources directory.
[16:29:29.731] [INFO   ] thread dealer starting.
[16:29:29.731] [INFO   ] thread dealer starting.
[16:29:29.732] [INFO   ] thread Thread-1 starting.
[16:29:29.732] [INFO   ] thread Thread-2 starting.
[16:29:29.837] [SEVERE ] placing card 70 in slot 0
[16:29:29.938] [SEVERE ] placing card 66 in slot 1
[16:29:30.041] [SEVERE ] placing card 26 in slot 2
[16:29:30.146] [SEVERE ] placing card 48 in slot 3
[16:29:30.247] [SEVERE ] placing card 31 in slot 4
[16:29:30.348] [SEVERE ] placing card 30 in slot 5
[16:29:30.451] [SEVERE ] placing card 51 in slot 6
[16:29:30.553] [SEVERE ] placing card 78 in slot 7
[16:29:30.655] [SEVERE ] placing card 64 in slot 8
[16:29:30.757] [SEVERE ] placing card 20 in slot 9
[16:29:30.857] [SEVERE ] placing card 24 in slot 10
[16:29:30.959] [SEVERE ] placing card 63 in slot 11
[16:29:30.960] [SEVERE ] updating countdown to 60000
[16:29:31.057] [SEVERE ] updating countdown to 59903
[16:29:31.153] [SEVERE ] updating countdown to 59807
[16:29:31.249] [SEVERE ] updating countdown to 59711
[16:29:31.344] [SEVERE ] updating countdown to 59616
[16:29:31.439] [SEVERE ] updating countdown to 59521
[16:29:31.535] [SEVERE ] updating countdown to 59425
[16:29:31.631] [SEVERE ] updating countdown to 59329
[16:29:31.726] [SEVERE ] updating countdown to 59234
[16:29:31.822] [SEVERE ] updating countdown to 59138
[16:29:31.919] [SEVERE ] updating countdown to 59041
[16:29:32.015] [SEVERE ] updating countdown to 58945
[16:29:32.111] [SEVERE ] updating countdown to 58849
[16:29:32.207] [SEVERE ] updating countdown to 58753
[16:29:32.303] [SEVERE ] updating countdown to 58657
[16:29:32.399] [SEVERE ] updating countdown to 58561
[16:29:32.495] [SEVERE ] updating countdown to 58465
[16:29:32.590] [SEVERE ] updating countdown to 58370
[16:29:32.685] [SEVERE ] updating countdown to 58275
[16:29:32.781] [SEVERE ] updating countdown to 58179
[16:29:32.877] [SEVERE ] updating countdown to 58083
[16:29:32.973] [SEVERE ] updating countdown to 57987
[16:29:33.068] [SEVERE ] updating countdown to 57892
[16:29:33.164] [SEVERE ] updating countdown to 57796
[16:29:33.260] [SEVERE ] updating countdown to 57700
[16:29:33.357] [SEVERE ] updating countdown to 57603
[16:29:33.452] [SEVERE ] updating countdown to 57508
[16:29:33.548] [SEVERE ] updating countdown to 57412
[16:29:33.643] [SEVERE ] updating countdown to 57317
[16:29:33.738] [SEVERE ] updating countdown to 57222
[16:29:33.834] [SEVERE ] updating countdown to 57126
[16:29:33.930] [SEVERE ] updating countdown to 57030
[16:29:34.025] [SEVERE ] updating countdown to 56935
[16:29:34.121] [SEVERE ] updating countdown to 56839
[16:29:34.217] [SEVERE ] updating countdown to 56743
[16:29:34.312] [SEVERE ] updating countdown to 56648
[16:29:34.407] [SEVERE ] updating countdown to 56553
[16:29:34.502] [SEVERE ] updating countdown to 56458
[16:29:34.597] [SEVERE ] updating countdown to 56363
[16:29:34.693] [SEVERE ] updating countdown to 56267
[16:29:34.788] [SEVERE ] updating countdown to 56172
[16:29:34.883] [SEVERE ] updating countdown to 56077
[16:29:34.979] [SEVERE ] updating countdown to 55981
[16:29:35.076] [SEVERE ] updating countdown to 55884
[16:29:35.171] [SEVERE ] updating countdown to 55789
[16:29:35.267] [SEVERE ] updating countdown to 55693
[16:29:35.362] [SEVERE ] updating countdown to 55598
[16:29:35.458] [SEVERE ] updating countdown to 55502
[16:29:35.553] [SEVERE ] updating countdown to 55407
[16:29:35.649] [SEVERE ] updating countdown to 55311
[16:29:35.744] [SEVERE ] updating countdown to 55216
[16:29:35.840] [SEVERE ] updating countdown to 55120
[16:29:35.935] [SEVERE ] updating countdown to 55025
[16:29:36.031] [SEVERE ] updating countdown to 54929
[16:29:36.127] [SEVERE ] updating countdown to 54833
[16:29:36.222] [SEVERE ] updating countdown to 54738
[16:29:36.318] [SEVERE ] updating countdown to 54642
[16:29:36.413] [SEVERE ] updating countdown to 54547
[16:29:36.509] [SEVERE ] updating countdown to 54451
[16:29:36.605] [SEVERE ] updating countdown to 54355
[16:29:36.700] [SEVERE ] updating countdown to 54260
[16:29:36.795] [SEVERE ] updating countdown to 54165
[16:29:36.891] [SEVERE ] updating countdown to 54069
[16:29:36.987] [SEVERE ] updating countdown to 53973
[16:29:37.082] [SEVERE ] updating countdown to 53878
[16:29:37.178] [SEVERE ] updating countdown to 53782
[16:29:37.274] [SEVERE ] updating countdown to 53686
[16:29:37.369] [SEVERE ] updating countdown to 53591
[16:29:37.464] [SEVERE ] updating countdown to 53496
[16:29:37.560] [SEVERE ] updating countdown to 53400
[16:29:37.655] [SEVERE ] updating countdown to 53305
[16:29:37.750] [SEVERE ] updating countdown to 53210
[16:29:37.845] [SEVERE ] updating countdown to 53115
[16:29:37.941] [SEVERE ] updating countdown to 53019
[16:29:38.036] [SEVERE ] updating countdown to 52924
[16:29:38.131] [SEVERE ] updating countdown to 52829
[16:29:38.132] [SEVERE ] key 90 was pressed by player 1
[16:29:38.226] [SEVERE ] updating countdown to 52734
[16:29:38.322] [SEVERE ] updating countdown to 52638
[16:29:38.418] [SEVERE ] updating countdown to 52542
[16:29:38.514] [SEVERE ] updating countdown to 52446
[16:29:38.610] [SEVERE ] updating countdown to 52350
[16:29:38.705] [SEVERE ] updating countdown to 52255
[16:29:38.800] [SEVERE ] updating countdown to 52160
[16:29:38.896] [SEVERE ] updating countdown to 52064
[16:29:38.991] [SEVERE ] updating countdown to 51969
[16:29:39.087] [SEVERE ] updating countdown to 51873
[16:29:39.184] [SEVERE ] updating countdown to 51776
[16:29:39.279] [SEVERE ] updating countdown to 51681
[16:29:39.375] [SEVERE ] updating countdown to 51585
[16:29:39.471] [SEVERE ] updating countdown to 51489
[16:29:39.567] [SEVERE ] updating countdown to 51393
[16:29:39.662] [SEVERE ] updating countdown to 51298
[16:29:39.758] [SEVERE ] updating countdown to 51202
[16:29:39.854] [SEVERE ] updating countdown to 51106
[16:29:39.949] [SEVERE ] updating countdown to 51011
[16:29:40.045] [SEVERE ] updating countdown to 50915
[16:29:40.141] [SEVERE ] updating countdown to 50819
[16:29:40.237] [SEVERE ] updating countdown to 50723
[16:29:40.332] [SEVERE ] updating countdown to 50628
[16:29:40.428] [SEVERE ] updating countdown to 50532
[16:29:40.524] [SEVERE ] updating countdown to 50436
[16:29:40.619] [SEVERE ] updating countdown to 50341
[16:29:40.715] [SEVERE ] updating countdown to 50245
[16:29:40.810] [SEVERE ] updating countdown to 50150
[16:29:40.906] [SEVERE ] updating countdown to 50054
[16:29:41.002] [SEVERE ] updating countdown to 49958
[16:29:41.097] [SEVERE ] updating countdown to 49863
[16:29:41.193] [SEVERE ] updating countdown to 49767
[16:29:41.289] [SEVERE ] updating countdown to 49671
[16:29:41.385] [SEVERE ] updating countdown to 49575
[16:29:41.480] [SEVERE ] updating countdown to 49480
[16:29:41.576] [SEVERE ] updating countdown to 49384
[16:29:41.671] [SEVERE ] updating countdown to 49289
[16:29:41.767] [SEVERE ] updating countdown to 49193
[16:29:41.862] [SEVERE ] updating countdown to 49098
[16:29:41.957] [SEVERE ] updating countdown to 49003
[16:29:42.053] [SEVERE ] updating countdown to 48907
[16:29:42.149] [SEVERE ] updating countdown to 48811
[16:29:42.245] [SEVERE ] updating countdown to 48715
[16:29:42.340] [SEVERE ] updating countdown to 48620
[16:29:42.437] [SEVERE ] updating countdown to 48523
[16:29:42.532] [SEVERE ] updating countdown to 48428
[16:29:42.627] [SEVERE ] updating countdown to 48333
[16:29:42.723] [SEVERE ] updating countdown to 48237
[16:29:42.819] [SEVERE ] updating countdown to 48141
[16:29:42.915] [SEVERE ] updating countdown to 48045
[16:29:43.010] [SEVERE ] updating countdown to 47950
[16:29:43.107] [SEVERE ] updating countdown to 47853
[16:29:43.202] [SEVERE ] updating countdown to 47758
[16:29:43.297] [SEVERE ] updating countdown to 47663
[16:29:43.393] [SEVERE ] updating countdown to 47567
[16:29:43.488] [SEVERE ] updating countdown to 47472
[16:29:43.584] [SEVERE ] updating countdown to 47376
[16:29:43.679] [SEVERE ] updating countdown to 47281
[16:29:43.774] [SEVERE ] updating countdown to 47186
[16:29:43.870] [SEVERE ] updating countdown to 47090
[16:29:43.965] [SEVERE ] updating countdown to 46995
[16:29:44.061] [SEVERE ] updating countdown to 46899
[16:29:44.157] [SEVERE ] updating countdown to 46803
[16:29:44.253] [SEVERE ] updating countdown to 46707
[16:29:44.349] [SEVERE ] updating countdown to 46611
[16:29:44.444] [SEVERE ] updating countdown to 46516
[16:29:44.539] [SEVERE ] updating countdown to 46421
[16:29:44.634] [SEVERE ] updating countdown to 46326
[16:29:44.730] [SEVERE ] updating countdown to 46230
[16:29:44.826] [SEVERE ] updating countdown to 46134
[16:29:44.921] [SEVERE ] updating countdown to 46039
[16:29:45.017] [SEVERE ] updating countdown to 45943
[16:29:45.113] [SEVERE ] updating countdown to 45847
[16:29:45.209] [SEVERE ] updating countdown to 45751
[16:29:45.304] [SEVERE ] updating countdown to 45656
[16:29:45.399] [SEVERE ] updating countdown to 45561
[16:29:45.495] [SEVERE ] updating countdown to 45465
[16:29:45.590] [SEVERE ] updating countdown to 45370
[16:29:45.687] [SEVERE ] updating countdown to 45274
[16:29:45.782] [SEVERE ] updating countdown to 45178
[16:29:45.878] [SEVERE ] updating countdown to 45082
[16:29:45.973] [SEVERE ] updating countdown to 44987
[16:29:46.069] [SEVERE ] updating countdown to 44891
[16:29:46.165] [SEVERE ] updating countdown to 44795
[16:29:46.260] [SEVERE ] updating countdown to 44700
[16:29:46.356] [SEVERE ] updating countdown to 44604
[16:29:46.452] [SEVERE ] updating countdown to 44508
[16:29:46.547] [SEVERE ] updating countdown to 44413
[16:29:46.642] [SEVERE ] updating countdown to 44318
[16:29:46.737] [SEVERE ] updating countdown to 44223
[16:29:46.833] [SEVERE ] updating countdown to 44127
[16:29:46.928] [SEVERE ] updating countdown to 44032
[16:29:47.024] [SEVERE ] updating countdown to 43936
[16:29:47.120] [SEVERE ] updating countdown to 43840
[16:29:47.216] [SEVERE ] updating countdown to 43744
[16:29:47.311] [SEVERE ] updating countdown to 43649
[16:29:47.406] [SEVERE ] updating countdown to 43554
[16:29:47.502] [SEVERE ] updating countdown to 43458
[16:29:47.597] [SEVERE ] updating countdown to 43363
[16:29:47.692] [SEVERE ] updating countdown to 43268
[16:29:47.788] [SEVERE ] updating countdown to 43172
[16:29:47.884] [SEVERE ] updating countdown to 43076
[16:29:47.979] [SEVERE ] updating countdown to 42981
[16:29:48.074] [SEVERE ] updating countdown to 42886
[16:29:48.170] [SEVERE ] updating countdown to 42790
[16:29:48.265] [SEVERE ] updating countdown to 42695
[16:29:48.361] [SEVERE ] updating countdown to 42599
[16:29:48.457] [SEVERE ] updating countdown to 42503
[16:29:48.552] [SEVERE ] updating countdown to 42408
[16:29:48.647] [SEVERE ] updating countdown to 42313
[16:29:48.743] [SEVERE ] updating countdown to 42217
[16:29:48.839] [SEVERE ] updating countdown to 42121
[16:29:48.934] [SEVERE ] updating countdown to 42026
[16:29:49.029] [SEVERE ] updating countdown to 41931
[16:29:49.126] [SEVERE ] updating countdown to 41834
[16:29:49.221] [SEVERE ] updating countdown to 41739
[16:29:49.317] [SEVERE ] updating countdown to 41643
[16:29:49.413] [SEVERE ] updating countdown to 41547
[16:29:49.508] [SEVERE ] updating countdown to 41452
[16:29:49.603] [SEVERE ] updating countdown to 41357
[16:29:49.699] [SEVERE ] updating countdown to 41261
[16:29:49.794] [SEVERE ] updating countdown to 41166
[16:29:49.890] [SEVERE ] updating countdown to 41070
[16:29:49.985] [SEVERE ] updating countdown to 40975
[16:29:50.081] [SEVERE ] updating countdown to 40879
[16:29:50.176] [SEVERE ] updating countdown to 40784
[16:29:50.271] [SEVERE ] updating countdown to 40689
[16:29:50.367] [SEVERE ] updating countdown to 40593
[16:29:50.462] [SEVERE ] updating countdown to 40498
[16:29:50.558] [SEVERE ] updating countdown to 40402
[16:29:50.654] [SEVERE ] updating countdown to 40306
[16:29:50.750] [SEVERE ] updating countdown to 40210
[16:29:50.845] [SEVERE ] updating countdown to 40115
[16:29:50.942] [SEVERE ] updating countdown to 40018
[16:29:51.038] [SEVERE ] updating countdown to 39922
[16:29:51.134] [SEVERE ] updating countdown to 39826
[16:29:51.230] [SEVERE ] updating countdown to 39730
[16:29:51.326] [SEVERE ] updating countdown to 39634
[16:29:51.421] [SEVERE ] updating countdown to 39539
[16:29:51.517] [SEVERE ] updating countdown to 39443
[16:29:51.612] [SEVERE ] updating countdown to 39348
[16:29:51.707] [SEVERE ] updating countdown to 39253
[16:29:51.803] [SEVERE ] updating countdown to 39157
[16:29:51.898] [SEVERE ] updating countdown to 39062
[16:29:51.993] [SEVERE ] updating countdown to 38967
[16:29:52.090] [SEVERE ] updating countdown to 38870
[16:29:52.185] [SEVERE ] updating countdown to 38775
[16:29:52.281] [SEVERE ] updating countdown to 38679
[16:29:52.377] [SEVERE ] updating countdown to 38583
[16:29:52.472] [SEVERE ] updating countdown to 38488
[16:29:52.568] [SEVERE ] updating countdown to 38392
[16:29:52.664] [SEVERE ] updating countdown to 38296
[16:29:52.759] [SEVERE ] updating countdown to 38201
[16:29:52.855] [SEVERE ] updating countdown to 38105
[16:29:52.950] [SEVERE ] updating countdown to 38010
[16:29:53.046] [SEVERE ] updating countdown to 37914
[16:29:53.142] [SEVERE ] updating countdown to 37818
[16:29:53.238] [SEVERE ] updating countdown to 37722
[16:29:53.333] [SEVERE ] updating countdown to 37627
[16:29:53.429] [SEVERE ] updating countdown to 37531
[16:29:53.525] [SEVERE ] updating countdown to 37435
[16:29:53.620] [SEVERE ] updating countdown to 37340
[16:29:53.716] [SEVERE ] updating countdown to 37244
[16:29:53.811] [SEVERE ] updating countdown to 37149
[16:29:53.907] [SEVERE ] updating countdown to 37053
[16:29:54.003] [SEVERE ] updating countdown to 36957
[16:29:54.098] [SEVERE ] updating countdown to 36862
[16:29:54.194] [SEVERE ] updating countdown to 36766
[16:29:54.289] [SEVERE ] updating countdown to 36671
[16:29:54.385] [SEVERE ] updating countdown to 36575
[16:29:54.480] [SEVERE ] updating countdown to 36480
[16:29:54.524] [SEVERE ] key 90 was pressed by player 1
[16:29:54.576] [SEVERE ] updating countdown to 36384
[16:29:54.671] [SEVERE ] updating countdown to 36289
[16:29:54.717] [SEVERE ] key 88 was pressed by player 1
[16:29:54.767] [SEVERE ] updating countdown to 36193
[16:29:54.863] [SEVERE ] updating countdown to 36097
[16:29:54.914] [SEVERE ] key 67 was pressed by player 1
[16:29:54.958] [SEVERE ] updating countdown to 36002
[16:29:55.054] [SEVERE ] updating countdown to 35906
[16:29:55.109] [SEVERE ] key 44 was pressed by player 2
[16:29:55.150] [SEVERE ] updating countdown to 35810
[16:29:55.246] [SEVERE ] updating countdown to 35714
[16:29:55.303] [SEVERE ] key 47 was pressed by player 2
[16:29:55.341] [SEVERE ] updating countdown to 35619
[16:29:55.436] [SEVERE ] updating countdown to 35524
[16:29:55.460] [SEVERE ] key 46 was pressed by player 2
[16:29:55.532] [SEVERE ] updating countdown to 35428
[16:29:55.628] [SEVERE ] updating countdown to 35332
[16:29:55.646] [SEVERE ] key 90 was pressed by player 1
[16:29:55.723] [SEVERE ] updating countdown to 35237
[16:29:55.817] [SEVERE ] key 88 was pressed by player 1
[16:29:55.819] [SEVERE ] updating countdown to 35141
[16:29:55.914] [SEVERE ] updating countdown to 35046
[16:29:55.980] [SEVERE ] key 67 was pressed by player 1
[16:29:56.010] [SEVERE ] updating countdown to 34950
[16:29:56.105] [SEVERE ] updating countdown to 34855
[16:29:56.200] [SEVERE ] updating countdown to 34760
[16:29:56.295] [SEVERE ] updating countdown to 34665
[16:29:56.391] [SEVERE ] updating countdown to 34569
[16:29:56.486] [SEVERE ] updating countdown to 34474
[16:29:56.582] [SEVERE ] updating countdown to 34378
[16:29:56.678] [SEVERE ] updating countdown to 34282
[16:29:56.774] [SEVERE ] updating countdown to 34186
[16:29:56.870] [SEVERE ] updating countdown to 34090
[16:29:56.965] [SEVERE ] updating countdown to 33995
[16:29:57.061] [SEVERE ] updating countdown to 33899
[16:29:57.157] [SEVERE ] updating countdown to 33803
[16:29:57.252] [SEVERE ] updating countdown to 33708
[16:29:57.279] [SEVERE ] exit button pressed
[16:29:57.347] [SEVERE ] updating countdown to 33613
[16:29:57.442] [SEVERE ] updating countdown to 33518
[16:29:57.538] [SEVERE ] updating countdown to 33422
[16:29:57.634] [SEVERE ] updating countdown to 33326
[16:29:57.729] [SEVERE ] updating countdown to 33231
[16:29:57.824] [SEVERE ] updating countdown to 33136
[16:29:57.920] [SEVERE ] updating countdown to 33040
[16:29:58.016] [SEVERE ] updating countdown to 32944
[16:29:58.112] [SEVERE ] updating countdown to 32848
[16:29:58.207] [SEVERE ] updating countdown to 32753
[16:29:58.303] [SEVERE ] updating countdown to 32657
[16:29:58.399] [SEVERE ] updating countdown to 32561
[16:29:58.495] [SEVERE ] updating countdown to 32465
[16:29:58.590] [SEVERE ] updating countdown to 32370
[16:29:58.685] [SEVERE ] updating countdown to 32275
[16:29:58.781] [SEVERE ] updating countdown to 32179
[16:29:58.877] [SEVERE ] updating countdown to 32083
[16:29:58.972] [SEVERE ] updating countdown to 31988
[16:29:59.067] [SEVERE ] updating countdown to 31893
[16:29:59.163] [SEVERE ] updating countdown to 31797
[16:29:59.259] [SEVERE ] updating countdown to 31701
[16:29:59.355] [SEVERE ] updating countdown to 31605
[16:29:59.450] [SEVERE ] updating countdown to 31510
[16:29:59.546] [SEVERE ] updating countdown to 31414
[16:29:59.641] [SEVERE ] updating countdown to 31319
[16:29:59.737] [SEVERE ] updating countdown to 31223
[16:29:59.833] [SEVERE ] updating countdown to 31127
[16:29:59.928] [SEVERE ] updating countdown to 31032
[16:30:00.023] [SEVERE ] updating countdown to 30937
[16:30:00.118] [SEVERE ] updating countdown to 30842
