[17:25:23.425] [INFO   ] thread bguspl.set.Main.main() starting.
[17:25:23.429] [SEVERE ] cannot read configuration file config.properties trying from resources.
[17:25:23.430] [SEVERE ] configuration file was loaded from resources directory.
[17:25:24.009] [INFO   ] thread dealer starting.
[17:25:24.010] [INFO   ] thread dealer starting.
[17:25:24.011] [INFO   ] thread Thread-2 starting.
[17:25:24.011] [INFO   ] thread Thread-1 starting.
[17:25:24.117] [SEVERE ] placing card 58 in slot 0
[17:25:24.219] [SEVERE ] placing card 44 in slot 1
[17:25:24.320] [SEVERE ] placing card 2 in slot 2
[17:25:24.424] [SEVERE ] placing card 8 in slot 3
[17:25:24.526] [SEVERE ] placing card 36 in slot 4
[17:25:24.627] [SEVERE ] placing card 46 in slot 5
[17:25:24.728] [SEVERE ] placing card 43 in slot 6
[17:25:24.830] [SEVERE ] placing card 14 in slot 7
[17:25:24.932] [SEVERE ] placing card 69 in slot 8
[17:25:25.034] [SEVERE ] placing card 9 in slot 9
[17:25:25.135] [SEVERE ] placing card 19 in slot 10
[17:25:25.237] [SEVERE ] placing card 54 in slot 11
[17:25:25.238] [SEVERE ] updating countdown to 60000
[17:25:25.335] [SEVERE ] updating countdown to 59903
[17:25:25.430] [SEVERE ] updating countdown to 59808
[17:25:25.525] [SEVERE ] updating countdown to 59713
[17:25:25.621] [SEVERE ] updating countdown to 59617
[17:25:25.717] [SEVERE ] updating countdown to 59521
[17:25:25.812] [SEVERE ] updating countdown to 59426
[17:25:25.907] [SEVERE ] updating countdown to 59331
[17:25:26.002] [SEVERE ] updating countdown to 59236
[17:25:26.097] [SEVERE ] updating countdown to 59141
[17:25:26.193] [SEVERE ] updating countdown to 59045
[17:25:26.288] [SEVERE ] updating countdown to 58950
[17:25:26.383] [SEVERE ] updating countdown to 58855
[17:25:26.478] [SEVERE ] updating countdown to 58760
[17:25:26.573] [SEVERE ] updating countdown to 58665
[17:25:26.669] [SEVERE ] updating countdown to 58569
[17:25:26.765] [SEVERE ] updating countdown to 58473
[17:25:26.860] [SEVERE ] updating countdown to 58378
[17:25:26.956] [SEVERE ] updating countdown to 58282
[17:25:27.052] [SEVERE ] updating countdown to 58186
[17:25:27.148] [SEVERE ] updating countdown to 58090
[17:25:27.243] [SEVERE ] updating countdown to 57995
[17:25:27.339] [SEVERE ] updating countdown to 57899
[17:25:27.435] [SEVERE ] updating countdown to 57803
[17:25:27.530] [SEVERE ] updating countdown to 57708
[17:25:27.625] [SEVERE ] updating countdown to 57613
[17:25:27.720] [SEVERE ] updating countdown to 57518
[17:25:27.816] [SEVERE ] updating countdown to 57422
[17:25:27.911] [SEVERE ] updating countdown to 57327
[17:25:27.935] [SEVERE ] key 90 was pressed by player 1
[17:25:27.935] [SEVERE ] player 1 placing token on slot 8
[17:25:27.954] [SEVERE ] key 88 was pressed by player 1
[17:25:27.954] [SEVERE ] player 1 placing token on slot 9
[17:25:28.006] [SEVERE ] updating countdown to 57232
[17:25:28.022] [SEVERE ] key 67 was pressed by player 1
[17:25:28.022] [SEVERE ] player 1 placing token on slot 10
[17:25:28.023] [SEVERE ] setting player 1 freeze to 3000
[17:25:31.039] [SEVERE ] updating countdown to 54199
[17:25:31.135] [SEVERE ] updating countdown to 54103
[17:25:31.230] [SEVERE ] updating countdown to 54008
[17:25:31.325] [SEVERE ] updating countdown to 53913
[17:25:31.421] [SEVERE ] updating countdown to 53817
[17:25:31.517] [SEVERE ] updating countdown to 53721
[17:25:31.612] [SEVERE ] updating countdown to 53626
[17:25:31.707] [SEVERE ] updating countdown to 53531
[17:25:31.802] [SEVERE ] updating countdown to 53436
[17:25:31.892] [SEVERE ] key 65 was pressed by player 1
[17:25:31.898] [SEVERE ] updating countdown to 53340
[17:25:31.993] [SEVERE ] updating countdown to 53245
[17:25:32.089] [SEVERE ] updating countdown to 53149
[17:25:32.184] [SEVERE ] updating countdown to 53054
[17:25:32.280] [SEVERE ] updating countdown to 52958
[17:25:32.375] [SEVERE ] updating countdown to 52863
[17:25:32.470] [SEVERE ] updating countdown to 52768
[17:25:32.566] [SEVERE ] updating countdown to 52672
[17:25:32.662] [SEVERE ] updating countdown to 52576
[17:25:32.757] [SEVERE ] updating countdown to 52481
[17:25:32.812] [SEVERE ] key 65 was pressed by player 1
[17:25:32.853] [SEVERE ] updating countdown to 52385
[17:25:32.948] [SEVERE ] updating countdown to 52290
[17:25:33.044] [SEVERE ] updating countdown to 52194
[17:25:33.140] [SEVERE ] updating countdown to 52098
[17:25:33.221] [SEVERE ] key 65 was pressed by player 1
[17:25:33.235] [SEVERE ] updating countdown to 52003
[17:25:33.330] [SEVERE ] updating countdown to 51908
[17:25:33.426] [SEVERE ] updating countdown to 51812
[17:25:33.521] [SEVERE ] updating countdown to 51717
[17:25:33.554] [SEVERE ] key 65 was pressed by player 1
[17:25:33.616] [SEVERE ] updating countdown to 51622
[17:25:33.711] [SEVERE ] updating countdown to 51527
[17:25:33.806] [SEVERE ] updating countdown to 51432
[17:25:33.902] [SEVERE ] updating countdown to 51336
[17:25:33.997] [SEVERE ] updating countdown to 51241
[17:25:34.092] [SEVERE ] updating countdown to 51146
[17:25:34.187] [SEVERE ] updating countdown to 51051
[17:25:34.282] [SEVERE ] updating countdown to 50956
[17:25:34.378] [SEVERE ] updating countdown to 50860
[17:25:34.473] [SEVERE ] updating countdown to 50765
[17:25:34.569] [SEVERE ] updating countdown to 50669
[17:25:34.630] [SEVERE ] key 83 was pressed by player 1
[17:25:34.665] [SEVERE ] updating countdown to 50573
[17:25:34.760] [SEVERE ] updating countdown to 50478
[17:25:34.856] [SEVERE ] updating countdown to 50382
[17:25:34.925] [SEVERE ] key 83 was pressed by player 1
[17:25:34.951] [SEVERE ] updating countdown to 50287
[17:25:35.046] [SEVERE ] updating countdown to 50192
[17:25:35.142] [SEVERE ] updating countdown to 50096
[17:25:35.238] [SEVERE ] updating countdown to 50000
[17:25:35.334] [SEVERE ] updating countdown to 49904
[17:25:35.429] [SEVERE ] updating countdown to 49809
[17:25:35.488] [SEVERE ] key 90 was pressed by player 1
[17:25:35.488] [SEVERE ] removing player 1 token from slot 8
[17:25:35.524] [SEVERE ] updating countdown to 49714
[17:25:35.620] [SEVERE ] updating countdown to 49618
[17:25:35.716] [SEVERE ] updating countdown to 49522
[17:25:35.812] [SEVERE ] updating countdown to 49426
[17:25:35.908] [SEVERE ] updating countdown to 49330
[17:25:35.932] [SEVERE ] key 88 was pressed by player 1
[17:25:35.932] [SEVERE ] removing player 1 token from slot 9
[17:25:36.004] [SEVERE ] updating countdown to 49234
[17:25:36.099] [SEVERE ] updating countdown to 49139
[17:25:36.195] [SEVERE ] updating countdown to 49043
[17:25:36.290] [SEVERE ] updating countdown to 48948
[17:25:36.385] [SEVERE ] updating countdown to 48853
[17:25:36.481] [SEVERE ] updating countdown to 48757
[17:25:36.576] [SEVERE ] updating countdown to 48662
[17:25:36.671] [SEVERE ] updating countdown to 48567
[17:25:36.766] [SEVERE ] updating countdown to 48472
[17:25:36.862] [SEVERE ] updating countdown to 48376
[17:25:36.958] [SEVERE ] updating countdown to 48280
[17:25:36.971] [SEVERE ] key 65 was pressed by player 1
[17:25:36.971] [SEVERE ] player 1 placing token on slot 4
[17:25:37.053] [SEVERE ] updating countdown to 48185
[17:25:37.149] [SEVERE ] updating countdown to 48089
[17:25:37.245] [SEVERE ] updating countdown to 47993
[17:25:37.329] [SEVERE ] key 83 was pressed by player 1
[17:25:37.329] [SEVERE ] player 1 placing token on slot 5
[17:25:37.330] [SEVERE ] setting player 1 freeze to 3000
[17:25:39.241] [SEVERE ] key 65 was pressed by player 1
[17:25:39.328] [SEVERE ] key 83 was pressed by player 1
[17:25:40.339] [SEVERE ] updating countdown to 44899
[17:25:40.434] [SEVERE ] updating countdown to 44804
[17:25:40.530] [SEVERE ] updating countdown to 44708
[17:25:40.625] [SEVERE ] updating countdown to 44613
[17:25:40.674] [SEVERE ] key 65 was pressed by player 1
[17:25:40.676] [SEVERE ] removing player 1 token from slot 4
[17:25:40.715] [SEVERE ] key 83 was pressed by player 1
[17:25:40.715] [SEVERE ] removing player 1 token from slot 5
[17:25:40.720] [SEVERE ] updating countdown to 44518
[17:25:40.816] [SEVERE ] updating countdown to 44422
[17:25:40.911] [SEVERE ] updating countdown to 44327
[17:25:41.007] [SEVERE ] updating countdown to 44231
[17:25:41.102] [SEVERE ] updating countdown to 44136
[17:25:41.197] [SEVERE ] updating countdown to 44041
[17:25:41.293] [SEVERE ] updating countdown to 43945
[17:25:41.389] [SEVERE ] updating countdown to 43849
[17:25:41.485] [SEVERE ] updating countdown to 43753
[17:25:41.580] [SEVERE ] updating countdown to 43658
[17:25:41.633] [SEVERE ] key 67 was pressed by player 1
[17:25:41.633] [SEVERE ] removing player 1 token from slot 10
[17:25:41.675] [SEVERE ] updating countdown to 43563
[17:25:41.771] [SEVERE ] updating countdown to 43467
[17:25:41.867] [SEVERE ] updating countdown to 43371
[17:25:41.963] [SEVERE ] updating countdown to 43275
[17:25:42.059] [SEVERE ] updating countdown to 43179
[17:25:42.155] [SEVERE ] updating countdown to 43083
[17:25:42.250] [SEVERE ] updating countdown to 42988
[17:25:42.345] [SEVERE ] updating countdown to 42893
[17:25:42.440] [SEVERE ] updating countdown to 42798
[17:25:42.535] [SEVERE ] updating countdown to 42703
[17:25:42.631] [SEVERE ] updating countdown to 42607
[17:25:42.727] [SEVERE ] updating countdown to 42511
[17:25:42.822] [SEVERE ] updating countdown to 42416
[17:25:42.917] [SEVERE ] updating countdown to 42321
[17:25:43.012] [SEVERE ] updating countdown to 42226
[17:25:43.108] [SEVERE ] updating countdown to 42130
[17:25:43.203] [SEVERE ] updating countdown to 42035
[17:25:43.299] [SEVERE ] updating countdown to 41939
[17:25:43.394] [SEVERE ] updating countdown to 41844
[17:25:43.490] [SEVERE ] updating countdown to 41748
[17:25:43.585] [SEVERE ] updating countdown to 41653
[17:25:43.680] [SEVERE ] updating countdown to 41558
[17:25:43.776] [SEVERE ] updating countdown to 41462
[17:25:43.871] [SEVERE ] updating countdown to 41367
[17:25:43.967] [SEVERE ] updating countdown to 41271
[17:25:44.063] [SEVERE ] updating countdown to 41175
[17:25:44.159] [SEVERE ] updating countdown to 41079
[17:25:44.254] [SEVERE ] updating countdown to 40984
[17:25:44.349] [SEVERE ] updating countdown to 40889
[17:25:44.445] [SEVERE ] updating countdown to 40793
[17:25:44.541] [SEVERE ] updating countdown to 40697
[17:25:44.637] [SEVERE ] updating countdown to 40601
[17:25:44.733] [SEVERE ] updating countdown to 40505
[17:25:44.829] [SEVERE ] updating countdown to 40409
[17:25:44.925] [SEVERE ] updating countdown to 40313
[17:25:45.021] [SEVERE ] updating countdown to 40217
[17:25:45.117] [SEVERE ] updating countdown to 40121
[17:25:45.213] [SEVERE ] updating countdown to 40025
[17:25:45.309] [SEVERE ] updating countdown to 39929
[17:25:45.404] [SEVERE ] updating countdown to 39834
[17:25:45.499] [SEVERE ] updating countdown to 39739
[17:25:45.595] [SEVERE ] updating countdown to 39643
[17:25:45.690] [SEVERE ] updating countdown to 39548
[17:25:45.785] [SEVERE ] updating countdown to 39453
[17:25:45.881] [SEVERE ] updating countdown to 39357
[17:25:45.976] [SEVERE ] updating countdown to 39262
[17:25:46.072] [SEVERE ] updating countdown to 39166
[17:25:46.168] [SEVERE ] updating countdown to 39070
[17:25:46.177] [SEVERE ] key 76 was pressed by player 2
[17:25:46.177] [SEVERE ] player 2 placing token on slot 6
[17:25:46.182] [SEVERE ] key 68 was pressed by player 1
[17:25:46.182] [SEVERE ] player 1 placing token on slot 6
[17:25:46.263] [SEVERE ] updating countdown to 38975
[17:25:46.359] [SEVERE ] updating countdown to 38879
[17:25:46.454] [SEVERE ] updating countdown to 38784
[17:25:46.549] [SEVERE ] updating countdown to 38689
[17:25:46.645] [SEVERE ] updating countdown to 38593
[17:25:46.740] [SEVERE ] updating countdown to 38498
[17:25:46.836] [SEVERE ] updating countdown to 38402
[17:25:46.931] [SEVERE ] updating countdown to 38307
[17:25:47.027] [SEVERE ] updating countdown to 38211
[17:25:47.123] [SEVERE ] updating countdown to 38115
[17:25:47.219] [SEVERE ] updating countdown to 38019
[17:25:47.314] [SEVERE ] updating countdown to 37924
[17:25:47.409] [SEVERE ] updating countdown to 37829
[17:25:47.505] [SEVERE ] updating countdown to 37733
[17:25:47.600] [SEVERE ] updating countdown to 37638
[17:25:47.696] [SEVERE ] updating countdown to 37542
[17:25:47.791] [SEVERE ] updating countdown to 37447
[17:25:47.886] [SEVERE ] updating countdown to 37352
[17:25:47.982] [SEVERE ] updating countdown to 37256
[17:25:48.077] [SEVERE ] updating countdown to 37161
[17:25:48.173] [SEVERE ] updating countdown to 37065
[17:25:48.269] [SEVERE ] updating countdown to 36969
[17:25:48.364] [SEVERE ] updating countdown to 36874
[17:25:48.460] [SEVERE ] updating countdown to 36778
[17:25:48.555] [SEVERE ] updating countdown to 36683
[17:25:48.650] [SEVERE ] updating countdown to 36588
[17:25:48.745] [SEVERE ] updating countdown to 36493
[17:25:48.840] [SEVERE ] updating countdown to 36398
[17:25:48.935] [SEVERE ] updating countdown to 36303
[17:25:49.031] [SEVERE ] updating countdown to 36207
[17:25:49.126] [SEVERE ] updating countdown to 36112
[17:25:49.222] [SEVERE ] updating countdown to 36016
[17:25:49.318] [SEVERE ] updating countdown to 35920
[17:25:49.414] [SEVERE ] updating countdown to 35824
[17:25:49.509] [SEVERE ] updating countdown to 35729
[17:25:49.605] [SEVERE ] updating countdown to 35633
[17:25:49.700] [SEVERE ] updating countdown to 35538
[17:25:49.795] [SEVERE ] updating countdown to 35443
[17:25:49.890] [SEVERE ] updating countdown to 35348
[17:25:49.985] [SEVERE ] updating countdown to 35253
[17:25:50.081] [SEVERE ] updating countdown to 35157
[17:25:50.177] [SEVERE ] updating countdown to 35061
[17:25:50.273] [SEVERE ] updating countdown to 34965
[17:25:50.368] [SEVERE ] updating countdown to 34870
[17:25:50.464] [SEVERE ] updating countdown to 34774
[17:25:50.560] [SEVERE ] updating countdown to 34678
[17:25:50.655] [SEVERE ] updating countdown to 34583
[17:25:50.751] [SEVERE ] updating countdown to 34487
[17:25:50.847] [SEVERE ] updating countdown to 34391
[17:25:50.942] [SEVERE ] updating countdown to 34296
[17:25:51.038] [SEVERE ] updating countdown to 34200
[17:25:51.133] [SEVERE ] updating countdown to 34105
[17:25:51.229] [SEVERE ] updating countdown to 34009
[17:25:51.324] [SEVERE ] updating countdown to 33914
[17:25:51.420] [SEVERE ] updating countdown to 33818
[17:25:51.516] [SEVERE ] updating countdown to 33722
[17:25:51.612] [SEVERE ] updating countdown to 33626
[17:25:51.708] [SEVERE ] updating countdown to 33530
[17:25:51.803] [SEVERE ] updating countdown to 33435
[17:25:51.899] [SEVERE ] updating countdown to 33339
[17:25:51.995] [SEVERE ] updating countdown to 33243
[17:25:52.090] [SEVERE ] updating countdown to 33148
[17:25:52.185] [SEVERE ] updating countdown to 33053
[17:25:52.280] [SEVERE ] updating countdown to 32958
[17:25:52.376] [SEVERE ] updating countdown to 32862
[17:25:52.472] [SEVERE ] updating countdown to 32766
[17:25:52.568] [SEVERE ] updating countdown to 32670
[17:25:52.664] [SEVERE ] updating countdown to 32574
[17:25:52.760] [SEVERE ] updating countdown to 32478
[17:25:52.855] [SEVERE ] updating countdown to 32383
[17:25:52.951] [SEVERE ] updating countdown to 32287
[17:25:53.046] [SEVERE ] updating countdown to 32192
[17:25:53.141] [SEVERE ] updating countdown to 32097
[17:25:53.236] [SEVERE ] updating countdown to 32002
[17:25:53.332] [SEVERE ] updating countdown to 31906
[17:25:53.427] [SEVERE ] updating countdown to 31811
[17:25:53.522] [SEVERE ] updating countdown to 31716
[17:25:53.618] [SEVERE ] updating countdown to 31620
[17:25:53.714] [SEVERE ] updating countdown to 31524
[17:25:53.810] [SEVERE ] updating countdown to 31428
[17:25:53.905] [SEVERE ] updating countdown to 31333
[17:25:54.001] [SEVERE ] updating countdown to 31237
[17:25:54.097] [SEVERE ] updating countdown to 31141
[17:25:54.193] [SEVERE ] updating countdown to 31045
[17:25:54.289] [SEVERE ] updating countdown to 30949
[17:25:54.385] [SEVERE ] updating countdown to 30853
[17:25:54.481] [SEVERE ] updating countdown to 30757
[17:25:54.577] [SEVERE ] updating countdown to 30661
[17:25:54.673] [SEVERE ] updating countdown to 30565
[17:25:54.768] [SEVERE ] updating countdown to 30470
[17:25:54.863] [SEVERE ] updating countdown to 30375
[17:25:54.959] [SEVERE ] updating countdown to 30279
[17:25:55.055] [SEVERE ] updating countdown to 30183
[17:25:55.151] [SEVERE ] updating countdown to 30087
[17:25:55.246] [SEVERE ] updating countdown to 29992
[17:25:55.341] [SEVERE ] updating countdown to 29897
[17:25:55.436] [SEVERE ] updating countdown to 29802
[17:25:55.532] [SEVERE ] updating countdown to 29706
[17:25:55.627] [SEVERE ] updating countdown to 29611
[17:25:55.723] [SEVERE ] updating countdown to 29515
[17:25:55.819] [SEVERE ] updating countdown to 29419
[17:25:55.915] [SEVERE ] updating countdown to 29323
[17:25:56.011] [SEVERE ] updating countdown to 29227
[17:25:56.107] [SEVERE ] updating countdown to 29131
[17:25:56.202] [SEVERE ] updating countdown to 29036
[17:25:56.297] [SEVERE ] updating countdown to 28941
[17:25:56.392] [SEVERE ] updating countdown to 28846
[17:25:56.488] [SEVERE ] updating countdown to 28750
[17:25:56.584] [SEVERE ] updating countdown to 28654
[17:25:56.679] [SEVERE ] updating countdown to 28559
[17:25:56.774] [SEVERE ] updating countdown to 28464
[17:25:56.870] [SEVERE ] updating countdown to 28368
[17:25:56.966] [SEVERE ] updating countdown to 28272
[17:25:57.061] [SEVERE ] updating countdown to 28177
[17:25:57.156] [SEVERE ] updating countdown to 28082
[17:25:57.252] [SEVERE ] updating countdown to 27986
[17:25:57.347] [SEVERE ] updating countdown to 27891
[17:25:57.442] [SEVERE ] updating countdown to 27796
[17:25:57.538] [SEVERE ] updating countdown to 27700
[17:25:57.633] [SEVERE ] updating countdown to 27605
[17:25:57.728] [SEVERE ] updating countdown to 27510
[17:25:57.824] [SEVERE ] updating countdown to 27414
[17:25:57.920] [SEVERE ] updating countdown to 27318
[17:25:58.015] [SEVERE ] updating countdown to 27223
[17:25:58.110] [SEVERE ] updating countdown to 27128
[17:25:58.205] [SEVERE ] updating countdown to 27033
[17:25:58.301] [SEVERE ] updating countdown to 26937
[17:25:58.396] [SEVERE ] updating countdown to 26842
[17:25:58.492] [SEVERE ] updating countdown to 26746
[17:25:58.588] [SEVERE ] updating countdown to 26650
[17:25:58.683] [SEVERE ] updating countdown to 26555
[17:25:58.778] [SEVERE ] updating countdown to 26460
[17:25:58.873] [SEVERE ] updating countdown to 26365
[17:25:58.969] [SEVERE ] updating countdown to 26269
[17:25:59.064] [SEVERE ] updating countdown to 26174
[17:25:59.160] [SEVERE ] updating countdown to 26078
[17:25:59.255] [SEVERE ] updating countdown to 25983
[17:25:59.351] [SEVERE ] updating countdown to 25887
[17:25:59.447] [SEVERE ] updating countdown to 25791
[17:25:59.542] [SEVERE ] updating countdown to 25696
[17:25:59.638] [SEVERE ] updating countdown to 25600
[17:25:59.734] [SEVERE ] updating countdown to 25504
[17:25:59.829] [SEVERE ] updating countdown to 25409
[17:25:59.924] [SEVERE ] updating countdown to 25314
[17:26:00.019] [SEVERE ] updating countdown to 25219
[17:26:00.114] [SEVERE ] updating countdown to 25124
[17:26:00.210] [SEVERE ] updating countdown to 25028
[17:26:00.305] [SEVERE ] updating countdown to 24933
[17:26:00.401] [SEVERE ] updating countdown to 24837
[17:26:00.497] [SEVERE ] updating countdown to 24741
[17:26:00.593] [SEVERE ] updating countdown to 24645
[17:26:00.688] [SEVERE ] updating countdown to 24550
[17:26:00.784] [SEVERE ] updating countdown to 24454
[17:26:00.879] [SEVERE ] updating countdown to 24359
[17:26:00.975] [SEVERE ] updating countdown to 24263
[17:26:01.070] [SEVERE ] updating countdown to 24168
[17:26:01.166] [SEVERE ] updating countdown to 24072
[17:26:01.261] [SEVERE ] updating countdown to 23977
[17:26:01.356] [SEVERE ] updating countdown to 23882
[17:26:01.451] [SEVERE ] updating countdown to 23787
[17:26:01.546] [SEVERE ] updating countdown to 23692
[17:26:01.642] [SEVERE ] updating countdown to 23596
[17:26:01.738] [SEVERE ] updating countdown to 23500
[17:26:01.833] [SEVERE ] updating countdown to 23405
[17:26:01.929] [SEVERE ] updating countdown to 23309
[17:26:02.024] [SEVERE ] updating countdown to 23214
[17:26:02.120] [SEVERE ] updating countdown to 23118
[17:26:02.216] [SEVERE ] updating countdown to 23022
[17:26:02.312] [SEVERE ] updating countdown to 22926
[17:26:02.408] [SEVERE ] updating countdown to 22830
[17:26:02.504] [SEVERE ] updating countdown to 22734
[17:26:02.600] [SEVERE ] updating countdown to 22638
[17:26:02.696] [SEVERE ] updating countdown to 22542
[17:26:02.792] [SEVERE ] updating countdown to 22446
[17:26:02.887] [SEVERE ] updating countdown to 22351
[17:26:02.983] [SEVERE ] updating countdown to 22255
[17:26:03.078] [SEVERE ] updating countdown to 22160
[17:26:03.174] [SEVERE ] updating countdown to 22064
[17:26:03.269] [SEVERE ] updating countdown to 21969
[17:26:03.317] [SEVERE ] key 68 was pressed by player 1
[17:26:03.317] [SEVERE ] removing player 1 token from slot 6
[17:26:03.364] [SEVERE ] updating countdown to 21874
[17:26:03.459] [SEVERE ] updating countdown to 21779
[17:26:03.555] [SEVERE ] updating countdown to 21683
[17:26:03.651] [SEVERE ] updating countdown to 21587
[17:26:03.747] [SEVERE ] updating countdown to 21491
[17:26:03.843] [SEVERE ] updating countdown to 21395
[17:26:03.936] [SEVERE ] key 70 was pressed by player 1
[17:26:03.936] [SEVERE ] player 1 placing token on slot 7
[17:26:03.938] [SEVERE ] updating countdown to 21300
[17:26:04.034] [SEVERE ] updating countdown to 21204
[17:26:04.129] [SEVERE ] updating countdown to 21109
[17:26:04.224] [SEVERE ] updating countdown to 21014
[17:26:04.319] [SEVERE ] updating countdown to 20919
[17:26:04.415] [SEVERE ] updating countdown to 20823
[17:26:04.511] [SEVERE ] updating countdown to 20727
[17:26:04.606] [SEVERE ] updating countdown to 20632
[17:26:04.701] [SEVERE ] updating countdown to 20537
[17:26:04.796] [SEVERE ] updating countdown to 20442
[17:26:04.892] [SEVERE ] updating countdown to 20346
[17:26:04.935] [SEVERE ] key 65 was pressed by player 1
[17:26:04.935] [SEVERE ] player 1 placing token on slot 4
[17:26:04.987] [SEVERE ] updating countdown to 20251
[17:26:05.082] [SEVERE ] updating countdown to 20156
[17:26:05.177] [SEVERE ] updating countdown to 20061
[17:26:05.272] [SEVERE ] updating countdown to 19966
[17:26:05.339] [SEVERE ] key 88 was pressed by player 1
[17:26:05.339] [SEVERE ] player 1 placing token on slot 9
[17:26:05.340] [SEVERE ] setting player 1 freeze to 3000
[17:26:08.348] [SEVERE ] updating countdown to 16890
[17:26:08.405] [SEVERE ] key 88 was pressed by player 1
[17:26:08.405] [SEVERE ] removing player 1 token from slot 9
[17:26:08.443] [SEVERE ] updating countdown to 16795
[17:26:08.538] [SEVERE ] updating countdown to 16700
[17:26:08.633] [SEVERE ] updating countdown to 16605
[17:26:08.729] [SEVERE ] updating countdown to 16509
[17:26:08.824] [SEVERE ] updating countdown to 16414
[17:26:08.920] [SEVERE ] updating countdown to 16318
[17:26:08.941] [SEVERE ] key 90 was pressed by player 1
[17:26:08.942] [SEVERE ] player 1 placing token on slot 8
[17:26:08.942] [SEVERE ] setting player 1 freeze to 3000
[17:26:11.947] [SEVERE ] updating countdown to 13291
[17:26:12.043] [SEVERE ] updating countdown to 13195
[17:26:12.139] [SEVERE ] updating countdown to 13099
[17:26:12.235] [SEVERE ] updating countdown to 13003
[17:26:12.331] [SEVERE ] updating countdown to 12907
[17:26:12.426] [SEVERE ] updating countdown to 12812
[17:26:12.522] [SEVERE ] updating countdown to 12716
[17:26:12.618] [SEVERE ] updating countdown to 12620
[17:26:12.714] [SEVERE ] updating countdown to 12524
[17:26:12.809] [SEVERE ] updating countdown to 12429
[17:26:12.904] [SEVERE ] updating countdown to 12334
[17:26:13.000] [SEVERE ] updating countdown to 12238
[17:26:13.096] [SEVERE ] updating countdown to 12142
[17:26:13.192] [SEVERE ] updating countdown to 12046
[17:26:13.288] [SEVERE ] updating countdown to 11950
[17:26:13.383] [SEVERE ] updating countdown to 11855
[17:26:13.478] [SEVERE ] updating countdown to 11760
[17:26:13.574] [SEVERE ] updating countdown to 11664
[17:26:13.670] [SEVERE ] updating countdown to 11568
[17:26:13.766] [SEVERE ] updating countdown to 11472
[17:26:13.862] [SEVERE ] updating countdown to 11376
[17:26:13.958] [SEVERE ] updating countdown to 11280
[17:26:14.054] [SEVERE ] updating countdown to 11184
[17:26:14.149] [SEVERE ] updating countdown to 11089
[17:26:14.244] [SEVERE ] updating countdown to 10994
[17:26:14.340] [SEVERE ] updating countdown to 10898
[17:26:14.435] [SEVERE ] updating countdown to 10803
[17:26:14.531] [SEVERE ] updating countdown to 10707
[17:26:14.626] [SEVERE ] updating countdown to 10612
[17:26:14.721] [SEVERE ] updating countdown to 10517
[17:26:14.817] [SEVERE ] updating countdown to 10421
[17:26:14.913] [SEVERE ] updating countdown to 10325
[17:26:15.008] [SEVERE ] updating countdown to 10230
[17:26:15.103] [SEVERE ] updating countdown to 10135
[17:26:15.199] [SEVERE ] updating countdown to 10039
[17:26:15.294] [SEVERE ] updating countdown to 9944
[17:26:15.324] [SEVERE ] key 90 was pressed by player 1
[17:26:15.324] [SEVERE ] removing player 1 token from slot 8
[17:26:15.389] [SEVERE ] updating countdown to 9849
[17:26:15.485] [SEVERE ] updating countdown to 9753
[17:26:15.581] [SEVERE ] updating countdown to 9657
[17:26:15.677] [SEVERE ] updating countdown to 9561
[17:26:15.773] [SEVERE ] updating countdown to 9465
[17:26:15.792] [SEVERE ] key 90 was pressed by player 1
[17:26:15.792] [SEVERE ] player 1 placing token on slot 8
[17:26:15.793] [SEVERE ] setting player 1 freeze to 3000
[17:26:18.794] [SEVERE ] updating countdown to 6444
[17:26:18.890] [SEVERE ] updating countdown to 6348
[17:26:18.986] [SEVERE ] updating countdown to 6252
[17:26:19.081] [SEVERE ] updating countdown to 6157
[17:26:19.176] [SEVERE ] updating countdown to 6062
[17:26:19.271] [SEVERE ] updating countdown to 5967
[17:26:19.367] [SEVERE ] updating countdown to 5871
[17:26:19.463] [SEVERE ] updating countdown to 5775
[17:26:19.558] [SEVERE ] updating countdown to 5680
[17:26:19.654] [SEVERE ] updating countdown to 5584
[17:26:19.749] [SEVERE ] updating countdown to 5489
[17:26:19.844] [SEVERE ] updating countdown to 5394
[17:26:19.940] [SEVERE ] updating countdown to 5298
[17:26:20.035] [SEVERE ] updating countdown to 5203
[17:26:20.131] [SEVERE ] updating countdown to 5107
[17:26:20.227] [SEVERE ] updating countdown to 5011
[17:26:24.238] [SEVERE ] updating countdown to 1000
[17:26:25.288] [SEVERE ] updating countdown to 60000
[17:26:25.400] [SEVERE ] removing tokens from slot 0
[17:26:25.400] [SEVERE ] removing card from slot 0
[17:26:25.502] [SEVERE ] removing tokens from slot 1
[17:26:25.502] [SEVERE ] removing card from slot 1
[17:26:25.603] [SEVERE ] removing tokens from slot 2
[17:26:25.603] [SEVERE ] removing card from slot 2
[17:26:25.706] [SEVERE ] removing tokens from slot 3
[17:26:25.706] [SEVERE ] removing card from slot 3
[17:26:25.809] [SEVERE ] removing tokens from slot 4
[17:26:25.809] [SEVERE ] removing card from slot 4
[17:26:25.914] [SEVERE ] removing tokens from slot 5
[17:26:25.914] [SEVERE ] removing card from slot 5
[17:26:26.016] [SEVERE ] removing tokens from slot 6
[17:26:26.016] [SEVERE ] removing card from slot 6
[17:26:26.118] [SEVERE ] removing tokens from slot 7
[17:26:26.118] [SEVERE ] removing card from slot 7
[17:26:26.220] [SEVERE ] removing tokens from slot 8
[17:26:26.220] [SEVERE ] removing card from slot 8
[17:26:26.323] [SEVERE ] removing tokens from slot 9
[17:26:26.323] [SEVERE ] removing card from slot 9
[17:26:26.426] [SEVERE ] removing tokens from slot 10
[17:26:26.426] [SEVERE ] removing card from slot 10
[17:26:26.527] [SEVERE ] removing tokens from slot 11
[17:26:26.527] [SEVERE ] removing card from slot 11
[17:26:26.628] [SEVERE ] placing card 32 in slot 0
[17:26:26.729] [SEVERE ] placing card 10 in slot 1
[17:26:26.829] [SEVERE ] placing card 67 in slot 2
[17:26:26.842] [SEVERE ] key 90 was pressed by player 1
[17:26:26.849] [SEVERE ] key 88 was pressed by player 1
[17:26:26.931] [SEVERE ] placing card 43 in slot 3
[17:26:27.011] [SEVERE ] key 67 was pressed by player 1
[17:26:27.033] [SEVERE ] placing card 9 in slot 4
[17:26:27.134] [SEVERE ] placing card 60 in slot 5
[17:26:27.235] [SEVERE ] placing card 29 in slot 6
[17:26:27.336] [SEVERE ] placing card 16 in slot 7
[17:26:27.437] [SEVERE ] placing card 57 in slot 8
[17:26:27.537] [SEVERE ] placing card 33 in slot 9
[17:26:27.550] [SEVERE ] key 88 was pressed by player 1
[17:26:27.606] [SEVERE ] key 90 was pressed by player 1
[17:26:27.638] [SEVERE ] placing card 62 in slot 10
[17:26:27.706] [SEVERE ] key 67 was pressed by player 1
[17:26:27.740] [SEVERE ] placing card 2 in slot 11
[17:26:27.838] [SEVERE ] updating countdown to 57450
[17:26:27.933] [SEVERE ] updating countdown to 57355
[17:26:28.029] [SEVERE ] updating countdown to 57259
[17:26:28.124] [SEVERE ] updating countdown to 57164
[17:26:28.219] [SEVERE ] updating countdown to 57069
[17:26:28.301] [SEVERE ] key 67 was pressed by player 1
[17:26:28.302] [SEVERE ] player 1 placing token on slot 10
[17:26:28.314] [SEVERE ] updating countdown to 56974
[17:26:28.410] [SEVERE ] updating countdown to 56878
[17:26:28.506] [SEVERE ] updating countdown to 56782
[17:26:28.601] [SEVERE ] updating countdown to 56687
[17:26:28.679] [SEVERE ] key 88 was pressed by player 1
[17:26:28.679] [SEVERE ] player 1 placing token on slot 9
[17:26:28.696] [SEVERE ] updating countdown to 56592
[17:26:28.792] [SEVERE ] updating countdown to 56496
[17:26:28.875] [SEVERE ] key 90 was pressed by player 1
[17:26:28.875] [SEVERE ] removing player 1 token from slot 8
[17:26:28.888] [SEVERE ] updating countdown to 56400
[17:26:28.984] [SEVERE ] updating countdown to 56304
[17:26:29.079] [SEVERE ] updating countdown to 56209
[17:26:29.174] [SEVERE ] updating countdown to 56114
[17:26:29.220] [SEVERE ] key 83 was pressed by player 1
[17:26:29.220] [SEVERE ] player 1 placing token on slot 5
[17:26:29.220] [SEVERE ] setting player 1 freeze to 3000
[17:26:29.805] [SEVERE ] key 83 was pressed by player 1
[17:26:32.227] [SEVERE ] updating countdown to 53061
[17:26:32.323] [SEVERE ] updating countdown to 52965
[17:26:32.418] [SEVERE ] updating countdown to 52870
[17:26:32.513] [SEVERE ] updating countdown to 52775
[17:26:32.608] [SEVERE ] updating countdown to 52680
[17:26:32.703] [SEVERE ] updating countdown to 52585
[17:26:32.799] [SEVERE ] updating countdown to 52489
[17:26:32.894] [SEVERE ] updating countdown to 52394
[17:26:32.989] [SEVERE ] updating countdown to 52299
[17:26:33.084] [SEVERE ] updating countdown to 52204
[17:26:33.180] [SEVERE ] updating countdown to 52108
[17:26:33.275] [SEVERE ] updating countdown to 52013
[17:26:33.371] [SEVERE ] updating countdown to 51917
[17:26:33.467] [SEVERE ] updating countdown to 51821
[17:26:33.563] [SEVERE ] updating countdown to 51725
[17:26:33.658] [SEVERE ] updating countdown to 51630
[17:26:33.753] [SEVERE ] updating countdown to 51535
[17:26:33.849] [SEVERE ] updating countdown to 51439
[17:26:33.945] [SEVERE ] updating countdown to 51343
[17:26:34.041] [SEVERE ] updating countdown to 51247
[17:26:34.137] [SEVERE ] updating countdown to 51151
[17:26:34.233] [SEVERE ] updating countdown to 51055
[17:26:34.329] [SEVERE ] updating countdown to 50959
[17:26:34.425] [SEVERE ] updating countdown to 50863
[17:26:34.521] [SEVERE ] updating countdown to 50767
[17:26:34.616] [SEVERE ] updating countdown to 50672
[17:26:34.711] [SEVERE ] updating countdown to 50577
[17:26:34.807] [SEVERE ] updating countdown to 50481
[17:26:34.902] [SEVERE ] updating countdown to 50386
[17:26:34.997] [SEVERE ] updating countdown to 50291
[17:26:35.093] [SEVERE ] updating countdown to 50195
[17:26:35.189] [SEVERE ] updating countdown to 50099
[17:26:35.285] [SEVERE ] updating countdown to 50003
[17:26:35.380] [SEVERE ] updating countdown to 49908
[17:26:35.476] [SEVERE ] updating countdown to 49812
[17:26:35.571] [SEVERE ] updating countdown to 49717
[17:26:35.666] [SEVERE ] updating countdown to 49622
[17:26:35.762] [SEVERE ] updating countdown to 49526
[17:26:35.857] [SEVERE ] updating countdown to 49431
[17:26:35.952] [SEVERE ] updating countdown to 49336
[17:26:36.047] [SEVERE ] updating countdown to 49241
[17:26:36.143] [SEVERE ] updating countdown to 49145
[17:26:36.238] [SEVERE ] updating countdown to 49050
[17:26:36.333] [SEVERE ] updating countdown to 48955
[17:26:36.428] [SEVERE ] updating countdown to 48860
[17:26:36.524] [SEVERE ] updating countdown to 48764
[17:26:36.619] [SEVERE ] updating countdown to 48669
[17:26:36.714] [SEVERE ] updating countdown to 48574
[17:26:36.810] [SEVERE ] updating countdown to 48478
[17:26:36.905] [SEVERE ] updating countdown to 48383
[17:26:37.000] [SEVERE ] updating countdown to 48288
[17:26:37.096] [SEVERE ] updating countdown to 48192
[17:26:37.191] [SEVERE ] updating countdown to 48097
[17:26:37.286] [SEVERE ] updating countdown to 48002
[17:26:37.381] [SEVERE ] updating countdown to 47907
[17:26:37.476] [SEVERE ] updating countdown to 47812
[17:26:37.572] [SEVERE ] updating countdown to 47716
[17:26:37.668] [SEVERE ] updating countdown to 47620
[17:26:37.764] [SEVERE ] updating countdown to 47524
[17:26:37.859] [SEVERE ] updating countdown to 47429
[17:26:37.955] [SEVERE ] updating countdown to 47333
[17:26:38.051] [SEVERE ] updating countdown to 47237
[17:26:38.146] [SEVERE ] updating countdown to 47142
[17:26:38.242] [SEVERE ] updating countdown to 47046
[17:26:38.337] [SEVERE ] updating countdown to 46951
[17:26:38.433] [SEVERE ] updating countdown to 46855
[17:26:38.529] [SEVERE ] updating countdown to 46759
[17:26:38.624] [SEVERE ] updating countdown to 46664
[17:26:38.720] [SEVERE ] updating countdown to 46568
[17:26:38.815] [SEVERE ] updating countdown to 46473
[17:26:38.911] [SEVERE ] updating countdown to 46377
[17:26:39.006] [SEVERE ] updating countdown to 46282
[17:26:39.101] [SEVERE ] updating countdown to 46187
[17:26:39.197] [SEVERE ] updating countdown to 46091
[17:26:39.292] [SEVERE ] updating countdown to 45996
[17:26:39.387] [SEVERE ] updating countdown to 45901
[17:26:39.483] [SEVERE ] updating countdown to 45805
[17:26:39.578] [SEVERE ] updating countdown to 45710
[17:26:39.673] [SEVERE ] updating countdown to 45615
[17:26:39.768] [SEVERE ] updating countdown to 45520
[17:26:39.864] [SEVERE ] updating countdown to 45424
[17:26:39.960] [SEVERE ] updating countdown to 45328
[17:26:40.055] [SEVERE ] updating countdown to 45233
[17:26:40.151] [SEVERE ] updating countdown to 45137
[17:26:40.246] [SEVERE ] updating countdown to 45042
[17:26:40.342] [SEVERE ] updating countdown to 44946
[17:26:40.437] [SEVERE ] updating countdown to 44851
[17:26:40.533] [SEVERE ] updating countdown to 44755
[17:26:40.628] [SEVERE ] updating countdown to 44660
[17:26:40.723] [SEVERE ] updating countdown to 44565
[17:26:40.819] [SEVERE ] updating countdown to 44469
[17:26:40.914] [SEVERE ] updating countdown to 44374
[17:26:41.010] [SEVERE ] updating countdown to 44278
[17:26:41.106] [SEVERE ] updating countdown to 44182
[17:26:41.201] [SEVERE ] updating countdown to 44087
[17:26:41.297] [SEVERE ] updating countdown to 43991
[17:26:41.392] [SEVERE ] updating countdown to 43896
[17:26:41.487] [SEVERE ] updating countdown to 43801
[17:26:41.583] [SEVERE ] updating countdown to 43705
[17:26:41.679] [SEVERE ] updating countdown to 43609
[17:26:41.775] [SEVERE ] updating countdown to 43513
[17:26:41.871] [SEVERE ] updating countdown to 43417
[17:26:41.966] [SEVERE ] updating countdown to 43322
[17:26:42.061] [SEVERE ] updating countdown to 43227
[17:26:42.156] [SEVERE ] updating countdown to 43132
[17:26:42.251] [SEVERE ] updating countdown to 43037
[17:26:42.347] [SEVERE ] updating countdown to 42941
[17:26:42.443] [SEVERE ] updating countdown to 42845
[17:26:42.538] [SEVERE ] updating countdown to 42750
[17:26:42.633] [SEVERE ] updating countdown to 42655
[17:26:42.729] [SEVERE ] updating countdown to 42559
[17:26:42.825] [SEVERE ] updating countdown to 42463
[17:26:42.921] [SEVERE ] updating countdown to 42367
[17:26:43.016] [SEVERE ] updating countdown to 42272
[17:26:43.111] [SEVERE ] updating countdown to 42177
[17:26:43.207] [SEVERE ] updating countdown to 42081
[17:26:43.303] [SEVERE ] updating countdown to 41985
[17:26:43.399] [SEVERE ] updating countdown to 41889
[17:26:43.494] [SEVERE ] updating countdown to 41794
[17:26:43.589] [SEVERE ] updating countdown to 41699
[17:26:43.684] [SEVERE ] updating countdown to 41604
[17:26:43.780] [SEVERE ] updating countdown to 41508
[17:26:43.876] [SEVERE ] updating countdown to 41412
[17:26:43.971] [SEVERE ] updating countdown to 41317
[17:26:44.067] [SEVERE ] updating countdown to 41221
[17:26:44.162] [SEVERE ] updating countdown to 41126
[17:26:44.258] [SEVERE ] updating countdown to 41030
[17:26:44.299] [SEVERE ] key 85 was pressed by player 2
[17:26:44.299] [SEVERE ] player 2 placing token on slot 0
[17:26:44.354] [SEVERE ] updating countdown to 40934
[17:26:44.449] [SEVERE ] updating countdown to 40839
[17:26:44.545] [SEVERE ] updating countdown to 40743
[17:26:44.640] [SEVERE ] updating countdown to 40648
[17:26:44.735] [SEVERE ] updating countdown to 40553
[17:26:44.831] [SEVERE ] updating countdown to 40457
[17:26:44.927] [SEVERE ] updating countdown to 40361
[17:26:45.023] [SEVERE ] updating countdown to 40265
[17:26:45.119] [SEVERE ] updating countdown to 40169
[17:26:45.215] [SEVERE ] updating countdown to 40073
[17:26:45.270] [SEVERE ] key 85 was pressed by player 2
[17:26:45.270] [SEVERE ] removing player 2 token from slot 0
[17:26:45.310] [SEVERE ] updating countdown to 39978
[17:26:45.406] [SEVERE ] updating countdown to 39882
[17:26:45.502] [SEVERE ] updating countdown to 39786
[17:26:45.597] [SEVERE ] updating countdown to 39691
[17:26:45.693] [SEVERE ] updating countdown to 39595
[17:26:45.789] [SEVERE ] updating countdown to 39499
[17:26:45.885] [SEVERE ] updating countdown to 39403
[17:26:45.981] [SEVERE ] updating countdown to 39307
[17:26:46.076] [SEVERE ] updating countdown to 39212
[17:26:46.172] [SEVERE ] updating countdown to 39116
[17:26:46.205] [SEVERE ] key 73 was pressed by player 2
[17:26:46.205] [SEVERE ] player 2 placing token on slot 1
[17:26:46.268] [SEVERE ] updating countdown to 39020
[17:26:46.363] [SEVERE ] updating countdown to 38925
[17:26:46.459] [SEVERE ] updating countdown to 38829
[17:26:46.554] [SEVERE ] updating countdown to 38734
[17:26:46.649] [SEVERE ] updating countdown to 38639
[17:26:46.744] [SEVERE ] updating countdown to 38544
[17:26:46.840] [SEVERE ] updating countdown to 38448
[17:26:46.935] [SEVERE ] updating countdown to 38353
[17:26:47.031] [SEVERE ] updating countdown to 38257
[17:26:47.126] [SEVERE ] updating countdown to 38162
[17:26:47.149] [SEVERE ] key 79 was pressed by player 2
[17:26:47.149] [SEVERE ] player 2 placing token on slot 2
[17:26:47.222] [SEVERE ] updating countdown to 38066
[17:26:47.245] [SEVERE ] key 80 was pressed by player 2
[17:26:47.245] [SEVERE ] player 2 placing token on slot 3
[17:26:47.246] [SEVERE ] setting player 2 score to 2
[17:26:48.361] [SEVERE ] removing tokens from slot 1
[17:26:48.361] [SEVERE ] removing card from slot 1
[17:26:48.473] [SEVERE ] removing tokens from slot 2
[17:26:48.473] [SEVERE ] removing card from slot 2
[17:26:48.585] [SEVERE ] removing tokens from slot 3
[17:26:48.585] [SEVERE ] removing card from slot 3
[17:26:48.697] [SEVERE ] placing card 27 in slot 1
[17:26:48.808] [SEVERE ] placing card 80 in slot 2
[17:26:48.920] [SEVERE ] placing card 59 in slot 3
[17:26:48.920] [SEVERE ] updating countdown to 60000
[17:26:48.920] [SEVERE ] updating countdown to 60000
[17:26:49.015] [SEVERE ] updating countdown to 59905
[17:26:49.111] [SEVERE ] updating countdown to 59809
[17:26:49.206] [SEVERE ] updating countdown to 59714
[17:26:49.301] [SEVERE ] updating countdown to 59619
[17:26:49.396] [SEVERE ] updating countdown to 59524
[17:26:49.491] [SEVERE ] updating countdown to 59429
[17:26:49.586] [SEVERE ] updating countdown to 59334
[17:26:49.682] [SEVERE ] updating countdown to 59238
[17:26:49.777] [SEVERE ] updating countdown to 59143
[17:26:49.873] [SEVERE ] updating countdown to 59047
[17:26:49.968] [SEVERE ] updating countdown to 58952
[17:26:50.064] [SEVERE ] updating countdown to 58856
[17:26:50.160] [SEVERE ] updating countdown to 58760
[17:26:50.256] [SEVERE ] updating countdown to 58664
[17:26:50.351] [SEVERE ] updating countdown to 58569
[17:26:50.446] [SEVERE ] updating countdown to 58474
[17:26:50.541] [SEVERE ] updating countdown to 58379
[17:26:50.636] [SEVERE ] updating countdown to 58284
[17:26:50.731] [SEVERE ] updating countdown to 58189
[17:26:50.826] [SEVERE ] updating countdown to 58094
[17:26:50.921] [SEVERE ] updating countdown to 57999
[17:26:51.016] [SEVERE ] updating countdown to 57904
[17:26:51.111] [SEVERE ] updating countdown to 57809
[17:26:51.206] [SEVERE ] updating countdown to 57714
[17:26:51.302] [SEVERE ] updating countdown to 57618
[17:26:51.398] [SEVERE ] updating countdown to 57522
[17:26:51.494] [SEVERE ] updating countdown to 57426
[17:26:51.589] [SEVERE ] updating countdown to 57331
[17:26:51.684] [SEVERE ] updating countdown to 57236
[17:26:51.779] [SEVERE ] updating countdown to 57141
[17:26:51.874] [SEVERE ] updating countdown to 57046
[17:26:51.970] [SEVERE ] updating countdown to 56950
[17:26:52.065] [SEVERE ] updating countdown to 56855
[17:26:52.160] [SEVERE ] updating countdown to 56760
[17:26:52.255] [SEVERE ] updating countdown to 56665
[17:26:52.351] [SEVERE ] updating countdown to 56569
[17:26:52.447] [SEVERE ] updating countdown to 56473
[17:26:52.542] [SEVERE ] updating countdown to 56378
[17:26:52.637] [SEVERE ] updating countdown to 56283
[17:26:52.733] [SEVERE ] updating countdown to 56187
[17:26:52.828] [SEVERE ] updating countdown to 56092
[17:26:52.924] [SEVERE ] updating countdown to 55996
[17:26:53.019] [SEVERE ] updating countdown to 55901
[17:26:53.115] [SEVERE ] updating countdown to 55805
[17:26:53.210] [SEVERE ] updating countdown to 55710
[17:26:53.305] [SEVERE ] updating countdown to 55615
[17:26:53.400] [SEVERE ] updating countdown to 55520
[17:26:53.495] [SEVERE ] updating countdown to 55425
[17:26:53.590] [SEVERE ] updating countdown to 55330
[17:26:53.685] [SEVERE ] updating countdown to 55235
[17:26:53.780] [SEVERE ] updating countdown to 55140
[17:26:53.876] [SEVERE ] updating countdown to 55044
[17:26:53.972] [SEVERE ] updating countdown to 54948
[17:26:54.068] [SEVERE ] updating countdown to 54852
[17:26:54.163] [SEVERE ] updating countdown to 54757
[17:26:54.258] [SEVERE ] updating countdown to 54662
[17:26:54.353] [SEVERE ] updating countdown to 54567
[17:26:54.448] [SEVERE ] updating countdown to 54472
[17:26:54.453] [SEVERE ] key 46 was pressed by player 2
[17:26:54.453] [SEVERE ] player 2 placing token on slot 10
[17:26:54.544] [SEVERE ] updating countdown to 54376
[17:26:54.640] [SEVERE ] updating countdown to 54280
[17:26:54.735] [SEVERE ] updating countdown to 54185
[17:26:54.830] [SEVERE ] updating countdown to 54090
[17:26:54.925] [SEVERE ] updating countdown to 53995
[17:26:55.020] [SEVERE ] updating countdown to 53900
[17:26:55.116] [SEVERE ] updating countdown to 53804
[17:26:55.212] [SEVERE ] updating countdown to 53708
[17:26:55.308] [SEVERE ] updating countdown to 53612
[17:26:55.394] [SEVERE ] key 46 was pressed by player 2
[17:26:55.394] [SEVERE ] removing player 2 token from slot 10
[17:26:55.403] [SEVERE ] updating countdown to 53517
[17:26:55.498] [SEVERE ] updating countdown to 53422
[17:26:55.594] [SEVERE ] updating countdown to 53326
[17:26:55.690] [SEVERE ] updating countdown to 53230
[17:26:55.785] [SEVERE ] updating countdown to 53135
[17:26:55.881] [SEVERE ] updating countdown to 53039
[17:26:55.976] [SEVERE ] updating countdown to 52944
[17:26:56.071] [SEVERE ] updating countdown to 52849
[17:26:56.166] [SEVERE ] updating countdown to 52754
[17:26:56.262] [SEVERE ] updating countdown to 52658
[17:26:56.284] [SEVERE ] key 47 was pressed by player 2
[17:26:56.284] [SEVERE ] player 2 placing token on slot 11
[17:26:56.357] [SEVERE ] updating countdown to 52563
[17:26:56.453] [SEVERE ] updating countdown to 52467
[17:26:56.549] [SEVERE ] updating countdown to 52371
[17:26:56.645] [SEVERE ] updating countdown to 52275
[17:26:56.741] [SEVERE ] updating countdown to 52179
[17:26:56.836] [SEVERE ] updating countdown to 52084
[17:26:56.932] [SEVERE ] updating countdown to 51988
[17:26:57.027] [SEVERE ] updating countdown to 51893
[17:26:57.123] [SEVERE ] updating countdown to 51797
[17:26:57.218] [SEVERE ] updating countdown to 51702
[17:26:57.313] [SEVERE ] updating countdown to 51607
[17:26:57.409] [SEVERE ] updating countdown to 51511
[17:26:57.504] [SEVERE ] updating countdown to 51416
[17:26:57.599] [SEVERE ] updating countdown to 51321
[17:26:57.695] [SEVERE ] updating countdown to 51225
[17:26:57.791] [SEVERE ] updating countdown to 51129
[17:26:57.887] [SEVERE ] updating countdown to 51033
[17:26:57.983] [SEVERE ] updating countdown to 50937
[17:26:58.033] [SEVERE ] key 85 was pressed by player 2
[17:26:58.033] [SEVERE ] player 2 placing token on slot 0
[17:26:58.079] [SEVERE ] updating countdown to 50841
[17:26:58.174] [SEVERE ] updating countdown to 50746
[17:26:58.269] [SEVERE ] updating countdown to 50651
[17:26:58.365] [SEVERE ] updating countdown to 50555
[17:26:58.461] [SEVERE ] updating countdown to 50459
[17:26:58.556] [SEVERE ] updating countdown to 50364
[17:26:58.651] [SEVERE ] updating countdown to 50269
[17:26:58.746] [SEVERE ] updating countdown to 50174
[17:26:58.841] [SEVERE ] updating countdown to 50079
[17:26:58.937] [SEVERE ] updating countdown to 49983
[17:26:59.033] [SEVERE ] updating countdown to 49887
[17:26:59.128] [SEVERE ] updating countdown to 49792
[17:26:59.224] [SEVERE ] updating countdown to 49696
[17:26:59.319] [SEVERE ] updating countdown to 49601
[17:26:59.414] [SEVERE ] updating countdown to 49506
[17:26:59.510] [SEVERE ] updating countdown to 49410
[17:26:59.606] [SEVERE ] updating countdown to 49314
[17:26:59.672] [SEVERE ] key 80 was pressed by player 2
[17:26:59.672] [SEVERE ] removing player 2 token from slot 3
[17:26:59.702] [SEVERE ] updating countdown to 49218
[17:26:59.798] [SEVERE ] updating countdown to 49122
[17:26:59.893] [SEVERE ] updating countdown to 49027
[17:26:59.988] [SEVERE ] updating countdown to 48932
[17:27:00.084] [SEVERE ] updating countdown to 48836
[17:27:00.180] [SEVERE ] updating countdown to 48740
[17:27:00.276] [SEVERE ] updating countdown to 48644
[17:27:00.372] [SEVERE ] updating countdown to 48548
[17:27:00.467] [SEVERE ] updating countdown to 48453
[17:27:00.563] [SEVERE ] updating countdown to 48357
[17:27:00.659] [SEVERE ] updating countdown to 48261
[17:27:00.754] [SEVERE ] updating countdown to 48166
[17:27:00.850] [SEVERE ] updating countdown to 48070
[17:27:00.946] [SEVERE ] updating countdown to 47974
[17:27:00.974] [SEVERE ] key 80 was pressed by player 2
[17:27:00.974] [SEVERE ] player 2 placing token on slot 3
[17:27:00.975] [SEVERE ] setting player 2 freeze to 3000
[17:27:03.976] [SEVERE ] updating countdown to 44944
[17:27:04.072] [SEVERE ] updating countdown to 44848
[17:27:04.167] [SEVERE ] updating countdown to 44753
[17:27:04.262] [SEVERE ] updating countdown to 44658
[17:27:04.357] [SEVERE ] updating countdown to 44563
[17:27:04.452] [SEVERE ] updating countdown to 44468
[17:27:04.547] [SEVERE ] updating countdown to 44373
[17:27:04.643] [SEVERE ] updating countdown to 44277
[17:27:04.738] [SEVERE ] updating countdown to 44182
[17:27:04.833] [SEVERE ] updating countdown to 44087
[17:27:04.929] [SEVERE ] updating countdown to 43991
[17:27:05.024] [SEVERE ] updating countdown to 43896
[17:27:05.120] [SEVERE ] updating countdown to 43800
[17:27:05.215] [SEVERE ] updating countdown to 43705
[17:27:05.311] [SEVERE ] updating countdown to 43609
[17:27:05.407] [SEVERE ] updating countdown to 43513
[17:27:05.502] [SEVERE ] updating countdown to 43418
[17:27:05.597] [SEVERE ] updating countdown to 43323
[17:27:05.692] [SEVERE ] updating countdown to 43228
[17:27:05.787] [SEVERE ] updating countdown to 43133
[17:27:05.883] [SEVERE ] updating countdown to 43037
[17:27:05.979] [SEVERE ] updating countdown to 42941
[17:27:06.075] [SEVERE ] updating countdown to 42845
[17:27:06.171] [SEVERE ] updating countdown to 42749
[17:27:06.267] [SEVERE ] updating countdown to 42653
[17:27:06.362] [SEVERE ] updating countdown to 42558
[17:27:06.457] [SEVERE ] updating countdown to 42463
[17:27:06.553] [SEVERE ] updating countdown to 42367
[17:27:06.649] [SEVERE ] updating countdown to 42271
[17:27:06.745] [SEVERE ] updating countdown to 42175
[17:27:06.840] [SEVERE ] updating countdown to 42080
[17:27:06.935] [SEVERE ] updating countdown to 41985
[17:27:07.030] [SEVERE ] updating countdown to 41890
[17:27:07.125] [SEVERE ] updating countdown to 41795
[17:27:07.221] [SEVERE ] updating countdown to 41699
[17:27:07.316] [SEVERE ] updating countdown to 41604
[17:27:07.411] [SEVERE ] updating countdown to 41509
[17:27:07.506] [SEVERE ] updating countdown to 41414
[17:27:07.601] [SEVERE ] updating countdown to 41319
[17:27:07.697] [SEVERE ] updating countdown to 41223
[17:27:07.792] [SEVERE ] updating countdown to 41128
[17:27:07.888] [SEVERE ] updating countdown to 41032
[17:27:07.983] [SEVERE ] updating countdown to 40937
[17:27:08.079] [SEVERE ] updating countdown to 40841
[17:27:08.175] [SEVERE ] updating countdown to 40745
[17:27:08.270] [SEVERE ] updating countdown to 40650
[17:27:08.366] [SEVERE ] updating countdown to 40554
[17:27:08.461] [SEVERE ] updating countdown to 40459
[17:27:08.556] [SEVERE ] updating countdown to 40364
[17:27:08.651] [SEVERE ] updating countdown to 40269
[17:27:08.747] [SEVERE ] updating countdown to 40173
[17:27:08.842] [SEVERE ] updating countdown to 40078
[17:27:08.938] [SEVERE ] updating countdown to 39982
[17:27:09.033] [SEVERE ] updating countdown to 39887
[17:27:09.128] [SEVERE ] updating countdown to 39792
[17:27:09.224] [SEVERE ] updating countdown to 39696
[17:27:09.320] [SEVERE ] updating countdown to 39600
[17:27:09.416] [SEVERE ] updating countdown to 39504
[17:27:09.438] [SEVERE ] exit button pressed
[17:27:09.439] [INFO   ] thread Thread-2 terminated.
[17:27:09.511] [SEVERE ] updating countdown to 39409
[17:27:09.606] [SEVERE ] updating countdown to 39314
[17:27:09.702] [SEVERE ] updating countdown to 39218
[17:27:09.797] [SEVERE ] updating countdown to 39123
[17:27:09.893] [SEVERE ] updating countdown to 39027
[17:27:09.988] [SEVERE ] updating countdown to 38932
[17:27:10.084] [SEVERE ] updating countdown to 38836
[17:27:10.179] [SEVERE ] updating countdown to 38741
[17:27:10.275] [SEVERE ] updating countdown to 38645
[17:27:10.370] [SEVERE ] updating countdown to 38550
[17:27:10.466] [SEVERE ] updating countdown to 38454
[17:27:10.561] [SEVERE ] updating countdown to 38359
[17:27:10.656] [SEVERE ] updating countdown to 38264
[17:27:10.751] [SEVERE ] updating countdown to 38169
[17:27:10.847] [SEVERE ] updating countdown to 38073
[17:27:10.942] [SEVERE ] updating countdown to 37978
