[01:06:24.839] [INFO   ] thread bguspl.set.Main.main() starting.
[01:06:24.842] [SEVERE ] cannot read configuration file config.properties trying from resources.
[01:06:24.843] [SEVERE ] configuration file was loaded from resources directory.
[01:06:25.408] [INFO   ] thread dealer starting.
[01:06:25.409] [INFO   ] thread dealer starting.
[01:06:25.409] [INFO   ] thread Thread-1 starting.
[01:06:25.410] [INFO   ] thread Thread-4 starting.
[01:06:25.410] [INFO   ] thread Thread-3 starting.
[01:06:25.410] [INFO   ] thread Thread-2 starting.
[01:06:25.411] [INFO   ] thread computer-3 starting.
[01:06:25.411] [INFO   ] thread computer-2 starting.
[01:06:25.525] [SEVERE ] placing card 26 in slot 0
[01:06:25.636] [SEVERE ] placing card 8 in slot 1
[01:06:25.747] [SEVERE ] placing card 5 in slot 2
[01:06:25.856] [SEVERE ] placing card 46 in slot 3
[01:06:25.965] [SEVERE ] placing card 15 in slot 4
[01:06:26.074] [SEVERE ] placing card 64 in slot 5
[01:06:26.185] [SEVERE ] placing card 38 in slot 6
[01:06:26.295] [SEVERE ] placing card 40 in slot 7
[01:06:26.404] [SEVERE ] placing card 18 in slot 8
[01:06:26.515] [SEVERE ] placing card 58 in slot 9
[01:06:26.625] [SEVERE ] placing card 24 in slot 10
[01:06:26.735] [SEVERE ] placing card 76 in slot 11
[01:06:26.736] [SEVERE ] updating countdown to 60000
[01:06:26.743] [SEVERE ] player 3 placing token on slot 7
[01:06:26.744] [SEVERE ] player 4 placing token on slot 9
[01:06:26.745] [SEVERE ] player 3 placing token on slot 9
[01:06:26.746] [SEVERE ] player 3 placing token on slot 1
[01:06:26.748] [SEVERE ] player 4 placing token on slot 4
[01:06:26.754] [SEVERE ] player 4 placing token on slot 3
[01:06:26.764] [SEVERE ] updating countdown to 59972
[01:06:26.765] [SEVERE ] setting player 3 freeze to 3000
[01:06:26.766] [SEVERE ] updating countdown to 59970
[01:06:26.766] [SEVERE ] setting player 4 freeze to 3000
[01:06:26.863] [SEVERE ] updating countdown to 59873
[01:06:26.959] [SEVERE ] updating countdown to 59777
[01:06:27.054] [SEVERE ] updating countdown to 59682
[01:06:27.149] [SEVERE ] updating countdown to 59587
[01:06:27.245] [SEVERE ] updating countdown to 59491
[01:06:27.340] [SEVERE ] updating countdown to 59396
[01:06:27.436] [SEVERE ] updating countdown to 59300
[01:06:27.531] [SEVERE ] updating countdown to 59205
[01:06:27.627] [SEVERE ] updating countdown to 59109
[01:06:27.723] [SEVERE ] updating countdown to 59013
[01:06:27.819] [SEVERE ] updating countdown to 58917
[01:06:27.915] [SEVERE ] updating countdown to 58821
[01:06:28.011] [SEVERE ] updating countdown to 58725
[01:06:28.107] [SEVERE ] updating countdown to 58629
[01:06:28.203] [SEVERE ] updating countdown to 58533
[01:06:28.298] [SEVERE ] updating countdown to 58438
[01:06:28.393] [SEVERE ] updating countdown to 58343
[01:06:28.488] [SEVERE ] updating countdown to 58248
[01:06:28.583] [SEVERE ] updating countdown to 58153
[01:06:28.679] [SEVERE ] updating countdown to 58057
[01:06:28.775] [SEVERE ] updating countdown to 57961
[01:06:28.870] [SEVERE ] updating countdown to 57866
[01:06:28.966] [SEVERE ] updating countdown to 57770
[01:06:29.062] [SEVERE ] updating countdown to 57674
[01:06:29.157] [SEVERE ] updating countdown to 57579
[01:06:29.253] [SEVERE ] updating countdown to 57483
[01:06:29.348] [SEVERE ] updating countdown to 57388
[01:06:29.443] [SEVERE ] updating countdown to 57293
[01:06:29.539] [SEVERE ] updating countdown to 57197
[01:06:29.635] [SEVERE ] updating countdown to 57101
[01:06:29.731] [SEVERE ] updating countdown to 57005
[01:06:29.826] [SEVERE ] updating countdown to 56910
[01:06:29.921] [SEVERE ] updating countdown to 56815
[01:06:30.017] [SEVERE ] updating countdown to 56719
[01:06:30.113] [SEVERE ] updating countdown to 56623
[01:06:30.209] [SEVERE ] updating countdown to 56527
[01:06:30.304] [SEVERE ] updating countdown to 56432
[01:06:30.400] [SEVERE ] updating countdown to 56336
[01:06:30.496] [SEVERE ] updating countdown to 56240
[01:06:30.592] [SEVERE ] updating countdown to 56144
[01:06:30.688] [SEVERE ] updating countdown to 56048
[01:06:30.784] [SEVERE ] updating countdown to 55952
[01:06:30.880] [SEVERE ] updating countdown to 55856
[01:06:30.976] [SEVERE ] updating countdown to 55760
[01:06:31.072] [SEVERE ] updating countdown to 55664
[01:06:31.167] [SEVERE ] updating countdown to 55569
[01:06:31.263] [SEVERE ] updating countdown to 55473
[01:06:31.359] [SEVERE ] updating countdown to 55377
[01:06:31.455] [SEVERE ] updating countdown to 55281
[01:06:31.551] [SEVERE ] updating countdown to 55185
[01:06:31.647] [SEVERE ] updating countdown to 55089
[01:06:31.742] [SEVERE ] updating countdown to 54994
[01:06:31.838] [SEVERE ] updating countdown to 54898
[01:06:31.933] [SEVERE ] updating countdown to 54803
[01:06:32.029] [SEVERE ] updating countdown to 54707
[01:06:32.124] [SEVERE ] updating countdown to 54612
[01:06:32.162] [SEVERE ] key 81 was pressed by player 1
[01:06:32.162] [SEVERE ] player 1 placing token on slot 0
[01:06:32.219] [SEVERE ] updating countdown to 54517
[01:06:32.315] [SEVERE ] updating countdown to 54421
[01:06:32.411] [SEVERE ] updating countdown to 54325
[01:06:32.506] [SEVERE ] updating countdown to 54230
[01:06:32.602] [SEVERE ] updating countdown to 54134
[01:06:32.688] [SEVERE ] key 83 was pressed by player 1
[01:06:32.688] [SEVERE ] player 1 placing token on slot 5
[01:06:32.698] [SEVERE ] updating countdown to 54038
[01:06:32.770] [SEVERE ] setting player 4 freeze to 0
[01:06:32.770] [SEVERE ] setting player 3 freeze to 0
[01:06:32.770] [SEVERE ] removing player 3 token from slot 7
[01:06:32.770] [SEVERE ] removing player 4 token from slot 4
[01:06:32.770] [SEVERE ] player 3 placing token on slot 7
[01:06:32.770] [SEVERE ] player 4 placing token on slot 7
[01:06:32.772] [SEVERE ] updating countdown to 53964
[01:06:32.772] [SEVERE ] setting player 3 freeze to 3000
[01:06:32.868] [SEVERE ] setting player 4 freeze to 3000
[01:06:32.868] [SEVERE ] updating countdown to 53868
[01:06:32.964] [SEVERE ] updating countdown to 53772
[01:06:33.059] [SEVERE ] updating countdown to 53677
[01:06:33.067] [SEVERE ] key 68 was pressed by player 1
[01:06:33.067] [SEVERE ] player 1 placing token on slot 6
[01:06:33.068] [SEVERE ] updating countdown to 53668
[01:06:33.068] [SEVERE ] setting player 1 freeze to 3000
[01:06:33.164] [SEVERE ] updating countdown to 53572
[01:06:33.260] [SEVERE ] updating countdown to 53476
[01:06:33.355] [SEVERE ] updating countdown to 53381
[01:06:33.451] [SEVERE ] updating countdown to 53285
[01:06:33.546] [SEVERE ] updating countdown to 53190
[01:06:33.642] [SEVERE ] updating countdown to 53094
[01:06:33.737] [SEVERE ] updating countdown to 52999
[01:06:33.833] [SEVERE ] updating countdown to 52903
[01:06:33.928] [SEVERE ] updating countdown to 52808
[01:06:34.023] [SEVERE ] updating countdown to 52713
[01:06:34.119] [SEVERE ] updating countdown to 52617
[01:06:34.215] [SEVERE ] updating countdown to 52521
[01:06:34.311] [SEVERE ] updating countdown to 52425
[01:06:34.406] [SEVERE ] updating countdown to 52330
[01:06:34.502] [SEVERE ] updating countdown to 52234
[01:06:34.597] [SEVERE ] updating countdown to 52139
[01:06:34.692] [SEVERE ] updating countdown to 52044
[01:06:34.787] [SEVERE ] updating countdown to 51949
[01:06:34.883] [SEVERE ] updating countdown to 51853
[01:06:34.978] [SEVERE ] updating countdown to 51758
[01:06:35.074] [SEVERE ] updating countdown to 51662
[01:06:35.169] [SEVERE ] updating countdown to 51567
[01:06:35.265] [SEVERE ] updating countdown to 51471
[01:06:35.361] [SEVERE ] updating countdown to 51375
[01:06:35.456] [SEVERE ] updating countdown to 51280
[01:06:35.552] [SEVERE ] updating countdown to 51184
[01:06:35.647] [SEVERE ] updating countdown to 51089
[01:06:35.743] [SEVERE ] updating countdown to 50993
[01:06:35.838] [SEVERE ] updating countdown to 50898
[01:06:35.934] [SEVERE ] updating countdown to 50802
[01:06:36.029] [SEVERE ] updating countdown to 50707
[01:06:36.069] [SEVERE ] setting player 1 freeze to 0
[01:06:36.125] [SEVERE ] updating countdown to 50611
[01:06:36.221] [SEVERE ] updating countdown to 50515
[01:06:36.317] [SEVERE ] updating countdown to 50419
[01:06:36.374] [SEVERE ] key 68 was pressed by player 1
[01:06:36.374] [SEVERE ] removing player 1 token from slot 6
[01:06:36.412] [SEVERE ] updating countdown to 50324
[01:06:36.507] [SEVERE ] updating countdown to 50229
[01:06:36.517] [SEVERE ] key 83 was pressed by player 1
[01:06:36.517] [SEVERE ] removing player 1 token from slot 5
[01:06:36.603] [SEVERE ] updating countdown to 50133
[01:06:36.698] [SEVERE ] updating countdown to 50038
[01:06:36.705] [SEVERE ] key 81 was pressed by player 1
[01:06:36.705] [SEVERE ] removing player 1 token from slot 0
[01:06:36.794] [SEVERE ] updating countdown to 49942
[01:06:36.890] [SEVERE ] updating countdown to 49846
[01:06:36.986] [SEVERE ] updating countdown to 49750
[01:06:37.082] [SEVERE ] updating countdown to 49654
[01:06:37.177] [SEVERE ] updating countdown to 49559
[01:06:37.273] [SEVERE ] updating countdown to 49463
[01:06:37.369] [SEVERE ] updating countdown to 49367
[01:06:37.464] [SEVERE ] updating countdown to 49272
[01:06:37.559] [SEVERE ] updating countdown to 49177
[01:06:37.654] [SEVERE ] updating countdown to 49082
[01:06:37.750] [SEVERE ] updating countdown to 48986
[01:06:37.846] [SEVERE ] updating countdown to 48890
[01:06:37.941] [SEVERE ] updating countdown to 48795
[01:06:38.037] [SEVERE ] updating countdown to 48699
[01:06:38.132] [SEVERE ] updating countdown to 48604
[01:06:38.228] [SEVERE ] updating countdown to 48508
[01:06:38.323] [SEVERE ] updating countdown to 48413
[01:06:38.419] [SEVERE ] updating countdown to 48317
[01:06:38.515] [SEVERE ] updating countdown to 48221
[01:06:38.610] [SEVERE ] updating countdown to 48126
[01:06:38.706] [SEVERE ] updating countdown to 48030
[01:06:38.776] [SEVERE ] setting player 3 freeze to 0
[01:06:38.776] [SEVERE ] removing player 3 token from slot 9
[01:06:38.776] [SEVERE ] removing player 3 token from slot 1
[01:06:38.776] [SEVERE ] player 3 placing token on slot 6
[01:06:38.777] [SEVERE ] player 3 placing token on slot 10
[01:06:38.781] [SEVERE ] updating countdown to 47955
[01:06:38.781] [SEVERE ] setting player 3 freeze to 3000
[01:06:38.872] [SEVERE ] setting player 4 freeze to 0
[01:06:38.872] [SEVERE ] removing player 4 token from slot 7
[01:06:38.872] [SEVERE ] player 4 placing token on slot 7
[01:06:38.873] [SEVERE ] updating countdown to 47863
[01:06:38.873] [SEVERE ] setting player 4 freeze to 3000
[01:06:38.968] [SEVERE ] updating countdown to 47768
[01:06:39.064] [SEVERE ] updating countdown to 47672
[01:06:39.160] [SEVERE ] updating countdown to 47576
[01:06:39.255] [SEVERE ] updating countdown to 47481
[01:06:39.351] [SEVERE ] updating countdown to 47385
[01:06:39.446] [SEVERE ] updating countdown to 47290
[01:06:39.541] [SEVERE ] updating countdown to 47195
[01:06:39.637] [SEVERE ] updating countdown to 47099
[01:06:39.733] [SEVERE ] updating countdown to 47003
[01:06:39.829] [SEVERE ] updating countdown to 46907
[01:06:39.925] [SEVERE ] updating countdown to 46811
[01:06:40.020] [SEVERE ] updating countdown to 46716
[01:06:40.116] [SEVERE ] updating countdown to 46620
[01:06:40.211] [SEVERE ] updating countdown to 46525
[01:06:40.307] [SEVERE ] updating countdown to 46429
[01:06:40.403] [SEVERE ] updating countdown to 46333
[01:06:40.498] [SEVERE ] updating countdown to 46238
[01:06:40.593] [SEVERE ] updating countdown to 46143
[01:06:40.689] [SEVERE ] updating countdown to 46047
[01:06:40.784] [SEVERE ] updating countdown to 45952
[01:06:40.880] [SEVERE ] updating countdown to 45856
[01:06:40.976] [SEVERE ] updating countdown to 45760
[01:06:41.071] [SEVERE ] updating countdown to 45665
[01:06:41.167] [SEVERE ] updating countdown to 45569
[01:06:41.263] [SEVERE ] updating countdown to 45473
[01:06:41.358] [SEVERE ] updating countdown to 45378
[01:06:41.454] [SEVERE ] updating countdown to 45282
[01:06:41.550] [SEVERE ] updating countdown to 45186
[01:06:41.646] [SEVERE ] updating countdown to 45090
[01:06:41.741] [SEVERE ] updating countdown to 44995
[01:06:41.836] [SEVERE ] updating countdown to 44900
[01:06:41.932] [SEVERE ] updating countdown to 44804
[01:06:42.027] [SEVERE ] updating countdown to 44709
[01:06:42.122] [SEVERE ] updating countdown to 44614
[01:06:42.218] [SEVERE ] updating countdown to 44518
[01:06:42.314] [SEVERE ] updating countdown to 44422
[01:06:42.409] [SEVERE ] updating countdown to 44327
[01:06:42.504] [SEVERE ] updating countdown to 44232
[01:06:42.600] [SEVERE ] updating countdown to 44136
[01:06:42.695] [SEVERE ] updating countdown to 44041
[01:06:42.791] [SEVERE ] updating countdown to 43945
[01:06:42.886] [SEVERE ] updating countdown to 43850
[01:06:42.982] [SEVERE ] updating countdown to 43754
[01:06:43.077] [SEVERE ] updating countdown to 43659
[01:06:43.173] [SEVERE ] updating countdown to 43563
[01:06:43.269] [SEVERE ] updating countdown to 43467
[01:06:43.364] [SEVERE ] updating countdown to 43372
[01:06:43.459] [SEVERE ] updating countdown to 43277
[01:06:43.554] [SEVERE ] updating countdown to 43182
[01:06:43.650] [SEVERE ] updating countdown to 43086
[01:06:43.745] [SEVERE ] updating countdown to 42991
[01:06:43.841] [SEVERE ] updating countdown to 42895
[01:06:43.936] [SEVERE ] updating countdown to 42800
[01:06:44.032] [SEVERE ] updating countdown to 42704
[01:06:44.127] [SEVERE ] updating countdown to 42609
[01:06:44.222] [SEVERE ] updating countdown to 42514
[01:06:44.318] [SEVERE ] updating countdown to 42418
[01:06:44.414] [SEVERE ] updating countdown to 42322
[01:06:44.509] [SEVERE ] updating countdown to 42227
[01:06:44.605] [SEVERE ] updating countdown to 42131
[01:06:44.701] [SEVERE ] updating countdown to 42035
[01:06:44.783] [SEVERE ] setting player 3 freeze to 0
[01:06:44.783] [SEVERE ] removing player 3 token from slot 10
[01:06:44.783] [SEVERE ] player 3 placing token on slot 8
[01:06:44.784] [SEVERE ] updating countdown to 41952
[01:06:44.784] [SEVERE ] setting player 3 freeze to 3000
[01:06:44.874] [SEVERE ] setting player 4 freeze to 0
[01:06:44.874] [SEVERE ] removing player 4 token from slot 9
[01:06:44.874] [SEVERE ] player 4 placing token on slot 0
[01:06:44.875] [SEVERE ] updating countdown to 41861
[01:06:44.875] [SEVERE ] setting player 4 freeze to 3000
[01:06:44.971] [SEVERE ] updating countdown to 41765
[01:06:45.067] [SEVERE ] updating countdown to 41669
[01:06:45.162] [SEVERE ] updating countdown to 41574
[01:06:45.258] [SEVERE ] updating countdown to 41478
[01:06:45.353] [SEVERE ] updating countdown to 41383
[01:06:45.449] [SEVERE ] updating countdown to 41287
[01:06:45.544] [SEVERE ] updating countdown to 41192
[01:06:45.639] [SEVERE ] updating countdown to 41097
[01:06:45.735] [SEVERE ] updating countdown to 41001
[01:06:45.831] [SEVERE ] updating countdown to 40905
[01:06:45.927] [SEVERE ] updating countdown to 40809
[01:06:46.023] [SEVERE ] updating countdown to 40713
[01:06:46.119] [SEVERE ] updating countdown to 40617
[01:06:46.215] [SEVERE ] updating countdown to 40521
[01:06:46.310] [SEVERE ] updating countdown to 40426
[01:06:46.405] [SEVERE ] updating countdown to 40331
[01:06:46.501] [SEVERE ] updating countdown to 40235
[01:06:46.597] [SEVERE ] updating countdown to 40139
[01:06:46.693] [SEVERE ] updating countdown to 40043
[01:06:46.789] [SEVERE ] updating countdown to 39947
[01:06:46.884] [SEVERE ] updating countdown to 39852
[01:06:46.980] [SEVERE ] updating countdown to 39756
[01:06:47.076] [SEVERE ] updating countdown to 39660
[01:06:47.172] [SEVERE ] updating countdown to 39564
[01:06:47.267] [SEVERE ] updating countdown to 39469
[01:06:47.363] [SEVERE ] updating countdown to 39373
[01:06:47.459] [SEVERE ] updating countdown to 39277
[01:06:47.554] [SEVERE ] updating countdown to 39182
[01:06:47.650] [SEVERE ] updating countdown to 39086
[01:06:47.745] [SEVERE ] updating countdown to 38991
[01:06:47.841] [SEVERE ] updating countdown to 38895
[01:06:47.936] [SEVERE ] updating countdown to 38800
[01:06:48.032] [SEVERE ] updating countdown to 38704
[01:06:48.127] [SEVERE ] updating countdown to 38609
[01:06:48.223] [SEVERE ] updating countdown to 38513
[01:06:48.319] [SEVERE ] updating countdown to 38417
[01:06:48.415] [SEVERE ] updating countdown to 38321
[01:06:48.510] [SEVERE ] updating countdown to 38226
[01:06:48.606] [SEVERE ] updating countdown to 38130
[01:06:48.702] [SEVERE ] updating countdown to 38034
[01:06:48.798] [SEVERE ] updating countdown to 37938
[01:06:48.893] [SEVERE ] updating countdown to 37843
[01:06:48.989] [SEVERE ] updating countdown to 37747
[01:06:49.085] [SEVERE ] updating countdown to 37651
[01:06:49.180] [SEVERE ] updating countdown to 37556
[01:06:49.276] [SEVERE ] updating countdown to 37460
[01:06:49.371] [SEVERE ] updating countdown to 37365
[01:06:49.467] [SEVERE ] updating countdown to 37269
[01:06:49.563] [SEVERE ] updating countdown to 37173
[01:06:49.658] [SEVERE ] updating countdown to 37078
[01:06:49.754] [SEVERE ] updating countdown to 36982
[01:06:49.850] [SEVERE ] updating countdown to 36886
[01:06:49.946] [SEVERE ] updating countdown to 36790
[01:06:50.042] [SEVERE ] updating countdown to 36694
[01:06:50.138] [SEVERE ] updating countdown to 36598
[01:06:50.234] [SEVERE ] updating countdown to 36502
[01:06:50.330] [SEVERE ] updating countdown to 36406
[01:06:50.426] [SEVERE ] updating countdown to 36310
[01:06:50.521] [SEVERE ] updating countdown to 36215
[01:06:50.616] [SEVERE ] updating countdown to 36120
[01:06:50.711] [SEVERE ] updating countdown to 36025
[01:06:50.789] [SEVERE ] setting player 3 freeze to 0
[01:06:50.789] [SEVERE ] removing player 3 token from slot 7
[01:06:50.789] [SEVERE ] player 3 placing token on slot 9
[01:06:50.790] [SEVERE ] setting player 3 freeze to 3000
[01:06:50.790] [SEVERE ] updating countdown to 35946
[01:06:50.879] [SEVERE ] setting player 4 freeze to 0
[01:06:50.879] [SEVERE ] removing player 4 token from slot 3
[01:06:50.879] [SEVERE ] player 4 placing token on slot 1
[01:06:50.880] [SEVERE ] setting player 4 freeze to 3000
[01:06:50.880] [SEVERE ] updating countdown to 35856
[01:06:50.976] [SEVERE ] updating countdown to 35760
[01:06:51.071] [SEVERE ] updating countdown to 35665
[01:06:51.167] [SEVERE ] updating countdown to 35569
[01:06:51.263] [SEVERE ] updating countdown to 35473
[01:06:51.358] [SEVERE ] updating countdown to 35378
[01:06:51.454] [SEVERE ] updating countdown to 35282
[01:06:51.549] [SEVERE ] updating countdown to 35187
[01:06:51.645] [SEVERE ] updating countdown to 35091
[01:06:51.740] [SEVERE ] updating countdown to 34996
[01:06:51.835] [SEVERE ] updating countdown to 34901
[01:06:51.931] [SEVERE ] updating countdown to 34805
[01:06:52.027] [SEVERE ] updating countdown to 34709
[01:06:52.123] [SEVERE ] updating countdown to 34613
[01:06:52.218] [SEVERE ] updating countdown to 34518
[01:06:52.313] [SEVERE ] updating countdown to 34423
[01:06:52.409] [SEVERE ] updating countdown to 34327
[01:06:52.504] [SEVERE ] updating countdown to 34232
[01:06:52.599] [SEVERE ] updating countdown to 34137
[01:06:52.695] [SEVERE ] updating countdown to 34041
[01:06:52.790] [SEVERE ] updating countdown to 33946
[01:06:52.885] [SEVERE ] updating countdown to 33851
[01:06:52.981] [SEVERE ] updating countdown to 33755
[01:06:53.076] [SEVERE ] updating countdown to 33660
[01:06:53.171] [SEVERE ] updating countdown to 33565
[01:06:53.266] [SEVERE ] updating countdown to 33470
[01:06:53.361] [SEVERE ] updating countdown to 33375
[01:06:53.457] [SEVERE ] updating countdown to 33279
[01:06:53.553] [SEVERE ] updating countdown to 33183
[01:06:53.648] [SEVERE ] updating countdown to 33088
[01:06:53.744] [SEVERE ] updating countdown to 32992
[01:06:53.839] [SEVERE ] updating countdown to 32897
[01:06:53.934] [SEVERE ] updating countdown to 32802
[01:06:54.030] [SEVERE ] updating countdown to 32706
[01:06:54.125] [SEVERE ] updating countdown to 32611
[01:06:54.221] [SEVERE ] updating countdown to 32515
[01:06:54.316] [SEVERE ] updating countdown to 32420
[01:06:54.412] [SEVERE ] updating countdown to 32324
[01:06:54.507] [SEVERE ] updating countdown to 32229
[01:06:54.603] [SEVERE ] updating countdown to 32133
[01:06:54.698] [SEVERE ] updating countdown to 32038
[01:06:54.793] [SEVERE ] updating countdown to 31943
[01:06:54.889] [SEVERE ] updating countdown to 31847
[01:06:54.984] [SEVERE ] updating countdown to 31752
[01:06:55.079] [SEVERE ] updating countdown to 31657
[01:06:55.174] [SEVERE ] updating countdown to 31562
[01:06:55.270] [SEVERE ] updating countdown to 31466
[01:06:55.366] [SEVERE ] updating countdown to 31370
[01:06:55.461] [SEVERE ] updating countdown to 31275
[01:06:55.557] [SEVERE ] updating countdown to 31179
[01:06:55.652] [SEVERE ] updating countdown to 31084
[01:06:55.747] [SEVERE ] updating countdown to 30989
[01:06:55.843] [SEVERE ] updating countdown to 30893
[01:06:55.938] [SEVERE ] updating countdown to 30798
[01:06:56.034] [SEVERE ] updating countdown to 30702
[01:06:56.130] [SEVERE ] updating countdown to 30606
[01:06:56.226] [SEVERE ] updating countdown to 30510
[01:06:56.321] [SEVERE ] updating countdown to 30415
[01:06:56.416] [SEVERE ] updating countdown to 30320
[01:06:56.512] [SEVERE ] updating countdown to 30224
[01:06:56.607] [SEVERE ] updating countdown to 30129
[01:06:56.703] [SEVERE ] updating countdown to 30033
[01:06:56.794] [SEVERE ] setting player 3 freeze to 0
[01:06:56.794] [SEVERE ] removing player 3 token from slot 8
[01:06:56.794] [SEVERE ] removing player 3 token from slot 6
[01:06:56.794] [SEVERE ] player 3 placing token on slot 10
[01:06:56.795] [SEVERE ] player 3 placing token on slot 2
[01:06:56.795] [SEVERE ] updating countdown to 29941
[01:06:56.795] [SEVERE ] setting player 3 freeze to 3000
[01:06:56.889] [SEVERE ] setting player 4 freeze to 0
[01:06:56.889] [SEVERE ] removing player 4 token from slot 1
[01:06:56.889] [SEVERE ] player 4 placing token on slot 2
[01:06:56.890] [SEVERE ] updating countdown to 29846
[01:06:56.986] [SEVERE ] updating countdown to 29750
[01:06:56.986] [SEVERE ] setting player 4 freeze to 3000
[01:06:57.082] [SEVERE ] updating countdown to 29654
[01:06:57.178] [SEVERE ] updating countdown to 29558
[01:06:57.273] [SEVERE ] updating countdown to 29463
[01:06:57.369] [SEVERE ] updating countdown to 29367
[01:06:57.465] [SEVERE ] updating countdown to 29271
[01:06:57.560] [SEVERE ] updating countdown to 29176
[01:06:57.656] [SEVERE ] updating countdown to 29080
[01:06:57.751] [SEVERE ] updating countdown to 28985
[01:06:57.846] [SEVERE ] updating countdown to 28890
[01:06:57.942] [SEVERE ] updating countdown to 28794
[01:06:58.038] [SEVERE ] updating countdown to 28698
[01:06:58.134] [SEVERE ] updating countdown to 28602
[01:06:58.230] [SEVERE ] updating countdown to 28506
[01:06:58.325] [SEVERE ] updating countdown to 28411
[01:06:58.421] [SEVERE ] updating countdown to 28315
[01:06:58.517] [SEVERE ] updating countdown to 28219
[01:06:58.613] [SEVERE ] updating countdown to 28123
[01:06:58.708] [SEVERE ] updating countdown to 28028
[01:06:58.804] [SEVERE ] updating countdown to 27932
[01:06:58.900] [SEVERE ] updating countdown to 27836
[01:06:58.995] [SEVERE ] updating countdown to 27741
[01:06:59.091] [SEVERE ] updating countdown to 27645
[01:06:59.186] [SEVERE ] updating countdown to 27550
[01:06:59.281] [SEVERE ] updating countdown to 27455
[01:06:59.377] [SEVERE ] updating countdown to 27359
[01:06:59.472] [SEVERE ] updating countdown to 27264
[01:06:59.568] [SEVERE ] updating countdown to 27168
[01:06:59.663] [SEVERE ] updating countdown to 27073
[01:06:59.758] [SEVERE ] updating countdown to 26978
[01:06:59.854] [SEVERE ] updating countdown to 26882
[01:06:59.949] [SEVERE ] updating countdown to 26787
[01:07:00.045] [SEVERE ] updating countdown to 26691
[01:07:00.140] [SEVERE ] updating countdown to 26596
[01:07:00.236] [SEVERE ] updating countdown to 26500
[01:07:00.332] [SEVERE ] updating countdown to 26404
[01:07:00.427] [SEVERE ] updating countdown to 26309
[01:07:00.522] [SEVERE ] updating countdown to 26214
[01:07:00.617] [SEVERE ] updating countdown to 26119
[01:07:00.712] [SEVERE ] updating countdown to 26024
[01:07:00.808] [SEVERE ] updating countdown to 25928
[01:07:00.904] [SEVERE ] updating countdown to 25832
[01:07:01.000] [SEVERE ] updating countdown to 25736
[01:07:01.096] [SEVERE ] updating countdown to 25640
[01:07:01.192] [SEVERE ] updating countdown to 25544
[01:07:01.288] [SEVERE ] updating countdown to 25448
[01:07:01.383] [SEVERE ] updating countdown to 25353
[01:07:01.479] [SEVERE ] updating countdown to 25257
[01:07:01.575] [SEVERE ] updating countdown to 25161
[01:07:01.670] [SEVERE ] updating countdown to 25066
[01:07:01.766] [SEVERE ] updating countdown to 24970
[01:07:01.861] [SEVERE ] updating countdown to 24875
[01:07:01.957] [SEVERE ] updating countdown to 24779
[01:07:01.961] [SEVERE ] exit button pressed
[01:07:01.961] [INFO   ] thread computer-3 terminated.
[01:07:01.961] [INFO   ] thread Thread-2 terminated.
[01:07:01.961] [INFO   ] thread Thread-1 terminated.
[01:07:01.961] [INFO   ] thread computer-2 terminated.
[01:07:02.052] [SEVERE ] updating countdown to 24684
[01:07:02.148] [SEVERE ] updating countdown to 24588
[01:07:02.243] [SEVERE ] updating countdown to 24493
[01:07:02.339] [SEVERE ] updating countdown to 24397
[01:07:02.435] [SEVERE ] updating countdown to 24301
[01:07:02.530] [SEVERE ] updating countdown to 24206
[01:07:02.626] [SEVERE ] updating countdown to 24110
[01:07:02.721] [SEVERE ] updating countdown to 24015
[01:07:02.797] [SEVERE ] setting player 3 freeze to 0
[01:07:02.797] [INFO   ] thread Thread-3 terminated.
[01:07:02.817] [SEVERE ] updating countdown to 23919
[01:07:02.912] [SEVERE ] updating countdown to 23824
[01:07:02.987] [SEVERE ] setting player 4 freeze to 0
[01:07:02.987] [INFO   ] thread Thread-4 terminated.
[01:07:03.008] [SEVERE ] updating countdown to 23728
[01:07:03.122] [SEVERE ] removing tokens from slot 0
[01:07:03.122] [SEVERE ] removing card from slot 0
[01:07:03.232] [SEVERE ] removing tokens from slot 1
[01:07:03.232] [SEVERE ] removing card from slot 1
[01:07:03.341] [SEVERE ] removing tokens from slot 2
[01:07:03.341] [SEVERE ] removing card from slot 2
[01:07:03.451] [SEVERE ] removing tokens from slot 3
[01:07:03.451] [SEVERE ] removing card from slot 3
[01:07:03.560] [SEVERE ] removing tokens from slot 4
[01:07:03.561] [SEVERE ] removing card from slot 4
[01:07:03.671] [SEVERE ] removing tokens from slot 5
[01:07:03.671] [SEVERE ] removing card from slot 5
[01:07:03.780] [SEVERE ] removing tokens from slot 6
[01:07:03.780] [SEVERE ] removing card from slot 6
[01:07:03.891] [SEVERE ] removing tokens from slot 7
[01:07:03.891] [SEVERE ] removing card from slot 7
[01:07:04.000] [SEVERE ] removing tokens from slot 8
[01:07:04.003] [SEVERE ] removing card from slot 8
[01:07:04.108] [SEVERE ] removing tokens from slot 9
[01:07:04.108] [SEVERE ] removing card from slot 9
[01:07:04.217] [SEVERE ] removing tokens from slot 10
[01:07:04.217] [SEVERE ] removing card from slot 10
[01:07:04.327] [SEVERE ] removing tokens from slot 11
[01:07:04.327] [SEVERE ] removing card from slot 11
[01:07:04.436] [SEVERE ] placing card 53 in slot 0
[01:07:04.545] [SEVERE ] placing card 0 in slot 1
[01:07:04.654] [SEVERE ] placing card 12 in slot 2
[01:07:04.763] [SEVERE ] placing card 80 in slot 3
[01:07:04.873] [SEVERE ] placing card 73 in slot 4
[01:07:04.982] [SEVERE ] placing card 63 in slot 5
[01:07:05.093] [SEVERE ] placing card 57 in slot 6
[01:07:05.203] [SEVERE ] placing card 16 in slot 7
[01:07:05.312] [SEVERE ] placing card 19 in slot 8
[01:07:05.421] [SEVERE ] placing card 47 in slot 9
[01:07:05.530] [SEVERE ] placing card 59 in slot 10
[01:07:05.639] [SEVERE ] placing card 51 in slot 11
[01:07:05.639] [SEVERE ] updating countdown to 60000
[01:07:05.640] [SEVERE ] announcing winner(s): player 1, player 2, player 3, player 4
