[23:19:41.194] [INFO   ] thread bguspl.set.Main.main() starting.
[23:19:41.198] [SEVERE ] cannot read configuration file config.properties trying from resources.
[23:19:41.199] [SEVERE ] configuration file was loaded from resources directory.
[23:19:41.813] [INFO   ] thread dealer starting.
[23:19:41.813] [INFO   ] thread dealer starting.
[23:19:41.814] [INFO   ] thread Thread-1 starting.
[23:19:41.814] [INFO   ] thread Thread-2 starting.
[23:19:41.814] [INFO   ] thread Thread-4 starting.
[23:19:41.814] [INFO   ] thread Thread-3 starting.
[23:19:41.816] [INFO   ] thread computer-3 starting.
[23:19:41.816] [INFO   ] thread computer-2 starting.
[23:19:41.924] [SEVERE ] placing card 78 in slot 0
[23:19:42.033] [SEVERE ] placing card 54 in slot 1
[23:19:42.143] [SEVERE ] placing card 34 in slot 2
[23:19:42.252] [SEVERE ] placing card 35 in slot 3
[23:19:42.363] [SEVERE ] placing card 71 in slot 4
[23:19:42.474] [SEVERE ] placing card 74 in slot 5
[23:19:42.583] [SEVERE ] placing card 79 in slot 6
[23:19:42.693] [SEVERE ] placing card 69 in slot 7
[23:19:42.802] [SEVERE ] placing card 26 in slot 8
[23:19:42.911] [SEVERE ] placing card 10 in slot 9
[23:19:43.022] [SEVERE ] placing card 7 in slot 10
[23:19:43.133] [SEVERE ] placing card 21 in slot 11
[23:19:43.133] [SEVERE ] updating countdown to 60000
[23:19:43.134] [SEVERE ] player 3 placing token on slot 1
[23:19:43.135] [SEVERE ] player 4 placing token on slot 3
[23:19:43.135] [SEVERE ] player 3 placing token on slot 9
[23:19:43.135] [SEVERE ] player 4 placing token on slot 8
[23:19:43.135] [SEVERE ] player 3 placing token on slot 2
[23:19:43.135] [SEVERE ] removing player 4 token from slot 3
[23:19:43.136] [SEVERE ] updating countdown to 59997
[23:19:43.136] [SEVERE ] setting player 3 freeze to 3000
[23:19:43.136] [SEVERE ] player 4 placing token on slot 10
[23:19:43.137] [SEVERE ] removing player 4 token from slot 10
[23:19:43.137] [SEVERE ] player 4 placing token on slot 11
[23:19:43.137] [SEVERE ] player 4 placing token on slot 3
[23:19:43.139] [SEVERE ] updating countdown to 59994
[23:19:43.139] [SEVERE ] setting player 4 freeze to 3000
[23:19:43.235] [SEVERE ] updating countdown to 59898
[23:19:43.331] [SEVERE ] updating countdown to 59802
[23:19:43.426] [SEVERE ] updating countdown to 59707
[23:19:43.522] [SEVERE ] updating countdown to 59611
[23:19:43.617] [SEVERE ] updating countdown to 59516
[23:19:43.713] [SEVERE ] updating countdown to 59420
[23:19:43.808] [SEVERE ] updating countdown to 59325
[23:19:43.904] [SEVERE ] updating countdown to 59229
[23:19:44.000] [SEVERE ] updating countdown to 59133
[23:19:44.096] [SEVERE ] updating countdown to 59037
[23:19:44.191] [SEVERE ] updating countdown to 58942
[23:19:44.286] [SEVERE ] updating countdown to 58847
[23:19:44.381] [SEVERE ] updating countdown to 58752
[23:19:44.413] [SEVERE ] key 88 was pressed by player 1
[23:19:44.415] [SEVERE ] player 1 placing token on slot 9
[23:19:44.476] [SEVERE ] updating countdown to 58657
[23:19:44.517] [SEVERE ] key 68 was pressed by player 1
[23:19:44.518] [SEVERE ] player 1 placing token on slot 6
[23:19:44.542] [SEVERE ] key 70 was pressed by player 1
[23:19:44.542] [SEVERE ] player 1 placing token on slot 7
[23:19:44.542] [SEVERE ] updating countdown to 58591
[23:19:44.542] [SEVERE ] setting player 1 freeze to 3000
[23:19:44.639] [SEVERE ] updating countdown to 58494
[23:19:44.735] [SEVERE ] updating countdown to 58398
[23:19:44.830] [SEVERE ] updating countdown to 58303
[23:19:44.925] [SEVERE ] updating countdown to 58208
[23:19:45.020] [SEVERE ] updating countdown to 58113
[23:19:45.115] [SEVERE ] updating countdown to 58018
[23:19:45.211] [SEVERE ] updating countdown to 57922
[23:19:45.306] [SEVERE ] updating countdown to 57827
[23:19:45.401] [SEVERE ] updating countdown to 57732
[23:19:45.497] [SEVERE ] updating countdown to 57636
[23:19:45.593] [SEVERE ] updating countdown to 57540
[23:19:45.689] [SEVERE ] updating countdown to 57444
[23:19:45.784] [SEVERE ] updating countdown to 57349
[23:19:45.880] [SEVERE ] updating countdown to 57253
[23:19:45.975] [SEVERE ] updating countdown to 57158
[23:19:46.071] [SEVERE ] updating countdown to 57062
[23:19:46.167] [SEVERE ] updating countdown to 56966
[23:19:46.262] [SEVERE ] updating countdown to 56871
[23:19:46.358] [SEVERE ] updating countdown to 56775
[23:19:46.453] [SEVERE ] updating countdown to 56680
[23:19:46.548] [SEVERE ] updating countdown to 56585
[23:19:46.644] [SEVERE ] updating countdown to 56489
[23:19:46.740] [SEVERE ] updating countdown to 56393
[23:19:46.835] [SEVERE ] updating countdown to 56298
[23:19:46.931] [SEVERE ] updating countdown to 56202
[23:19:47.026] [SEVERE ] updating countdown to 56107
[23:19:47.121] [SEVERE ] updating countdown to 56012
[23:19:47.217] [SEVERE ] updating countdown to 55916
[23:19:47.313] [SEVERE ] updating countdown to 55820
[23:19:47.408] [SEVERE ] updating countdown to 55725
[23:19:47.504] [SEVERE ] updating countdown to 55629
[23:19:47.544] [SEVERE ] setting player 1 freeze to 0
[23:19:47.600] [SEVERE ] updating countdown to 55533
[23:19:47.619] [SEVERE ] exit button pressed
[23:19:47.620] [INFO   ] thread computer-3 terminated.
[23:19:47.695] [SEVERE ] updating countdown to 55438
[23:19:47.791] [SEVERE ] updating countdown to 55342
[23:19:47.886] [SEVERE ] updating countdown to 55247
[23:19:47.981] [SEVERE ] updating countdown to 55152
[23:19:48.077] [SEVERE ] updating countdown to 55056
[23:19:48.172] [SEVERE ] updating countdown to 54961
[23:19:48.267] [SEVERE ] updating countdown to 54866
[23:19:48.363] [SEVERE ] updating countdown to 54770
[23:19:48.458] [SEVERE ] updating countdown to 54675
[23:19:48.554] [SEVERE ] updating countdown to 54579
[23:19:48.649] [SEVERE ] updating countdown to 54484
[23:19:48.745] [SEVERE ] updating countdown to 54388
[23:19:48.840] [SEVERE ] updating countdown to 54293
[23:19:48.936] [SEVERE ] updating countdown to 54197
[23:19:49.032] [SEVERE ] updating countdown to 54101
[23:19:49.128] [SEVERE ] updating countdown to 54005
[23:19:49.137] [SEVERE ] setting player 3 freeze to 0
[23:19:49.137] [SEVERE ] removing player 3 token from slot 9
[23:19:49.137] [SEVERE ] player 3 placing token on slot 8
[23:19:49.137] [SEVERE ] updating countdown to 53996
[23:19:49.137] [SEVERE ] setting player 3 freeze to 3000
[23:19:49.140] [SEVERE ] setting player 4 freeze to 0
[23:19:49.142] [INFO   ] thread Thread-4 terminated.
[23:19:49.142] [INFO   ] thread computer-2 terminated.
[23:19:49.234] [SEVERE ] updating countdown to 53899
[23:19:49.329] [SEVERE ] updating countdown to 53804
[23:19:49.424] [SEVERE ] updating countdown to 53709
[23:19:49.519] [SEVERE ] updating countdown to 53614
[23:19:49.615] [SEVERE ] updating countdown to 53518
[23:19:49.711] [SEVERE ] updating countdown to 53422
[23:19:49.807] [SEVERE ] updating countdown to 53326
[23:19:49.903] [SEVERE ] updating countdown to 53230
[23:19:49.998] [SEVERE ] updating countdown to 53135
[23:19:50.093] [SEVERE ] updating countdown to 53040
[23:19:50.189] [SEVERE ] updating countdown to 52944
[23:19:50.284] [SEVERE ] updating countdown to 52849
[23:19:50.379] [SEVERE ] updating countdown to 52754
[23:19:50.475] [SEVERE ] updating countdown to 52658
[23:19:50.571] [SEVERE ] updating countdown to 52562
[23:19:50.667] [SEVERE ] updating countdown to 52466
[23:19:50.762] [SEVERE ] updating countdown to 52371
[23:19:50.857] [SEVERE ] updating countdown to 52276
[23:19:50.952] [SEVERE ] updating countdown to 52181
[23:19:51.048] [SEVERE ] updating countdown to 52085
[23:19:51.143] [SEVERE ] updating countdown to 51990
[23:19:51.238] [SEVERE ] updating countdown to 51895
[23:19:51.333] [SEVERE ] updating countdown to 51800
[23:19:51.429] [SEVERE ] updating countdown to 51704
[23:19:51.525] [SEVERE ] updating countdown to 51608
[23:19:51.620] [SEVERE ] updating countdown to 51513
[23:19:51.715] [SEVERE ] updating countdown to 51418
[23:19:51.810] [SEVERE ] updating countdown to 51323
[23:19:51.905] [SEVERE ] updating countdown to 51228
[23:19:52.000] [SEVERE ] updating countdown to 51133
[23:19:52.095] [SEVERE ] updating countdown to 51038
[23:19:52.191] [SEVERE ] updating countdown to 50942
[23:19:52.286] [SEVERE ] updating countdown to 50847
[23:19:52.382] [SEVERE ] updating countdown to 50751
[23:19:52.478] [SEVERE ] updating countdown to 50655
[23:19:52.574] [SEVERE ] updating countdown to 50559
[23:19:52.669] [SEVERE ] updating countdown to 50464
[23:19:52.764] [SEVERE ] updating countdown to 50369
[23:19:52.859] [SEVERE ] updating countdown to 50274
[23:19:52.954] [SEVERE ] updating countdown to 50179
[23:19:53.049] [SEVERE ] updating countdown to 50084
[23:19:53.145] [SEVERE ] updating countdown to 49988
[23:19:53.241] [SEVERE ] updating countdown to 49892
[23:19:53.336] [SEVERE ] updating countdown to 49797
[23:19:53.432] [SEVERE ] updating countdown to 49701
[23:19:53.527] [SEVERE ] updating countdown to 49606
[23:19:53.623] [SEVERE ] updating countdown to 49510
[23:19:53.719] [SEVERE ] updating countdown to 49414
[23:19:53.814] [SEVERE ] updating countdown to 49319
[23:19:53.910] [SEVERE ] updating countdown to 49223
[23:19:54.005] [SEVERE ] updating countdown to 49128
[23:19:54.101] [SEVERE ] updating countdown to 49032
[23:19:54.196] [SEVERE ] updating countdown to 48937
[23:19:54.292] [SEVERE ] updating countdown to 48841
[23:19:54.387] [SEVERE ] updating countdown to 48746
[23:19:54.482] [SEVERE ] updating countdown to 48651
[23:19:54.578] [SEVERE ] updating countdown to 48555
[23:19:54.673] [SEVERE ] updating countdown to 48460
[23:19:54.769] [SEVERE ] updating countdown to 48364
[23:19:54.865] [SEVERE ] updating countdown to 48268
[23:19:54.960] [SEVERE ] updating countdown to 48173
[23:19:55.055] [SEVERE ] updating countdown to 48078
[23:19:55.141] [SEVERE ] setting player 3 freeze to 0
[23:19:55.142] [INFO   ] thread Thread-3 terminated.
[23:19:55.151] [SEVERE ] updating countdown to 47982
[23:19:55.246] [SEVERE ] updating countdown to 47887
[23:19:55.342] [SEVERE ] updating countdown to 47791
[23:19:55.437] [SEVERE ] updating countdown to 47696
[23:19:55.532] [SEVERE ] updating countdown to 47601
[23:19:55.627] [SEVERE ] updating countdown to 47506
[23:19:55.722] [SEVERE ] updating countdown to 47411
[23:19:55.818] [SEVERE ] updating countdown to 47315
[23:19:55.914] [SEVERE ] updating countdown to 47219
[23:19:56.010] [SEVERE ] updating countdown to 47123
[23:19:56.106] [SEVERE ] updating countdown to 47027
[23:19:56.202] [SEVERE ] updating countdown to 46931
[23:19:56.298] [SEVERE ] updating countdown to 46835
[23:19:56.394] [SEVERE ] updating countdown to 46739
[23:19:56.490] [SEVERE ] updating countdown to 46643
[23:19:56.586] [SEVERE ] updating countdown to 46547
[23:19:56.681] [SEVERE ] updating countdown to 46452
[23:19:56.776] [SEVERE ] updating countdown to 46357
[23:19:56.872] [SEVERE ] updating countdown to 46261
[23:19:56.967] [SEVERE ] updating countdown to 46166
[23:19:57.062] [SEVERE ] updating countdown to 46071
[23:19:57.158] [SEVERE ] updating countdown to 45975
[23:19:57.254] [SEVERE ] updating countdown to 45879
[23:19:57.349] [SEVERE ] updating countdown to 45784
[23:19:57.445] [SEVERE ] updating countdown to 45688
[23:19:57.540] [SEVERE ] updating countdown to 45593
[23:19:57.635] [SEVERE ] updating countdown to 45498
[23:19:57.730] [SEVERE ] updating countdown to 45403
[23:19:57.825] [SEVERE ] updating countdown to 45308
[23:19:57.921] [SEVERE ] updating countdown to 45212
[23:19:58.016] [SEVERE ] updating countdown to 45117
[23:19:58.111] [SEVERE ] updating countdown to 45022
[23:19:58.207] [SEVERE ] updating countdown to 44926
[23:19:58.303] [SEVERE ] updating countdown to 44830
[23:19:58.399] [SEVERE ] updating countdown to 44734
[23:19:58.495] [SEVERE ] updating countdown to 44638
[23:19:58.590] [SEVERE ] updating countdown to 44543
[23:19:58.685] [SEVERE ] updating countdown to 44448
[23:19:58.780] [SEVERE ] updating countdown to 44353
[23:19:58.875] [SEVERE ] updating countdown to 44258
[23:19:58.971] [SEVERE ] updating countdown to 44162
[23:19:59.067] [SEVERE ] updating countdown to 44066
[23:19:59.162] [SEVERE ] updating countdown to 43971
[23:19:59.258] [SEVERE ] updating countdown to 43875
[23:19:59.354] [SEVERE ] updating countdown to 43779
[23:19:59.450] [SEVERE ] updating countdown to 43683
[23:19:59.545] [SEVERE ] updating countdown to 43588
[23:19:59.641] [SEVERE ] updating countdown to 43492
[23:19:59.737] [SEVERE ] updating countdown to 43396
[23:19:59.833] [SEVERE ] updating countdown to 43300
[23:19:59.928] [SEVERE ] updating countdown to 43205
[23:20:00.023] [SEVERE ] updating countdown to 43110
[23:20:00.118] [SEVERE ] updating countdown to 43015
[23:20:00.213] [SEVERE ] updating countdown to 42920
[23:20:00.309] [SEVERE ] updating countdown to 42824
[23:20:00.404] [SEVERE ] updating countdown to 42729
[23:20:00.499] [SEVERE ] updating countdown to 42634
[23:20:00.595] [SEVERE ] updating countdown to 42538
[23:20:00.690] [SEVERE ] updating countdown to 42443
[23:20:00.785] [SEVERE ] updating countdown to 42348
[23:20:00.881] [SEVERE ] updating countdown to 42252
[23:20:00.977] [SEVERE ] updating countdown to 42156
[23:20:01.073] [SEVERE ] updating countdown to 42060
[23:20:01.169] [SEVERE ] updating countdown to 41964
[23:20:01.265] [SEVERE ] updating countdown to 41868
[23:20:01.361] [SEVERE ] updating countdown to 41772
[23:20:01.456] [SEVERE ] updating countdown to 41677
[23:20:01.551] [SEVERE ] updating countdown to 41582
[23:20:01.647] [SEVERE ] updating countdown to 41486
[23:20:01.742] [SEVERE ] updating countdown to 41391
[23:20:01.838] [SEVERE ] updating countdown to 41295
[23:20:01.934] [SEVERE ] updating countdown to 41199
[23:20:02.029] [SEVERE ] updating countdown to 41104
[23:20:02.124] [SEVERE ] updating countdown to 41009
[23:20:02.220] [SEVERE ] updating countdown to 40913
[23:20:02.315] [SEVERE ] updating countdown to 40818
[23:20:02.410] [SEVERE ] updating countdown to 40723
[23:20:02.506] [SEVERE ] updating countdown to 40627
[23:20:02.601] [SEVERE ] updating countdown to 40532
[23:20:02.697] [SEVERE ] updating countdown to 40436
[23:20:02.792] [SEVERE ] updating countdown to 40341
[23:20:02.888] [SEVERE ] updating countdown to 40245
[23:20:02.984] [SEVERE ] updating countdown to 40149
[23:20:03.079] [SEVERE ] updating countdown to 40054
[23:20:03.174] [SEVERE ] updating countdown to 39959
[23:20:03.270] [SEVERE ] updating countdown to 39863
[23:20:03.365] [SEVERE ] updating countdown to 39768
[23:20:03.461] [SEVERE ] updating countdown to 39672
[23:20:03.557] [SEVERE ] updating countdown to 39576
[23:20:03.652] [SEVERE ] updating countdown to 39481
[23:20:03.747] [SEVERE ] updating countdown to 39386
[23:20:03.842] [SEVERE ] updating countdown to 39291
[23:20:03.937] [SEVERE ] updating countdown to 39196
[23:20:04.032] [SEVERE ] updating countdown to 39101
[23:20:04.127] [SEVERE ] updating countdown to 39006
[23:20:04.223] [SEVERE ] updating countdown to 38910
[23:20:04.319] [SEVERE ] updating countdown to 38814
[23:20:04.415] [SEVERE ] updating countdown to 38718
[23:20:04.511] [SEVERE ] updating countdown to 38622
[23:20:04.607] [SEVERE ] updating countdown to 38526
[23:20:04.703] [SEVERE ] updating countdown to 38430
[23:20:04.799] [SEVERE ] updating countdown to 38334
[23:20:04.894] [SEVERE ] updating countdown to 38239
[23:20:04.989] [SEVERE ] updating countdown to 38144
[23:20:05.085] [SEVERE ] updating countdown to 38048
[23:20:05.180] [SEVERE ] updating countdown to 37953
[23:20:05.275] [SEVERE ] updating countdown to 37858
[23:20:05.371] [SEVERE ] updating countdown to 37762
[23:20:05.467] [SEVERE ] updating countdown to 37666
[23:20:05.562] [SEVERE ] updating countdown to 37571
[23:20:05.657] [SEVERE ] updating countdown to 37476
[23:20:05.753] [SEVERE ] updating countdown to 37380
[23:20:05.848] [SEVERE ] updating countdown to 37285
[23:20:05.943] [SEVERE ] updating countdown to 37190
[23:20:06.038] [SEVERE ] updating countdown to 37095
[23:20:06.133] [SEVERE ] updating countdown to 37000
[23:20:06.228] [SEVERE ] updating countdown to 36905
[23:20:06.324] [SEVERE ] updating countdown to 36809
[23:20:06.420] [SEVERE ] updating countdown to 36713
[23:20:06.516] [SEVERE ] updating countdown to 36617
[23:20:06.612] [SEVERE ] updating countdown to 36521
[23:20:06.708] [SEVERE ] updating countdown to 36425
[23:20:06.804] [SEVERE ] updating countdown to 36329
[23:20:06.900] [SEVERE ] updating countdown to 36233
[23:20:06.996] [SEVERE ] updating countdown to 36137
[23:20:07.092] [SEVERE ] updating countdown to 36041
[23:20:07.188] [SEVERE ] updating countdown to 35945
[23:20:07.284] [SEVERE ] updating countdown to 35849
[23:20:07.380] [SEVERE ] updating countdown to 35753
[23:20:07.476] [SEVERE ] updating countdown to 35657
[23:20:07.572] [SEVERE ] updating countdown to 35561
[23:20:07.667] [SEVERE ] updating countdown to 35466
[23:20:07.762] [SEVERE ] updating countdown to 35371
[23:20:07.858] [SEVERE ] updating countdown to 35275
[23:20:07.953] [SEVERE ] updating countdown to 35180
[23:20:08.049] [SEVERE ] updating countdown to 35084
[23:20:08.146] [SEVERE ] updating countdown to 34987
[23:20:08.242] [SEVERE ] updating countdown to 34891
[23:20:08.338] [SEVERE ] updating countdown to 34795
[23:20:08.434] [SEVERE ] updating countdown to 34699
[23:20:08.530] [SEVERE ] updating countdown to 34603
[23:20:08.625] [SEVERE ] updating countdown to 34508
[23:20:08.721] [SEVERE ] updating countdown to 34412
[23:20:08.817] [SEVERE ] updating countdown to 34316
[23:20:08.913] [SEVERE ] updating countdown to 34220
[23:20:09.008] [SEVERE ] updating countdown to 34125
[23:20:09.104] [SEVERE ] updating countdown to 34029
[23:20:09.199] [SEVERE ] updating countdown to 33934
[23:20:09.294] [SEVERE ] updating countdown to 33839
[23:20:09.390] [SEVERE ] updating countdown to 33743
[23:20:09.486] [SEVERE ] updating countdown to 33647
[23:20:09.582] [SEVERE ] updating countdown to 33551
[23:20:09.678] [SEVERE ] updating countdown to 33455
[23:20:09.774] [SEVERE ] updating countdown to 33359
[23:20:09.870] [SEVERE ] updating countdown to 33263
[23:20:09.966] [SEVERE ] updating countdown to 33167
[23:20:10.062] [SEVERE ] updating countdown to 33071
[23:20:10.158] [SEVERE ] updating countdown to 32975
[23:20:10.253] [SEVERE ] updating countdown to 32880
[23:20:10.348] [SEVERE ] updating countdown to 32785
[23:20:10.443] [SEVERE ] updating countdown to 32690
[23:20:10.539] [SEVERE ] updating countdown to 32594
[23:20:10.635] [SEVERE ] updating countdown to 32498
[23:20:10.731] [SEVERE ] updating countdown to 32402
[23:20:10.827] [SEVERE ] updating countdown to 32306
[23:20:10.922] [SEVERE ] updating countdown to 32211
[23:20:11.017] [SEVERE ] updating countdown to 32116
[23:20:11.112] [SEVERE ] updating countdown to 32021
[23:20:11.207] [SEVERE ] updating countdown to 31926
[23:20:11.303] [SEVERE ] updating countdown to 31830
[23:20:11.399] [SEVERE ] updating countdown to 31734
[23:20:11.495] [SEVERE ] updating countdown to 31638
[23:20:11.591] [SEVERE ] updating countdown to 31542
[23:20:11.687] [SEVERE ] updating countdown to 31446
[23:20:11.782] [SEVERE ] updating countdown to 31351
[23:20:11.877] [SEVERE ] updating countdown to 31256
[23:20:11.973] [SEVERE ] updating countdown to 31160
[23:20:12.068] [SEVERE ] updating countdown to 31065
[23:20:12.163] [SEVERE ] updating countdown to 30970
[23:20:12.259] [SEVERE ] updating countdown to 30874
[23:20:12.355] [SEVERE ] updating countdown to 30778
[23:20:12.451] [SEVERE ] updating countdown to 30682
[23:20:12.547] [SEVERE ] updating countdown to 30586
[23:20:12.642] [SEVERE ] updating countdown to 30491
[23:20:12.738] [SEVERE ] updating countdown to 30395
[23:20:12.833] [SEVERE ] updating countdown to 30300
[23:20:12.928] [SEVERE ] updating countdown to 30205
[23:20:13.024] [SEVERE ] updating countdown to 30109
[23:20:13.119] [SEVERE ] updating countdown to 30014
[23:20:13.214] [SEVERE ] updating countdown to 29919
[23:20:13.309] [SEVERE ] updating countdown to 29824
[23:20:13.404] [SEVERE ] updating countdown to 29729
[23:20:13.500] [SEVERE ] updating countdown to 29633
[23:20:13.595] [SEVERE ] updating countdown to 29538
[23:20:13.690] [SEVERE ] updating countdown to 29443
[23:20:13.785] [SEVERE ] updating countdown to 29348
[23:20:13.880] [SEVERE ] updating countdown to 29253
[23:20:13.976] [SEVERE ] updating countdown to 29157
[23:20:14.071] [SEVERE ] updating countdown to 29062
[23:20:14.167] [SEVERE ] updating countdown to 28966
[23:20:14.263] [SEVERE ] updating countdown to 28870
[23:20:14.359] [SEVERE ] updating countdown to 28774
[23:20:14.455] [SEVERE ] updating countdown to 28678
[23:20:14.551] [SEVERE ] updating countdown to 28582
[23:20:14.647] [SEVERE ] updating countdown to 28486
[23:20:14.742] [SEVERE ] updating countdown to 28391
[23:20:14.838] [SEVERE ] updating countdown to 28295
[23:20:14.933] [SEVERE ] updating countdown to 28200
[23:20:15.029] [SEVERE ] updating countdown to 28104
[23:20:15.124] [SEVERE ] updating countdown to 28009
[23:20:15.220] [SEVERE ] updating countdown to 27913
[23:20:15.315] [SEVERE ] updating countdown to 27818
[23:20:15.411] [SEVERE ] updating countdown to 27722
[23:20:15.506] [SEVERE ] updating countdown to 27627
[23:20:15.601] [SEVERE ] updating countdown to 27532
[23:20:15.697] [SEVERE ] updating countdown to 27436
[23:20:15.793] [SEVERE ] updating countdown to 27340
[23:20:15.888] [SEVERE ] updating countdown to 27245
[23:20:15.983] [SEVERE ] updating countdown to 27150
[23:20:16.078] [SEVERE ] updating countdown to 27055
[23:20:16.173] [SEVERE ] updating countdown to 26960
[23:20:16.269] [SEVERE ] updating countdown to 26864
[23:20:16.365] [SEVERE ] updating countdown to 26768
[23:20:16.460] [SEVERE ] updating countdown to 26673
[23:20:16.555] [SEVERE ] updating countdown to 26578
[23:20:16.651] [SEVERE ] updating countdown to 26482
[23:20:16.747] [SEVERE ] updating countdown to 26386
[23:20:16.842] [SEVERE ] updating countdown to 26291
[23:20:16.938] [SEVERE ] updating countdown to 26195
[23:20:17.033] [SEVERE ] updating countdown to 26100
[23:20:17.128] [SEVERE ] updating countdown to 26005
[23:20:17.224] [SEVERE ] updating countdown to 25909
[23:20:17.319] [SEVERE ] updating countdown to 25814
[23:20:17.415] [SEVERE ] updating countdown to 25718
[23:20:17.511] [SEVERE ] updating countdown to 25622
[23:20:17.606] [SEVERE ] updating countdown to 25527
[23:20:17.701] [SEVERE ] updating countdown to 25432
[23:20:17.796] [SEVERE ] updating countdown to 25337
[23:20:17.892] [SEVERE ] updating countdown to 25241
[23:20:17.987] [SEVERE ] updating countdown to 25146
[23:20:18.083] [SEVERE ] updating countdown to 25050
[23:20:18.179] [SEVERE ] updating countdown to 24954
[23:20:18.275] [SEVERE ] updating countdown to 24858
[23:20:18.370] [SEVERE ] updating countdown to 24763
[23:20:18.466] [SEVERE ] updating countdown to 24667
[23:20:18.561] [SEVERE ] updating countdown to 24572
[23:20:18.657] [SEVERE ] updating countdown to 24476
[23:20:18.752] [SEVERE ] updating countdown to 24381
[23:20:18.848] [SEVERE ] updating countdown to 24285
[23:20:18.944] [SEVERE ] updating countdown to 24189
[23:20:19.040] [SEVERE ] updating countdown to 24093
[23:20:19.136] [SEVERE ] updating countdown to 23997
[23:20:19.231] [SEVERE ] updating countdown to 23902
[23:20:19.326] [SEVERE ] updating countdown to 23807
[23:20:19.421] [SEVERE ] updating countdown to 23712
[23:20:19.516] [SEVERE ] updating countdown to 23617
[23:20:19.612] [SEVERE ] updating countdown to 23521
[23:20:19.708] [SEVERE ] updating countdown to 23425
[23:20:19.804] [SEVERE ] updating countdown to 23329
[23:20:19.899] [SEVERE ] updating countdown to 23234
[23:20:19.994] [SEVERE ] updating countdown to 23139
[23:20:20.090] [SEVERE ] updating countdown to 23043
[23:20:20.186] [SEVERE ] updating countdown to 22947
[23:20:20.282] [SEVERE ] updating countdown to 22851
[23:20:20.378] [SEVERE ] updating countdown to 22755
[23:20:20.473] [SEVERE ] updating countdown to 22660
[23:20:20.568] [SEVERE ] updating countdown to 22565
[23:20:20.663] [SEVERE ] updating countdown to 22470
[23:20:20.758] [SEVERE ] updating countdown to 22375
[23:20:20.854] [SEVERE ] updating countdown to 22279
[23:20:20.949] [SEVERE ] updating countdown to 22184
[23:20:21.044] [SEVERE ] updating countdown to 22089
[23:20:21.139] [SEVERE ] updating countdown to 21994
[23:20:21.235] [SEVERE ] updating countdown to 21898
[23:20:21.330] [SEVERE ] updating countdown to 21803
[23:20:21.426] [SEVERE ] updating countdown to 21707
[23:20:21.521] [SEVERE ] updating countdown to 21612
[23:20:21.616] [SEVERE ] updating countdown to 21517
[23:20:21.712] [SEVERE ] updating countdown to 21421
[23:20:21.808] [SEVERE ] updating countdown to 21325
[23:20:21.904] [SEVERE ] updating countdown to 21229
[23:20:21.999] [SEVERE ] updating countdown to 21134
[23:20:22.094] [SEVERE ] updating countdown to 21039
[23:20:22.190] [SEVERE ] updating countdown to 20943
[23:20:22.286] [SEVERE ] updating countdown to 20847
[23:20:22.382] [SEVERE ] updating countdown to 20751
[23:20:22.478] [SEVERE ] updating countdown to 20655
[23:20:22.574] [SEVERE ] updating countdown to 20559
[23:20:22.670] [SEVERE ] updating countdown to 20463
[23:20:22.766] [SEVERE ] updating countdown to 20367
[23:20:22.862] [SEVERE ] updating countdown to 20271
[23:20:22.958] [SEVERE ] updating countdown to 20175
[23:20:23.053] [SEVERE ] updating countdown to 20080
[23:20:23.148] [SEVERE ] updating countdown to 19985
[23:20:23.243] [SEVERE ] updating countdown to 19890
[23:20:23.338] [SEVERE ] updating countdown to 19795
[23:20:23.434] [SEVERE ] updating countdown to 19699
[23:20:23.529] [SEVERE ] updating countdown to 19604
[23:20:23.625] [SEVERE ] updating countdown to 19508
[23:20:23.720] [SEVERE ] updating countdown to 19413
[23:20:23.815] [SEVERE ] updating countdown to 19318
[23:20:23.911] [SEVERE ] updating countdown to 19222
[23:20:24.007] [SEVERE ] updating countdown to 19126
[23:20:24.103] [SEVERE ] updating countdown to 19030
[23:20:24.199] [SEVERE ] updating countdown to 18934
[23:20:24.294] [SEVERE ] updating countdown to 18839
[23:20:24.389] [SEVERE ] updating countdown to 18744
[23:20:24.484] [SEVERE ] updating countdown to 18649
[23:20:24.580] [SEVERE ] updating countdown to 18553
[23:20:24.676] [SEVERE ] updating countdown to 18457
[23:20:24.772] [SEVERE ] updating countdown to 18361
[23:20:24.867] [SEVERE ] updating countdown to 18266
[23:20:24.963] [SEVERE ] updating countdown to 18170
[23:20:25.058] [SEVERE ] updating countdown to 18075
[23:20:25.153] [SEVERE ] updating countdown to 17980
[23:20:25.249] [SEVERE ] updating countdown to 17884
[23:20:25.345] [SEVERE ] updating countdown to 17788
[23:20:25.440] [SEVERE ] updating countdown to 17693
[23:20:25.535] [SEVERE ] updating countdown to 17598
[23:20:25.630] [SEVERE ] updating countdown to 17503
[23:20:25.725] [SEVERE ] updating countdown to 17408
[23:20:25.820] [SEVERE ] updating countdown to 17313
[23:20:25.916] [SEVERE ] updating countdown to 17217
[23:20:26.011] [SEVERE ] updating countdown to 17122
[23:20:26.106] [SEVERE ] updating countdown to 17027
[23:20:26.201] [SEVERE ] updating countdown to 16932
[23:20:26.297] [SEVERE ] updating countdown to 16836
[23:20:26.392] [SEVERE ] updating countdown to 16741
[23:20:26.487] [SEVERE ] updating countdown to 16646
[23:20:26.582] [SEVERE ] updating countdown to 16551
[23:20:26.678] [SEVERE ] updating countdown to 16455
[23:20:26.773] [SEVERE ] updating countdown to 16360
[23:20:26.869] [SEVERE ] updating countdown to 16264
[23:20:26.965] [SEVERE ] updating countdown to 16168
[23:20:27.061] [SEVERE ] updating countdown to 16072
[23:20:27.157] [SEVERE ] updating countdown to 15976
[23:20:27.252] [SEVERE ] updating countdown to 15881
[23:20:27.347] [SEVERE ] updating countdown to 15786
[23:20:27.443] [SEVERE ] updating countdown to 15690
[23:20:27.538] [SEVERE ] updating countdown to 15595
[23:20:27.633] [SEVERE ] updating countdown to 15500
[23:20:27.729] [SEVERE ] updating countdown to 15404
[23:20:27.824] [SEVERE ] updating countdown to 15309
[23:20:27.920] [SEVERE ] updating countdown to 15213
[23:20:28.016] [SEVERE ] updating countdown to 15117
[23:20:28.112] [SEVERE ] updating countdown to 15021
[23:20:28.208] [SEVERE ] updating countdown to 14925
[23:20:28.303] [SEVERE ] updating countdown to 14830
[23:20:28.398] [SEVERE ] updating countdown to 14735
[23:20:28.494] [SEVERE ] updating countdown to 14639
[23:20:28.590] [SEVERE ] updating countdown to 14543
[23:20:28.686] [SEVERE ] updating countdown to 14447
[23:20:28.782] [SEVERE ] updating countdown to 14351
[23:20:28.878] [SEVERE ] updating countdown to 14255
[23:20:28.974] [SEVERE ] updating countdown to 14159
[23:20:29.069] [SEVERE ] updating countdown to 14064
[23:20:29.165] [SEVERE ] updating countdown to 13968
[23:20:29.260] [SEVERE ] updating countdown to 13873
[23:20:29.355] [SEVERE ] updating countdown to 13778
[23:20:29.451] [SEVERE ] updating countdown to 13682
[23:20:29.546] [SEVERE ] updating countdown to 13587
[23:20:29.641] [SEVERE ] updating countdown to 13492
[23:20:29.736] [SEVERE ] updating countdown to 13397
[23:20:29.831] [SEVERE ] updating countdown to 13302
[23:20:29.927] [SEVERE ] updating countdown to 13206
[23:20:30.022] [SEVERE ] updating countdown to 13111
[23:20:30.117] [SEVERE ] updating countdown to 13016
[23:20:30.213] [SEVERE ] updating countdown to 12920
[23:20:30.309] [SEVERE ] updating countdown to 12824
[23:20:30.404] [SEVERE ] updating countdown to 12729
[23:20:30.499] [SEVERE ] updating countdown to 12634
[23:20:30.594] [SEVERE ] updating countdown to 12539
[23:20:30.690] [SEVERE ] updating countdown to 12443
[23:20:30.786] [SEVERE ] updating countdown to 12347
[23:20:30.882] [SEVERE ] updating countdown to 12251
[23:20:30.977] [SEVERE ] updating countdown to 12156
[23:20:31.073] [SEVERE ] updating countdown to 12060
[23:20:31.168] [SEVERE ] updating countdown to 11965
[23:20:31.263] [SEVERE ] updating countdown to 11870
[23:20:31.358] [SEVERE ] updating countdown to 11775
[23:20:31.454] [SEVERE ] updating countdown to 11679
[23:20:31.549] [SEVERE ] updating countdown to 11584
[23:20:31.645] [SEVERE ] updating countdown to 11488
[23:20:31.740] [SEVERE ] updating countdown to 11393
[23:20:31.836] [SEVERE ] updating countdown to 11297
[23:20:31.932] [SEVERE ] updating countdown to 11201
[23:20:32.027] [SEVERE ] updating countdown to 11106
[23:20:32.122] [SEVERE ] updating countdown to 11011
[23:20:32.218] [SEVERE ] updating countdown to 10915
[23:20:32.314] [SEVERE ] updating countdown to 10819
[23:20:32.409] [SEVERE ] updating countdown to 10724
[23:20:32.505] [SEVERE ] updating countdown to 10628
