[23:10:34.518] [INFO   ] thread bguspl.set.Main.main() starting.
[23:10:34.522] [SEVERE ] cannot read configuration file config.properties trying from resources.
[23:10:34.523] [SEVERE ] configuration file was loaded from resources directory.
[23:10:35.152] [INFO   ] thread dealer starting.
[23:10:35.153] [INFO   ] thread dealer starting.
[23:10:35.154] [INFO   ] thread Thread-1 starting.
[23:10:35.154] [INFO   ] thread Thread-3 starting.
[23:10:35.154] [INFO   ] thread Thread-2 starting.
[23:10:35.154] [INFO   ] thread Thread-4 starting.
[23:10:35.156] [INFO   ] thread computer-2 starting.
[23:10:35.156] [INFO   ] thread computer-3 starting.
[23:10:35.268] [SEVERE ] placing card 15 in slot 0
[23:10:35.380] [SEVERE ] placing card 0 in slot 1
[23:10:35.489] [SEVERE ] placing card 44 in slot 2
[23:10:35.600] [SEVERE ] placing card 1 in slot 3
[23:10:35.712] [SEVERE ] placing card 32 in slot 4
[23:10:35.822] [SEVERE ] placing card 71 in slot 5
[23:10:35.931] [SEVERE ] placing card 26 in slot 6
[23:10:36.042] [SEVERE ] placing card 60 in slot 7
[23:10:36.152] [SEVERE ] placing card 57 in slot 8
[23:10:36.263] [SEVERE ] placing card 5 in slot 9
[23:10:36.371] [SEVERE ] placing card 4 in slot 10
[23:10:36.480] [SEVERE ] placing card 51 in slot 11
[23:10:36.481] [SEVERE ] updating countdown to 60000
[23:10:36.487] [SEVERE ] player 3 placing token on slot 7
[23:10:36.487] [SEVERE ] player 4 placing token on slot 11
[23:10:36.488] [SEVERE ] player 3 placing token on slot 0
[23:10:36.489] [SEVERE ] player 3 placing token on slot 3
[23:10:36.488] [SEVERE ] player 4 placing token on slot 0
[23:10:36.490] [SEVERE ] player 4 placing token on slot 5
[23:10:36.491] [SEVERE ] updating countdown to 59990
[23:10:36.492] [SEVERE ] setting player 3 freeze to 3000
[23:10:36.587] [SEVERE ] updating countdown to 59894
[23:10:36.587] [SEVERE ] setting player 4 freeze to 3000
[23:10:36.683] [SEVERE ] updating countdown to 59798
[23:10:36.778] [SEVERE ] updating countdown to 59703
[23:10:36.874] [SEVERE ] updating countdown to 59607
[23:10:36.969] [SEVERE ] updating countdown to 59512
[23:10:37.065] [SEVERE ] updating countdown to 59416
[23:10:37.160] [SEVERE ] updating countdown to 59321
[23:10:37.212] [SEVERE ] key 83 was pressed by player 1
[23:10:37.212] [SEVERE ] player 1 placing token on slot 5
[23:10:37.256] [SEVERE ] updating countdown to 59225
[23:10:37.351] [SEVERE ] updating countdown to 59130
[23:10:37.446] [SEVERE ] updating countdown to 59035
[23:10:37.528] [SEVERE ] key 76 was pressed by player 2
[23:10:37.528] [SEVERE ] player 2 placing token on slot 6
[23:10:37.542] [SEVERE ] updating countdown to 58939
[23:10:37.638] [SEVERE ] updating countdown to 58843
[23:10:37.695] [SEVERE ] key 59 was pressed by player 2
[23:10:37.695] [SEVERE ] player 2 placing token on slot 7
[23:10:37.733] [SEVERE ] updating countdown to 58748
[23:10:37.786] [SEVERE ] key 68 was pressed by player 1
[23:10:37.786] [SEVERE ] player 1 placing token on slot 6
[23:10:37.829] [SEVERE ] updating countdown to 58652
[23:10:37.907] [SEVERE ] key 77 was pressed by player 2
[23:10:37.907] [SEVERE ] player 2 placing token on slot 8
[23:10:37.908] [SEVERE ] updating countdown to 58573
[23:10:37.908] [SEVERE ] setting player 2 freeze to 3000
[23:10:38.003] [SEVERE ] updating countdown to 58478
[23:10:38.066] [SEVERE ] key 87 was pressed by player 1
[23:10:38.066] [SEVERE ] player 1 placing token on slot 1
[23:10:38.066] [SEVERE ] updating countdown to 58415
[23:10:38.066] [SEVERE ] setting player 1 freeze to 3000
[23:10:38.162] [SEVERE ] updating countdown to 58319
[23:10:38.197] [SEVERE ] key 44 was pressed by player 2
[23:10:38.207] [SEVERE ] key 46 was pressed by player 2
[23:10:38.257] [SEVERE ] updating countdown to 58224
[23:10:38.352] [SEVERE ] updating countdown to 58129
[23:10:38.448] [SEVERE ] updating countdown to 58033
[23:10:38.543] [SEVERE ] updating countdown to 57938
[23:10:38.546] [SEVERE ] key 83 was pressed by player 1
[23:10:38.639] [SEVERE ] updating countdown to 57842
[23:10:38.734] [SEVERE ] updating countdown to 57747
[23:10:38.830] [SEVERE ] updating countdown to 57651
[23:10:38.926] [SEVERE ] updating countdown to 57555
[23:10:39.021] [SEVERE ] updating countdown to 57460
[23:10:39.116] [SEVERE ] updating countdown to 57365
[23:10:39.211] [SEVERE ] updating countdown to 57270
[23:10:39.306] [SEVERE ] updating countdown to 57175
[23:10:39.401] [SEVERE ] updating countdown to 57080
[23:10:39.496] [SEVERE ] updating countdown to 56985
[23:10:39.591] [SEVERE ] updating countdown to 56890
[23:10:39.687] [SEVERE ] updating countdown to 56794
[23:10:39.783] [SEVERE ] updating countdown to 56698
[23:10:39.878] [SEVERE ] updating countdown to 56603
[23:10:39.974] [SEVERE ] updating countdown to 56507
[23:10:40.069] [SEVERE ] updating countdown to 56412
[23:10:40.165] [SEVERE ] updating countdown to 56316
[23:10:40.261] [SEVERE ] updating countdown to 56220
[23:10:40.275] [SEVERE ] exit button pressed
[23:10:40.275] [INFO   ] thread computer-3 terminated.
[23:10:40.356] [SEVERE ] updating countdown to 56125
[23:10:40.452] [SEVERE ] updating countdown to 56029
[23:10:40.547] [SEVERE ] updating countdown to 55934
[23:10:40.642] [SEVERE ] updating countdown to 55839
[23:10:40.737] [SEVERE ] updating countdown to 55744
[23:10:40.833] [SEVERE ] updating countdown to 55648
[23:10:40.910] [SEVERE ] setting player 2 freeze to 0
[23:10:40.928] [SEVERE ] updating countdown to 55553
[23:10:41.023] [SEVERE ] updating countdown to 55458
[23:10:41.068] [SEVERE ] setting player 1 freeze to 0
[23:10:41.119] [SEVERE ] updating countdown to 55362
[23:10:41.215] [SEVERE ] updating countdown to 55266
[23:10:41.311] [SEVERE ] updating countdown to 55170
[23:10:41.407] [SEVERE ] updating countdown to 55074
[23:10:41.502] [SEVERE ] updating countdown to 54979
[23:10:41.597] [SEVERE ] updating countdown to 54884
[23:10:41.693] [SEVERE ] updating countdown to 54788
[23:10:41.789] [SEVERE ] updating countdown to 54692
[23:10:41.884] [SEVERE ] updating countdown to 54597
[23:10:41.980] [SEVERE ] updating countdown to 54501
[23:10:42.075] [SEVERE ] updating countdown to 54406
[23:10:42.171] [SEVERE ] updating countdown to 54310
[23:10:42.267] [SEVERE ] updating countdown to 54214
[23:10:42.363] [SEVERE ] updating countdown to 54118
[23:10:42.459] [SEVERE ] updating countdown to 54022
[23:10:42.495] [SEVERE ] setting player 3 freeze to 0
[23:10:42.495] [SEVERE ] removing player 3 token from slot 3
[23:10:42.495] [SEVERE ] player 3 placing token on slot 1
[23:10:42.495] [SEVERE ] updating countdown to 53986
[23:10:42.495] [SEVERE ] setting player 3 freeze to 3000
[23:10:42.589] [SEVERE ] setting player 4 freeze to 0
[23:10:42.589] [INFO   ] thread Thread-4 terminated.
[23:10:42.589] [INFO   ] thread computer-2 terminated.
[23:10:42.590] [SEVERE ] updating countdown to 53891
[23:10:42.686] [SEVERE ] updating countdown to 53795
[23:10:42.781] [SEVERE ] updating countdown to 53700
[23:10:42.876] [SEVERE ] updating countdown to 53605
[23:10:42.972] [SEVERE ] updating countdown to 53509
[23:10:43.067] [SEVERE ] updating countdown to 53414
[23:10:43.163] [SEVERE ] updating countdown to 53318
[23:10:43.258] [SEVERE ] updating countdown to 53223
[23:10:43.354] [SEVERE ] updating countdown to 53127
[23:10:43.449] [SEVERE ] updating countdown to 53032
[23:10:43.545] [SEVERE ] updating countdown to 52936
[23:10:43.640] [SEVERE ] updating countdown to 52841
[23:10:43.735] [SEVERE ] updating countdown to 52746
[23:10:43.831] [SEVERE ] updating countdown to 52650
[23:10:43.926] [SEVERE ] updating countdown to 52555
[23:10:44.021] [SEVERE ] updating countdown to 52460
[23:10:44.117] [SEVERE ] updating countdown to 52364
[23:10:44.213] [SEVERE ] updating countdown to 52268
[23:10:44.309] [SEVERE ] updating countdown to 52172
[23:10:44.404] [SEVERE ] updating countdown to 52077
[23:10:44.499] [SEVERE ] updating countdown to 51982
[23:10:44.594] [SEVERE ] updating countdown to 51887
[23:10:44.691] [SEVERE ] updating countdown to 51790
[23:10:44.787] [SEVERE ] updating countdown to 51694
[23:10:44.882] [SEVERE ] updating countdown to 51599
[23:10:44.977] [SEVERE ] updating countdown to 51504
[23:10:45.073] [SEVERE ] updating countdown to 51408
[23:10:45.169] [SEVERE ] updating countdown to 51312
[23:10:45.264] [SEVERE ] updating countdown to 51217
[23:10:45.359] [SEVERE ] updating countdown to 51122
[23:10:45.455] [SEVERE ] updating countdown to 51026
[23:10:45.550] [SEVERE ] updating countdown to 50931
[23:10:45.647] [SEVERE ] updating countdown to 50834
[23:10:45.742] [SEVERE ] updating countdown to 50739
[23:10:45.838] [SEVERE ] updating countdown to 50643
[23:10:45.933] [SEVERE ] updating countdown to 50548
[23:10:46.028] [SEVERE ] updating countdown to 50453
[23:10:46.123] [SEVERE ] updating countdown to 50358
[23:10:46.218] [SEVERE ] updating countdown to 50263
[23:10:46.314] [SEVERE ] updating countdown to 50167
[23:10:46.409] [SEVERE ] updating countdown to 50072
[23:10:46.504] [SEVERE ] updating countdown to 49977
[23:10:46.600] [SEVERE ] updating countdown to 49881
[23:10:46.695] [SEVERE ] updating countdown to 49786
[23:10:46.790] [SEVERE ] updating countdown to 49691
[23:10:46.886] [SEVERE ] updating countdown to 49595
[23:10:46.981] [SEVERE ] updating countdown to 49500
[23:10:47.077] [SEVERE ] updating countdown to 49404
[23:10:47.172] [SEVERE ] updating countdown to 49309
[23:10:47.267] [SEVERE ] updating countdown to 49214
[23:10:47.363] [SEVERE ] updating countdown to 49118
[23:10:47.458] [SEVERE ] updating countdown to 49023
[23:10:47.554] [SEVERE ] updating countdown to 48927
[23:10:47.649] [SEVERE ] updating countdown to 48832
[23:10:47.744] [SEVERE ] updating countdown to 48737
[23:10:47.840] [SEVERE ] updating countdown to 48641
[23:10:47.935] [SEVERE ] updating countdown to 48546
[23:10:48.031] [SEVERE ] updating countdown to 48450
[23:10:48.127] [SEVERE ] updating countdown to 48354
[23:10:48.222] [SEVERE ] updating countdown to 48259
[23:10:48.317] [SEVERE ] updating countdown to 48164
[23:10:48.413] [SEVERE ] updating countdown to 48068
[23:10:48.499] [SEVERE ] setting player 3 freeze to 0
[23:10:48.499] [INFO   ] thread Thread-3 terminated.
[23:10:48.509] [SEVERE ] updating countdown to 47972
[23:10:48.605] [SEVERE ] updating countdown to 47876
[23:10:48.700] [SEVERE ] updating countdown to 47781
[23:10:48.796] [SEVERE ] updating countdown to 47685
[23:10:48.892] [SEVERE ] updating countdown to 47589
[23:10:48.987] [SEVERE ] updating countdown to 47494
[23:10:49.083] [SEVERE ] updating countdown to 47398
[23:10:49.178] [SEVERE ] updating countdown to 47303
[23:10:49.274] [SEVERE ] updating countdown to 47207
[23:10:49.370] [SEVERE ] updating countdown to 47111
[23:10:49.466] [SEVERE ] updating countdown to 47015
[23:10:49.562] [SEVERE ] updating countdown to 46919
[23:10:49.658] [SEVERE ] updating countdown to 46823
[23:10:49.754] [SEVERE ] updating countdown to 46727
[23:10:49.850] [SEVERE ] updating countdown to 46631
[23:10:49.945] [SEVERE ] updating countdown to 46536
[23:10:50.040] [SEVERE ] updating countdown to 46441
[23:10:50.136] [SEVERE ] updating countdown to 46345
[23:10:50.232] [SEVERE ] updating countdown to 46249
[23:10:50.328] [SEVERE ] updating countdown to 46153
[23:10:50.424] [SEVERE ] updating countdown to 46057
[23:10:50.520] [SEVERE ] updating countdown to 45961
[23:10:50.616] [SEVERE ] updating countdown to 45865
[23:10:50.711] [SEVERE ] updating countdown to 45770
[23:10:50.806] [SEVERE ] updating countdown to 45675
[23:10:50.902] [SEVERE ] updating countdown to 45579
[23:10:50.998] [SEVERE ] updating countdown to 45483
[23:10:51.093] [SEVERE ] updating countdown to 45388
[23:10:51.189] [SEVERE ] updating countdown to 45292
[23:10:51.284] [SEVERE ] updating countdown to 45197
[23:10:51.380] [SEVERE ] updating countdown to 45101
[23:10:51.475] [SEVERE ] updating countdown to 45006
[23:10:51.571] [SEVERE ] updating countdown to 44910
[23:10:51.666] [SEVERE ] updating countdown to 44815
[23:10:51.762] [SEVERE ] updating countdown to 44719
[23:10:51.857] [SEVERE ] updating countdown to 44624
[23:10:51.953] [SEVERE ] updating countdown to 44528
[23:10:52.048] [SEVERE ] updating countdown to 44433
[23:10:52.144] [SEVERE ] updating countdown to 44337
[23:10:52.240] [SEVERE ] updating countdown to 44241
[23:10:52.336] [SEVERE ] updating countdown to 44145
[23:10:52.431] [SEVERE ] updating countdown to 44050
[23:10:52.527] [SEVERE ] updating countdown to 43954
[23:10:52.623] [SEVERE ] updating countdown to 43858
[23:10:52.718] [SEVERE ] updating countdown to 43763
[23:10:52.814] [SEVERE ] updating countdown to 43667
[23:10:52.909] [SEVERE ] updating countdown to 43572
[23:10:53.005] [SEVERE ] updating countdown to 43476
[23:10:53.100] [SEVERE ] updating countdown to 43381
[23:10:53.195] [SEVERE ] updating countdown to 43286
[23:10:53.291] [SEVERE ] updating countdown to 43190
[23:10:53.386] [SEVERE ] updating countdown to 43095
[23:10:53.482] [SEVERE ] updating countdown to 42999
[23:10:53.577] [SEVERE ] updating countdown to 42904
[23:10:53.672] [SEVERE ] updating countdown to 42809
[23:10:53.768] [SEVERE ] updating countdown to 42713
[23:10:53.864] [SEVERE ] updating countdown to 42617
[23:10:53.960] [SEVERE ] updating countdown to 42521
[23:10:54.056] [SEVERE ] updating countdown to 42425
[23:10:54.152] [SEVERE ] updating countdown to 42329
[23:10:54.248] [SEVERE ] updating countdown to 42233
[23:10:54.344] [SEVERE ] updating countdown to 42137
[23:10:54.440] [SEVERE ] updating countdown to 42041
[23:10:54.536] [SEVERE ] updating countdown to 41945
[23:10:54.631] [SEVERE ] updating countdown to 41850
[23:10:54.727] [SEVERE ] updating countdown to 41754
[23:10:54.823] [SEVERE ] updating countdown to 41658
[23:10:54.918] [SEVERE ] updating countdown to 41563
[23:10:55.014] [SEVERE ] updating countdown to 41467
[23:10:55.110] [SEVERE ] updating countdown to 41371
[23:10:55.205] [SEVERE ] updating countdown to 41276
[23:10:55.301] [SEVERE ] updating countdown to 41180
[23:10:55.397] [SEVERE ] updating countdown to 41084
[23:10:55.492] [SEVERE ] updating countdown to 40989
[23:10:55.588] [SEVERE ] updating countdown to 40893
[23:10:55.684] [SEVERE ] updating countdown to 40797
[23:10:55.780] [SEVERE ] updating countdown to 40701
[23:10:55.875] [SEVERE ] updating countdown to 40606
[23:10:55.970] [SEVERE ] updating countdown to 40511
[23:10:56.065] [SEVERE ] updating countdown to 40416
[23:10:56.161] [SEVERE ] updating countdown to 40320
[23:10:56.257] [SEVERE ] updating countdown to 40224
[23:10:56.353] [SEVERE ] updating countdown to 40128
[23:10:56.449] [SEVERE ] updating countdown to 40032
[23:10:56.544] [SEVERE ] updating countdown to 39937
[23:10:56.640] [SEVERE ] updating countdown to 39841
[23:10:56.735] [SEVERE ] updating countdown to 39746
[23:10:56.830] [SEVERE ] updating countdown to 39651
[23:10:56.926] [SEVERE ] updating countdown to 39555
[23:10:57.022] [SEVERE ] updating countdown to 39459
[23:10:57.117] [SEVERE ] updating countdown to 39364
[23:10:57.212] [SEVERE ] updating countdown to 39269
[23:10:57.307] [SEVERE ] updating countdown to 39174
[23:10:57.402] [SEVERE ] updating countdown to 39079
[23:10:57.498] [SEVERE ] updating countdown to 38983
[23:10:57.594] [SEVERE ] updating countdown to 38887
[23:10:57.690] [SEVERE ] updating countdown to 38791
[23:10:57.786] [SEVERE ] updating countdown to 38695
[23:10:57.881] [SEVERE ] updating countdown to 38600
[23:10:57.977] [SEVERE ] updating countdown to 38504
[23:10:58.072] [SEVERE ] updating countdown to 38409
[23:10:58.167] [SEVERE ] updating countdown to 38314
[23:10:58.262] [SEVERE ] updating countdown to 38219
[23:10:58.357] [SEVERE ] updating countdown to 38124
[23:10:58.453] [SEVERE ] updating countdown to 38028
[23:10:58.548] [SEVERE ] updating countdown to 37933
[23:10:58.644] [SEVERE ] updating countdown to 37837
[23:10:58.739] [SEVERE ] updating countdown to 37742
[23:10:58.835] [SEVERE ] updating countdown to 37646
[23:10:58.931] [SEVERE ] updating countdown to 37550
[23:10:59.029] [SEVERE ] updating countdown to 37452
[23:10:59.124] [SEVERE ] updating countdown to 37357
[23:10:59.219] [SEVERE ] updating countdown to 37262
[23:10:59.315] [SEVERE ] updating countdown to 37166
[23:10:59.410] [SEVERE ] updating countdown to 37071
[23:10:59.505] [SEVERE ] updating countdown to 36976
[23:10:59.601] [SEVERE ] updating countdown to 36880
[23:10:59.697] [SEVERE ] updating countdown to 36784
[23:10:59.792] [SEVERE ] updating countdown to 36689
[23:10:59.888] [SEVERE ] updating countdown to 36593
[23:10:59.984] [SEVERE ] updating countdown to 36497
[23:11:00.079] [SEVERE ] updating countdown to 36402
[23:11:00.175] [SEVERE ] updating countdown to 36306
[23:11:00.271] [SEVERE ] updating countdown to 36210
[23:11:00.367] [SEVERE ] updating countdown to 36114
[23:11:00.463] [SEVERE ] updating countdown to 36018
[23:11:00.559] [SEVERE ] updating countdown to 35922
[23:11:00.654] [SEVERE ] updating countdown to 35827
[23:11:00.749] [SEVERE ] updating countdown to 35732
[23:11:00.845] [SEVERE ] updating countdown to 35636
[23:11:00.941] [SEVERE ] updating countdown to 35540
[23:11:01.037] [SEVERE ] updating countdown to 35444
[23:11:01.133] [SEVERE ] updating countdown to 35348
[23:11:01.229] [SEVERE ] updating countdown to 35252
[23:11:01.325] [SEVERE ] updating countdown to 35156
[23:11:01.421] [SEVERE ] updating countdown to 35060
[23:11:01.516] [SEVERE ] updating countdown to 34965
[23:11:01.612] [SEVERE ] updating countdown to 34869
[23:11:01.708] [SEVERE ] updating countdown to 34773
[23:11:01.803] [SEVERE ] updating countdown to 34678
[23:11:01.898] [SEVERE ] updating countdown to 34583
[23:11:01.994] [SEVERE ] updating countdown to 34487
[23:11:02.089] [SEVERE ] updating countdown to 34392
[23:11:02.184] [SEVERE ] updating countdown to 34297
[23:11:02.280] [SEVERE ] updating countdown to 34201
[23:11:02.376] [SEVERE ] updating countdown to 34105
[23:11:02.472] [SEVERE ] updating countdown to 34009
[23:11:02.568] [SEVERE ] updating countdown to 33913
[23:11:02.664] [SEVERE ] updating countdown to 33817
[23:11:02.760] [SEVERE ] updating countdown to 33721
[23:11:02.856] [SEVERE ] updating countdown to 33625
[23:11:02.952] [SEVERE ] updating countdown to 33529
[23:11:03.048] [SEVERE ] updating countdown to 33433
[23:11:03.144] [SEVERE ] updating countdown to 33337
[23:11:03.240] [SEVERE ] updating countdown to 33241
[23:11:03.336] [SEVERE ] updating countdown to 33145
[23:11:03.432] [SEVERE ] updating countdown to 33049
[23:11:03.528] [SEVERE ] updating countdown to 32953
[23:11:03.624] [SEVERE ] updating countdown to 32857
[23:11:03.720] [SEVERE ] updating countdown to 32761
[23:11:03.816] [SEVERE ] updating countdown to 32665
[23:11:03.912] [SEVERE ] updating countdown to 32569
[23:11:04.008] [SEVERE ] updating countdown to 32473
[23:11:04.104] [SEVERE ] updating countdown to 32377
[23:11:04.200] [SEVERE ] updating countdown to 32281
[23:11:04.296] [SEVERE ] updating countdown to 32185
[23:11:04.391] [SEVERE ] updating countdown to 32090
[23:11:04.486] [SEVERE ] updating countdown to 31995
[23:11:04.582] [SEVERE ] updating countdown to 31899
[23:11:04.677] [SEVERE ] updating countdown to 31804
[23:11:04.773] [SEVERE ] updating countdown to 31708
[23:11:04.869] [SEVERE ] updating countdown to 31612
[23:11:04.964] [SEVERE ] updating countdown to 31517
[23:11:05.059] [SEVERE ] updating countdown to 31422
[23:11:05.155] [SEVERE ] updating countdown to 31326
[23:11:05.250] [SEVERE ] updating countdown to 31231
[23:11:05.345] [SEVERE ] updating countdown to 31136
[23:11:05.441] [SEVERE ] updating countdown to 31040
[23:11:05.536] [SEVERE ] updating countdown to 30945
[23:11:05.631] [SEVERE ] updating countdown to 30850
[23:11:05.727] [SEVERE ] updating countdown to 30754
[23:11:05.822] [SEVERE ] updating countdown to 30659
[23:11:05.918] [SEVERE ] updating countdown to 30563
[23:11:06.013] [SEVERE ] updating countdown to 30468
[23:11:06.108] [SEVERE ] updating countdown to 30373
[23:11:06.203] [SEVERE ] updating countdown to 30278
[23:11:06.298] [SEVERE ] updating countdown to 30183
[23:11:06.394] [SEVERE ] updating countdown to 30087
[23:11:06.490] [SEVERE ] updating countdown to 29991
[23:11:06.586] [SEVERE ] updating countdown to 29895
[23:11:06.682] [SEVERE ] updating countdown to 29799
[23:11:06.778] [SEVERE ] updating countdown to 29703
[23:11:06.874] [SEVERE ] updating countdown to 29607
[23:11:06.970] [SEVERE ] updating countdown to 29511
[23:11:07.066] [SEVERE ] updating countdown to 29415
[23:11:07.162] [SEVERE ] updating countdown to 29319
[23:11:07.258] [SEVERE ] updating countdown to 29223
[23:11:07.354] [SEVERE ] updating countdown to 29127
[23:11:07.450] [SEVERE ] updating countdown to 29031
[23:11:07.545] [SEVERE ] updating countdown to 28936
[23:11:07.641] [SEVERE ] updating countdown to 28840
[23:11:07.736] [SEVERE ] updating countdown to 28745
[23:11:07.832] [SEVERE ] updating countdown to 28649
[23:11:07.927] [SEVERE ] updating countdown to 28554
[23:11:08.022] [SEVERE ] updating countdown to 28459
[23:11:08.118] [SEVERE ] updating countdown to 28363
[23:11:08.214] [SEVERE ] updating countdown to 28267
[23:11:08.310] [SEVERE ] updating countdown to 28171
[23:11:08.406] [SEVERE ] updating countdown to 28075
[23:11:08.502] [SEVERE ] updating countdown to 27979
[23:11:08.597] [SEVERE ] updating countdown to 27884
[23:11:08.692] [SEVERE ] updating countdown to 27789
[23:11:08.787] [SEVERE ] updating countdown to 27694
[23:11:08.883] [SEVERE ] updating countdown to 27598
[23:11:08.979] [SEVERE ] updating countdown to 27502
[23:11:09.074] [SEVERE ] updating countdown to 27407
[23:11:09.170] [SEVERE ] updating countdown to 27311
[23:11:09.265] [SEVERE ] updating countdown to 27216
[23:11:09.361] [SEVERE ] updating countdown to 27120
[23:11:09.456] [SEVERE ] updating countdown to 27025
[23:11:09.552] [SEVERE ] updating countdown to 26929
[23:11:09.648] [SEVERE ] updating countdown to 26833
[23:11:09.744] [SEVERE ] updating countdown to 26737
[23:11:09.840] [SEVERE ] updating countdown to 26641
[23:11:09.936] [SEVERE ] updating countdown to 26545
[23:11:10.032] [SEVERE ] updating countdown to 26449
[23:11:10.128] [SEVERE ] updating countdown to 26353
[23:11:10.223] [SEVERE ] updating countdown to 26258
[23:11:10.319] [SEVERE ] updating countdown to 26162
[23:11:10.414] [SEVERE ] updating countdown to 26067
[23:11:10.509] [SEVERE ] updating countdown to 25972
[23:11:10.605] [SEVERE ] updating countdown to 25876
[23:11:10.700] [SEVERE ] updating countdown to 25781
[23:11:10.796] [SEVERE ] updating countdown to 25685
[23:11:10.892] [SEVERE ] updating countdown to 25589
[23:11:10.987] [SEVERE ] updating countdown to 25494
[23:11:11.082] [SEVERE ] updating countdown to 25399
[23:11:11.178] [SEVERE ] updating countdown to 25303
[23:11:11.274] [SEVERE ] updating countdown to 25207
[23:11:11.369] [SEVERE ] updating countdown to 25112
[23:11:11.465] [SEVERE ] updating countdown to 25016
[23:11:11.561] [SEVERE ] updating countdown to 24920
[23:11:11.656] [SEVERE ] updating countdown to 24825
[23:11:11.752] [SEVERE ] updating countdown to 24729
[23:11:11.848] [SEVERE ] updating countdown to 24633
[23:11:11.944] [SEVERE ] updating countdown to 24537
[23:11:12.039] [SEVERE ] updating countdown to 24442
[23:11:12.134] [SEVERE ] updating countdown to 24347
[23:11:12.230] [SEVERE ] updating countdown to 24251
[23:11:12.326] [SEVERE ] updating countdown to 24155
[23:11:12.422] [SEVERE ] updating countdown to 24059
[23:11:12.518] [SEVERE ] updating countdown to 23963
[23:11:12.613] [SEVERE ] updating countdown to 23868
[23:11:12.709] [SEVERE ] updating countdown to 23772
[23:11:12.805] [SEVERE ] updating countdown to 23676
[23:11:12.900] [SEVERE ] updating countdown to 23581
[23:11:12.996] [SEVERE ] updating countdown to 23485
[23:11:13.092] [SEVERE ] updating countdown to 23389
[23:11:13.188] [SEVERE ] updating countdown to 23293
[23:11:13.284] [SEVERE ] updating countdown to 23197
[23:11:13.379] [SEVERE ] updating countdown to 23102
[23:11:13.474] [SEVERE ] updating countdown to 23007
[23:11:13.570] [SEVERE ] updating countdown to 22911
[23:11:13.666] [SEVERE ] updating countdown to 22815
[23:11:13.762] [SEVERE ] updating countdown to 22719
[23:11:13.858] [SEVERE ] updating countdown to 22623
[23:11:13.953] [SEVERE ] updating countdown to 22528
[23:11:14.049] [SEVERE ] updating countdown to 22432
[23:11:14.144] [SEVERE ] updating countdown to 22337
[23:11:14.239] [SEVERE ] updating countdown to 22242
[23:11:14.335] [SEVERE ] updating countdown to 22146
[23:11:14.431] [SEVERE ] updating countdown to 22050
[23:11:14.527] [SEVERE ] updating countdown to 21954
[23:11:14.622] [SEVERE ] updating countdown to 21859
[23:11:14.717] [SEVERE ] updating countdown to 21764
[23:11:14.813] [SEVERE ] updating countdown to 21668
[23:11:14.909] [SEVERE ] updating countdown to 21572
[23:11:15.004] [SEVERE ] updating countdown to 21477
[23:11:15.100] [SEVERE ] updating countdown to 21381
[23:11:15.195] [SEVERE ] updating countdown to 21286
[23:11:15.291] [SEVERE ] updating countdown to 21190
[23:11:15.386] [SEVERE ] updating countdown to 21095
[23:11:15.481] [SEVERE ] updating countdown to 21000
[23:11:15.577] [SEVERE ] updating countdown to 20904
[23:11:15.673] [SEVERE ] updating countdown to 20808
[23:11:15.769] [SEVERE ] updating countdown to 20712
[23:11:15.865] [SEVERE ] updating countdown to 20616
[23:11:15.961] [SEVERE ] updating countdown to 20520
[23:11:16.057] [SEVERE ] updating countdown to 20424
[23:11:16.152] [SEVERE ] updating countdown to 20329
[23:11:16.247] [SEVERE ] updating countdown to 20234
[23:11:16.343] [SEVERE ] updating countdown to 20138
[23:11:16.439] [SEVERE ] updating countdown to 20042
[23:11:16.535] [SEVERE ] updating countdown to 19946
[23:11:16.630] [SEVERE ] updating countdown to 19851
[23:11:16.726] [SEVERE ] updating countdown to 19755
[23:11:16.822] [SEVERE ] updating countdown to 19659
[23:11:16.918] [SEVERE ] updating countdown to 19563
[23:11:17.014] [SEVERE ] updating countdown to 19467
[23:11:17.110] [SEVERE ] updating countdown to 19371
[23:11:17.206] [SEVERE ] updating countdown to 19275
[23:11:17.301] [SEVERE ] updating countdown to 19180
[23:11:17.397] [SEVERE ] updating countdown to 19084
[23:11:17.492] [SEVERE ] updating countdown to 18989
[23:11:17.588] [SEVERE ] updating countdown to 18893
[23:11:17.683] [SEVERE ] updating countdown to 18798
[23:11:17.778] [SEVERE ] updating countdown to 18703
[23:11:17.874] [SEVERE ] updating countdown to 18607
[23:11:17.969] [SEVERE ] updating countdown to 18512
[23:11:18.065] [SEVERE ] updating countdown to 18416
[23:11:18.161] [SEVERE ] updating countdown to 18320
[23:11:18.257] [SEVERE ] updating countdown to 18224
[23:11:18.352] [SEVERE ] updating countdown to 18129
[23:11:18.447] [SEVERE ] updating countdown to 18034
[23:11:18.542] [SEVERE ] updating countdown to 17939
[23:11:18.638] [SEVERE ] updating countdown to 17843
[23:11:18.734] [SEVERE ] updating countdown to 17747
[23:11:18.829] [SEVERE ] updating countdown to 17652
[23:11:18.924] [SEVERE ] updating countdown to 17557
[23:11:19.020] [SEVERE ] updating countdown to 17461
[23:11:19.115] [SEVERE ] updating countdown to 17366
[23:11:19.211] [SEVERE ] updating countdown to 17270
[23:11:19.307] [SEVERE ] updating countdown to 17174
[23:11:19.402] [SEVERE ] updating countdown to 17079
[23:11:19.498] [SEVERE ] updating countdown to 16983
[23:11:19.593] [SEVERE ] updating countdown to 16888
[23:11:19.688] [SEVERE ] updating countdown to 16793
[23:11:19.783] [SEVERE ] updating countdown to 16698
[23:11:19.879] [SEVERE ] updating countdown to 16602
[23:11:19.975] [SEVERE ] updating countdown to 16506
[23:11:20.071] [SEVERE ] updating countdown to 16410
[23:11:20.166] [SEVERE ] updating countdown to 16315
[23:11:20.262] [SEVERE ] updating countdown to 16219
[23:11:20.358] [SEVERE ] updating countdown to 16123
[23:11:20.454] [SEVERE ] updating countdown to 16027
[23:11:20.549] [SEVERE ] updating countdown to 15932
[23:11:20.644] [SEVERE ] updating countdown to 15837
[23:11:20.740] [SEVERE ] updating countdown to 15741
[23:11:20.837] [SEVERE ] updating countdown to 15644
[23:11:20.933] [SEVERE ] updating countdown to 15548
[23:11:21.028] [SEVERE ] updating countdown to 15453
[23:11:21.124] [SEVERE ] updating countdown to 15357
[23:11:21.219] [SEVERE ] updating countdown to 15262
[23:11:21.314] [SEVERE ] updating countdown to 15167
[23:11:21.410] [SEVERE ] updating countdown to 15071
[23:11:21.506] [SEVERE ] updating countdown to 14975
[23:11:21.602] [SEVERE ] updating countdown to 14879
[23:11:21.698] [SEVERE ] updating countdown to 14783
[23:11:21.793] [SEVERE ] updating countdown to 14688
[23:11:21.889] [SEVERE ] updating countdown to 14592
[23:11:21.985] [SEVERE ] updating countdown to 14496
[23:11:22.081] [SEVERE ] updating countdown to 14400
[23:11:22.176] [SEVERE ] updating countdown to 14305
[23:11:22.272] [SEVERE ] updating countdown to 14209
[23:11:22.368] [SEVERE ] updating countdown to 14113
[23:11:22.463] [SEVERE ] updating countdown to 14018
[23:11:22.559] [SEVERE ] updating countdown to 13922
[23:11:22.655] [SEVERE ] updating countdown to 13826
[23:11:22.750] [SEVERE ] updating countdown to 13731
[23:11:22.846] [SEVERE ] updating countdown to 13635
[23:11:22.942] [SEVERE ] updating countdown to 13539
[23:11:23.038] [SEVERE ] updating countdown to 13443
[23:11:23.134] [SEVERE ] updating countdown to 13347
[23:11:23.230] [SEVERE ] updating countdown to 13251
[23:11:23.326] [SEVERE ] updating countdown to 13155
[23:11:23.422] [SEVERE ] updating countdown to 13059
[23:11:23.518] [SEVERE ] updating countdown to 12963
[23:11:23.613] [SEVERE ] updating countdown to 12868
[23:11:23.709] [SEVERE ] updating countdown to 12772
[23:11:23.805] [SEVERE ] updating countdown to 12676
[23:11:23.901] [SEVERE ] updating countdown to 12580
[23:11:23.996] [SEVERE ] updating countdown to 12485
[23:11:24.091] [SEVERE ] updating countdown to 12390
[23:11:24.187] [SEVERE ] updating countdown to 12294
[23:11:24.283] [SEVERE ] updating countdown to 12198
[23:11:24.379] [SEVERE ] updating countdown to 12102
[23:11:24.475] [SEVERE ] updating countdown to 12006
[23:11:24.571] [SEVERE ] updating countdown to 11910
[23:11:24.666] [SEVERE ] updating countdown to 11815
[23:11:24.762] [SEVERE ] updating countdown to 11719
[23:11:24.857] [SEVERE ] updating countdown to 11624
[23:11:24.952] [SEVERE ] updating countdown to 11529
[23:11:25.047] [SEVERE ] updating countdown to 11434
[23:11:25.143] [SEVERE ] updating countdown to 11338
[23:11:25.239] [SEVERE ] updating countdown to 11242
[23:11:25.334] [SEVERE ] updating countdown to 11147
[23:11:25.429] [SEVERE ] updating countdown to 11052
[23:11:25.524] [SEVERE ] updating countdown to 10957
[23:11:25.620] [SEVERE ] updating countdown to 10861
[23:11:25.716] [SEVERE ] updating countdown to 10765
[23:11:25.812] [SEVERE ] updating countdown to 10669
[23:11:25.908] [SEVERE ] updating countdown to 10573
[23:11:26.004] [SEVERE ] updating countdown to 10477
[23:11:26.100] [SEVERE ] updating countdown to 10381
[23:11:26.196] [SEVERE ] updating countdown to 10285
[23:11:26.292] [SEVERE ] updating countdown to 10189
[23:11:26.388] [SEVERE ] updating countdown to 10093
[23:11:26.484] [SEVERE ] updating countdown to 9997
[23:11:26.579] [SEVERE ] updating countdown to 9902
[23:11:26.674] [SEVERE ] updating countdown to 9807
[23:11:26.770] [SEVERE ] updating countdown to 9711
[23:11:26.865] [SEVERE ] updating countdown to 9616
[23:11:26.960] [SEVERE ] updating countdown to 9521
[23:11:27.056] [SEVERE ] updating countdown to 9425
[23:11:27.151] [SEVERE ] updating countdown to 9330
[23:11:27.246] [SEVERE ] updating countdown to 9235
[23:11:27.341] [SEVERE ] updating countdown to 9140
[23:11:27.437] [SEVERE ] updating countdown to 9044
[23:11:27.532] [SEVERE ] updating countdown to 8949
[23:11:27.627] [SEVERE ] updating countdown to 8854
[23:11:27.723] [SEVERE ] updating countdown to 8758
[23:11:27.818] [SEVERE ] updating countdown to 8663
[23:11:27.913] [SEVERE ] updating countdown to 8568
[23:11:28.009] [SEVERE ] updating countdown to 8472
[23:11:28.104] [SEVERE ] updating countdown to 8377
[23:11:28.199] [SEVERE ] updating countdown to 8282
[23:11:28.295] [SEVERE ] updating countdown to 8186
[23:11:28.391] [SEVERE ] updating countdown to 8090
[23:11:28.487] [SEVERE ] updating countdown to 7994
[23:11:28.583] [SEVERE ] updating countdown to 7898
[23:11:28.678] [SEVERE ] updating countdown to 7803
[23:11:28.773] [SEVERE ] updating countdown to 7708
[23:11:28.869] [SEVERE ] updating countdown to 7612
[23:11:28.964] [SEVERE ] updating countdown to 7517
[23:11:29.060] [SEVERE ] updating countdown to 7421
[23:11:29.156] [SEVERE ] updating countdown to 7325
[23:11:29.252] [SEVERE ] updating countdown to 7229
[23:11:29.347] [SEVERE ] updating countdown to 7134
[23:11:29.442] [SEVERE ] updating countdown to 7039
[23:11:29.538] [SEVERE ] updating countdown to 6943
[23:11:29.634] [SEVERE ] updating countdown to 6847
[23:11:29.729] [SEVERE ] updating countdown to 6752
[23:11:29.824] [SEVERE ] updating countdown to 6657
[23:11:29.920] [SEVERE ] updating countdown to 6561
[23:11:30.016] [SEVERE ] updating countdown to 6465
[23:11:30.111] [SEVERE ] updating countdown to 6370
[23:11:30.207] [SEVERE ] updating countdown to 6274
[23:11:30.303] [SEVERE ] updating countdown to 6178
[23:11:30.399] [SEVERE ] updating countdown to 6082
[23:11:30.494] [SEVERE ] updating countdown to 5987
[23:11:30.590] [SEVERE ] updating countdown to 5891
[23:11:30.685] [SEVERE ] updating countdown to 5796
[23:11:30.781] [SEVERE ] updating countdown to 5700
[23:11:30.877] [SEVERE ] updating countdown to 5604
[23:11:30.972] [SEVERE ] updating countdown to 5509
[23:11:31.067] [SEVERE ] updating countdown to 5414
[23:11:31.163] [SEVERE ] updating countdown to 5318
[23:11:31.258] [SEVERE ] updating countdown to 5223
[23:11:31.353] [SEVERE ] updating countdown to 5128
[23:11:31.449] [SEVERE ] updating countdown to 5032
[23:11:36.514] [SEVERE ] updating countdown to 0
[23:11:36.619] [SEVERE ] removing tokens from slot 0
[23:11:36.619] [SEVERE ] removing card from slot 0
[23:11:36.729] [SEVERE ] removing tokens from slot 1
[23:11:36.729] [SEVERE ] removing card from slot 1
[23:11:36.840] [SEVERE ] removing tokens from slot 2
[23:11:36.840] [SEVERE ] removing card from slot 2
[23:11:36.950] [SEVERE ] removing tokens from slot 3
[23:11:36.950] [SEVERE ] removing card from slot 3
[23:11:37.059] [SEVERE ] removing tokens from slot 4
[23:11:37.059] [SEVERE ] removing card from slot 4
[23:11:37.171] [SEVERE ] removing tokens from slot 5
[23:11:37.171] [SEVERE ] removing card from slot 5
[23:11:37.280] [SEVERE ] removing tokens from slot 6
[23:11:37.280] [SEVERE ] removing card from slot 6
[23:11:37.390] [SEVERE ] removing tokens from slot 7
[23:11:37.390] [SEVERE ] removing card from slot 7
[23:11:37.500] [SEVERE ] removing tokens from slot 8
[23:11:37.500] [SEVERE ] removing card from slot 8
[23:11:37.610] [SEVERE ] removing tokens from slot 9
[23:11:37.610] [SEVERE ] removing card from slot 9
[23:11:37.719] [SEVERE ] removing tokens from slot 10
[23:11:37.719] [SEVERE ] removing card from slot 10
[23:11:37.828] [SEVERE ] removing tokens from slot 11
[23:11:37.828] [SEVERE ] removing card from slot 11
[23:11:37.939] [SEVERE ] placing card 53 in slot 0
[23:11:38.048] [SEVERE ] placing card 37 in slot 1
[23:11:38.158] [SEVERE ] placing card 1 in slot 2
[23:11:38.269] [SEVERE ] placing card 46 in slot 3
[23:11:38.379] [SEVERE ] placing card 66 in slot 4
[23:11:38.489] [SEVERE ] placing card 74 in slot 5
[23:11:38.598] [SEVERE ] placing card 59 in slot 6
[23:11:38.706] [SEVERE ] placing card 14 in slot 7
[23:11:38.815] [SEVERE ] placing card 21 in slot 8
[23:11:38.925] [SEVERE ] placing card 75 in slot 9
[23:11:39.036] [SEVERE ] placing card 32 in slot 10
[23:11:39.147] [SEVERE ] placing card 26 in slot 11
[23:11:39.147] [SEVERE ] updating countdown to 60000
