[23:18:39.551] [INFO   ] thread bguspl.set.Main.main() starting.
[23:18:39.556] [SEVERE ] cannot read configuration file config.properties trying from resources.
[23:18:39.557] [SEVERE ] configuration file was loaded from resources directory.
[23:18:40.186] [INFO   ] thread dealer starting.
[23:18:40.187] [INFO   ] thread dealer starting.
[23:18:40.188] [INFO   ] thread Thread-1 starting.
[23:18:40.188] [INFO   ] thread Thread-4 starting.
[23:18:40.188] [INFO   ] thread Thread-3 starting.
[23:18:40.188] [INFO   ] thread Thread-2 starting.
[23:18:40.190] [INFO   ] thread computer-3 starting.
[23:18:40.190] [INFO   ] thread computer-2 starting.
[23:18:40.303] [SEVERE ] placing card 64 in slot 0
[23:18:40.411] [SEVERE ] placing card 21 in slot 1
[23:18:40.520] [SEVERE ] placing card 66 in slot 2
[23:18:40.631] [SEVERE ] placing card 34 in slot 3
[23:18:40.742] [SEVERE ] placing card 47 in slot 4
[23:18:40.852] [SEVERE ] placing card 41 in slot 5
[23:18:40.963] [SEVERE ] placing card 37 in slot 6
[23:18:41.070] [SEVERE ] placing card 59 in slot 7
[23:18:41.180] [SEVERE ] placing card 13 in slot 8
[23:18:41.290] [SEVERE ] placing card 77 in slot 9
[23:18:41.398] [SEVERE ] placing card 50 in slot 10
[23:18:41.508] [SEVERE ] placing card 15 in slot 11
[23:18:41.508] [SEVERE ] updating countdown to 60000
[23:18:41.513] [SEVERE ] player 4 placing token on slot 2
[23:18:41.514] [SEVERE ] player 3 placing token on slot 9
[23:18:41.514] [SEVERE ] player 4 placing token on slot 5
[23:18:41.514] [SEVERE ] player 3 placing token on slot 4
[23:18:41.515] [SEVERE ] player 4 placing token on slot 3
[23:18:41.515] [SEVERE ] player 3 placing token on slot 1
[23:18:41.516] [SEVERE ] setting player 4 freeze to 3000
[23:18:41.516] [SEVERE ] updating countdown to 59992
[23:18:41.613] [SEVERE ] updating countdown to 59895
[23:18:41.613] [SEVERE ] setting player 3 freeze to 3000
[23:18:41.709] [SEVERE ] updating countdown to 59799
[23:18:41.804] [SEVERE ] updating countdown to 59704
[23:18:41.899] [SEVERE ] updating countdown to 59609
[23:18:41.995] [SEVERE ] updating countdown to 59513
[23:18:42.091] [SEVERE ] updating countdown to 59417
[23:18:42.142] [SEVERE ] key 83 was pressed by player 1
[23:18:42.142] [SEVERE ] player 1 placing token on slot 5
[23:18:42.186] [SEVERE ] updating countdown to 59322
[23:18:42.282] [SEVERE ] updating countdown to 59226
[23:18:42.377] [SEVERE ] updating countdown to 59131
[23:18:42.473] [SEVERE ] updating countdown to 59035
[23:18:42.569] [SEVERE ] updating countdown to 58939
[23:18:42.591] [SEVERE ] key 81 was pressed by player 1
[23:18:42.591] [SEVERE ] player 1 placing token on slot 0
[23:18:42.665] [SEVERE ] updating countdown to 58843
[23:18:42.760] [SEVERE ] updating countdown to 58748
[23:18:42.856] [SEVERE ] updating countdown to 58652
[23:18:42.952] [SEVERE ] updating countdown to 58556
[23:18:43.048] [SEVERE ] updating countdown to 58460
[23:18:43.143] [SEVERE ] updating countdown to 58365
[23:18:43.217] [SEVERE ] key 68 was pressed by player 1
[23:18:43.218] [SEVERE ] player 1 placing token on slot 6
[23:18:43.218] [SEVERE ] updating countdown to 58290
[23:18:43.218] [SEVERE ] setting player 1 freeze to 3000
[23:18:43.314] [SEVERE ] updating countdown to 58194
[23:18:43.410] [SEVERE ] updating countdown to 58098
[23:18:43.505] [SEVERE ] updating countdown to 58003
[23:18:43.601] [SEVERE ] updating countdown to 57907
[23:18:43.696] [SEVERE ] updating countdown to 57812
[23:18:43.792] [SEVERE ] updating countdown to 57716
[23:18:43.887] [SEVERE ] updating countdown to 57621
[23:18:43.982] [SEVERE ] updating countdown to 57526
[23:18:44.077] [SEVERE ] updating countdown to 57431
[23:18:44.173] [SEVERE ] updating countdown to 57335
[23:18:44.269] [SEVERE ] updating countdown to 57239
[23:18:44.364] [SEVERE ] updating countdown to 57144
[23:18:44.459] [SEVERE ] updating countdown to 57049
[23:18:44.553] [SEVERE ] exit button pressed
[23:18:44.553] [INFO   ] thread computer-3 terminated.
[23:18:44.554] [SEVERE ] updating countdown to 56954
[23:18:44.650] [SEVERE ] updating countdown to 56858
[23:18:44.746] [SEVERE ] updating countdown to 56762
[23:18:44.842] [SEVERE ] updating countdown to 56666
[23:18:44.937] [SEVERE ] updating countdown to 56571
[23:18:45.033] [SEVERE ] updating countdown to 56475
[23:18:45.129] [SEVERE ] updating countdown to 56379
[23:18:45.224] [SEVERE ] updating countdown to 56284
[23:18:45.319] [SEVERE ] updating countdown to 56189
[23:18:45.415] [SEVERE ] updating countdown to 56093
[23:18:45.511] [SEVERE ] updating countdown to 55997
[23:18:45.606] [SEVERE ] updating countdown to 55902
[23:18:45.703] [SEVERE ] updating countdown to 55805
[23:18:45.799] [SEVERE ] updating countdown to 55709
[23:18:45.894] [SEVERE ] updating countdown to 55614
[23:18:45.990] [SEVERE ] updating countdown to 55518
[23:18:46.085] [SEVERE ] updating countdown to 55423
[23:18:46.180] [SEVERE ] updating countdown to 55328
[23:18:46.219] [SEVERE ] setting player 1 freeze to 0
[23:18:46.275] [SEVERE ] updating countdown to 55233
[23:18:46.370] [SEVERE ] updating countdown to 55138
[23:18:46.466] [SEVERE ] updating countdown to 55042
[23:18:46.561] [SEVERE ] updating countdown to 54947
[23:18:46.657] [SEVERE ] updating countdown to 54851
[23:18:46.752] [SEVERE ] updating countdown to 54756
[23:18:46.848] [SEVERE ] updating countdown to 54660
[23:18:46.943] [SEVERE ] updating countdown to 54565
[23:18:47.038] [SEVERE ] updating countdown to 54470
[23:18:47.134] [SEVERE ] updating countdown to 54374
[23:18:47.229] [SEVERE ] updating countdown to 54279
[23:18:47.325] [SEVERE ] updating countdown to 54183
[23:18:47.421] [SEVERE ] updating countdown to 54087
[23:18:47.516] [SEVERE ] updating countdown to 53992
[23:18:47.530] [SEVERE ] setting player 4 freeze to 0
[23:18:47.531] [INFO   ] thread Thread-4 terminated.
[23:18:47.531] [INFO   ] thread computer-2 terminated.
[23:18:47.611] [SEVERE ] updating countdown to 53897
[23:18:47.617] [SEVERE ] setting player 3 freeze to 0
[23:18:47.618] [INFO   ] thread Thread-3 terminated.
[23:18:47.706] [SEVERE ] updating countdown to 53802
[23:18:47.801] [SEVERE ] updating countdown to 53707
[23:18:47.897] [SEVERE ] updating countdown to 53611
[23:18:47.992] [SEVERE ] updating countdown to 53516
[23:18:48.088] [SEVERE ] updating countdown to 53420
[23:18:48.184] [SEVERE ] updating countdown to 53324
[23:18:48.280] [SEVERE ] updating countdown to 53228
[23:18:48.375] [SEVERE ] updating countdown to 53133
[23:18:48.470] [SEVERE ] updating countdown to 53038
[23:18:48.566] [SEVERE ] updating countdown to 52942
[23:18:48.662] [SEVERE ] updating countdown to 52846
[23:18:48.758] [SEVERE ] updating countdown to 52750
[23:18:48.854] [SEVERE ] updating countdown to 52654
[23:18:48.950] [SEVERE ] updating countdown to 52558
[23:18:49.045] [SEVERE ] updating countdown to 52463
[23:18:49.140] [SEVERE ] updating countdown to 52368
[23:18:49.236] [SEVERE ] updating countdown to 52272
[23:18:49.331] [SEVERE ] updating countdown to 52177
[23:18:49.427] [SEVERE ] updating countdown to 52081
[23:18:49.522] [SEVERE ] updating countdown to 51986
[23:18:49.617] [SEVERE ] updating countdown to 51891
[23:18:49.713] [SEVERE ] updating countdown to 51795
[23:18:49.809] [SEVERE ] updating countdown to 51699
[23:18:49.904] [SEVERE ] updating countdown to 51604
[23:18:49.999] [SEVERE ] updating countdown to 51509
[23:18:50.094] [SEVERE ] updating countdown to 51414
[23:18:50.189] [SEVERE ] updating countdown to 51319
[23:18:50.285] [SEVERE ] updating countdown to 51223
[23:18:50.381] [SEVERE ] updating countdown to 51127
[23:18:50.476] [SEVERE ] updating countdown to 51032
[23:18:50.571] [SEVERE ] updating countdown to 50937
[23:18:50.666] [SEVERE ] updating countdown to 50842
[23:18:50.762] [SEVERE ] updating countdown to 50746
[23:18:50.857] [SEVERE ] updating countdown to 50651
[23:18:50.952] [SEVERE ] updating countdown to 50556
[23:18:51.047] [SEVERE ] updating countdown to 50461
[23:18:51.142] [SEVERE ] updating countdown to 50366
[23:18:51.237] [SEVERE ] updating countdown to 50271
[23:18:51.333] [SEVERE ] updating countdown to 50175
[23:18:51.428] [SEVERE ] updating countdown to 50080
[23:18:51.524] [SEVERE ] updating countdown to 49984
[23:18:51.620] [SEVERE ] updating countdown to 49888
[23:18:51.716] [SEVERE ] updating countdown to 49792
[23:18:51.812] [SEVERE ] updating countdown to 49696
[23:18:51.908] [SEVERE ] updating countdown to 49600
[23:18:52.004] [SEVERE ] updating countdown to 49504
[23:18:52.100] [SEVERE ] updating countdown to 49408
[23:18:52.196] [SEVERE ] updating countdown to 49312
[23:18:52.292] [SEVERE ] updating countdown to 49216
[23:18:52.388] [SEVERE ] updating countdown to 49120
[23:18:52.484] [SEVERE ] updating countdown to 49024
[23:18:52.580] [SEVERE ] updating countdown to 48928
[23:18:52.676] [SEVERE ] updating countdown to 48832
[23:18:52.773] [SEVERE ] updating countdown to 48735
[23:18:52.869] [SEVERE ] updating countdown to 48639
[23:18:52.965] [SEVERE ] updating countdown to 48543
[23:18:53.061] [SEVERE ] updating countdown to 48447
[23:18:53.156] [SEVERE ] updating countdown to 48352
[23:18:53.252] [SEVERE ] updating countdown to 48256
[23:18:53.347] [SEVERE ] updating countdown to 48161
[23:18:53.442] [SEVERE ] updating countdown to 48066
[23:18:53.538] [SEVERE ] updating countdown to 47970
[23:18:53.634] [SEVERE ] updating countdown to 47874
[23:18:53.730] [SEVERE ] updating countdown to 47778
[23:18:53.825] [SEVERE ] updating countdown to 47683
[23:18:53.920] [SEVERE ] updating countdown to 47588
[23:18:54.015] [SEVERE ] updating countdown to 47493
[23:18:54.111] [SEVERE ] updating countdown to 47397
[23:18:54.206] [SEVERE ] updating countdown to 47302
[23:18:54.302] [SEVERE ] updating countdown to 47206
[23:18:54.398] [SEVERE ] updating countdown to 47110
[23:18:54.493] [SEVERE ] updating countdown to 47015
[23:18:54.589] [SEVERE ] updating countdown to 46919
[23:18:54.685] [SEVERE ] updating countdown to 46823
[23:18:54.781] [SEVERE ] updating countdown to 46727
[23:18:54.876] [SEVERE ] updating countdown to 46632
[23:18:54.971] [SEVERE ] updating countdown to 46537
[23:18:55.066] [SEVERE ] updating countdown to 46442
[23:18:55.162] [SEVERE ] updating countdown to 46346
[23:18:55.257] [SEVERE ] updating countdown to 46251
[23:18:55.353] [SEVERE ] updating countdown to 46155
[23:18:55.448] [SEVERE ] updating countdown to 46060
[23:18:55.543] [SEVERE ] updating countdown to 45965
[23:18:55.639] [SEVERE ] updating countdown to 45869
[23:18:55.735] [SEVERE ] updating countdown to 45773
[23:18:55.831] [SEVERE ] updating countdown to 45677
[23:18:55.926] [SEVERE ] updating countdown to 45582
[23:18:56.021] [SEVERE ] updating countdown to 45487
[23:18:56.116] [SEVERE ] updating countdown to 45392
[23:18:56.212] [SEVERE ] updating countdown to 45296
[23:18:56.307] [SEVERE ] updating countdown to 45201
[23:18:56.403] [SEVERE ] updating countdown to 45105
[23:18:56.498] [SEVERE ] updating countdown to 45010
[23:18:56.593] [SEVERE ] updating countdown to 44915
[23:18:56.688] [SEVERE ] updating countdown to 44820
[23:18:56.783] [SEVERE ] updating countdown to 44725
[23:18:56.878] [SEVERE ] updating countdown to 44630
[23:18:56.974] [SEVERE ] updating countdown to 44534
[23:18:57.070] [SEVERE ] updating countdown to 44438
[23:18:57.166] [SEVERE ] updating countdown to 44342
[23:18:57.262] [SEVERE ] updating countdown to 44246
[23:18:57.358] [SEVERE ] updating countdown to 44150
[23:18:57.454] [SEVERE ] updating countdown to 44054
[23:18:57.549] [SEVERE ] updating countdown to 43959
[23:18:57.644] [SEVERE ] updating countdown to 43864
[23:18:57.739] [SEVERE ] updating countdown to 43769
[23:18:57.835] [SEVERE ] updating countdown to 43673
[23:18:57.931] [SEVERE ] updating countdown to 43577
[23:18:58.026] [SEVERE ] updating countdown to 43482
[23:18:58.122] [SEVERE ] updating countdown to 43386
[23:18:58.217] [SEVERE ] updating countdown to 43291
[23:18:58.313] [SEVERE ] updating countdown to 43195
[23:18:58.408] [SEVERE ] updating countdown to 43100
[23:18:58.503] [SEVERE ] updating countdown to 43005
[23:18:58.598] [SEVERE ] updating countdown to 42910
[23:18:58.693] [SEVERE ] updating countdown to 42815
[23:18:58.789] [SEVERE ] updating countdown to 42719
[23:18:58.885] [SEVERE ] updating countdown to 42623
[23:18:58.981] [SEVERE ] updating countdown to 42527
[23:18:59.077] [SEVERE ] updating countdown to 42431
[23:18:59.173] [SEVERE ] updating countdown to 42335
[23:18:59.269] [SEVERE ] updating countdown to 42239
[23:18:59.364] [SEVERE ] updating countdown to 42144
[23:18:59.459] [SEVERE ] updating countdown to 42049
[23:18:59.554] [SEVERE ] updating countdown to 41954
[23:18:59.650] [SEVERE ] updating countdown to 41858
[23:18:59.746] [SEVERE ] updating countdown to 41762
[23:18:59.841] [SEVERE ] updating countdown to 41667
[23:18:59.937] [SEVERE ] updating countdown to 41571
[23:19:00.032] [SEVERE ] updating countdown to 41476
[23:19:00.127] [SEVERE ] updating countdown to 41381
[23:19:00.223] [SEVERE ] updating countdown to 41285
[23:19:00.318] [SEVERE ] updating countdown to 41190
[23:19:00.414] [SEVERE ] updating countdown to 41094
[23:19:00.509] [SEVERE ] updating countdown to 40999
[23:19:00.605] [SEVERE ] updating countdown to 40903
[23:19:00.700] [SEVERE ] updating countdown to 40808
[23:19:00.795] [SEVERE ] updating countdown to 40713
[23:19:00.891] [SEVERE ] updating countdown to 40617
[23:19:00.987] [SEVERE ] updating countdown to 40521
[23:19:01.083] [SEVERE ] updating countdown to 40425
[23:19:01.179] [SEVERE ] updating countdown to 40329
[23:19:01.274] [SEVERE ] updating countdown to 40234
[23:19:01.369] [SEVERE ] updating countdown to 40139
[23:19:01.465] [SEVERE ] updating countdown to 40043
[23:19:01.561] [SEVERE ] updating countdown to 39947
[23:19:01.657] [SEVERE ] updating countdown to 39851
[23:19:01.752] [SEVERE ] updating countdown to 39756
[23:19:01.847] [SEVERE ] updating countdown to 39661
[23:19:01.943] [SEVERE ] updating countdown to 39565
[23:19:02.039] [SEVERE ] updating countdown to 39469
[23:19:02.134] [SEVERE ] updating countdown to 39374
[23:19:02.230] [SEVERE ] updating countdown to 39278
[23:19:02.325] [SEVERE ] updating countdown to 39183
[23:19:02.421] [SEVERE ] updating countdown to 39087
[23:19:02.516] [SEVERE ] updating countdown to 38992
[23:19:02.612] [SEVERE ] updating countdown to 38896
[23:19:02.707] [SEVERE ] updating countdown to 38801
[23:19:02.803] [SEVERE ] updating countdown to 38705
[23:19:02.899] [SEVERE ] updating countdown to 38609
[23:19:02.995] [SEVERE ] updating countdown to 38513
[23:19:03.091] [SEVERE ] updating countdown to 38417
[23:19:03.187] [SEVERE ] updating countdown to 38321
[23:19:03.283] [SEVERE ] updating countdown to 38225
[23:19:03.379] [SEVERE ] updating countdown to 38129
[23:19:03.474] [SEVERE ] updating countdown to 38034
[23:19:03.570] [SEVERE ] updating countdown to 37938
[23:19:03.665] [SEVERE ] updating countdown to 37843
[23:19:03.761] [SEVERE ] updating countdown to 37747
[23:19:03.856] [SEVERE ] updating countdown to 37652
[23:19:03.952] [SEVERE ] updating countdown to 37556
[23:19:04.047] [SEVERE ] updating countdown to 37461
[23:19:04.143] [SEVERE ] updating countdown to 37365
[23:19:04.238] [SEVERE ] updating countdown to 37270
[23:19:04.334] [SEVERE ] updating countdown to 37174
[23:19:04.430] [SEVERE ] updating countdown to 37078
[23:19:04.526] [SEVERE ] updating countdown to 36982
[23:19:04.622] [SEVERE ] updating countdown to 36886
[23:19:04.717] [SEVERE ] updating countdown to 36791
[23:19:04.813] [SEVERE ] updating countdown to 36695
[23:19:04.908] [SEVERE ] updating countdown to 36600
[23:19:05.004] [SEVERE ] updating countdown to 36504
[23:19:05.100] [SEVERE ] updating countdown to 36408
[23:19:05.196] [SEVERE ] updating countdown to 36312
[23:19:05.292] [SEVERE ] updating countdown to 36216
[23:19:05.388] [SEVERE ] updating countdown to 36120
[23:19:05.484] [SEVERE ] updating countdown to 36024
[23:19:05.580] [SEVERE ] updating countdown to 35928
[23:19:05.676] [SEVERE ] updating countdown to 35832
[23:19:05.772] [SEVERE ] updating countdown to 35736
[23:19:05.867] [SEVERE ] updating countdown to 35641
[23:19:05.963] [SEVERE ] updating countdown to 35545
[23:19:06.058] [SEVERE ] updating countdown to 35450
[23:19:06.154] [SEVERE ] updating countdown to 35354
[23:19:06.249] [SEVERE ] updating countdown to 35259
[23:19:06.345] [SEVERE ] updating countdown to 35163
[23:19:06.440] [SEVERE ] updating countdown to 35068
[23:19:06.535] [SEVERE ] updating countdown to 34973
[23:19:06.631] [SEVERE ] updating countdown to 34877
[23:19:06.727] [SEVERE ] updating countdown to 34781
[23:19:06.823] [SEVERE ] updating countdown to 34685
[23:19:06.918] [SEVERE ] updating countdown to 34590
[23:19:07.014] [SEVERE ] updating countdown to 34494
[23:19:07.109] [SEVERE ] updating countdown to 34399
[23:19:07.205] [SEVERE ] updating countdown to 34303
[23:19:07.300] [SEVERE ] updating countdown to 34208
[23:19:07.395] [SEVERE ] updating countdown to 34113
[23:19:07.491] [SEVERE ] updating countdown to 34017
[23:19:07.586] [SEVERE ] updating countdown to 33922
[23:19:07.682] [SEVERE ] updating countdown to 33826
[23:19:07.778] [SEVERE ] updating countdown to 33730
[23:19:07.874] [SEVERE ] updating countdown to 33634
[23:19:07.969] [SEVERE ] updating countdown to 33539
[23:19:08.065] [SEVERE ] updating countdown to 33443
[23:19:08.160] [SEVERE ] updating countdown to 33348
[23:19:08.256] [SEVERE ] updating countdown to 33252
[23:19:08.351] [SEVERE ] updating countdown to 33157
[23:19:08.446] [SEVERE ] updating countdown to 33062
[23:19:08.541] [SEVERE ] updating countdown to 32967
[23:19:08.637] [SEVERE ] updating countdown to 32871
[23:19:08.732] [SEVERE ] updating countdown to 32776
[23:19:08.828] [SEVERE ] updating countdown to 32680
[23:19:08.924] [SEVERE ] updating countdown to 32584
[23:19:09.020] [SEVERE ] updating countdown to 32488
[23:19:09.115] [SEVERE ] updating countdown to 32393
[23:19:09.211] [SEVERE ] updating countdown to 32297
[23:19:09.306] [SEVERE ] updating countdown to 32202
[23:19:09.401] [SEVERE ] updating countdown to 32107
[23:19:09.496] [SEVERE ] updating countdown to 32012
[23:19:09.591] [SEVERE ] updating countdown to 31917
[23:19:09.686] [SEVERE ] updating countdown to 31822
[23:19:09.781] [SEVERE ] updating countdown to 31727
[23:19:09.876] [SEVERE ] updating countdown to 31632
[23:19:09.972] [SEVERE ] updating countdown to 31536
[23:19:10.067] [SEVERE ] updating countdown to 31441
[23:19:10.163] [SEVERE ] updating countdown to 31345
[23:19:10.259] [SEVERE ] updating countdown to 31249
[23:19:10.355] [SEVERE ] updating countdown to 31153
[23:19:10.451] [SEVERE ] updating countdown to 31057
[23:19:10.546] [SEVERE ] updating countdown to 30962
[23:19:10.642] [SEVERE ] updating countdown to 30866
[23:19:10.737] [SEVERE ] updating countdown to 30771
[23:19:10.832] [SEVERE ] updating countdown to 30676
[23:19:10.927] [SEVERE ] updating countdown to 30581
[23:19:11.023] [SEVERE ] updating countdown to 30485
[23:19:11.118] [SEVERE ] updating countdown to 30390
[23:19:11.213] [SEVERE ] updating countdown to 30295
[23:19:11.309] [SEVERE ] updating countdown to 30199
[23:19:11.405] [SEVERE ] updating countdown to 30103
[23:19:11.500] [SEVERE ] updating countdown to 30008
[23:19:11.595] [SEVERE ] updating countdown to 29913
[23:19:11.691] [SEVERE ] updating countdown to 29817
[23:19:11.787] [SEVERE ] updating countdown to 29721
[23:19:11.883] [SEVERE ] updating countdown to 29625
[23:19:11.978] [SEVERE ] updating countdown to 29530
[23:19:12.073] [SEVERE ] updating countdown to 29435
[23:19:12.169] [SEVERE ] updating countdown to 29339
[23:19:12.265] [SEVERE ] updating countdown to 29243
[23:19:12.361] [SEVERE ] updating countdown to 29147
[23:19:12.456] [SEVERE ] updating countdown to 29052
[23:19:12.551] [SEVERE ] updating countdown to 28957
[23:19:12.647] [SEVERE ] updating countdown to 28861
[23:19:12.742] [SEVERE ] updating countdown to 28766
[23:19:12.837] [SEVERE ] updating countdown to 28671
[23:19:12.933] [SEVERE ] updating countdown to 28575
[23:19:13.029] [SEVERE ] updating countdown to 28479
[23:19:13.125] [SEVERE ] updating countdown to 28383
[23:19:13.221] [SEVERE ] updating countdown to 28287
[23:19:13.316] [SEVERE ] updating countdown to 28192
[23:19:13.411] [SEVERE ] updating countdown to 28097
[23:19:13.507] [SEVERE ] updating countdown to 28001
[23:19:13.603] [SEVERE ] updating countdown to 27905
[23:19:13.699] [SEVERE ] updating countdown to 27809
[23:19:13.794] [SEVERE ] updating countdown to 27714
[23:19:13.890] [SEVERE ] updating countdown to 27618
[23:19:13.985] [SEVERE ] updating countdown to 27523
[23:19:14.080] [SEVERE ] updating countdown to 27428
[23:19:14.176] [SEVERE ] updating countdown to 27332
[23:19:14.272] [SEVERE ] updating countdown to 27236
[23:19:14.367] [SEVERE ] updating countdown to 27141
[23:19:14.462] [SEVERE ] updating countdown to 27046
[23:19:14.558] [SEVERE ] updating countdown to 26950
[23:19:14.653] [SEVERE ] updating countdown to 26855
[23:19:14.749] [SEVERE ] updating countdown to 26759
[23:19:14.845] [SEVERE ] updating countdown to 26663
[23:19:14.940] [SEVERE ] updating countdown to 26568
[23:19:15.035] [SEVERE ] updating countdown to 26473
[23:19:15.130] [SEVERE ] updating countdown to 26378
[23:19:15.226] [SEVERE ] updating countdown to 26282
[23:19:15.322] [SEVERE ] updating countdown to 26186
[23:19:15.417] [SEVERE ] updating countdown to 26091
[23:19:15.513] [SEVERE ] updating countdown to 25995
[23:19:15.609] [SEVERE ] updating countdown to 25899
[23:19:15.705] [SEVERE ] updating countdown to 25803
[23:19:15.800] [SEVERE ] updating countdown to 25708
[23:19:15.896] [SEVERE ] updating countdown to 25612
[23:19:15.991] [SEVERE ] updating countdown to 25517
[23:19:16.087] [SEVERE ] updating countdown to 25421
[23:19:16.183] [SEVERE ] updating countdown to 25325
[23:19:16.278] [SEVERE ] updating countdown to 25230
[23:19:16.373] [SEVERE ] updating countdown to 25135
[23:19:16.468] [SEVERE ] updating countdown to 25040
[23:19:16.564] [SEVERE ] updating countdown to 24944
[23:19:16.659] [SEVERE ] updating countdown to 24849
[23:19:16.755] [SEVERE ] updating countdown to 24753
[23:19:16.850] [SEVERE ] updating countdown to 24658
[23:19:16.945] [SEVERE ] updating countdown to 24563
[23:19:17.040] [SEVERE ] updating countdown to 24468
[23:19:17.136] [SEVERE ] updating countdown to 24372
[23:19:17.232] [SEVERE ] updating countdown to 24276
[23:19:17.328] [SEVERE ] updating countdown to 24180
[23:19:17.424] [SEVERE ] updating countdown to 24084
[23:19:17.519] [SEVERE ] updating countdown to 23989
[23:19:17.614] [SEVERE ] updating countdown to 23894
[23:19:17.710] [SEVERE ] updating countdown to 23798
[23:19:17.806] [SEVERE ] updating countdown to 23702
[23:19:17.901] [SEVERE ] updating countdown to 23607
[23:19:17.996] [SEVERE ] updating countdown to 23512
[23:19:18.092] [SEVERE ] updating countdown to 23416
[23:19:18.188] [SEVERE ] updating countdown to 23320
[23:19:18.283] [SEVERE ] updating countdown to 23225
[23:19:18.378] [SEVERE ] updating countdown to 23130
[23:19:18.473] [SEVERE ] updating countdown to 23035
[23:19:18.568] [SEVERE ] updating countdown to 22940
[23:19:18.663] [SEVERE ] updating countdown to 22845
[23:19:18.759] [SEVERE ] updating countdown to 22749
[23:19:18.855] [SEVERE ] updating countdown to 22653
[23:19:18.950] [SEVERE ] updating countdown to 22558
[23:19:19.045] [SEVERE ] updating countdown to 22463
[23:19:19.141] [SEVERE ] updating countdown to 22367
[23:19:19.237] [SEVERE ] updating countdown to 22271
[23:19:19.332] [SEVERE ] updating countdown to 22176
[23:19:19.427] [SEVERE ] updating countdown to 22081
[23:19:19.522] [SEVERE ] updating countdown to 21986
[23:19:19.618] [SEVERE ] updating countdown to 21890
[23:19:19.713] [SEVERE ] updating countdown to 21795
[23:19:19.809] [SEVERE ] updating countdown to 21699
[23:19:19.904] [SEVERE ] updating countdown to 21604
[23:19:20.000] [SEVERE ] updating countdown to 21508
[23:19:20.096] [SEVERE ] updating countdown to 21412
[23:19:20.191] [SEVERE ] updating countdown to 21317
[23:19:20.287] [SEVERE ] updating countdown to 21221
[23:19:20.382] [SEVERE ] updating countdown to 21126
[23:19:20.477] [SEVERE ] updating countdown to 21031
[23:19:20.572] [SEVERE ] updating countdown to 20936
[23:19:20.668] [SEVERE ] updating countdown to 20840
[23:19:20.763] [SEVERE ] updating countdown to 20745
[23:19:20.858] [SEVERE ] updating countdown to 20650
[23:19:20.953] [SEVERE ] updating countdown to 20555
[23:19:21.049] [SEVERE ] updating countdown to 20459
[23:19:21.145] [SEVERE ] updating countdown to 20363
[23:19:21.241] [SEVERE ] updating countdown to 20267
[23:19:21.337] [SEVERE ] updating countdown to 20171
[23:19:21.432] [SEVERE ] updating countdown to 20076
[23:19:21.528] [SEVERE ] updating countdown to 19980
[23:19:21.624] [SEVERE ] updating countdown to 19884
[23:19:21.719] [SEVERE ] updating countdown to 19789
[23:19:21.814] [SEVERE ] updating countdown to 19694
[23:19:21.909] [SEVERE ] updating countdown to 19599
[23:19:22.005] [SEVERE ] updating countdown to 19503
[23:19:22.101] [SEVERE ] updating countdown to 19407
[23:19:22.196] [SEVERE ] updating countdown to 19312
[23:19:22.291] [SEVERE ] updating countdown to 19217
[23:19:22.387] [SEVERE ] updating countdown to 19121
[23:19:22.483] [SEVERE ] updating countdown to 19025
[23:19:22.578] [SEVERE ] updating countdown to 18930
[23:19:22.674] [SEVERE ] updating countdown to 18834
[23:19:22.769] [SEVERE ] updating countdown to 18739
[23:19:22.864] [SEVERE ] updating countdown to 18644
[23:19:22.960] [SEVERE ] updating countdown to 18548
[23:19:23.056] [SEVERE ] updating countdown to 18452
[23:19:23.151] [SEVERE ] updating countdown to 18357
[23:19:23.246] [SEVERE ] updating countdown to 18262
[23:19:23.342] [SEVERE ] updating countdown to 18166
[23:19:23.438] [SEVERE ] updating countdown to 18070
[23:19:23.533] [SEVERE ] updating countdown to 17975
[23:19:23.628] [SEVERE ] updating countdown to 17880
[23:19:23.723] [SEVERE ] updating countdown to 17785
[23:19:23.819] [SEVERE ] updating countdown to 17689
[23:19:23.915] [SEVERE ] updating countdown to 17593
[23:19:24.011] [SEVERE ] updating countdown to 17497
[23:19:24.106] [SEVERE ] updating countdown to 17402
[23:19:24.201] [SEVERE ] updating countdown to 17307
[23:19:24.297] [SEVERE ] updating countdown to 17211
[23:19:24.393] [SEVERE ] updating countdown to 17115
[23:19:24.489] [SEVERE ] updating countdown to 17019
[23:19:24.585] [SEVERE ] updating countdown to 16923
[23:19:24.680] [SEVERE ] updating countdown to 16828
[23:19:24.775] [SEVERE ] updating countdown to 16733
[23:19:24.871] [SEVERE ] updating countdown to 16637
[23:19:24.966] [SEVERE ] updating countdown to 16542
[23:19:25.061] [SEVERE ] updating countdown to 16447
[23:19:25.156] [SEVERE ] updating countdown to 16352
[23:19:25.252] [SEVERE ] updating countdown to 16256
[23:19:25.348] [SEVERE ] updating countdown to 16160
[23:19:25.444] [SEVERE ] updating countdown to 16064
[23:19:25.539] [SEVERE ] updating countdown to 15969
[23:19:25.635] [SEVERE ] updating countdown to 15873
[23:19:25.730] [SEVERE ] updating countdown to 15778
[23:19:25.826] [SEVERE ] updating countdown to 15682
[23:19:25.921] [SEVERE ] updating countdown to 15587
[23:19:26.017] [SEVERE ] updating countdown to 15491
[23:19:26.112] [SEVERE ] updating countdown to 15396
[23:19:26.208] [SEVERE ] updating countdown to 15300
[23:19:26.304] [SEVERE ] updating countdown to 15204
[23:19:26.400] [SEVERE ] updating countdown to 15108
[23:19:26.496] [SEVERE ] updating countdown to 15012
[23:19:26.592] [SEVERE ] updating countdown to 14916
[23:19:26.688] [SEVERE ] updating countdown to 14820
[23:19:26.784] [SEVERE ] updating countdown to 14724
[23:19:26.879] [SEVERE ] updating countdown to 14629
[23:19:26.974] [SEVERE ] updating countdown to 14534
[23:19:27.070] [SEVERE ] updating countdown to 14438
[23:19:27.166] [SEVERE ] updating countdown to 14342
[23:19:27.261] [SEVERE ] updating countdown to 14247
[23:19:27.357] [SEVERE ] updating countdown to 14151
[23:19:27.452] [SEVERE ] updating countdown to 14056
[23:19:27.547] [SEVERE ] updating countdown to 13961
[23:19:27.643] [SEVERE ] updating countdown to 13865
[23:19:27.739] [SEVERE ] updating countdown to 13769
[23:19:27.835] [SEVERE ] updating countdown to 13673
[23:19:27.930] [SEVERE ] updating countdown to 13578
[23:19:28.025] [SEVERE ] updating countdown to 13483
[23:19:28.121] [SEVERE ] updating countdown to 13387
[23:19:28.216] [SEVERE ] updating countdown to 13292
[23:19:28.311] [SEVERE ] updating countdown to 13197
[23:19:28.407] [SEVERE ] updating countdown to 13101
[23:19:28.503] [SEVERE ] updating countdown to 13005
[23:19:28.598] [SEVERE ] updating countdown to 12910
[23:19:28.693] [SEVERE ] updating countdown to 12815
[23:19:28.789] [SEVERE ] updating countdown to 12719
[23:19:28.884] [SEVERE ] updating countdown to 12624
[23:19:28.980] [SEVERE ] updating countdown to 12528
