[23:08:26.418] [INFO   ] thread bguspl.set.Main.main() starting.
[23:08:26.422] [SEVERE ] cannot read configuration file config.properties trying from resources.
[23:08:26.423] [SEVERE ] configuration file was loaded from resources directory.
[23:08:26.970] [INFO   ] thread dealer starting.
[23:08:26.971] [INFO   ] thread dealer starting.
[23:08:26.971] [INFO   ] thread Thread-1 starting.
[23:08:26.971] [INFO   ] thread Thread-4 starting.
[23:08:26.971] [INFO   ] thread Thread-3 starting.
[23:08:26.971] [INFO   ] thread Thread-2 starting.
[23:08:26.975] [INFO   ] thread computer-3 starting.
[23:08:26.975] [INFO   ] thread computer-2 starting.
[23:08:27.086] [SEVERE ] placing card 75 in slot 0
[23:08:27.198] [SEVERE ] placing card 4 in slot 1
[23:08:27.309] [SEVERE ] placing card 20 in slot 2
[23:08:27.419] [SEVERE ] placing card 69 in slot 3
[23:08:27.528] [SEVERE ] placing card 41 in slot 4
[23:08:27.638] [SEVERE ] placing card 36 in slot 5
[23:08:27.750] [SEVERE ] placing card 43 in slot 6
[23:08:27.859] [SEVERE ] placing card 59 in slot 7
[23:08:27.970] [SEVERE ] placing card 23 in slot 8
[23:08:28.077] [SEVERE ] placing card 7 in slot 9
[23:08:28.186] [SEVERE ] placing card 8 in slot 10
[23:08:28.296] [SEVERE ] placing card 71 in slot 11
[23:08:28.296] [SEVERE ] updating countdown to 60000
[23:08:28.298] [SEVERE ] player 3 placing token on slot 7
[23:08:28.299] [SEVERE ] player 4 placing token on slot 2
[23:08:28.299] [SEVERE ] player 4 placing token on slot 4
[23:08:28.300] [SEVERE ] player 4 placing token on slot 9
[23:08:28.299] [SEVERE ] player 3 placing token on slot 8
[23:08:28.300] [SEVERE ] player 3 placing token on slot 0
[23:08:28.301] [SEVERE ] updating countdown to 59995
[23:08:28.301] [SEVERE ] setting player 4 freeze to 3000
[23:08:28.397] [SEVERE ] updating countdown to 59899
[23:08:28.397] [SEVERE ] setting player 3 freeze to 3000
[23:08:28.492] [SEVERE ] updating countdown to 59804
[23:08:28.587] [SEVERE ] updating countdown to 59709
[23:08:28.683] [SEVERE ] updating countdown to 59613
[23:08:28.778] [SEVERE ] updating countdown to 59518
[23:08:28.873] [SEVERE ] updating countdown to 59423
[23:08:28.969] [SEVERE ] updating countdown to 59327
[23:08:29.065] [SEVERE ] updating countdown to 59231
[23:08:29.160] [SEVERE ] updating countdown to 59136
[23:08:29.255] [SEVERE ] updating countdown to 59041
[23:08:29.351] [SEVERE ] updating countdown to 58945
[23:08:29.447] [SEVERE ] updating countdown to 58849
[23:08:29.542] [SEVERE ] updating countdown to 58754
[23:08:29.638] [SEVERE ] updating countdown to 58658
[23:08:29.734] [SEVERE ] updating countdown to 58562
[23:08:29.829] [SEVERE ] updating countdown to 58467
[23:08:29.924] [SEVERE ] updating countdown to 58372
[23:08:30.020] [SEVERE ] updating countdown to 58276
[23:08:30.115] [SEVERE ] updating countdown to 58181
[23:08:30.210] [SEVERE ] updating countdown to 58086
[23:08:30.242] [SEVERE ] key 68 was pressed by player 1
[23:08:30.243] [SEVERE ] player 1 placing token on slot 6
[23:08:30.305] [SEVERE ] updating countdown to 57991
[23:08:30.400] [SEVERE ] updating countdown to 57896
[23:08:30.496] [SEVERE ] updating countdown to 57800
[23:08:30.591] [SEVERE ] updating countdown to 57705
[23:08:30.626] [SEVERE ] key 68 was pressed by player 1
[23:08:30.626] [SEVERE ] removing player 1 token from slot 6
[23:08:30.687] [SEVERE ] updating countdown to 57609
[23:08:30.730] [SEVERE ] key 83 was pressed by player 1
[23:08:30.730] [SEVERE ] player 1 placing token on slot 5
[23:08:30.783] [SEVERE ] updating countdown to 57513
[23:08:30.870] [SEVERE ] key 65 was pressed by player 1
[23:08:30.870] [SEVERE ] player 1 placing token on slot 4
[23:08:30.879] [SEVERE ] updating countdown to 57417
[23:08:30.974] [SEVERE ] updating countdown to 57322
[23:08:31.070] [SEVERE ] updating countdown to 57226
[23:08:31.099] [SEVERE ] key 87 was pressed by player 1
[23:08:31.099] [SEVERE ] player 1 placing token on slot 1
[23:08:31.100] [SEVERE ] updating countdown to 57196
[23:08:31.100] [SEVERE ] setting player 1 freeze to 3000
[23:08:31.195] [SEVERE ] updating countdown to 57101
[23:08:31.291] [SEVERE ] updating countdown to 57005
[23:08:31.387] [SEVERE ] updating countdown to 56909
[23:08:31.483] [SEVERE ] updating countdown to 56813
[23:08:31.578] [SEVERE ] updating countdown to 56718
[23:08:31.674] [SEVERE ] updating countdown to 56622
[23:08:31.769] [SEVERE ] updating countdown to 56527
[23:08:31.864] [SEVERE ] updating countdown to 56432
[23:08:31.960] [SEVERE ] updating countdown to 56336
[23:08:32.055] [SEVERE ] updating countdown to 56241
[23:08:32.150] [SEVERE ] updating countdown to 56146
[23:08:32.245] [SEVERE ] updating countdown to 56051
[23:08:32.310] [SEVERE ] exit button pressed
[23:08:32.311] [INFO   ] thread computer-3 terminated.
[23:08:32.340] [SEVERE ] updating countdown to 55956
[23:08:32.436] [SEVERE ] updating countdown to 55860
[23:08:32.532] [SEVERE ] updating countdown to 55764
[23:08:32.627] [SEVERE ] updating countdown to 55669
[23:08:32.722] [SEVERE ] updating countdown to 55574
[23:08:32.817] [SEVERE ] updating countdown to 55479
[23:08:32.913] [SEVERE ] updating countdown to 55383
[23:08:33.009] [SEVERE ] updating countdown to 55287
[23:08:33.104] [SEVERE ] updating countdown to 55192
[23:08:33.200] [SEVERE ] updating countdown to 55096
[23:08:33.296] [SEVERE ] updating countdown to 55000
[23:08:33.392] [SEVERE ] updating countdown to 54904
[23:08:33.488] [SEVERE ] updating countdown to 54808
[23:08:33.584] [SEVERE ] updating countdown to 54712
[23:08:33.679] [SEVERE ] updating countdown to 54617
[23:08:33.774] [SEVERE ] updating countdown to 54522
[23:08:33.870] [SEVERE ] updating countdown to 54426
[23:08:33.965] [SEVERE ] updating countdown to 54331
[23:08:34.061] [SEVERE ] updating countdown to 54235
[23:08:34.101] [SEVERE ] setting player 1 freeze to 0
[23:08:34.156] [SEVERE ] updating countdown to 54140
[23:08:34.251] [SEVERE ] updating countdown to 54045
[23:08:34.305] [SEVERE ] setting player 4 freeze to 0
[23:08:34.305] [INFO   ] thread Thread-4 terminated.
[23:08:34.305] [INFO   ] thread computer-2 terminated.
[23:08:34.347] [SEVERE ] updating countdown to 53949
[23:08:34.399] [SEVERE ] setting player 3 freeze to 0
[23:08:34.399] [INFO   ] thread Thread-3 terminated.
[23:08:34.442] [SEVERE ] updating countdown to 53854
[23:08:34.538] [SEVERE ] updating countdown to 53758
[23:08:34.633] [SEVERE ] updating countdown to 53663
[23:08:34.729] [SEVERE ] updating countdown to 53567
[23:08:34.824] [SEVERE ] updating countdown to 53472
[23:08:34.919] [SEVERE ] updating countdown to 53377
[23:08:35.014] [SEVERE ] updating countdown to 53282
[23:08:35.109] [SEVERE ] updating countdown to 53187
[23:08:35.205] [SEVERE ] updating countdown to 53091
[23:08:35.300] [SEVERE ] updating countdown to 52996
[23:08:35.395] [SEVERE ] updating countdown to 52901
[23:08:35.490] [SEVERE ] updating countdown to 52806
[23:08:35.586] [SEVERE ] updating countdown to 52710
[23:08:35.681] [SEVERE ] updating countdown to 52615
[23:08:35.777] [SEVERE ] updating countdown to 52519
[23:08:35.873] [SEVERE ] updating countdown to 52423
[23:08:35.969] [SEVERE ] updating countdown to 52327
[23:08:36.065] [SEVERE ] updating countdown to 52231
[23:08:36.161] [SEVERE ] updating countdown to 52135
[23:08:36.257] [SEVERE ] updating countdown to 52039
[23:08:36.353] [SEVERE ] updating countdown to 51943
[23:08:36.449] [SEVERE ] updating countdown to 51847
[23:08:36.544] [SEVERE ] updating countdown to 51752
[23:08:36.640] [SEVERE ] updating countdown to 51656
[23:08:36.735] [SEVERE ] updating countdown to 51561
[23:08:36.830] [SEVERE ] updating countdown to 51466
[23:08:36.926] [SEVERE ] updating countdown to 51370
[23:08:37.022] [SEVERE ] updating countdown to 51274
[23:08:37.118] [SEVERE ] updating countdown to 51178
[23:08:37.214] [SEVERE ] updating countdown to 51082
[23:08:37.310] [SEVERE ] updating countdown to 50986
[23:08:37.405] [SEVERE ] updating countdown to 50891
[23:08:37.500] [SEVERE ] updating countdown to 50796
[23:08:37.596] [SEVERE ] updating countdown to 50700
[23:08:37.692] [SEVERE ] updating countdown to 50604
[23:08:37.788] [SEVERE ] updating countdown to 50508
[23:08:37.884] [SEVERE ] updating countdown to 50412
[23:08:37.979] [SEVERE ] updating countdown to 50317
[23:08:38.075] [SEVERE ] updating countdown to 50221
[23:08:38.170] [SEVERE ] updating countdown to 50126
[23:08:38.266] [SEVERE ] updating countdown to 50030
[23:08:38.362] [SEVERE ] updating countdown to 49934
[23:08:38.457] [SEVERE ] updating countdown to 49839
[23:08:38.553] [SEVERE ] updating countdown to 49743
[23:08:38.648] [SEVERE ] updating countdown to 49648
[23:08:38.743] [SEVERE ] updating countdown to 49553
[23:08:38.839] [SEVERE ] updating countdown to 49457
[23:08:38.935] [SEVERE ] updating countdown to 49361
[23:08:39.031] [SEVERE ] updating countdown to 49265
[23:08:39.126] [SEVERE ] updating countdown to 49170
[23:08:39.222] [SEVERE ] updating countdown to 49074
[23:08:39.317] [SEVERE ] updating countdown to 48979
[23:08:39.412] [SEVERE ] updating countdown to 48884
[23:08:39.507] [SEVERE ] updating countdown to 48789
[23:08:39.603] [SEVERE ] updating countdown to 48693
[23:08:39.699] [SEVERE ] updating countdown to 48597
[23:08:39.795] [SEVERE ] updating countdown to 48501
[23:08:39.891] [SEVERE ] updating countdown to 48405
[23:08:39.987] [SEVERE ] updating countdown to 48309
[23:08:40.082] [SEVERE ] updating countdown to 48214
[23:08:40.177] [SEVERE ] updating countdown to 48119
[23:08:40.273] [SEVERE ] updating countdown to 48023
[23:08:40.369] [SEVERE ] updating countdown to 47927
[23:08:40.464] [SEVERE ] updating countdown to 47832
[23:08:40.560] [SEVERE ] updating countdown to 47736
[23:08:40.656] [SEVERE ] updating countdown to 47640
[23:08:40.752] [SEVERE ] updating countdown to 47544
[23:08:40.848] [SEVERE ] updating countdown to 47448
[23:08:40.944] [SEVERE ] updating countdown to 47352
[23:08:41.039] [SEVERE ] updating countdown to 47257
[23:08:41.134] [SEVERE ] updating countdown to 47162
[23:08:41.230] [SEVERE ] updating countdown to 47066
[23:08:41.325] [SEVERE ] updating countdown to 46971
[23:08:41.421] [SEVERE ] updating countdown to 46875
[23:08:41.516] [SEVERE ] updating countdown to 46780
[23:08:41.612] [SEVERE ] updating countdown to 46684
[23:08:41.708] [SEVERE ] updating countdown to 46588
[23:08:41.804] [SEVERE ] updating countdown to 46492
[23:08:41.900] [SEVERE ] updating countdown to 46396
[23:08:41.996] [SEVERE ] updating countdown to 46300
[23:08:42.092] [SEVERE ] updating countdown to 46204
[23:08:42.188] [SEVERE ] updating countdown to 46108
[23:08:42.283] [SEVERE ] updating countdown to 46013
[23:08:42.379] [SEVERE ] updating countdown to 45917
[23:08:42.475] [SEVERE ] updating countdown to 45821
[23:08:42.571] [SEVERE ] updating countdown to 45725
[23:08:42.666] [SEVERE ] updating countdown to 45630
[23:08:42.762] [SEVERE ] updating countdown to 45534
[23:08:42.857] [SEVERE ] updating countdown to 45439
[23:08:42.953] [SEVERE ] updating countdown to 45343
[23:08:43.048] [SEVERE ] updating countdown to 45248
[23:08:43.144] [SEVERE ] updating countdown to 45152
[23:08:43.239] [SEVERE ] updating countdown to 45057
[23:08:43.335] [SEVERE ] updating countdown to 44961
[23:08:43.430] [SEVERE ] updating countdown to 44866
[23:08:43.525] [SEVERE ] updating countdown to 44771
[23:08:43.621] [SEVERE ] updating countdown to 44675
[23:08:43.717] [SEVERE ] updating countdown to 44579
[23:08:43.813] [SEVERE ] updating countdown to 44483
[23:08:43.909] [SEVERE ] updating countdown to 44387
[23:08:44.005] [SEVERE ] updating countdown to 44291
[23:08:44.100] [SEVERE ] updating countdown to 44196
[23:08:44.195] [SEVERE ] updating countdown to 44101
[23:08:44.291] [SEVERE ] updating countdown to 44005
[23:08:44.387] [SEVERE ] updating countdown to 43909
[23:08:44.483] [SEVERE ] updating countdown to 43813
[23:08:44.579] [SEVERE ] updating countdown to 43717
[23:08:44.674] [SEVERE ] updating countdown to 43622
[23:08:44.770] [SEVERE ] updating countdown to 43526
[23:08:44.865] [SEVERE ] updating countdown to 43431
[23:08:44.960] [SEVERE ] updating countdown to 43336
[23:08:45.055] [SEVERE ] updating countdown to 43241
[23:08:45.150] [SEVERE ] updating countdown to 43146
[23:08:45.246] [SEVERE ] updating countdown to 43050
[23:08:45.341] [SEVERE ] updating countdown to 42955
[23:08:45.436] [SEVERE ] updating countdown to 42860
[23:08:45.532] [SEVERE ] updating countdown to 42764
[23:08:45.627] [SEVERE ] updating countdown to 42669
[23:08:45.723] [SEVERE ] updating countdown to 42573
[23:08:45.819] [SEVERE ] updating countdown to 42477
[23:08:45.914] [SEVERE ] updating countdown to 42382
[23:08:46.009] [SEVERE ] updating countdown to 42287
[23:08:46.105] [SEVERE ] updating countdown to 42191
[23:08:46.201] [SEVERE ] updating countdown to 42095
[23:08:46.297] [SEVERE ] updating countdown to 41999
[23:08:46.393] [SEVERE ] updating countdown to 41903
[23:08:46.489] [SEVERE ] updating countdown to 41807
[23:08:46.584] [SEVERE ] updating countdown to 41712
[23:08:46.680] [SEVERE ] updating countdown to 41616
[23:08:46.776] [SEVERE ] updating countdown to 41520
[23:08:46.871] [SEVERE ] updating countdown to 41425
[23:08:46.967] [SEVERE ] updating countdown to 41329
[23:08:47.062] [SEVERE ] updating countdown to 41234
[23:08:47.157] [SEVERE ] updating countdown to 41139
[23:08:47.253] [SEVERE ] updating countdown to 41043
[23:08:47.348] [SEVERE ] updating countdown to 40948
[23:08:47.443] [SEVERE ] updating countdown to 40853
[23:08:47.539] [SEVERE ] updating countdown to 40757
[23:08:47.635] [SEVERE ] updating countdown to 40661
[23:08:47.731] [SEVERE ] updating countdown to 40565
[23:08:47.827] [SEVERE ] updating countdown to 40469
[23:08:47.923] [SEVERE ] updating countdown to 40373
[23:08:48.019] [SEVERE ] updating countdown to 40277
[23:08:48.115] [SEVERE ] updating countdown to 40181
[23:08:48.211] [SEVERE ] updating countdown to 40085
[23:08:48.307] [SEVERE ] updating countdown to 39989
[23:08:48.403] [SEVERE ] updating countdown to 39893
[23:08:48.499] [SEVERE ] updating countdown to 39797
[23:08:48.595] [SEVERE ] updating countdown to 39701
[23:08:48.691] [SEVERE ] updating countdown to 39605
[23:08:48.787] [SEVERE ] updating countdown to 39509
[23:08:48.883] [SEVERE ] updating countdown to 39413
[23:08:48.978] [SEVERE ] updating countdown to 39318
[23:08:49.073] [SEVERE ] updating countdown to 39223
[23:08:49.168] [SEVERE ] updating countdown to 39128
[23:08:49.263] [SEVERE ] updating countdown to 39033
[23:08:49.358] [SEVERE ] updating countdown to 38938
[23:08:49.453] [SEVERE ] updating countdown to 38843
[23:08:49.548] [SEVERE ] updating countdown to 38748
[23:08:49.644] [SEVERE ] updating countdown to 38652
[23:08:49.740] [SEVERE ] updating countdown to 38556
[23:08:49.836] [SEVERE ] updating countdown to 38460
[23:08:49.932] [SEVERE ] updating countdown to 38364
[23:08:50.028] [SEVERE ] updating countdown to 38268
[23:08:50.124] [SEVERE ] updating countdown to 38172
[23:08:50.220] [SEVERE ] updating countdown to 38076
[23:08:50.315] [SEVERE ] updating countdown to 37981
[23:08:50.410] [SEVERE ] updating countdown to 37886
[23:08:50.506] [SEVERE ] updating countdown to 37790
[23:08:50.601] [SEVERE ] updating countdown to 37695
[23:08:50.696] [SEVERE ] updating countdown to 37600
[23:08:50.791] [SEVERE ] updating countdown to 37505
[23:08:50.887] [SEVERE ] updating countdown to 37409
[23:08:50.982] [SEVERE ] updating countdown to 37314
[23:08:51.077] [SEVERE ] updating countdown to 37219
[23:08:51.173] [SEVERE ] updating countdown to 37123
[23:08:51.268] [SEVERE ] updating countdown to 37028
[23:08:51.364] [SEVERE ] updating countdown to 36932
[23:08:51.459] [SEVERE ] updating countdown to 36837
[23:08:51.555] [SEVERE ] updating countdown to 36741
[23:08:51.651] [SEVERE ] updating countdown to 36645
[23:08:51.747] [SEVERE ] updating countdown to 36549
[23:08:51.843] [SEVERE ] updating countdown to 36453
[23:08:51.939] [SEVERE ] updating countdown to 36357
[23:08:52.035] [SEVERE ] updating countdown to 36261
[23:08:52.131] [SEVERE ] updating countdown to 36165
[23:08:52.226] [SEVERE ] updating countdown to 36070
[23:08:52.321] [SEVERE ] updating countdown to 35975
[23:08:52.417] [SEVERE ] updating countdown to 35879
[23:08:52.513] [SEVERE ] updating countdown to 35783
[23:08:52.609] [SEVERE ] updating countdown to 35687
[23:08:52.705] [SEVERE ] updating countdown to 35591
[23:08:52.801] [SEVERE ] updating countdown to 35495
[23:08:52.896] [SEVERE ] updating countdown to 35400
[23:08:52.991] [SEVERE ] updating countdown to 35305
[23:08:53.086] [SEVERE ] updating countdown to 35210
[23:08:53.182] [SEVERE ] updating countdown to 35114
[23:08:53.278] [SEVERE ] updating countdown to 35018
[23:08:53.373] [SEVERE ] updating countdown to 34923
[23:08:53.469] [SEVERE ] updating countdown to 34827
[23:08:53.564] [SEVERE ] updating countdown to 34732
[23:08:53.660] [SEVERE ] updating countdown to 34636
[23:08:53.756] [SEVERE ] updating countdown to 34540
[23:08:53.852] [SEVERE ] updating countdown to 34444
[23:08:53.948] [SEVERE ] updating countdown to 34348
[23:08:54.043] [SEVERE ] updating countdown to 34253
[23:08:54.139] [SEVERE ] updating countdown to 34157
[23:08:54.235] [SEVERE ] updating countdown to 34061
[23:08:54.331] [SEVERE ] updating countdown to 33965
[23:08:54.427] [SEVERE ] updating countdown to 33869
[23:08:54.523] [SEVERE ] updating countdown to 33773
[23:08:54.619] [SEVERE ] updating countdown to 33677
[23:08:54.715] [SEVERE ] updating countdown to 33581
[23:08:54.812] [SEVERE ] updating countdown to 33484
[23:08:54.908] [SEVERE ] updating countdown to 33388
[23:08:55.003] [SEVERE ] updating countdown to 33293
[23:08:55.099] [SEVERE ] updating countdown to 33197
[23:08:55.195] [SEVERE ] updating countdown to 33101
[23:08:55.290] [SEVERE ] updating countdown to 33006
[23:08:55.386] [SEVERE ] updating countdown to 32910
[23:08:55.482] [SEVERE ] updating countdown to 32814
[23:08:55.577] [SEVERE ] updating countdown to 32719
[23:08:55.673] [SEVERE ] updating countdown to 32623
[23:08:55.769] [SEVERE ] updating countdown to 32527
[23:08:55.864] [SEVERE ] updating countdown to 32432
[23:08:55.960] [SEVERE ] updating countdown to 32336
[23:08:56.055] [SEVERE ] updating countdown to 32241
[23:08:56.150] [SEVERE ] updating countdown to 32146
[23:08:56.246] [SEVERE ] updating countdown to 32050
[23:08:56.342] [SEVERE ] updating countdown to 31954
[23:08:56.438] [SEVERE ] updating countdown to 31858
[23:08:56.533] [SEVERE ] updating countdown to 31763
[23:08:56.628] [SEVERE ] updating countdown to 31668
[23:08:56.724] [SEVERE ] updating countdown to 31572
[23:08:56.820] [SEVERE ] updating countdown to 31476
[23:08:56.916] [SEVERE ] updating countdown to 31380
[23:08:57.012] [SEVERE ] updating countdown to 31284
[23:08:57.108] [SEVERE ] updating countdown to 31188
[23:08:57.204] [SEVERE ] updating countdown to 31092
[23:08:57.299] [SEVERE ] updating countdown to 30997
[23:08:57.395] [SEVERE ] updating countdown to 30901
[23:08:57.490] [SEVERE ] updating countdown to 30806
[23:08:57.585] [SEVERE ] updating countdown to 30711
[23:08:57.680] [SEVERE ] updating countdown to 30616
[23:08:57.775] [SEVERE ] updating countdown to 30521
[23:08:57.871] [SEVERE ] updating countdown to 30425
[23:08:57.966] [SEVERE ] updating countdown to 30330
[23:08:58.062] [SEVERE ] updating countdown to 30234
[23:08:58.157] [SEVERE ] updating countdown to 30139
[23:08:58.253] [SEVERE ] updating countdown to 30043
[23:08:58.348] [SEVERE ] updating countdown to 29948
[23:08:58.443] [SEVERE ] updating countdown to 29853
[23:08:58.539] [SEVERE ] updating countdown to 29757
[23:08:58.634] [SEVERE ] updating countdown to 29662
[23:08:58.729] [SEVERE ] updating countdown to 29567
[23:08:58.824] [SEVERE ] updating countdown to 29472
[23:08:58.920] [SEVERE ] updating countdown to 29376
[23:08:59.016] [SEVERE ] updating countdown to 29280
[23:08:59.111] [SEVERE ] updating countdown to 29185
[23:08:59.206] [SEVERE ] updating countdown to 29090
[23:08:59.302] [SEVERE ] updating countdown to 28994
[23:08:59.398] [SEVERE ] updating countdown to 28898
[23:08:59.493] [SEVERE ] updating countdown to 28803
[23:08:59.589] [SEVERE ] updating countdown to 28707
[23:08:59.685] [SEVERE ] updating countdown to 28611
[23:08:59.781] [SEVERE ] updating countdown to 28515
[23:08:59.877] [SEVERE ] updating countdown to 28419
[23:08:59.972] [SEVERE ] updating countdown to 28324
[23:09:00.068] [SEVERE ] updating countdown to 28228
[23:09:00.164] [SEVERE ] updating countdown to 28132
[23:09:00.260] [SEVERE ] updating countdown to 28036
[23:09:00.355] [SEVERE ] updating countdown to 27941
[23:09:00.450] [SEVERE ] updating countdown to 27846
[23:09:00.546] [SEVERE ] updating countdown to 27750
[23:09:00.642] [SEVERE ] updating countdown to 27654
[23:09:00.738] [SEVERE ] updating countdown to 27558
[23:09:00.834] [SEVERE ] updating countdown to 27462
[23:09:00.930] [SEVERE ] updating countdown to 27366
[23:09:01.026] [SEVERE ] updating countdown to 27270
[23:09:01.122] [SEVERE ] updating countdown to 27174
[23:09:01.218] [SEVERE ] updating countdown to 27078
[23:09:01.314] [SEVERE ] updating countdown to 26982
[23:09:01.409] [SEVERE ] updating countdown to 26887
[23:09:01.504] [SEVERE ] updating countdown to 26792
[23:09:01.600] [SEVERE ] updating countdown to 26696
[23:09:01.696] [SEVERE ] updating countdown to 26600
[23:09:01.792] [SEVERE ] updating countdown to 26504
[23:09:01.887] [SEVERE ] updating countdown to 26409
[23:09:01.983] [SEVERE ] updating countdown to 26313
[23:09:02.078] [SEVERE ] updating countdown to 26218
[23:09:02.174] [SEVERE ] updating countdown to 26122
[23:09:02.270] [SEVERE ] updating countdown to 26026
[23:09:02.366] [SEVERE ] updating countdown to 25930
[23:09:02.461] [SEVERE ] updating countdown to 25835
[23:09:02.557] [SEVERE ] updating countdown to 25739
[23:09:02.652] [SEVERE ] updating countdown to 25644
[23:09:02.748] [SEVERE ] updating countdown to 25548
[23:09:02.843] [SEVERE ] updating countdown to 25453
[23:09:02.939] [SEVERE ] updating countdown to 25357
[23:09:03.035] [SEVERE ] updating countdown to 25261
[23:09:03.131] [SEVERE ] updating countdown to 25165
[23:09:03.227] [SEVERE ] updating countdown to 25069
[23:09:03.322] [SEVERE ] updating countdown to 24974
[23:09:03.417] [SEVERE ] updating countdown to 24879
[23:09:03.512] [SEVERE ] updating countdown to 24784
[23:09:03.608] [SEVERE ] updating countdown to 24688
[23:09:03.704] [SEVERE ] updating countdown to 24592
[23:09:03.799] [SEVERE ] updating countdown to 24497
[23:09:03.895] [SEVERE ] updating countdown to 24401
[23:09:03.990] [SEVERE ] updating countdown to 24306
[23:09:04.086] [SEVERE ] updating countdown to 24210
[23:09:04.181] [SEVERE ] updating countdown to 24115
[23:09:04.276] [SEVERE ] updating countdown to 24020
[23:09:04.372] [SEVERE ] updating countdown to 23924
[23:09:04.468] [SEVERE ] updating countdown to 23828
[23:09:04.564] [SEVERE ] updating countdown to 23732
[23:09:04.660] [SEVERE ] updating countdown to 23636
[23:09:04.756] [SEVERE ] updating countdown to 23540
[23:09:04.852] [SEVERE ] updating countdown to 23444
[23:09:04.948] [SEVERE ] updating countdown to 23348
[23:09:05.044] [SEVERE ] updating countdown to 23252
[23:09:05.140] [SEVERE ] updating countdown to 23156
[23:09:05.236] [SEVERE ] updating countdown to 23060
[23:09:05.331] [SEVERE ] updating countdown to 22965
[23:09:05.427] [SEVERE ] updating countdown to 22869
[23:09:05.523] [SEVERE ] updating countdown to 22773
[23:09:05.619] [SEVERE ] updating countdown to 22677
[23:09:05.714] [SEVERE ] updating countdown to 22582
