[23:12:04.168] [INFO   ] thread bguspl.set.Main.main() starting.
[23:12:04.172] [SEVERE ] cannot read configuration file config.properties trying from resources.
[23:12:04.173] [SEVERE ] configuration file was loaded from resources directory.
[23:12:04.761] [INFO   ] thread dealer starting.
[23:12:04.761] [INFO   ] thread dealer starting.
[23:12:04.762] [INFO   ] thread Thread-1 starting.
[23:12:04.762] [INFO   ] thread Thread-3 starting.
[23:12:04.762] [INFO   ] thread Thread-2 starting.
[23:12:04.762] [INFO   ] thread Thread-4 starting.
[23:12:04.764] [INFO   ] thread computer-2 starting.
[23:12:04.764] [INFO   ] thread computer-3 starting.
[23:12:04.870] [SEVERE ] placing card 20 in slot 0
[23:12:04.979] [SEVERE ] placing card 63 in slot 1
[23:12:05.089] [SEVERE ] placing card 73 in slot 2
[23:12:05.198] [SEVERE ] placing card 38 in slot 3
[23:12:05.309] [SEVERE ] placing card 47 in slot 4
[23:12:05.421] [SEVERE ] placing card 32 in slot 5
[23:12:05.529] [SEVERE ] placing card 29 in slot 6
[23:12:05.639] [SEVERE ] placing card 12 in slot 7
[23:12:05.749] [SEVERE ] placing card 45 in slot 8
[23:12:05.860] [SEVERE ] placing card 78 in slot 9
[23:12:05.970] [SEVERE ] placing card 40 in slot 10
[23:12:06.080] [SEVERE ] placing card 31 in slot 11
[23:12:06.081] [SEVERE ] updating countdown to 60000
[23:12:06.085] [SEVERE ] player 3 placing token on slot 4
[23:12:06.085] [SEVERE ] player 4 placing token on slot 7
[23:12:06.086] [SEVERE ] player 3 placing token on slot 5
[23:12:06.086] [SEVERE ] player 4 placing token on slot 9
[23:12:06.087] [SEVERE ] player 4 placing token on slot 10
[23:12:06.088] [SEVERE ] updating countdown to 59993
[23:12:06.087] [SEVERE ] player 3 placing token on slot 3
[23:12:06.088] [SEVERE ] setting player 4 freeze to 3000
[23:12:06.089] [SEVERE ] setting player 3 freeze to 3000
[23:12:06.089] [SEVERE ] updating countdown to 59992
[23:12:06.185] [SEVERE ] updating countdown to 59896
[23:12:06.281] [SEVERE ] updating countdown to 59800
[23:12:06.376] [SEVERE ] updating countdown to 59705
[23:12:06.471] [SEVERE ] updating countdown to 59610
[23:12:06.567] [SEVERE ] updating countdown to 59514
[23:12:06.662] [SEVERE ] updating countdown to 59419
[23:12:06.758] [SEVERE ] updating countdown to 59323
[23:12:06.853] [SEVERE ] updating countdown to 59228
[23:12:06.949] [SEVERE ] updating countdown to 59132
[23:12:07.045] [SEVERE ] updating countdown to 59036
[23:12:07.141] [SEVERE ] updating countdown to 58940
[23:12:07.236] [SEVERE ] updating countdown to 58845
[23:12:07.332] [SEVERE ] updating countdown to 58749
[23:12:07.428] [SEVERE ] updating countdown to 58653
[23:12:07.523] [SEVERE ] updating countdown to 58558
[23:12:07.618] [SEVERE ] updating countdown to 58463
[23:12:07.713] [SEVERE ] updating countdown to 58368
[23:12:07.808] [SEVERE ] updating countdown to 58273
[23:12:07.904] [SEVERE ] updating countdown to 58177
[23:12:07.999] [SEVERE ] updating countdown to 58082
[23:12:08.094] [SEVERE ] updating countdown to 57987
[23:12:08.190] [SEVERE ] updating countdown to 57891
[23:12:08.285] [SEVERE ] updating countdown to 57796
[23:12:08.380] [SEVERE ] updating countdown to 57701
[23:12:08.390] [SEVERE ] exit button pressed
[23:12:08.391] [INFO   ] thread computer-3 terminated.
[23:12:08.476] [SEVERE ] updating countdown to 57605
[23:12:08.571] [SEVERE ] updating countdown to 57510
[23:12:08.666] [SEVERE ] updating countdown to 57415
[23:12:08.761] [SEVERE ] updating countdown to 57320
[23:12:08.857] [SEVERE ] updating countdown to 57224
[23:12:08.952] [SEVERE ] updating countdown to 57129
[23:12:09.048] [SEVERE ] updating countdown to 57033
[23:12:09.143] [SEVERE ] updating countdown to 56938
[23:12:09.239] [SEVERE ] updating countdown to 56842
[23:12:09.335] [SEVERE ] updating countdown to 56746
[23:12:09.431] [SEVERE ] updating countdown to 56650
[23:12:09.526] [SEVERE ] updating countdown to 56555
[23:12:09.622] [SEVERE ] updating countdown to 56459
[23:12:09.717] [SEVERE ] updating countdown to 56364
[23:12:09.813] [SEVERE ] updating countdown to 56268
[23:12:09.909] [SEVERE ] updating countdown to 56172
[23:12:10.004] [SEVERE ] updating countdown to 56077
[23:12:10.100] [SEVERE ] updating countdown to 55981
[23:12:10.196] [SEVERE ] updating countdown to 55885
[23:12:10.291] [SEVERE ] updating countdown to 55790
[23:12:10.386] [SEVERE ] updating countdown to 55695
[23:12:10.481] [SEVERE ] updating countdown to 55600
[23:12:10.577] [SEVERE ] updating countdown to 55504
[23:12:10.672] [SEVERE ] updating countdown to 55409
[23:12:10.768] [SEVERE ] updating countdown to 55313
[23:12:10.863] [SEVERE ] updating countdown to 55218
[23:12:10.959] [SEVERE ] updating countdown to 55122
[23:12:11.054] [SEVERE ] updating countdown to 55027
[23:12:11.152] [SEVERE ] updating countdown to 54929
[23:12:11.248] [SEVERE ] updating countdown to 54833
[23:12:11.343] [SEVERE ] updating countdown to 54738
[23:12:11.439] [SEVERE ] updating countdown to 54642
[23:12:11.534] [SEVERE ] updating countdown to 54547
[23:12:11.629] [SEVERE ] updating countdown to 54452
[23:12:11.725] [SEVERE ] updating countdown to 54356
[23:12:11.820] [SEVERE ] updating countdown to 54261
[23:12:11.916] [SEVERE ] updating countdown to 54165
[23:12:12.013] [SEVERE ] updating countdown to 54069
[23:12:12.091] [SEVERE ] setting player 4 freeze to 0
[23:12:12.091] [INFO   ] thread Thread-4 terminated.
[23:12:12.091] [INFO   ] thread computer-2 terminated.
[23:12:12.099] [SEVERE ] setting player 3 freeze to 0
[23:12:12.099] [INFO   ] thread Thread-3 terminated.
[23:12:12.109] [SEVERE ] updating countdown to 53972
[23:12:12.204] [SEVERE ] updating countdown to 53877
[23:12:12.300] [SEVERE ] updating countdown to 53781
[23:12:12.396] [SEVERE ] updating countdown to 53685
[23:12:12.491] [SEVERE ] updating countdown to 53590
[23:12:12.587] [SEVERE ] updating countdown to 53494
[23:12:12.682] [SEVERE ] updating countdown to 53399
[23:12:12.778] [SEVERE ] updating countdown to 53303
[23:12:12.873] [SEVERE ] updating countdown to 53208
[23:12:12.969] [SEVERE ] updating countdown to 53112
[23:12:13.065] [SEVERE ] updating countdown to 53016
[23:12:13.160] [SEVERE ] updating countdown to 52921
[23:12:13.255] [SEVERE ] updating countdown to 52826
[23:12:13.351] [SEVERE ] updating countdown to 52730
[23:12:13.447] [SEVERE ] updating countdown to 52634
[23:12:13.543] [SEVERE ] updating countdown to 52538
[23:12:13.639] [SEVERE ] updating countdown to 52442
[23:12:13.734] [SEVERE ] updating countdown to 52347
[23:12:13.829] [SEVERE ] updating countdown to 52252
[23:12:13.925] [SEVERE ] updating countdown to 52156
[23:12:14.021] [SEVERE ] updating countdown to 52060
[23:12:14.117] [SEVERE ] updating countdown to 51964
[23:12:14.212] [SEVERE ] updating countdown to 51869
[23:12:14.307] [SEVERE ] updating countdown to 51774
[23:12:14.403] [SEVERE ] updating countdown to 51678
[23:12:14.499] [SEVERE ] updating countdown to 51582
[23:12:14.594] [SEVERE ] updating countdown to 51487
[23:12:14.689] [SEVERE ] updating countdown to 51392
[23:12:14.784] [SEVERE ] updating countdown to 51297
[23:12:14.879] [SEVERE ] updating countdown to 51202
[23:12:14.975] [SEVERE ] updating countdown to 51106
[23:12:15.071] [SEVERE ] updating countdown to 51010
[23:12:15.166] [SEVERE ] updating countdown to 50915
[23:12:15.262] [SEVERE ] updating countdown to 50819
[23:12:15.357] [SEVERE ] updating countdown to 50724
[23:12:15.452] [SEVERE ] updating countdown to 50629
[23:12:15.548] [SEVERE ] updating countdown to 50533
[23:12:15.643] [SEVERE ] updating countdown to 50438
[23:12:15.738] [SEVERE ] updating countdown to 50343
[23:12:15.833] [SEVERE ] updating countdown to 50248
[23:12:15.929] [SEVERE ] updating countdown to 50152
[23:12:16.024] [SEVERE ] updating countdown to 50057
[23:12:16.120] [SEVERE ] updating countdown to 49961
[23:12:16.215] [SEVERE ] updating countdown to 49866
[23:12:16.311] [SEVERE ] updating countdown to 49770
[23:12:16.407] [SEVERE ] updating countdown to 49674
[23:12:16.502] [SEVERE ] updating countdown to 49579
[23:12:16.597] [SEVERE ] updating countdown to 49484
[23:12:16.693] [SEVERE ] updating countdown to 49388
[23:12:16.789] [SEVERE ] updating countdown to 49292
[23:12:16.885] [SEVERE ] updating countdown to 49196
[23:12:16.981] [SEVERE ] updating countdown to 49100
[23:12:17.077] [SEVERE ] updating countdown to 49004
[23:12:17.173] [SEVERE ] updating countdown to 48908
[23:12:17.269] [SEVERE ] updating countdown to 48812
[23:12:17.364] [SEVERE ] updating countdown to 48717
[23:12:17.459] [SEVERE ] updating countdown to 48622
[23:12:17.555] [SEVERE ] updating countdown to 48526
[23:12:17.651] [SEVERE ] updating countdown to 48430
[23:12:17.746] [SEVERE ] updating countdown to 48335
[23:12:17.842] [SEVERE ] updating countdown to 48239
[23:12:17.937] [SEVERE ] updating countdown to 48144
[23:12:18.032] [SEVERE ] updating countdown to 48049
[23:12:18.127] [SEVERE ] updating countdown to 47954
[23:12:18.223] [SEVERE ] updating countdown to 47858
[23:12:18.319] [SEVERE ] updating countdown to 47762
[23:12:18.415] [SEVERE ] updating countdown to 47666
[23:12:18.510] [SEVERE ] updating countdown to 47571
[23:12:18.606] [SEVERE ] updating countdown to 47475
[23:12:18.702] [SEVERE ] updating countdown to 47379
[23:12:18.798] [SEVERE ] updating countdown to 47283
[23:12:18.893] [SEVERE ] updating countdown to 47188
[23:12:18.989] [SEVERE ] updating countdown to 47092
[23:12:19.085] [SEVERE ] updating countdown to 46996
[23:12:19.180] [SEVERE ] updating countdown to 46901
[23:12:19.276] [SEVERE ] updating countdown to 46805
[23:12:19.371] [SEVERE ] updating countdown to 46710
[23:12:19.466] [SEVERE ] updating countdown to 46615
[23:12:19.561] [SEVERE ] updating countdown to 46520
[23:12:19.657] [SEVERE ] updating countdown to 46424
[23:12:19.753] [SEVERE ] updating countdown to 46328
[23:12:19.848] [SEVERE ] updating countdown to 46233
[23:12:19.943] [SEVERE ] updating countdown to 46138
[23:12:20.039] [SEVERE ] updating countdown to 46042
[23:12:20.135] [SEVERE ] updating countdown to 45946
[23:12:20.230] [SEVERE ] updating countdown to 45851
[23:12:20.325] [SEVERE ] updating countdown to 45756
[23:12:20.421] [SEVERE ] updating countdown to 45660
[23:12:20.517] [SEVERE ] updating countdown to 45564
[23:12:20.613] [SEVERE ] updating countdown to 45468
[23:12:20.709] [SEVERE ] updating countdown to 45372
[23:12:20.804] [SEVERE ] updating countdown to 45277
[23:12:20.899] [SEVERE ] updating countdown to 45182
[23:12:20.995] [SEVERE ] updating countdown to 45086
[23:12:21.090] [SEVERE ] updating countdown to 44991
[23:12:21.185] [SEVERE ] updating countdown to 44896
[23:12:21.281] [SEVERE ] updating countdown to 44800
[23:12:21.377] [SEVERE ] updating countdown to 44704
[23:12:21.473] [SEVERE ] updating countdown to 44608
[23:12:21.569] [SEVERE ] updating countdown to 44512
[23:12:21.665] [SEVERE ] updating countdown to 44416
[23:12:21.760] [SEVERE ] updating countdown to 44321
[23:12:21.856] [SEVERE ] updating countdown to 44225
[23:12:21.952] [SEVERE ] updating countdown to 44129
[23:12:22.048] [SEVERE ] updating countdown to 44033
[23:12:22.144] [SEVERE ] updating countdown to 43937
[23:12:22.240] [SEVERE ] updating countdown to 43841
[23:12:22.335] [SEVERE ] updating countdown to 43746
[23:12:22.430] [SEVERE ] updating countdown to 43651
[23:12:22.526] [SEVERE ] updating countdown to 43555
[23:12:22.622] [SEVERE ] updating countdown to 43459
[23:12:22.717] [SEVERE ] updating countdown to 43364
[23:12:22.812] [SEVERE ] updating countdown to 43269
[23:12:22.907] [SEVERE ] updating countdown to 43174
[23:12:23.002] [SEVERE ] updating countdown to 43079
[23:12:23.098] [SEVERE ] updating countdown to 42983
[23:12:23.194] [SEVERE ] updating countdown to 42887
[23:12:23.289] [SEVERE ] updating countdown to 42792
[23:12:23.384] [SEVERE ] updating countdown to 42697
[23:12:23.480] [SEVERE ] updating countdown to 42601
[23:12:23.575] [SEVERE ] updating countdown to 42506
[23:12:23.671] [SEVERE ] updating countdown to 42410
[23:12:23.766] [SEVERE ] updating countdown to 42315
[23:12:23.861] [SEVERE ] updating countdown to 42220
[23:12:23.956] [SEVERE ] updating countdown to 42125
[23:12:24.052] [SEVERE ] updating countdown to 42029
[23:12:24.148] [SEVERE ] updating countdown to 41933
[23:12:24.244] [SEVERE ] updating countdown to 41837
[23:12:24.340] [SEVERE ] updating countdown to 41741
[23:12:24.436] [SEVERE ] updating countdown to 41645
[23:12:24.532] [SEVERE ] updating countdown to 41549
[23:12:24.627] [SEVERE ] updating countdown to 41454
[23:12:24.723] [SEVERE ] updating countdown to 41358
[23:12:24.818] [SEVERE ] updating countdown to 41263
[23:12:24.913] [SEVERE ] updating countdown to 41168
[23:12:25.008] [SEVERE ] updating countdown to 41073
[23:12:25.104] [SEVERE ] updating countdown to 40977
[23:12:25.200] [SEVERE ] updating countdown to 40881
[23:12:25.295] [SEVERE ] updating countdown to 40786
[23:12:25.391] [SEVERE ] updating countdown to 40690
[23:12:25.487] [SEVERE ] updating countdown to 40594
[23:12:25.583] [SEVERE ] updating countdown to 40498
[23:12:25.679] [SEVERE ] updating countdown to 40402
[23:12:25.775] [SEVERE ] updating countdown to 40306
[23:12:25.871] [SEVERE ] updating countdown to 40210
[23:12:25.966] [SEVERE ] updating countdown to 40115
[23:12:26.062] [SEVERE ] updating countdown to 40019
[23:12:26.157] [SEVERE ] updating countdown to 39924
[23:12:26.253] [SEVERE ] updating countdown to 39828
[23:12:26.348] [SEVERE ] updating countdown to 39733
[23:12:26.444] [SEVERE ] updating countdown to 39637
[23:12:26.539] [SEVERE ] updating countdown to 39542
[23:12:26.635] [SEVERE ] updating countdown to 39446
[23:12:26.730] [SEVERE ] updating countdown to 39351
[23:12:26.825] [SEVERE ] updating countdown to 39256
[23:12:26.920] [SEVERE ] updating countdown to 39161
[23:12:27.015] [SEVERE ] updating countdown to 39066
[23:12:27.110] [SEVERE ] updating countdown to 38971
[23:12:27.206] [SEVERE ] updating countdown to 38875
[23:12:27.302] [SEVERE ] updating countdown to 38779
[23:12:27.398] [SEVERE ] updating countdown to 38683
[23:12:27.494] [SEVERE ] updating countdown to 38587
[23:12:27.589] [SEVERE ] updating countdown to 38492
[23:12:27.685] [SEVERE ] updating countdown to 38396
[23:12:27.781] [SEVERE ] updating countdown to 38300
[23:12:27.876] [SEVERE ] updating countdown to 38205
[23:12:27.971] [SEVERE ] updating countdown to 38110
[23:12:28.066] [SEVERE ] updating countdown to 38015
[23:12:28.162] [SEVERE ] updating countdown to 37919
[23:12:28.258] [SEVERE ] updating countdown to 37823
[23:12:28.353] [SEVERE ] updating countdown to 37728
[23:12:28.449] [SEVERE ] updating countdown to 37632
[23:12:28.545] [SEVERE ] updating countdown to 37536
[23:12:28.640] [SEVERE ] updating countdown to 37441
[23:12:28.735] [SEVERE ] updating countdown to 37346
[23:12:28.830] [SEVERE ] updating countdown to 37251
[23:12:28.925] [SEVERE ] updating countdown to 37156
[23:12:29.020] [SEVERE ] updating countdown to 37061
[23:12:29.115] [SEVERE ] updating countdown to 36966
[23:12:29.211] [SEVERE ] updating countdown to 36870
[23:12:29.307] [SEVERE ] updating countdown to 36774
[23:12:29.402] [SEVERE ] updating countdown to 36679
[23:12:29.498] [SEVERE ] updating countdown to 36583
[23:12:29.593] [SEVERE ] updating countdown to 36488
[23:12:29.688] [SEVERE ] updating countdown to 36393
[23:12:29.783] [SEVERE ] updating countdown to 36298
[23:12:29.878] [SEVERE ] updating countdown to 36203
[23:12:29.973] [SEVERE ] updating countdown to 36108
[23:12:30.069] [SEVERE ] updating countdown to 36012
[23:12:30.165] [SEVERE ] updating countdown to 35916
[23:12:30.261] [SEVERE ] updating countdown to 35820
[23:12:30.356] [SEVERE ] updating countdown to 35725
[23:12:30.452] [SEVERE ] updating countdown to 35629
[23:12:30.547] [SEVERE ] updating countdown to 35534
[23:12:30.642] [SEVERE ] updating countdown to 35439
[23:12:30.738] [SEVERE ] updating countdown to 35343
[23:12:30.834] [SEVERE ] updating countdown to 35247
[23:12:30.930] [SEVERE ] updating countdown to 35151
[23:12:31.025] [SEVERE ] updating countdown to 35056
[23:12:31.121] [SEVERE ] updating countdown to 34960
[23:12:31.216] [SEVERE ] updating countdown to 34865
[23:12:31.311] [SEVERE ] updating countdown to 34770
[23:12:31.406] [SEVERE ] updating countdown to 34675
[23:12:31.501] [SEVERE ] updating countdown to 34580
[23:12:31.597] [SEVERE ] updating countdown to 34484
[23:12:31.693] [SEVERE ] updating countdown to 34388
[23:12:31.788] [SEVERE ] updating countdown to 34293
[23:12:31.883] [SEVERE ] updating countdown to 34198
[23:12:31.979] [SEVERE ] updating countdown to 34102
[23:12:32.075] [SEVERE ] updating countdown to 34006
[23:12:32.171] [SEVERE ] updating countdown to 33910
[23:12:32.267] [SEVERE ] updating countdown to 33814
[23:12:32.363] [SEVERE ] updating countdown to 33718
[23:12:32.458] [SEVERE ] updating countdown to 33623
[23:12:32.553] [SEVERE ] updating countdown to 33528
[23:12:32.649] [SEVERE ] updating countdown to 33432
[23:12:32.745] [SEVERE ] updating countdown to 33336
[23:12:32.841] [SEVERE ] updating countdown to 33240
[23:12:32.936] [SEVERE ] updating countdown to 33145
[23:12:33.032] [SEVERE ] updating countdown to 33049
[23:12:33.127] [SEVERE ] updating countdown to 32954
[23:12:33.222] [SEVERE ] updating countdown to 32859
[23:12:33.318] [SEVERE ] updating countdown to 32763
[23:12:33.414] [SEVERE ] updating countdown to 32667
[23:12:33.510] [SEVERE ] updating countdown to 32571
[23:12:33.605] [SEVERE ] updating countdown to 32476
[23:12:33.701] [SEVERE ] updating countdown to 32380
[23:12:33.796] [SEVERE ] updating countdown to 32285
[23:12:33.891] [SEVERE ] updating countdown to 32190
[23:12:33.986] [SEVERE ] updating countdown to 32095
[23:12:34.082] [SEVERE ] updating countdown to 31999
[23:12:34.177] [SEVERE ] updating countdown to 31904
[23:12:34.272] [SEVERE ] updating countdown to 31809
[23:12:34.368] [SEVERE ] updating countdown to 31713
[23:12:34.464] [SEVERE ] updating countdown to 31617
[23:12:34.559] [SEVERE ] updating countdown to 31522
[23:12:34.655] [SEVERE ] updating countdown to 31426
[23:12:34.751] [SEVERE ] updating countdown to 31330
[23:12:34.846] [SEVERE ] updating countdown to 31235
[23:12:34.941] [SEVERE ] updating countdown to 31140
[23:12:35.037] [SEVERE ] updating countdown to 31044
[23:12:35.132] [SEVERE ] updating countdown to 30949
[23:12:35.228] [SEVERE ] updating countdown to 30853
[23:12:35.324] [SEVERE ] updating countdown to 30757
[23:12:35.419] [SEVERE ] updating countdown to 30662
[23:12:35.514] [SEVERE ] updating countdown to 30567
[23:12:35.610] [SEVERE ] updating countdown to 30471
[23:12:35.705] [SEVERE ] updating countdown to 30376
[23:12:35.800] [SEVERE ] updating countdown to 30281
[23:12:35.896] [SEVERE ] updating countdown to 30185
[23:12:35.992] [SEVERE ] updating countdown to 30089
[23:12:36.088] [SEVERE ] updating countdown to 29993
[23:12:36.184] [SEVERE ] updating countdown to 29897
[23:12:36.279] [SEVERE ] updating countdown to 29802
[23:12:36.374] [SEVERE ] updating countdown to 29707
[23:12:36.470] [SEVERE ] updating countdown to 29611
[23:12:36.566] [SEVERE ] updating countdown to 29515
[23:12:36.662] [SEVERE ] updating countdown to 29419
[23:12:36.757] [SEVERE ] updating countdown to 29324
[23:12:36.853] [SEVERE ] updating countdown to 29228
[23:12:36.948] [SEVERE ] updating countdown to 29133
[23:12:37.043] [SEVERE ] updating countdown to 29038
[23:12:37.139] [SEVERE ] updating countdown to 28942
[23:12:37.235] [SEVERE ] updating countdown to 28846
[23:12:37.330] [SEVERE ] updating countdown to 28751
[23:12:37.425] [SEVERE ] updating countdown to 28656
[23:12:37.520] [SEVERE ] updating countdown to 28561
[23:12:37.616] [SEVERE ] updating countdown to 28465
[23:12:37.711] [SEVERE ] updating countdown to 28370
[23:12:37.807] [SEVERE ] updating countdown to 28274
[23:12:37.902] [SEVERE ] updating countdown to 28179
[23:12:37.997] [SEVERE ] updating countdown to 28084
[23:12:38.093] [SEVERE ] updating countdown to 27988
[23:12:38.189] [SEVERE ] updating countdown to 27892
[23:12:38.285] [SEVERE ] updating countdown to 27796
[23:12:38.381] [SEVERE ] updating countdown to 27700
[23:12:38.477] [SEVERE ] updating countdown to 27604
[23:12:38.573] [SEVERE ] updating countdown to 27508
[23:12:38.669] [SEVERE ] updating countdown to 27412
[23:12:38.765] [SEVERE ] updating countdown to 27316
[23:12:38.860] [SEVERE ] updating countdown to 27221
[23:12:38.955] [SEVERE ] updating countdown to 27126
[23:12:39.051] [SEVERE ] updating countdown to 27030
[23:12:39.147] [SEVERE ] updating countdown to 26934
[23:12:39.243] [SEVERE ] updating countdown to 26838
[23:12:39.338] [SEVERE ] updating countdown to 26743
[23:12:39.434] [SEVERE ] updating countdown to 26647
[23:12:39.529] [SEVERE ] updating countdown to 26552
[23:12:39.625] [SEVERE ] updating countdown to 26456
[23:12:39.720] [SEVERE ] updating countdown to 26361
[23:12:39.816] [SEVERE ] updating countdown to 26265
[23:12:39.912] [SEVERE ] updating countdown to 26169
[23:12:40.008] [SEVERE ] updating countdown to 26073
[23:12:40.103] [SEVERE ] updating countdown to 25978
[23:12:40.199] [SEVERE ] updating countdown to 25882
[23:12:40.294] [SEVERE ] updating countdown to 25787
[23:12:40.390] [SEVERE ] updating countdown to 25691
