[18:17:42.358] [INFO   ] thread bguspl.set.Main.main() starting.
[18:17:42.362] [SEVERE ] cannot read configuration file config.properties trying from resources.
[18:17:42.363] [SEVERE ] configuration file was loaded from resources directory.
[18:17:43.097] [INFO   ] thread dealer starting.
[18:17:43.098] [INFO   ] thread dealer starting.
[18:17:43.098] [INFO   ] thread Thread-1 starting.
[18:17:43.099] [INFO   ] thread Thread-2 starting.
[18:17:43.099] [INFO   ] thread Thread-4 starting.
[18:17:43.099] [INFO   ] thread Thread-3 starting.
[18:17:43.100] [INFO   ] thread computer-3 starting.
[18:17:43.100] [INFO   ] thread computer-2 starting.
[18:17:43.206] [SEVERE ] placing card 61 in slot 0
[18:17:43.316] [SEVERE ] placing card 23 in slot 1
[18:17:43.425] [SEVERE ] placing card 14 in slot 2
[18:17:43.534] [SEVERE ] placing card 64 in slot 3
[18:17:43.644] [SEVERE ] placing card 56 in slot 4
[18:17:43.755] [SEVERE ] placing card 29 in slot 5
[18:17:43.865] [SEVERE ] placing card 34 in slot 6
[18:17:43.976] [SEVERE ] placing card 63 in slot 7
[18:17:44.087] [SEVERE ] placing card 21 in slot 8
[18:17:44.197] [SEVERE ] placing card 72 in slot 9
[18:17:44.308] [SEVERE ] placing card 17 in slot 10
[18:17:44.419] [SEVERE ] placing card 35 in slot 11
[18:17:44.420] [SEVERE ] updating countdown to 60000
[18:17:44.520] [SEVERE ] updating countdown to 59900
[18:17:44.616] [SEVERE ] updating countdown to 59804
[18:17:44.712] [SEVERE ] updating countdown to 59708
[18:17:44.808] [SEVERE ] updating countdown to 59612
[18:17:44.904] [SEVERE ] updating countdown to 59516
[18:17:45.000] [SEVERE ] updating countdown to 59420
[18:17:45.096] [SEVERE ] updating countdown to 59324
[18:17:45.192] [SEVERE ] updating countdown to 59228
[18:17:45.288] [SEVERE ] updating countdown to 59132
[18:17:45.384] [SEVERE ] updating countdown to 59036
[18:17:45.479] [SEVERE ] updating countdown to 58941
[18:17:45.576] [SEVERE ] updating countdown to 58844
[18:17:45.672] [SEVERE ] updating countdown to 58748
[18:17:45.769] [SEVERE ] updating countdown to 58651
[18:17:45.864] [SEVERE ] updating countdown to 58556
[18:17:45.959] [SEVERE ] updating countdown to 58461
[18:17:46.056] [SEVERE ] updating countdown to 58364
[18:17:46.151] [SEVERE ] updating countdown to 58269
[18:17:46.247] [SEVERE ] updating countdown to 58173
[18:17:46.344] [SEVERE ] updating countdown to 58076
[18:17:46.439] [SEVERE ] updating countdown to 57981
[18:17:46.535] [SEVERE ] updating countdown to 57885
[18:17:46.631] [SEVERE ] updating countdown to 57789
[18:17:46.727] [SEVERE ] updating countdown to 57693
[18:17:46.823] [SEVERE ] updating countdown to 57597
[18:17:46.919] [SEVERE ] updating countdown to 57501
[18:17:47.015] [SEVERE ] updating countdown to 57405
[18:17:47.110] [SEVERE ] updating countdown to 57310
[18:17:47.206] [SEVERE ] updating countdown to 57214
[18:17:47.303] [SEVERE ] updating countdown to 57117
[18:17:47.399] [SEVERE ] updating countdown to 57021
[18:17:47.495] [SEVERE ] updating countdown to 56925
[18:17:47.591] [SEVERE ] updating countdown to 56829
[18:17:47.687] [SEVERE ] updating countdown to 56733
[18:17:47.708] [SEVERE ] exit button pressed
[18:17:47.783] [SEVERE ] updating countdown to 56637
[18:17:47.878] [SEVERE ] updating countdown to 56542
[18:17:47.974] [SEVERE ] updating countdown to 56446
[18:17:48.069] [SEVERE ] updating countdown to 56351
[18:17:48.164] [SEVERE ] updating countdown to 56256
[18:17:48.259] [SEVERE ] updating countdown to 56161
[18:17:48.356] [SEVERE ] updating countdown to 56064
[18:17:48.451] [SEVERE ] updating countdown to 55969
[18:17:48.547] [SEVERE ] updating countdown to 55873
[18:17:48.643] [SEVERE ] updating countdown to 55777
[18:17:48.738] [SEVERE ] updating countdown to 55682
[18:17:48.835] [SEVERE ] updating countdown to 55585
[18:17:48.930] [SEVERE ] updating countdown to 55490
[18:17:49.026] [SEVERE ] updating countdown to 55394
[18:17:49.123] [SEVERE ] updating countdown to 55297
[18:17:49.219] [SEVERE ] updating countdown to 55201
[18:17:49.316] [SEVERE ] updating countdown to 55104
[18:17:49.413] [SEVERE ] updating countdown to 55007
[18:17:49.508] [SEVERE ] updating countdown to 54912
[18:17:49.604] [SEVERE ] updating countdown to 54816
[18:17:49.699] [SEVERE ] updating countdown to 54721
[18:17:49.795] [SEVERE ] updating countdown to 54625
[18:17:49.891] [SEVERE ] updating countdown to 54529
[18:17:49.986] [SEVERE ] updating countdown to 54434
[18:17:50.082] [SEVERE ] updating countdown to 54338
[18:17:50.178] [SEVERE ] updating countdown to 54242
[18:17:50.274] [SEVERE ] updating countdown to 54146
[18:17:50.369] [SEVERE ] updating countdown to 54051
[18:17:50.464] [SEVERE ] updating countdown to 53956
[18:17:50.560] [SEVERE ] updating countdown to 53860
[18:17:50.656] [SEVERE ] updating countdown to 53764
[18:17:50.752] [SEVERE ] updating countdown to 53668
[18:17:50.847] [SEVERE ] updating countdown to 53573
[18:17:50.944] [SEVERE ] updating countdown to 53476
[18:17:51.040] [SEVERE ] updating countdown to 53380
[18:17:51.137] [SEVERE ] updating countdown to 53283
[18:17:51.232] [SEVERE ] updating countdown to 53188
[18:17:51.328] [SEVERE ] updating countdown to 53092
[18:17:51.423] [SEVERE ] updating countdown to 52997
[18:17:51.519] [SEVERE ] updating countdown to 52901
[18:17:51.615] [SEVERE ] updating countdown to 52805
[18:17:51.711] [SEVERE ] updating countdown to 52709
[18:17:51.807] [SEVERE ] updating countdown to 52613
[18:17:51.902] [SEVERE ] updating countdown to 52518
[18:17:51.997] [SEVERE ] updating countdown to 52423
[18:17:52.093] [SEVERE ] updating countdown to 52327
[18:17:52.189] [SEVERE ] updating countdown to 52231
[18:17:52.284] [SEVERE ] updating countdown to 52136
[18:17:52.380] [SEVERE ] updating countdown to 52040
[18:17:52.476] [SEVERE ] updating countdown to 51944
[18:17:52.572] [SEVERE ] updating countdown to 51848
[18:17:52.668] [SEVERE ] updating countdown to 51752
[18:17:52.764] [SEVERE ] updating countdown to 51656
[18:17:52.859] [SEVERE ] updating countdown to 51561
[18:17:52.955] [SEVERE ] updating countdown to 51465
[18:17:53.050] [SEVERE ] updating countdown to 51370
[18:17:53.146] [SEVERE ] updating countdown to 51274
[18:17:53.241] [SEVERE ] updating countdown to 51179
[18:17:53.337] [SEVERE ] updating countdown to 51083
[18:17:53.432] [SEVERE ] updating countdown to 50988
[18:17:53.528] [SEVERE ] updating countdown to 50892
[18:17:53.623] [SEVERE ] updating countdown to 50797
[18:17:53.718] [SEVERE ] updating countdown to 50702
[18:17:53.814] [SEVERE ] updating countdown to 50606
[18:17:53.909] [SEVERE ] updating countdown to 50511
[18:17:54.005] [SEVERE ] updating countdown to 50415
[18:17:54.100] [SEVERE ] updating countdown to 50320
[18:17:54.195] [SEVERE ] updating countdown to 50225
[18:17:54.290] [SEVERE ] updating countdown to 50130
[18:17:54.387] [SEVERE ] updating countdown to 50033
[18:17:54.482] [SEVERE ] updating countdown to 49938
[18:17:54.577] [SEVERE ] updating countdown to 49843
[18:17:54.673] [SEVERE ] updating countdown to 49747
[18:17:54.769] [SEVERE ] updating countdown to 49651
[18:17:54.865] [SEVERE ] updating countdown to 49555
[18:17:54.961] [SEVERE ] updating countdown to 49459
[18:17:55.057] [SEVERE ] updating countdown to 49363
[18:17:55.153] [SEVERE ] updating countdown to 49267
[18:17:55.248] [SEVERE ] updating countdown to 49172
[18:17:55.343] [SEVERE ] updating countdown to 49077
[18:17:55.438] [SEVERE ] updating countdown to 48982
[18:17:55.533] [SEVERE ] updating countdown to 48887
[18:17:55.629] [SEVERE ] updating countdown to 48791
[18:17:55.724] [SEVERE ] updating countdown to 48696
[18:17:55.820] [SEVERE ] updating countdown to 48600
[18:17:55.915] [SEVERE ] updating countdown to 48505
[18:17:56.010] [SEVERE ] updating countdown to 48410
[18:17:56.105] [SEVERE ] updating countdown to 48315
[18:17:56.201] [SEVERE ] updating countdown to 48219
[18:17:56.297] [SEVERE ] updating countdown to 48123
[18:17:56.392] [SEVERE ] updating countdown to 48028
[18:17:56.488] [SEVERE ] updating countdown to 47932
[18:17:56.583] [SEVERE ] updating countdown to 47837
[18:17:56.680] [SEVERE ] updating countdown to 47740
[18:17:56.776] [SEVERE ] updating countdown to 47644
[18:17:56.872] [SEVERE ] updating countdown to 47549
[18:17:56.967] [SEVERE ] updating countdown to 47453
[18:17:57.063] [SEVERE ] updating countdown to 47357
[18:17:57.158] [SEVERE ] updating countdown to 47262
[18:17:57.254] [SEVERE ] updating countdown to 47166
[18:17:57.349] [SEVERE ] updating countdown to 47071
[18:17:57.445] [SEVERE ] updating countdown to 46975
[18:17:57.540] [SEVERE ] updating countdown to 46880
[18:17:57.636] [SEVERE ] updating countdown to 46784
[18:17:57.731] [SEVERE ] updating countdown to 46689
[18:17:57.827] [SEVERE ] updating countdown to 46593
[18:17:57.922] [SEVERE ] updating countdown to 46498
[18:17:58.017] [SEVERE ] updating countdown to 46403
[18:17:58.113] [SEVERE ] updating countdown to 46307
[18:17:58.209] [SEVERE ] updating countdown to 46211
[18:17:58.304] [SEVERE ] updating countdown to 46116
[18:17:58.399] [SEVERE ] updating countdown to 46021
[18:17:58.495] [SEVERE ] updating countdown to 45925
[18:17:58.591] [SEVERE ] updating countdown to 45829
[18:17:58.686] [SEVERE ] updating countdown to 45734
[18:17:58.781] [SEVERE ] updating countdown to 45639
[18:17:58.876] [SEVERE ] updating countdown to 45544
[18:17:58.972] [SEVERE ] updating countdown to 45448
[18:17:59.067] [SEVERE ] updating countdown to 45353
[18:17:59.162] [SEVERE ] updating countdown to 45258
[18:17:59.258] [SEVERE ] updating countdown to 45162
[18:17:59.353] [SEVERE ] updating countdown to 45067
[18:17:59.449] [SEVERE ] updating countdown to 44971
[18:17:59.544] [SEVERE ] updating countdown to 44876
[18:17:59.639] [SEVERE ] updating countdown to 44781
[18:17:59.735] [SEVERE ] updating countdown to 44685
[18:17:59.831] [SEVERE ] updating countdown to 44589
[18:17:59.926] [SEVERE ] updating countdown to 44494
[18:18:00.021] [SEVERE ] updating countdown to 44399
[18:18:00.117] [SEVERE ] updating countdown to 44303
[18:18:00.212] [SEVERE ] updating countdown to 44208
[18:18:00.308] [SEVERE ] updating countdown to 44112
[18:18:00.403] [SEVERE ] updating countdown to 44017
[18:18:00.500] [SEVERE ] updating countdown to 43920
[18:18:00.595] [SEVERE ] updating countdown to 43825
[18:18:00.691] [SEVERE ] updating countdown to 43729
[18:18:00.787] [SEVERE ] updating countdown to 43633
[18:18:00.884] [SEVERE ] updating countdown to 43536
[18:18:00.979] [SEVERE ] updating countdown to 43441
[18:18:01.075] [SEVERE ] updating countdown to 43345
[18:18:01.171] [SEVERE ] updating countdown to 43249
[18:18:01.266] [SEVERE ] updating countdown to 43154
[18:18:01.362] [SEVERE ] updating countdown to 43058
[18:18:01.457] [SEVERE ] updating countdown to 42963
[18:18:01.553] [SEVERE ] updating countdown to 42867
[18:18:01.650] [SEVERE ] updating countdown to 42770
[18:18:01.745] [SEVERE ] updating countdown to 42675
[18:18:01.841] [SEVERE ] updating countdown to 42579
[18:18:01.936] [SEVERE ] updating countdown to 42484
[18:18:02.031] [SEVERE ] updating countdown to 42389
[18:18:02.128] [SEVERE ] updating countdown to 42292
[18:18:02.223] [SEVERE ] updating countdown to 42197
[18:18:02.319] [SEVERE ] updating countdown to 42101
[18:18:02.415] [SEVERE ] updating countdown to 42005
[18:18:02.512] [SEVERE ] updating countdown to 41908
[18:18:02.608] [SEVERE ] updating countdown to 41812
[18:18:02.703] [SEVERE ] updating countdown to 41717
[18:18:02.799] [SEVERE ] updating countdown to 41621
[18:18:02.895] [SEVERE ] updating countdown to 41525
[18:18:02.990] [SEVERE ] updating countdown to 41430
[18:18:03.085] [SEVERE ] updating countdown to 41335
[18:18:03.180] [SEVERE ] updating countdown to 41240
[18:18:03.276] [SEVERE ] updating countdown to 41144
[18:18:03.372] [SEVERE ] updating countdown to 41048
[18:18:03.467] [SEVERE ] updating countdown to 40953
[18:18:03.563] [SEVERE ] updating countdown to 40857
[18:18:03.658] [SEVERE ] updating countdown to 40762
[18:18:03.754] [SEVERE ] updating countdown to 40666
[18:18:03.850] [SEVERE ] updating countdown to 40570
[18:18:03.946] [SEVERE ] updating countdown to 40474
[18:18:04.041] [SEVERE ] updating countdown to 40379
[18:18:04.137] [SEVERE ] updating countdown to 40283
[18:18:04.233] [SEVERE ] updating countdown to 40187
[18:18:04.329] [SEVERE ] updating countdown to 40091
[18:18:04.424] [SEVERE ] updating countdown to 39996
[18:18:04.519] [SEVERE ] updating countdown to 39901
[18:18:04.614] [SEVERE ] updating countdown to 39806
[18:18:04.709] [SEVERE ] updating countdown to 39711
[18:18:04.804] [SEVERE ] updating countdown to 39616
[18:18:04.899] [SEVERE ] updating countdown to 39521
[18:18:04.995] [SEVERE ] updating countdown to 39425
[18:18:05.091] [SEVERE ] updating countdown to 39329
[18:18:05.186] [SEVERE ] updating countdown to 39234
[18:18:05.281] [SEVERE ] updating countdown to 39139
[18:18:05.377] [SEVERE ] updating countdown to 39043
[18:18:05.473] [SEVERE ] updating countdown to 38947
[18:18:05.568] [SEVERE ] updating countdown to 38852
[18:18:05.664] [SEVERE ] updating countdown to 38756
[18:18:05.759] [SEVERE ] updating countdown to 38661
[18:18:05.855] [SEVERE ] updating countdown to 38565
[18:18:05.951] [SEVERE ] updating countdown to 38469
[18:18:06.047] [SEVERE ] updating countdown to 38373
[18:18:06.142] [SEVERE ] updating countdown to 38278
[18:18:06.238] [SEVERE ] updating countdown to 38182
[18:18:06.334] [SEVERE ] updating countdown to 38086
[18:18:06.430] [SEVERE ] updating countdown to 37990
[18:18:06.527] [SEVERE ] updating countdown to 37893
[18:18:06.622] [SEVERE ] updating countdown to 37798
[18:18:06.717] [SEVERE ] updating countdown to 37703
[18:18:06.813] [SEVERE ] updating countdown to 37607
[18:18:06.908] [SEVERE ] updating countdown to 37512
[18:18:07.004] [SEVERE ] updating countdown to 37416
[18:18:07.100] [SEVERE ] updating countdown to 37320
[18:18:07.196] [SEVERE ] updating countdown to 37224
[18:18:07.291] [SEVERE ] updating countdown to 37129
[18:18:07.387] [SEVERE ] updating countdown to 37033
[18:18:07.482] [SEVERE ] updating countdown to 36938
[18:18:07.578] [SEVERE ] updating countdown to 36842
[18:18:07.673] [SEVERE ] updating countdown to 36747
[18:18:07.769] [SEVERE ] updating countdown to 36651
[18:18:07.865] [SEVERE ] updating countdown to 36555
[18:18:07.961] [SEVERE ] updating countdown to 36459
[18:18:08.056] [SEVERE ] updating countdown to 36364
[18:18:08.151] [SEVERE ] updating countdown to 36269
[18:18:08.247] [SEVERE ] updating countdown to 36173
[18:18:08.342] [SEVERE ] updating countdown to 36078
[18:18:08.438] [SEVERE ] updating countdown to 35982
[18:18:08.533] [SEVERE ] updating countdown to 35887
[18:18:08.629] [SEVERE ] updating countdown to 35791
[18:18:08.724] [SEVERE ] updating countdown to 35696
[18:18:08.820] [SEVERE ] updating countdown to 35600
[18:18:08.915] [SEVERE ] updating countdown to 35505
[18:18:09.010] [SEVERE ] updating countdown to 35410
[18:18:09.106] [SEVERE ] updating countdown to 35314
[18:18:09.201] [SEVERE ] updating countdown to 35219
[18:18:09.297] [SEVERE ] updating countdown to 35123
[18:18:09.392] [SEVERE ] updating countdown to 35028
[18:18:09.487] [SEVERE ] updating countdown to 34933
[18:18:09.582] [SEVERE ] updating countdown to 34838
[18:18:09.678] [SEVERE ] updating countdown to 34742
[18:18:09.774] [SEVERE ] updating countdown to 34646
[18:18:09.869] [SEVERE ] updating countdown to 34551
[18:18:09.965] [SEVERE ] updating countdown to 34455
[18:18:10.060] [SEVERE ] updating countdown to 34360
[18:18:10.156] [SEVERE ] updating countdown to 34264
[18:18:10.251] [SEVERE ] updating countdown to 34169
[18:18:10.347] [SEVERE ] updating countdown to 34073
[18:18:10.443] [SEVERE ] updating countdown to 33977
[18:18:10.539] [SEVERE ] updating countdown to 33881
[18:18:10.634] [SEVERE ] updating countdown to 33786
[18:18:10.730] [SEVERE ] updating countdown to 33690
[18:18:10.825] [SEVERE ] updating countdown to 33595
[18:18:10.921] [SEVERE ] updating countdown to 33499
[18:18:11.017] [SEVERE ] updating countdown to 33403
[18:18:11.112] [SEVERE ] updating countdown to 33308
[18:18:11.207] [SEVERE ] updating countdown to 33213
[18:18:11.302] [SEVERE ] updating countdown to 33118
[18:18:11.398] [SEVERE ] updating countdown to 33022
[18:18:11.493] [SEVERE ] updating countdown to 32927
[18:18:11.589] [SEVERE ] updating countdown to 32831
[18:18:11.684] [SEVERE ] updating countdown to 32736
[18:18:11.780] [SEVERE ] updating countdown to 32640
[18:18:11.876] [SEVERE ] updating countdown to 32544
[18:18:11.972] [SEVERE ] updating countdown to 32448
[18:18:12.067] [SEVERE ] updating countdown to 32353
[18:18:12.163] [SEVERE ] updating countdown to 32257
[18:18:12.259] [SEVERE ] updating countdown to 32161
[18:18:12.354] [SEVERE ] updating countdown to 32066
[18:18:12.450] [SEVERE ] updating countdown to 31970
[18:18:12.545] [SEVERE ] updating countdown to 31875
[18:18:12.640] [SEVERE ] updating countdown to 31780
[18:18:12.735] [SEVERE ] updating countdown to 31685
[18:18:12.830] [SEVERE ] updating countdown to 31590
[18:18:12.926] [SEVERE ] updating countdown to 31494
[18:18:13.022] [SEVERE ] updating countdown to 31398
[18:18:13.117] [SEVERE ] updating countdown to 31303
[18:18:13.213] [SEVERE ] updating countdown to 31207
[18:18:13.309] [SEVERE ] updating countdown to 31111
[18:18:13.404] [SEVERE ] updating countdown to 31016
[18:18:13.499] [SEVERE ] updating countdown to 30921
[18:18:13.595] [SEVERE ] updating countdown to 30825
[18:18:13.690] [SEVERE ] updating countdown to 30730
[18:18:13.786] [SEVERE ] updating countdown to 30634
[18:18:13.881] [SEVERE ] updating countdown to 30539
[18:18:13.976] [SEVERE ] updating countdown to 30444
[18:18:14.072] [SEVERE ] updating countdown to 30348
[18:18:14.167] [SEVERE ] updating countdown to 30253
[18:18:14.263] [SEVERE ] updating countdown to 30157
[18:18:14.358] [SEVERE ] updating countdown to 30062
[18:18:14.454] [SEVERE ] updating countdown to 29966
[18:18:14.549] [SEVERE ] updating countdown to 29871
[18:18:14.644] [SEVERE ] updating countdown to 29776
[18:18:14.740] [SEVERE ] updating countdown to 29680
[18:18:14.836] [SEVERE ] updating countdown to 29584
[18:18:14.931] [SEVERE ] updating countdown to 29489
[18:18:15.027] [SEVERE ] updating countdown to 29393
[18:18:15.123] [SEVERE ] updating countdown to 29297
[18:18:15.219] [SEVERE ] updating countdown to 29201
[18:18:15.315] [SEVERE ] updating countdown to 29105
[18:18:15.411] [SEVERE ] updating countdown to 29009
[18:18:15.506] [SEVERE ] updating countdown to 28914
[18:18:15.601] [SEVERE ] updating countdown to 28819
[18:18:15.697] [SEVERE ] updating countdown to 28723
[18:18:15.792] [SEVERE ] updating countdown to 28628
[18:18:15.888] [SEVERE ] updating countdown to 28532
[18:18:15.984] [SEVERE ] updating countdown to 28436
[18:18:16.079] [SEVERE ] updating countdown to 28341
[18:18:16.174] [SEVERE ] updating countdown to 28246
[18:18:16.270] [SEVERE ] updating countdown to 28150
[18:18:16.366] [SEVERE ] updating countdown to 28054
[18:18:16.462] [SEVERE ] updating countdown to 27958
[18:18:16.558] [SEVERE ] updating countdown to 27862
[18:18:16.653] [SEVERE ] updating countdown to 27767
[18:18:16.749] [SEVERE ] updating countdown to 27671
[18:18:16.844] [SEVERE ] updating countdown to 27576
[18:18:16.939] [SEVERE ] updating countdown to 27481
[18:18:17.035] [SEVERE ] updating countdown to 27385
[18:18:17.130] [SEVERE ] updating countdown to 27290
[18:18:17.225] [SEVERE ] updating countdown to 27195
[18:18:17.321] [SEVERE ] updating countdown to 27099
[18:18:17.417] [SEVERE ] updating countdown to 27003
[18:18:17.514] [SEVERE ] updating countdown to 26906
[18:18:17.609] [SEVERE ] updating countdown to 26811
[18:18:17.705] [SEVERE ] updating countdown to 26715
[18:18:17.800] [SEVERE ] updating countdown to 26620
[18:18:17.896] [SEVERE ] updating countdown to 26524
[18:18:17.991] [SEVERE ] updating countdown to 26429
[18:18:18.086] [SEVERE ] updating countdown to 26334
[18:18:18.182] [SEVERE ] updating countdown to 26238
[18:18:18.277] [SEVERE ] updating countdown to 26143
[18:18:18.372] [SEVERE ] updating countdown to 26048
[18:18:18.468] [SEVERE ] updating countdown to 25952
[18:18:18.563] [SEVERE ] updating countdown to 25857
[18:18:18.659] [SEVERE ] updating countdown to 25761
[18:18:18.755] [SEVERE ] updating countdown to 25665
[18:18:18.850] [SEVERE ] updating countdown to 25570
[18:18:18.945] [SEVERE ] updating countdown to 25475
[18:18:19.041] [SEVERE ] updating countdown to 25379
[18:18:19.137] [SEVERE ] updating countdown to 25283
[18:18:19.232] [SEVERE ] updating countdown to 25188
[18:18:19.328] [SEVERE ] updating countdown to 25092
[18:18:19.424] [SEVERE ] updating countdown to 24996
[18:18:19.519] [SEVERE ] updating countdown to 24901
[18:18:19.615] [SEVERE ] updating countdown to 24805
[18:18:19.711] [SEVERE ] updating countdown to 24709
[18:18:19.806] [SEVERE ] updating countdown to 24614
[18:18:19.902] [SEVERE ] updating countdown to 24518
[18:18:19.998] [SEVERE ] updating countdown to 24422
[18:18:20.093] [SEVERE ] updating countdown to 24327
[18:18:20.189] [SEVERE ] updating countdown to 24231
[18:18:20.284] [SEVERE ] updating countdown to 24136
[18:18:20.380] [SEVERE ] updating countdown to 24040
[18:18:20.475] [SEVERE ] updating countdown to 23945
[18:18:20.570] [SEVERE ] updating countdown to 23850
[18:18:20.666] [SEVERE ] updating countdown to 23754
[18:18:20.762] [SEVERE ] updating countdown to 23658
[18:18:20.858] [SEVERE ] updating countdown to 23562
[18:18:20.954] [SEVERE ] updating countdown to 23466
[18:18:21.049] [SEVERE ] updating countdown to 23371
[18:18:21.145] [SEVERE ] updating countdown to 23275
[18:18:21.241] [SEVERE ] updating countdown to 23179
[18:18:21.337] [SEVERE ] updating countdown to 23083
[18:18:21.433] [SEVERE ] updating countdown to 22987
[18:18:21.528] [SEVERE ] updating countdown to 22892
[18:18:21.624] [SEVERE ] updating countdown to 22796
[18:18:21.719] [SEVERE ] updating countdown to 22701
[18:18:21.814] [SEVERE ] updating countdown to 22606
[18:18:21.909] [SEVERE ] updating countdown to 22511
[18:18:22.005] [SEVERE ] updating countdown to 22415
[18:18:22.100] [SEVERE ] updating countdown to 22320
[18:18:22.196] [SEVERE ] updating countdown to 22224
[18:18:22.291] [SEVERE ] updating countdown to 22129
[18:18:22.387] [SEVERE ] updating countdown to 22033
[18:18:22.483] [SEVERE ] updating countdown to 21937
[18:18:22.579] [SEVERE ] updating countdown to 21841
[18:18:22.674] [SEVERE ] updating countdown to 21746
[18:18:22.769] [SEVERE ] updating countdown to 21651
[18:18:22.865] [SEVERE ] updating countdown to 21555
[18:18:22.960] [SEVERE ] updating countdown to 21460
[18:18:23.055] [SEVERE ] updating countdown to 21365
[18:18:23.151] [SEVERE ] updating countdown to 21269
[18:18:23.246] [SEVERE ] updating countdown to 21174
[18:18:23.342] [SEVERE ] updating countdown to 21078
[18:18:23.437] [SEVERE ] updating countdown to 20983
[18:18:23.533] [SEVERE ] updating countdown to 20887
[18:18:23.628] [SEVERE ] updating countdown to 20792
[18:18:23.723] [SEVERE ] updating countdown to 20697
[18:18:23.819] [SEVERE ] updating countdown to 20601
[18:18:23.914] [SEVERE ] updating countdown to 20506
[18:18:24.009] [SEVERE ] updating countdown to 20411
[18:18:24.105] [SEVERE ] updating countdown to 20315
[18:18:24.200] [SEVERE ] updating countdown to 20220
[18:18:24.295] [SEVERE ] updating countdown to 20125
[18:18:24.390] [SEVERE ] updating countdown to 20030
[18:18:24.485] [SEVERE ] updating countdown to 19935
[18:18:24.581] [SEVERE ] updating countdown to 19839
[18:18:24.676] [SEVERE ] updating countdown to 19744
[18:18:24.771] [SEVERE ] updating countdown to 19649
[18:18:24.867] [SEVERE ] updating countdown to 19553
[18:18:24.963] [SEVERE ] updating countdown to 19457
[18:18:25.058] [SEVERE ] updating countdown to 19362
[18:18:25.153] [SEVERE ] updating countdown to 19267
[18:18:25.250] [SEVERE ] updating countdown to 19170
[18:18:25.345] [SEVERE ] updating countdown to 19075
[18:18:25.441] [SEVERE ] updating countdown to 18979
[18:18:25.537] [SEVERE ] updating countdown to 18883
[18:18:25.632] [SEVERE ] updating countdown to 18788
[18:18:25.728] [SEVERE ] updating countdown to 18692
[18:18:25.823] [SEVERE ] updating countdown to 18597
[18:18:25.918] [SEVERE ] updating countdown to 18502
[18:18:26.013] [SEVERE ] updating countdown to 18407
[18:18:26.109] [SEVERE ] updating countdown to 18311
[18:18:26.205] [SEVERE ] updating countdown to 18215
[18:18:26.301] [SEVERE ] updating countdown to 18119
[18:18:26.396] [SEVERE ] updating countdown to 18024
[18:18:26.491] [SEVERE ] updating countdown to 17929
[18:18:26.587] [SEVERE ] updating countdown to 17833
[18:18:26.682] [SEVERE ] updating countdown to 17738
[18:18:26.777] [SEVERE ] updating countdown to 17643
