[16:51:56.615] [INFO   ] thread bguspl.set.Main.main() starting.
[16:51:56.619] [SEVERE ] cannot read configuration file config.properties trying from resources.
[16:51:56.620] [SEVERE ] configuration file was loaded from resources directory.
[16:51:57.046] [INFO   ] thread dealer starting.
[16:51:57.046] [INFO   ] thread dealer starting.
[16:51:57.048] [INFO   ] thread Thread-1 starting.
[16:51:57.048] [INFO   ] thread Thread-5 starting.
[16:51:57.048] [INFO   ] thread Thread-4 starting.
[16:51:57.048] [INFO   ] thread Thread-3 starting.
[16:51:57.048] [INFO   ] thread Thread-2 starting.
[16:51:57.051] [INFO   ] thread computer-0 starting.
[16:51:57.051] [INFO   ] thread computer-2 starting.
[16:51:57.051] [INFO   ] thread computer-4 starting.
[16:51:57.051] [INFO   ] thread computer-3 starting.
[16:51:57.048] [INFO   ] thread Thread-6 starting.
[16:51:57.052] [INFO   ] thread computer-1 starting.
[16:51:57.054] [INFO   ] thread computer-5 starting.
[16:51:57.169] [SEVERE ] placing card 22 in slot 0
[16:51:57.277] [SEVERE ] placing card 24 in slot 1
[16:51:57.388] [SEVERE ] placing card 19 in slot 2
[16:51:57.498] [SEVERE ] placing card 12 in slot 3
[16:51:57.607] [SEVERE ] placing card 8 in slot 4
[16:51:57.718] [SEVERE ] placing card 13 in slot 5
[16:51:57.830] [SEVERE ] placing card 26 in slot 6
[16:51:57.939] [SEVERE ] placing card 0 in slot 7
[16:51:58.048] [SEVERE ] placing card 17 in slot 8
[16:51:58.158] [SEVERE ] placing card 6 in slot 9
[16:51:58.267] [SEVERE ] placing card 4 in slot 10
[16:51:58.376] [SEVERE ] placing card 1 in slot 11
[16:51:58.377] [SEVERE ] updating countdown to 30000
[16:51:58.894] [SEVERE ] player 1 placing token on slot 5
[16:51:58.894] [SEVERE ] player 2 placing token on slot 2
[16:51:58.894] [SEVERE ] player 5 placing token on slot 11
[16:51:58.894] [SEVERE ] player 3 placing token on slot 9
[16:51:58.894] [SEVERE ] player 6 placing token on slot 9
[16:51:58.894] [SEVERE ] player 4 placing token on slot 7
[16:51:58.988] [SEVERE ] updating countdown to 29389
[16:51:59.394] [SEVERE ] player 1 placing token on slot 9
[16:51:59.394] [SEVERE ] player 2 placing token on slot 5
[16:51:59.394] [SEVERE ] player 3 placing token on slot 6
[16:51:59.394] [SEVERE ] player 6 placing token on slot 10
[16:51:59.394] [SEVERE ] player 4 placing token on slot 6
[16:51:59.394] [SEVERE ] player 5 placing token on slot 10
[16:51:59.598] [SEVERE ] updating countdown to 28779
[16:51:59.894] [SEVERE ] removing player 2 token from slot 5
[16:51:59.894] [SEVERE ] removing player 4 token from slot 7
[16:51:59.894] [SEVERE ] player 6 placing token on slot 2
[16:51:59.894] [SEVERE ] player 5 placing token on slot 9
[16:51:59.894] [SEVERE ] player 1 placing token on slot 1
[16:51:59.894] [SEVERE ] player 3 placing token on slot 5
[16:51:59.896] [SEVERE ] setting player 6 freeze to 0
[16:51:59.896] [SEVERE ] updating countdown to 28481
[16:51:59.897] [SEVERE ] setting player 6 freeze to 0
[16:51:59.898] [SEVERE ] setting player 5 freeze to 0
[16:51:59.898] [SEVERE ] updating countdown to 28479
[16:51:59.899] [SEVERE ] setting player 5 freeze to 0
[16:51:59.899] [SEVERE ] setting player 1 freeze to 0
[16:51:59.899] [SEVERE ] updating countdown to 28478
[16:51:59.900] [SEVERE ] setting player 1 freeze to 0
[16:51:59.900] [SEVERE ] setting player 3 freeze to 0
[16:51:59.900] [SEVERE ] updating countdown to 28477
[16:51:59.901] [SEVERE ] setting player 3 freeze to 0
[16:52:00.399] [SEVERE ] removing player 5 token from slot 10
[16:52:00.399] [SEVERE ] player 4 placing token on slot 3
[16:52:00.399] [SEVERE ] removing player 3 token from slot 6
[16:52:00.399] [SEVERE ] player 2 placing token on slot 1
[16:52:00.509] [SEVERE ] updating countdown to 27868
[16:52:00.901] [SEVERE ] removing player 6 token from slot 2
[16:52:00.901] [SEVERE ] player 2 placing token on slot 11
[16:52:00.901] [SEVERE ] player 5 placing token on slot 7
[16:52:00.901] [SEVERE ] player 4 placing token on slot 10
[16:52:00.901] [SEVERE ] removing player 3 token from slot 5
[16:52:00.902] [SEVERE ] setting player 2 freeze to 0
[16:52:00.902] [SEVERE ] updating countdown to 27475
[16:52:00.904] [SEVERE ] setting player 2 freeze to 0
[16:52:00.904] [SEVERE ] setting player 5 freeze to 0
[16:52:00.905] [SEVERE ] setting player 5 freeze to 0
[16:52:00.904] [SEVERE ] updating countdown to 27473
[16:52:00.905] [SEVERE ] updating countdown to 27472
[16:52:00.906] [SEVERE ] setting player 4 freeze to 0
[16:52:00.906] [SEVERE ] setting player 4 freeze to 0
[16:52:01.407] [SEVERE ] removing player 2 token from slot 2
[16:52:01.407] [SEVERE ] player 3 placing token on slot 11
[16:52:01.407] [SEVERE ] player 6 placing token on slot 2
[16:52:01.407] [SEVERE ] removing player 1 token from slot 9
[16:52:01.410] [SEVERE ] setting player 6 freeze to 0
[16:52:01.410] [SEVERE ] updating countdown to 26967
[16:52:01.410] [SEVERE ] setting player 6 freeze to 0
[16:52:01.908] [SEVERE ] removing player 4 token from slot 6
[16:52:01.908] [SEVERE ] player 3 placing token on slot 5
[16:52:01.908] [SEVERE ] player 1 placing token on slot 4
[16:52:01.908] [SEVERE ] player 2 placing token on slot 9
[16:52:01.909] [SEVERE ] setting player 3 freeze to 0
[16:52:01.910] [SEVERE ] setting player 3 freeze to 0
[16:52:01.909] [SEVERE ] updating countdown to 26468
[16:52:01.911] [SEVERE ] updating countdown to 26466
[16:52:01.911] [SEVERE ] setting player 1 freeze to 0
[16:52:01.911] [SEVERE ] setting player 1 freeze to 0
[16:52:01.911] [SEVERE ] setting player 2 freeze to 0
[16:52:01.912] [SEVERE ] setting player 2 freeze to 0
[16:52:01.911] [SEVERE ] updating countdown to 26466
[16:52:02.408] [SEVERE ] removing player 5 token from slot 9
[16:52:02.408] [SEVERE ] removing player 1 token from slot 1
[16:52:02.422] [SEVERE ] player 4 placing token on slot 5
[16:52:02.422] [SEVERE ] updating countdown to 25955
[16:52:02.422] [SEVERE ] setting player 4 freeze to 0
[16:52:02.422] [SEVERE ] setting player 4 freeze to 0
[16:52:02.924] [SEVERE ] removing player 4 token from slot 5
[16:52:02.924] [SEVERE ] player 1 placing token on slot 8
[16:52:02.924] [SEVERE ] player 5 placing token on slot 6
[16:52:02.926] [SEVERE ] setting player 1 freeze to 0
[16:52:02.926] [SEVERE ] updating countdown to 25451
[16:52:02.927] [SEVERE ] setting player 1 freeze to 0
[16:52:02.927] [SEVERE ] setting player 5 freeze to 0
[16:52:02.927] [SEVERE ] updating countdown to 25450
[16:52:02.928] [SEVERE ] setting player 5 freeze to 0
[16:52:03.425] [SEVERE ] player 4 placing token on slot 0
[16:52:03.426] [SEVERE ] updating countdown to 24951
[16:52:03.426] [SEVERE ] setting player 4 freeze to 0
[16:52:03.426] [SEVERE ] setting player 4 freeze to 0
[16:52:03.926] [SEVERE ] removing player 3 token from slot 9
[16:52:03.926] [SEVERE ] removing player 2 token from slot 11
[16:52:04.035] [SEVERE ] updating countdown to 24342
[16:52:04.427] [SEVERE ] removing player 6 token from slot 2
[16:52:04.427] [SEVERE ] removing player 2 token from slot 1
[16:52:04.427] [SEVERE ] player 3 placing token on slot 0
[16:52:04.427] [SEVERE ] removing player 5 token from slot 6
[16:52:04.428] [SEVERE ] setting player 3 freeze to 0
[16:52:04.428] [SEVERE ] updating countdown to 23949
[16:52:04.429] [SEVERE ] setting player 3 freeze to 0
[16:52:04.927] [SEVERE ] player 2 placing token on slot 11
[16:52:04.929] [SEVERE ] removing player 5 token from slot 11
[16:52:04.929] [SEVERE ] player 6 placing token on slot 7
[16:52:04.930] [SEVERE ] updating countdown to 23447
[16:52:04.930] [SEVERE ] setting player 6 freeze to 0
[16:52:04.931] [SEVERE ] setting player 6 freeze to 0
[16:52:05.429] [SEVERE ] player 2 placing token on slot 7
[16:52:05.429] [SEVERE ] removing player 4 token from slot 10
[16:52:05.429] [SEVERE ] setting player 2 freeze to 0
[16:52:05.429] [SEVERE ] updating countdown to 22948
[16:52:05.429] [SEVERE ] removing player 6 token from slot 7
[16:52:05.430] [SEVERE ] setting player 2 freeze to 0
[16:52:05.444] [SEVERE ] removing player 1 token from slot 5
[16:52:05.444] [SEVERE ] player 5 placing token on slot 8
[16:52:05.932] [SEVERE ] removing player 3 token from slot 5
[16:52:05.932] [SEVERE ] player 4 placing token on slot 2
[16:52:05.932] [SEVERE ] player 6 placing token on slot 5
[16:52:05.933] [SEVERE ] updating countdown to 22444
[16:52:05.933] [SEVERE ] setting player 6 freeze to 0
[16:52:05.934] [SEVERE ] setting player 4 freeze to 0
[16:52:05.934] [SEVERE ] setting player 4 freeze to 0
[16:52:05.934] [SEVERE ] updating countdown to 22443
[16:52:05.934] [SEVERE ] setting player 6 freeze to 0
[16:52:05.948] [SEVERE ] player 5 placing token on slot 0
[16:52:05.948] [SEVERE ] player 1 placing token on slot 11
[16:52:05.949] [SEVERE ] setting player 5 score to 1
[16:52:05.949] [SEVERE ] setting player 5 freeze to 0
[16:52:05.949] [SEVERE ] setting player 5 freeze to 0
[16:52:06.058] [SEVERE ] removing tokens from slot 0
[16:52:06.058] [SEVERE ] removing card from slot 0
[16:52:06.167] [SEVERE ] removing tokens from slot 7
[16:52:06.168] [SEVERE ] removing card from slot 7
[16:52:06.276] [SEVERE ] removing tokens from slot 8
[16:52:06.276] [SEVERE ] removing card from slot 8
[16:52:06.385] [SEVERE ] placing card 21 in slot 0
[16:52:06.447] [SEVERE ] player 3 placing token on slot 5
[16:52:06.447] [SEVERE ] player 4 placing token on slot 11
[16:52:06.447] [SEVERE ] player 2 placing token on slot 10
[16:52:06.462] [SEVERE ] player 5 placing token on slot 6
[16:52:06.493] [SEVERE ] placing card 9 in slot 7
[16:52:06.604] [SEVERE ] placing card 3 in slot 8
[16:52:06.604] [SEVERE ] updating countdown to 30000
[16:52:06.605] [SEVERE ] updating countdown to 29999
[16:52:06.605] [SEVERE ] updating countdown to 29999
[16:52:06.606] [SEVERE ] updating countdown to 29998
[16:52:06.606] [SEVERE ] setting player 4 freeze to 0
[16:52:06.606] [SEVERE ] setting player 2 freeze to 0
[16:52:06.606] [SEVERE ] updating countdown to 29998
[16:52:06.607] [SEVERE ] setting player 2 freeze to 0
[16:52:06.606] [SEVERE ] setting player 4 freeze to 0
[16:52:06.949] [SEVERE ] removing player 3 token from slot 5
[16:52:06.949] [SEVERE ] removing player 6 token from slot 5
[16:52:06.965] [SEVERE ] player 5 placing token on slot 1
[16:52:07.214] [SEVERE ] updating countdown to 29390
[16:52:07.450] [SEVERE ] player 6 placing token on slot 4
[16:52:07.450] [SEVERE ] player 3 placing token on slot 6
[16:52:07.451] [SEVERE ] updating countdown to 29153
[16:52:07.451] [SEVERE ] setting player 6 freeze to 0
[16:52:07.452] [SEVERE ] setting player 6 freeze to 0
[16:52:07.466] [SEVERE ] player 5 placing token on slot 8
[16:52:07.467] [SEVERE ] setting player 5 freeze to 0
[16:52:07.467] [SEVERE ] setting player 5 freeze to 0
[16:52:07.467] [SEVERE ] updating countdown to 29137
[16:52:07.953] [SEVERE ] player 3 placing token on slot 8
[16:52:07.954] [SEVERE ] updating countdown to 28650
[16:52:07.954] [SEVERE ] setting player 3 freeze to 0
[16:52:07.954] [SEVERE ] setting player 3 freeze to 0
[16:52:08.462] [SEVERE ] removing player 2 token from slot 11
[16:52:08.558] [SEVERE ] updating countdown to 28046
[16:52:08.974] [SEVERE ] removing player 6 token from slot 9
[16:52:08.974] [SEVERE ] player 2 placing token on slot 1
[16:52:08.974] [SEVERE ] updating countdown to 27630
[16:52:08.974] [SEVERE ] setting player 2 freeze to 0
[16:52:08.974] [SEVERE ] setting player 2 freeze to 0
[16:52:09.485] [SEVERE ] removing player 4 token from slot 3
[16:52:09.485] [SEVERE ] removing player 6 token from slot 10
[16:52:09.581] [SEVERE ] updating countdown to 27023
[16:52:09.995] [SEVERE ] player 4 placing token on slot 1
[16:52:09.995] [SEVERE ] player 6 placing token on slot 9
[16:52:09.995] [SEVERE ] updating countdown to 26609
[16:52:09.995] [SEVERE ] setting player 4 freeze to 0
[16:52:09.995] [SEVERE ] setting player 4 freeze to 0
[16:52:10.011] [SEVERE ] removing player 5 token from slot 6
[16:52:10.506] [SEVERE ] removing player 4 token from slot 11
[16:52:10.506] [SEVERE ] player 6 placing token on slot 5
[16:52:10.506] [SEVERE ] updating countdown to 26098
[16:52:10.506] [SEVERE ] setting player 6 freeze to 0
[16:52:10.506] [SEVERE ] setting player 6 freeze to 0
[16:52:10.522] [SEVERE ] removing player 5 token from slot 1
[16:52:11.018] [SEVERE ] player 4 placing token on slot 3
[16:52:11.018] [SEVERE ] updating countdown to 25586
[16:52:11.018] [SEVERE ] setting player 4 freeze to 0
[16:52:11.018] [SEVERE ] setting player 4 freeze to 0
[16:52:11.034] [SEVERE ] player 5 placing token on slot 1
[16:52:11.514] [SEVERE ] removing player 3 token from slot 6
[16:52:11.546] [SEVERE ] player 5 placing token on slot 9
[16:52:11.546] [SEVERE ] updating countdown to 25058
[16:52:11.546] [SEVERE ] setting player 5 freeze to 0
[16:52:11.546] [SEVERE ] setting player 5 freeze to 0
[16:52:12.026] [SEVERE ] player 3 placing token on slot 7
[16:52:12.026] [SEVERE ] updating countdown to 24578
[16:52:12.026] [SEVERE ] setting player 3 freeze to 0
[16:52:12.026] [SEVERE ] setting player 3 freeze to 0
[16:52:12.042] [SEVERE ] removing player 6 token from slot 9
[16:52:12.538] [SEVERE ] removing player 3 token from slot 11
[16:52:12.554] [SEVERE ] player 6 placing token on slot 7
[16:52:12.554] [SEVERE ] updating countdown to 24050
[16:52:12.554] [SEVERE ] setting player 6 freeze to 0
[16:52:12.554] [SEVERE ] setting player 6 freeze to 0
[16:52:13.050] [SEVERE ] player 3 placing token on slot 2
[16:52:13.050] [SEVERE ] updating countdown to 23554
[16:52:13.050] [SEVERE ] setting player 3 freeze to 0
[16:52:13.050] [SEVERE ] setting player 3 freeze to 0
[16:52:13.562] [SEVERE ] removing player 2 token from slot 10
[16:52:13.578] [SEVERE ] removing player 4 token from slot 2
[16:52:13.658] [SEVERE ] updating countdown to 22946
[16:52:14.073] [SEVERE ] player 2 placing token on slot 0
[16:52:14.073] [SEVERE ] updating countdown to 22531
[16:52:14.073] [SEVERE ] setting player 2 freeze to 0
[16:52:14.073] [SEVERE ] setting player 2 freeze to 0
[16:52:14.089] [SEVERE ] removing player 6 token from slot 5
[16:52:14.089] [SEVERE ] player 4 placing token on slot 2
[16:52:14.089] [SEVERE ] updating countdown to 22515
[16:52:14.089] [SEVERE ] setting player 4 freeze to 0
[16:52:14.089] [SEVERE ] setting player 4 freeze to 0
[16:52:14.105] [SEVERE ] removing player 5 token from slot 1
[16:52:14.585] [SEVERE ] removing player 2 token from slot 0
[16:52:14.585] [SEVERE ] removing player 3 token from slot 2
[16:52:14.601] [SEVERE ] player 6 placing token on slot 5
[16:52:14.601] [SEVERE ] updating countdown to 22003
[16:52:14.601] [SEVERE ] setting player 6 freeze to 0
[16:52:14.601] [SEVERE ] setting player 6 freeze to 0
[16:52:14.617] [SEVERE ] player 5 placing token on slot 10
[16:52:14.617] [SEVERE ] updating countdown to 21987
[16:52:14.617] [SEVERE ] setting player 5 freeze to 0
[16:52:14.617] [SEVERE ] setting player 5 freeze to 0
[16:52:15.096] [SEVERE ] player 2 placing token on slot 2
[16:52:15.096] [SEVERE ] removing player 3 token from slot 7
[16:52:15.096] [SEVERE ] updating countdown to 21508
[16:52:15.096] [SEVERE ] setting player 2 freeze to 0
[16:52:15.096] [SEVERE ] setting player 2 freeze to 0
[16:52:15.607] [SEVERE ] player 3 placing token on slot 5
[16:52:15.696] [SEVERE ] updating countdown to 20908
[16:52:16.119] [SEVERE ] removing player 2 token from slot 1
[16:52:16.119] [SEVERE ] removing player 3 token from slot 8
[16:52:16.151] [SEVERE ] removing player 5 token from slot 10
[16:52:16.311] [SEVERE ] updating countdown to 20293
[16:52:16.631] [SEVERE ] player 2 placing token on slot 1
[16:52:16.631] [SEVERE ] player 3 placing token on slot 10
[16:52:16.631] [SEVERE ] updating countdown to 19973
[16:52:16.631] [SEVERE ] setting player 2 freeze to 0
[16:52:16.631] [SEVERE ] setting player 2 freeze to 0
[16:52:16.647] [SEVERE ] removing player 6 token from slot 4
[16:52:16.663] [SEVERE ] player 5 placing token on slot 7
[16:52:16.663] [SEVERE ] updating countdown to 19941
[16:52:16.663] [SEVERE ] setting player 5 freeze to 0
[16:52:16.663] [SEVERE ] setting player 5 freeze to 0
[16:52:17.142] [SEVERE ] player 3 placing token on slot 9
[16:52:17.142] [SEVERE ] updating countdown to 19462
[16:52:17.142] [SEVERE ] setting player 3 freeze to 0
[16:52:17.142] [SEVERE ] setting player 3 freeze to 0
[16:52:17.158] [SEVERE ] player 6 placing token on slot 9
[16:52:17.158] [SEVERE ] updating countdown to 19446
[16:52:17.158] [SEVERE ] setting player 6 freeze to 0
[16:52:17.158] [SEVERE ] setting player 6 freeze to 0
[16:52:17.654] [SEVERE ] removing player 2 token from slot 1
[16:52:17.670] [SEVERE ] removing player 4 token from slot 2
[16:52:17.766] [SEVERE ] updating countdown to 18838
[16:52:18.164] [SEVERE ] removing player 3 token from slot 9
[16:52:18.164] [SEVERE ] player 2 placing token on slot 3
[16:52:18.164] [SEVERE ] updating countdown to 18440
[16:52:18.164] [SEVERE ] setting player 2 freeze to 0
[16:52:18.164] [SEVERE ] setting player 2 freeze to 0
[16:52:18.180] [SEVERE ] player 4 placing token on slot 6
[16:52:18.180] [SEVERE ] updating countdown to 18424
[16:52:18.180] [SEVERE ] setting player 4 freeze to 0
[16:52:18.180] [SEVERE ] setting player 4 freeze to 0
[16:52:18.676] [SEVERE ] removing player 3 token from slot 10
[16:52:18.692] [SEVERE ] removing player 6 token from slot 5
[16:52:18.781] [SEVERE ] updating countdown to 17823
[16:52:19.188] [SEVERE ] player 3 placing token on slot 0
[16:52:19.204] [SEVERE ] removing player 4 token from slot 6
[16:52:19.204] [SEVERE ] player 6 placing token on slot 3
[16:52:19.204] [SEVERE ] updating countdown to 17400
[16:52:19.204] [SEVERE ] setting player 6 freeze to 0
[16:52:19.204] [SEVERE ] setting player 6 freeze to 0
[16:52:19.220] [SEVERE ] removing player 5 token from slot 7
[16:52:19.699] [SEVERE ] player 3 placing token on slot 4
[16:52:19.699] [SEVERE ] updating countdown to 16905
[16:52:19.699] [SEVERE ] setting player 3 freeze to 0
[16:52:19.699] [SEVERE ] setting player 3 freeze to 0
[16:52:19.715] [SEVERE ] player 4 placing token on slot 10
[16:52:19.715] [SEVERE ] updating countdown to 16889
[16:52:19.715] [SEVERE ] setting player 4 freeze to 0
[16:52:19.715] [SEVERE ] setting player 4 freeze to 0
[16:52:19.731] [SEVERE ] player 5 placing token on slot 1
[16:52:19.731] [SEVERE ] updating countdown to 16873
[16:52:19.731] [SEVERE ] setting player 5 freeze to 0
[16:52:19.731] [SEVERE ] setting player 5 freeze to 0
[16:52:20.225] [SEVERE ] removing player 4 token from slot 10
[16:52:20.241] [SEVERE ] removing player 5 token from slot 8
[16:52:20.336] [SEVERE ] updating countdown to 16268
[16:52:20.718] [SEVERE ] removing player 3 token from slot 0
[16:52:20.734] [SEVERE ] removing player 4 token from slot 1
[16:52:20.750] [SEVERE ] removing player 5 token from slot 1
[16:52:20.942] [SEVERE ] updating countdown to 15662
[16:52:21.229] [SEVERE ] player 3 placing token on slot 10
[16:52:21.229] [SEVERE ] updating countdown to 15375
[16:52:21.229] [SEVERE ] setting player 3 freeze to 0
[16:52:21.229] [SEVERE ] setting player 3 freeze to 0
[16:52:21.245] [SEVERE ] removing player 4 token from slot 3
[16:52:21.261] [SEVERE ] player 5 placing token on slot 10
[16:52:21.756] [SEVERE ] player 4 placing token on slot 7
[16:52:21.772] [SEVERE ] player 5 placing token on slot 7
[16:52:21.772] [SEVERE ] updating countdown to 14832
[16:52:21.772] [SEVERE ] setting player 5 freeze to 0
[16:52:21.772] [SEVERE ] setting player 5 freeze to 0
[16:52:22.267] [SEVERE ] player 4 placing token on slot 2
[16:52:22.379] [SEVERE ] updating countdown to 14225
[16:52:22.762] [SEVERE ] removing player 3 token from slot 4
[16:52:22.778] [SEVERE ] player 4 placing token on slot 11
[16:52:22.778] [SEVERE ] updating countdown to 13826
[16:52:22.778] [SEVERE ] setting player 4 freeze to 0
[16:52:22.778] [SEVERE ] setting player 4 freeze to 0
[16:52:23.258] [SEVERE ] removing player 2 token from slot 2
[16:52:23.274] [SEVERE ] player 3 placing token on slot 9
[16:52:23.274] [SEVERE ] updating countdown to 13330
[16:52:23.274] [SEVERE ] setting player 3 freeze to 0
[16:52:23.274] [SEVERE ] setting player 3 freeze to 0
[16:52:23.290] [SEVERE ] removing player 6 token from slot 7
[16:52:23.306] [SEVERE ] removing player 5 token from slot 10
[16:52:23.770] [SEVERE ] player 2 placing token on slot 2
[16:52:23.770] [SEVERE ] updating countdown to 12834
[16:52:23.770] [SEVERE ] setting player 2 freeze to 0
[16:52:23.770] [SEVERE ] setting player 2 freeze to 0
[16:52:23.801] [SEVERE ] player 6 placing token on slot 6
[16:52:23.801] [SEVERE ] updating countdown to 12803
[16:52:23.801] [SEVERE ] setting player 6 freeze to 0
[16:52:23.801] [SEVERE ] setting player 6 freeze to 0
[16:52:23.817] [SEVERE ] player 5 placing token on slot 11
[16:52:23.817] [SEVERE ] updating countdown to 12787
[16:52:23.817] [SEVERE ] setting player 5 freeze to 0
[16:52:23.817] [SEVERE ] setting player 5 freeze to 0
[16:52:24.279] [SEVERE ] removing player 2 token from slot 9
[16:52:24.311] [SEVERE ] removing player 4 token from slot 7
[16:52:24.311] [SEVERE ] removing player 6 token from slot 3
[16:52:24.417] [SEVERE ] updating countdown to 12187
[16:52:24.790] [SEVERE ] player 2 placing token on slot 0
[16:52:24.790] [SEVERE ] updating countdown to 11814
[16:52:24.790] [SEVERE ] setting player 2 freeze to 0
[16:52:24.790] [SEVERE ] setting player 2 freeze to 0
[16:52:24.822] [SEVERE ] player 4 placing token on slot 6
[16:52:24.822] [SEVERE ] player 6 placing token on slot 4
[16:52:24.822] [SEVERE ] updating countdown to 11782
[16:52:24.822] [SEVERE ] updating countdown to 11782
[16:52:24.822] [SEVERE ] setting player 4 freeze to 0
[16:52:24.822] [SEVERE ] setting player 6 freeze to 0
[16:52:24.822] [SEVERE ] setting player 6 freeze to 0
[16:52:24.822] [SEVERE ] setting player 4 freeze to 0
[16:52:24.838] [SEVERE ] removing player 5 token from slot 7
[16:52:25.302] [SEVERE ] removing player 2 token from slot 2
[16:52:25.350] [SEVERE ] removing player 5 token from slot 9
[16:52:25.430] [SEVERE ] updating countdown to 11174
[16:52:25.814] [SEVERE ] player 2 placing token on slot 10
[16:52:25.816] [SEVERE ] updating countdown to 10788
[16:52:25.816] [SEVERE ] setting player 2 freeze to 0
[16:52:25.816] [SEVERE ] setting player 2 freeze to 0
[16:52:25.862] [SEVERE ] player 5 placing token on slot 4
[16:52:26.342] [SEVERE ] removing player 3 token from slot 10
[16:52:26.374] [SEVERE ] player 5 placing token on slot 2
[16:52:26.374] [SEVERE ] updating countdown to 10230
[16:52:26.374] [SEVERE ] setting player 5 freeze to 0
[16:52:26.374] [SEVERE ] setting player 5 freeze to 0
[16:52:26.838] [SEVERE ] removing player 2 token from slot 10
[16:52:26.854] [SEVERE ] player 3 placing token on slot 6
[16:52:26.854] [SEVERE ] updating countdown to 9750
[16:52:26.854] [SEVERE ] setting player 3 freeze to 0
[16:52:26.854] [SEVERE ] setting player 3 freeze to 0
[16:52:26.870] [SEVERE ] removing player 4 token from slot 6
[16:52:26.870] [SEVERE ] removing player 6 token from slot 4
[16:52:26.886] [SEVERE ] removing player 5 token from slot 11
[16:52:27.349] [SEVERE ] player 2 placing token on slot 9
[16:52:27.349] [SEVERE ] updating countdown to 9255
[16:52:27.349] [SEVERE ] setting player 2 freeze to 0
[16:52:27.349] [SEVERE ] setting player 2 freeze to 0
[16:52:27.381] [SEVERE ] player 6 placing token on slot 11
[16:52:27.381] [SEVERE ] player 4 placing token on slot 8
[16:52:27.381] [SEVERE ] updating countdown to 9223
[16:52:27.381] [SEVERE ] updating countdown to 9223
[16:52:27.381] [SEVERE ] setting player 6 freeze to 0
[16:52:27.381] [SEVERE ] setting player 6 freeze to 0
[16:52:27.381] [SEVERE ] setting player 4 freeze to 0
[16:52:27.381] [SEVERE ] setting player 4 freeze to 0
[16:52:27.397] [SEVERE ] player 5 placing token on slot 9
[16:52:27.397] [SEVERE ] updating countdown to 9207
[16:52:27.397] [SEVERE ] setting player 5 freeze to 0
[16:52:27.397] [SEVERE ] setting player 5 freeze to 0
[16:52:27.860] [SEVERE ] removing player 2 token from slot 0
[16:52:28.003] [SEVERE ] updating countdown to 8601
[16:52:28.370] [SEVERE ] player 2 placing token on slot 1
[16:52:28.370] [SEVERE ] updating countdown to 8234
[16:52:28.370] [SEVERE ] setting player 2 freeze to 0
[16:52:28.370] [SEVERE ] setting player 2 freeze to 0
[16:52:28.880] [SEVERE ] removing player 2 token from slot 3
[16:52:28.912] [SEVERE ] removing player 4 token from slot 11
[16:52:28.976] [SEVERE ] updating countdown to 7628
[16:52:29.391] [SEVERE ] player 2 placing token on slot 10
[16:52:29.391] [SEVERE ] updating countdown to 7213
[16:52:29.391] [SEVERE ] setting player 2 freeze to 0
[16:52:29.391] [SEVERE ] setting player 2 freeze to 0
[16:52:29.407] [SEVERE ] removing player 3 token from slot 5
[16:52:29.423] [SEVERE ] player 4 placing token on slot 10
[16:52:29.423] [SEVERE ] updating countdown to 7181
[16:52:29.423] [SEVERE ] setting player 4 freeze to 0
[16:52:29.423] [SEVERE ] setting player 4 freeze to 0
[16:52:29.916] [SEVERE ] removing player 3 token from slot 6
[16:52:29.932] [SEVERE ] removing player 4 token from slot 8
[16:52:30.028] [SEVERE ] updating countdown to 6576
[16:52:30.427] [SEVERE ] player 3 placing token on slot 0
[16:52:30.443] [SEVERE ] removing player 4 token from slot 10
[16:52:30.635] [SEVERE ] updating countdown to 5969
[16:52:30.921] [SEVERE ] removing player 2 token from slot 1
[16:52:30.937] [SEVERE ] player 3 placing token on slot 5
[16:52:30.937] [SEVERE ] updating countdown to 5667
[16:52:30.937] [SEVERE ] setting player 3 freeze to 0
[16:52:30.937] [SEVERE ] setting player 3 freeze to 0
[16:52:30.953] [SEVERE ] player 4 placing token on slot 7
[16:52:30.953] [SEVERE ] removing player 6 token from slot 11
[16:52:31.431] [SEVERE ] player 2 placing token on slot 6
[16:52:31.431] [SEVERE ] updating countdown to 5173
[16:52:31.431] [SEVERE ] setting player 2 freeze to 0
[16:52:31.431] [SEVERE ] setting player 2 freeze to 0
[16:52:31.463] [SEVERE ] player 4 placing token on slot 0
[16:52:31.463] [SEVERE ] player 6 placing token on slot 11
[16:52:31.463] [SEVERE ] updating countdown to 5141
[16:52:31.463] [SEVERE ] updating countdown to 5141
[16:52:31.463] [SEVERE ] setting player 4 freeze to 0
[16:52:31.463] [SEVERE ] setting player 6 freeze to 0
[16:52:31.463] [SEVERE ] setting player 6 freeze to 0
[16:52:31.463] [SEVERE ] setting player 4 freeze to 0
[16:52:31.480] [SEVERE ] removing player 5 token from slot 2
[16:52:31.942] [SEVERE ] removing player 2 token from slot 9
[16:52:31.990] [SEVERE ] player 5 placing token on slot 5
[16:52:31.990] [SEVERE ] setting player 5 freeze to 0
[16:52:31.990] [SEVERE ] setting player 5 freeze to 0
[16:52:32.453] [SEVERE ] player 2 placing token on slot 2
[16:52:32.453] [SEVERE ] setting player 2 freeze to 0
[16:52:32.453] [SEVERE ] setting player 2 freeze to 0
[16:52:32.981] [SEVERE ] removing player 6 token from slot 9
[16:52:33.013] [SEVERE ] removing player 5 token from slot 9
[16:52:33.475] [SEVERE ] removing player 2 token from slot 10
[16:52:33.491] [SEVERE ] removing player 6 token from slot 6
[16:52:33.523] [SEVERE ] player 5 placing token on slot 2
[16:52:33.523] [SEVERE ] setting player 5 freeze to 0
[16:52:33.523] [SEVERE ] setting player 5 freeze to 0
[16:52:33.984] [SEVERE ] player 2 placing token on slot 9
[16:52:33.984] [SEVERE ] setting player 2 freeze to 0
[16:52:33.984] [SEVERE ] setting player 2 freeze to 0
[16:52:34.000] [SEVERE ] player 6 placing token on slot 10
[16:52:34.509] [SEVERE ] player 6 placing token on slot 3
[16:52:34.509] [SEVERE ] setting player 6 freeze to 0
[16:52:34.509] [SEVERE ] setting player 6 freeze to 0
[16:52:34.604] [SEVERE ] updating countdown to 2000
[16:52:35.018] [SEVERE ] removing player 6 token from slot 10
[16:52:35.050] [SEVERE ] removing player 5 token from slot 2
[16:52:35.529] [SEVERE ] player 6 placing token on slot 10
[16:52:35.529] [SEVERE ] removing player 3 token from slot 9
[16:52:35.529] [SEVERE ] setting player 6 freeze to 0
[16:52:35.529] [SEVERE ] setting player 6 freeze to 0
[16:52:35.561] [SEVERE ] player 5 placing token on slot 3
[16:52:35.561] [SEVERE ] setting player 5 freeze to 0
[16:52:35.561] [SEVERE ] setting player 5 freeze to 0
[16:52:36.029] [SEVERE ] player 3 placing token on slot 6
[16:52:36.029] [SEVERE ] setting player 3 freeze to 0
[16:52:36.029] [SEVERE ] setting player 3 freeze to 0
[16:52:36.533] [SEVERE ] removing player 2 token from slot 6
[16:52:36.533] [SEVERE ] removing player 4 token from slot 0
[16:52:36.549] [SEVERE ] removing player 6 token from slot 3
[16:52:36.612] [SEVERE ] updating countdown to 0
[16:52:36.723] [SEVERE ] removing tokens from slot 0
[16:52:36.723] [SEVERE ] removing card from slot 0
[16:52:36.835] [SEVERE ] removing tokens from slot 1
[16:52:36.835] [SEVERE ] removing card from slot 1
[16:52:36.946] [SEVERE ] removing tokens from slot 2
[16:52:36.946] [SEVERE ] removing card from slot 2
[16:52:37.058] [SEVERE ] removing tokens from slot 3
[16:52:37.058] [SEVERE ] removing card from slot 3
[16:52:37.169] [SEVERE ] removing tokens from slot 4
[16:52:37.169] [SEVERE ] removing card from slot 4
[16:52:37.281] [SEVERE ] removing tokens from slot 5
[16:52:37.281] [SEVERE ] removing card from slot 5
[16:52:37.393] [SEVERE ] removing tokens from slot 6
[16:52:37.395] [SEVERE ] removing card from slot 6
[16:52:37.505] [SEVERE ] removing tokens from slot 7
[16:52:37.505] [SEVERE ] removing card from slot 7
[16:52:37.617] [SEVERE ] removing tokens from slot 8
[16:52:37.617] [SEVERE ] removing card from slot 8
[16:52:37.729] [SEVERE ] removing tokens from slot 9
[16:52:37.729] [SEVERE ] removing card from slot 9
[16:52:37.841] [SEVERE ] removing tokens from slot 10
[16:52:37.841] [SEVERE ] removing card from slot 10
[16:52:37.953] [SEVERE ] removing tokens from slot 11
[16:52:37.953] [SEVERE ] removing card from slot 11
[16:52:38.065] [SEVERE ] placing card 8 in slot 0
[16:52:38.175] [SEVERE ] placing card 24 in slot 1
[16:52:38.287] [SEVERE ] placing card 21 in slot 2
[16:52:38.399] [SEVERE ] placing card 23 in slot 3
[16:52:38.510] [SEVERE ] placing card 26 in slot 4
[16:52:38.622] [SEVERE ] placing card 7 in slot 5
[16:52:38.734] [SEVERE ] placing card 1 in slot 6
[16:52:38.846] [SEVERE ] placing card 19 in slot 7
[16:52:38.957] [SEVERE ] placing card 6 in slot 8
[16:52:39.067] [SEVERE ] placing card 10 in slot 9
[16:52:39.179] [SEVERE ] placing card 15 in slot 10
[16:52:39.291] [SEVERE ] placing card 14 in slot 11
[16:52:39.291] [SEVERE ] updating countdown to 30000
[16:52:39.291] [SEVERE ] setting player 1 freeze to 0
[16:52:39.291] [SEVERE ] setting player 1 freeze to 0
[16:52:39.291] [SEVERE ] player 1 placing token on slot 0
[16:52:39.806] [SEVERE ] player 1 placing token on slot 4
[16:52:39.806] [SEVERE ] player 4 placing token on slot 11
[16:52:39.806] [SEVERE ] player 3 placing token on slot 5
[16:52:39.806] [SEVERE ] player 5 placing token on slot 10
[16:52:39.806] [SEVERE ] player 2 placing token on slot 0
[16:52:39.806] [SEVERE ] player 6 placing token on slot 2
[16:52:39.900] [SEVERE ] updating countdown to 29391
[16:52:40.320] [SEVERE ] player 3 placing token on slot 1
[16:52:40.320] [SEVERE ] player 1 placing token on slot 10
[16:52:40.320] [SEVERE ] player 2 placing token on slot 5
[16:52:40.320] [SEVERE ] player 4 placing token on slot 10
[16:52:40.320] [SEVERE ] player 6 placing token on slot 7
[16:52:40.320] [SEVERE ] player 5 placing token on slot 7
[16:52:40.321] [SEVERE ] setting player 1 freeze to 0
[16:52:40.322] [SEVERE ] setting player 1 freeze to 0
[16:52:40.321] [SEVERE ] updating countdown to 28970
[16:52:40.824] [SEVERE ] removing player 1 token from slot 10
[16:52:40.824] [SEVERE ] player 3 placing token on slot 4
[16:52:40.824] [SEVERE ] player 2 placing token on slot 8
[16:52:40.825] [SEVERE ] updating countdown to 28466
[16:52:40.824] [SEVERE ] player 6 placing token on slot 6
[16:52:40.824] [SEVERE ] player 5 placing token on slot 5
[16:52:40.824] [SEVERE ] player 4 placing token on slot 2
[16:52:40.825] [SEVERE ] setting player 2 score to 1
[16:52:40.825] [SEVERE ] setting player 3 freeze to 0
[16:52:40.827] [SEVERE ] setting player 3 freeze to 0
[16:52:40.826] [SEVERE ] setting player 2 freeze to 0
[16:52:40.827] [SEVERE ] setting player 2 freeze to 0
[16:52:40.927] [SEVERE ] removing tokens from slot 0
[16:52:40.927] [SEVERE ] removing card from slot 0
[16:52:41.043] [SEVERE ] removing tokens from slot 5
[16:52:41.043] [SEVERE ] removing card from slot 5
[16:52:41.152] [SEVERE ] removing tokens from slot 8
[16:52:41.152] [SEVERE ] removing card from slot 8
[16:52:41.262] [SEVERE ] placing card 2 in slot 0
[16:52:41.324] [SEVERE ] player 3 placing token on slot 11
[16:52:41.324] [SEVERE ] player 1 placing token on slot 3
[16:52:41.372] [SEVERE ] placing card 9 in slot 5
[16:52:41.482] [SEVERE ] placing card 25 in slot 8
[16:52:41.482] [SEVERE ] updating countdown to 30000
[16:52:41.482] [SEVERE ] updating countdown to 30000
[16:52:41.482] [SEVERE ] updating countdown to 30000
[16:52:41.482] [SEVERE ] setting player 6 freeze to 0
[16:52:41.482] [SEVERE ] updating countdown to 30000
[16:52:41.483] [SEVERE ] setting player 6 freeze to 0
[16:52:41.483] [SEVERE ] updating countdown to 29999
[16:52:41.483] [SEVERE ] setting player 4 freeze to 0
[16:52:41.483] [SEVERE ] updating countdown to 29999
[16:52:41.483] [SEVERE ] setting player 4 freeze to 0
[16:52:41.483] [SEVERE ] setting player 3 freeze to 0
[16:52:41.484] [SEVERE ] setting player 3 freeze to 0
[16:52:41.826] [SEVERE ] removing player 3 token from slot 1
[16:52:41.826] [SEVERE ] player 2 placing token on slot 10
[16:52:41.826] [SEVERE ] player 1 placing token on slot 2
[16:52:41.827] [SEVERE ] updating countdown to 29655
[16:52:41.827] [SEVERE ] setting player 1 freeze to 0
[16:52:41.827] [SEVERE ] setting player 1 freeze to 0
[16:52:42.329] [SEVERE ] player 2 placing token on slot 0
[16:52:42.329] [SEVERE ] removing player 6 token from slot 2
[16:52:42.329] [SEVERE ] player 3 placing token on slot 7
[16:52:42.330] [SEVERE ] updating countdown to 29152
[16:52:42.330] [SEVERE ] setting player 3 freeze to 0
[16:52:42.331] [SEVERE ] setting player 3 freeze to 0
[16:52:42.830] [SEVERE ] player 2 placing token on slot 9
[16:52:42.830] [SEVERE ] player 6 placing token on slot 11
[16:52:42.830] [SEVERE ] updating countdown to 28652
[16:52:42.830] [SEVERE ] setting player 2 freeze to 0
[16:52:42.830] [SEVERE ] setting player 2 freeze to 0
[16:52:42.830] [SEVERE ] setting player 6 freeze to 0
[16:52:42.830] [SEVERE ] updating countdown to 28652
[16:52:42.830] [SEVERE ] setting player 6 freeze to 0
[16:52:43.340] [SEVERE ] removing player 6 token from slot 7
[16:52:43.340] [SEVERE ] removing player 2 token from slot 9
[16:52:43.435] [SEVERE ] updating countdown to 28047
[16:52:43.850] [SEVERE ] removing player 3 token from slot 4
[16:52:43.850] [SEVERE ] player 6 placing token on slot 3
[16:52:43.850] [SEVERE ] player 2 placing token on slot 6
[16:52:43.850] [SEVERE ] updating countdown to 27632
[16:52:43.850] [SEVERE ] setting player 6 freeze to 0
[16:52:43.850] [SEVERE ] setting player 6 freeze to 0
[16:52:43.850] [SEVERE ] setting player 2 freeze to 0
[16:52:43.850] [SEVERE ] setting player 2 freeze to 0
[16:52:43.850] [SEVERE ] updating countdown to 27632
[16:52:44.362] [SEVERE ] removing player 3 token from slot 11
[16:52:44.458] [SEVERE ] updating countdown to 27024
[16:52:44.873] [SEVERE ] removing player 1 token from slot 2
[16:52:44.873] [SEVERE ] removing player 4 token from slot 10
[16:52:44.873] [SEVERE ] player 3 placing token on slot 5
[16:52:45.064] [SEVERE ] updating countdown to 26418
[16:52:45.384] [SEVERE ] removing player 2 token from slot 0
[16:52:45.384] [SEVERE ] player 3 placing token on slot 9
[16:52:45.384] [SEVERE ] removing player 6 token from slot 3
[16:52:45.384] [SEVERE ] removing player 4 token from slot 11
[16:52:45.384] [SEVERE ] removing player 1 token from slot 4
[16:52:45.384] [SEVERE ] setting player 3 freeze to 0
[16:52:45.384] [SEVERE ] updating countdown to 26098
[16:52:45.384] [SEVERE ] setting player 3 freeze to 0
[16:52:45.893] [SEVERE ] player 1 placing token on slot 4
[16:52:45.893] [SEVERE ] player 4 placing token on slot 11
[16:52:45.893] [SEVERE ] player 2 placing token on slot 9
[16:52:45.893] [SEVERE ] removing player 3 token from slot 5
[16:52:45.893] [SEVERE ] player 6 placing token on slot 8
[16:52:45.893] [SEVERE ] setting player 2 freeze to 0
[16:52:45.893] [SEVERE ] updating countdown to 25589
[16:52:45.893] [SEVERE ] setting player 2 freeze to 0
[16:52:45.893] [SEVERE ] updating countdown to 25589
[16:52:45.893] [SEVERE ] setting player 6 freeze to 0
[16:52:45.894] [SEVERE ] setting player 6 freeze to 0
[16:52:46.403] [SEVERE ] player 3 placing token on slot 10
[16:52:46.403] [SEVERE ] player 4 placing token on slot 6
[16:52:46.403] [SEVERE ] player 1 placing token on slot 0
[16:52:46.403] [SEVERE ] setting player 3 freeze to 0
[16:52:46.403] [SEVERE ] setting player 3 freeze to 0
[16:52:46.403] [SEVERE ] updating countdown to 25079
[16:52:46.403] [SEVERE ] updating countdown to 25079
[16:52:46.403] [SEVERE ] setting player 4 freeze to 0
[16:52:46.403] [SEVERE ] setting player 1 freeze to 0
[16:52:46.404] [SEVERE ] setting player 1 freeze to 0
[16:52:46.403] [SEVERE ] updating countdown to 25079
[16:52:46.403] [SEVERE ] setting player 4 freeze to 0
[16:52:46.912] [SEVERE ] removing player 1 token from slot 3
[16:52:47.008] [SEVERE ] updating countdown to 24474
[16:52:47.422] [SEVERE ] player 1 placing token on slot 8
[16:52:47.422] [SEVERE ] updating countdown to 24060
[16:52:47.422] [SEVERE ] setting player 1 freeze to 0
[16:52:47.422] [SEVERE ] setting player 1 freeze to 0
[16:52:48.022] [SEVERE ] updating countdown to 23460
[16:52:48.635] [SEVERE ] updating countdown to 22847
[16:52:48.954] [SEVERE ] removing player 4 token from slot 2
[16:52:48.954] [SEVERE ] removing player 6 token from slot 11
[16:52:49.242] [SEVERE ] updating countdown to 22240
[16:52:49.465] [SEVERE ] removing player 2 token from slot 9
[16:52:49.465] [SEVERE ] player 4 placing token on slot 5
[16:52:49.465] [SEVERE ] player 6 placing token on slot 1
[16:52:49.465] [SEVERE ] updating countdown to 22017
[16:52:49.465] [SEVERE ] removing player 1 token from slot 4
[16:52:49.465] [SEVERE ] setting player 6 freeze to 0
[16:52:49.465] [SEVERE ] setting player 6 freeze to 0
[16:52:49.465] [SEVERE ] updating countdown to 22017
[16:52:49.465] [SEVERE ] setting player 4 freeze to 0
[16:52:49.465] [SEVERE ] setting player 4 freeze to 0
[16:52:49.976] [SEVERE ] removing player 2 token from slot 6
[16:52:49.976] [SEVERE ] removing player 1 token from slot 0
[16:52:49.976] [SEVERE ] removing player 4 token from slot 5
[16:52:50.072] [SEVERE ] updating countdown to 21410
[16:52:50.487] [SEVERE ] player 2 placing token on slot 1
[16:52:50.487] [SEVERE ] removing player 4 token from slot 6
[16:52:50.487] [SEVERE ] player 1 placing token on slot 5
[16:52:50.678] [SEVERE ] updating countdown to 20804
[16:52:50.997] [SEVERE ] player 4 placing token on slot 0
[16:52:50.997] [SEVERE ] removing player 2 token from slot 10
[16:52:50.997] [SEVERE ] player 1 placing token on slot 6
[16:52:50.997] [SEVERE ] updating countdown to 20485
[16:52:50.997] [SEVERE ] setting player 1 freeze to 0
[16:52:50.997] [SEVERE ] setting player 1 freeze to 0
[16:52:51.509] [SEVERE ] removing player 1 token from slot 6
[16:52:51.509] [SEVERE ] player 4 placing token on slot 5
[16:52:51.509] [SEVERE ] player 2 placing token on slot 9
[16:52:51.509] [SEVERE ] updating countdown to 19973
[16:52:51.509] [SEVERE ] setting player 4 freeze to 0
[16:52:51.509] [SEVERE ] setting player 4 freeze to 0
[16:52:52.019] [SEVERE ] player 2 placing token on slot 3
[16:52:52.019] [SEVERE ] removing player 3 token from slot 10
[16:52:52.019] [SEVERE ] updating countdown to 19463
[16:52:52.019] [SEVERE ] player 1 placing token on slot 11
[16:52:52.019] [SEVERE ] removing player 4 token from slot 11
[16:52:52.019] [SEVERE ] updating countdown to 19463
[16:52:52.019] [SEVERE ] setting player 2 freeze to 0
[16:52:52.019] [SEVERE ] setting player 1 freeze to 0
[16:52:52.019] [SEVERE ] setting player 1 freeze to 0
[16:52:52.019] [SEVERE ] setting player 2 freeze to 0
[16:52:52.530] [SEVERE ] removing player 2 token from slot 9
[16:52:52.530] [SEVERE ] player 4 placing token on slot 8
[16:52:52.530] [SEVERE ] removing player 3 token from slot 9
[16:52:52.530] [SEVERE ] updating countdown to 18952
[16:52:52.530] [SEVERE ] setting player 4 freeze to 0
[16:52:52.530] [SEVERE ] setting player 4 freeze to 0
[16:52:53.038] [SEVERE ] player 2 placing token on slot 4
[16:52:53.038] [SEVERE ] player 3 placing token on slot 0
[16:52:53.038] [SEVERE ] updating countdown to 18444
[16:52:53.038] [SEVERE ] setting player 2 freeze to 0
[16:52:53.038] [SEVERE ] setting player 2 freeze to 0
[16:52:53.549] [SEVERE ] removing player 2 token from slot 4
[16:52:53.549] [SEVERE ] removing player 3 token from slot 7
[16:52:53.639] [SEVERE ] updating countdown to 17843
[16:52:54.060] [SEVERE ] player 2 placing token on slot 7
[16:52:54.060] [SEVERE ] player 3 placing token on slot 9
[16:52:54.060] [SEVERE ] removing player 6 token from slot 8
[16:52:54.060] [SEVERE ] setting player 2 score to 2
[16:52:54.060] [SEVERE ] setting player 2 freeze to 0
[16:52:54.060] [SEVERE ] setting player 2 freeze to 0
[16:52:54.172] [SEVERE ] removing tokens from slot 1
[16:52:54.172] [SEVERE ] removing card from slot 1
[16:52:54.284] [SEVERE ] removing tokens from slot 3
[16:52:54.284] [SEVERE ] removing card from slot 3
[16:52:54.395] [SEVERE ] removing tokens from slot 7
[16:52:54.395] [SEVERE ] removing card from slot 7
[16:52:54.507] [SEVERE ] placing card 4 in slot 1
[16:52:54.571] [SEVERE ] player 2 placing token on slot 10
[16:52:54.571] [SEVERE ] player 3 placing token on slot 5
[16:52:54.619] [SEVERE ] placing card 11 in slot 3
[16:52:54.730] [SEVERE ] placing card 16 in slot 7
[16:52:54.730] [SEVERE ] updating countdown to 30000
[16:52:54.730] [SEVERE ] updating countdown to 30000
[16:52:54.730] [SEVERE ] updating countdown to 30000
[16:52:54.730] [SEVERE ] setting player 3 freeze to 0
[16:52:54.730] [SEVERE ] setting player 3 freeze to 0
[16:52:55.081] [SEVERE ] removing player 4 token from slot 8
[16:52:55.081] [SEVERE ] player 6 placing token on slot 10
[16:52:55.081] [SEVERE ] player 2 placing token on slot 7
[16:52:55.337] [SEVERE ] updating countdown to 29393
[16:52:55.591] [SEVERE ] player 6 placing token on slot 11
[16:52:55.591] [SEVERE ] removing player 4 token from slot 5
[16:52:55.591] [SEVERE ] player 2 placing token on slot 0
[16:52:55.591] [SEVERE ] removing player 3 token from slot 0
[16:52:55.591] [SEVERE ] setting player 6 freeze to 0
[16:52:55.591] [SEVERE ] setting player 6 freeze to 0
[16:52:55.591] [SEVERE ] updating countdown to 29139
[16:52:55.591] [SEVERE ] updating countdown to 29139
[16:52:55.591] [SEVERE ] setting player 2 freeze to 0
[16:52:55.592] [SEVERE ] setting player 2 freeze to 0
[16:52:56.102] [SEVERE ] player 4 placing token on slot 5
[16:52:56.102] [SEVERE ] removing player 6 token from slot 11
[16:52:56.102] [SEVERE ] player 3 placing token on slot 1
[16:52:56.102] [SEVERE ] updating countdown to 28628
[16:52:56.102] [SEVERE ] setting player 3 freeze to 0
[16:52:56.102] [SEVERE ] setting player 3 freeze to 0
[16:52:56.603] [SEVERE ] player 6 placing token on slot 1
[16:52:56.603] [SEVERE ] updating countdown to 28127
[16:52:56.603] [SEVERE ] setting player 6 freeze to 0
[16:52:56.603] [SEVERE ] setting player 6 freeze to 0
[16:52:56.613] [SEVERE ] player 4 placing token on slot 4
[16:52:56.613] [SEVERE ] updating countdown to 28117
[16:52:56.613] [SEVERE ] setting player 4 freeze to 0
[16:52:56.613] [SEVERE ] setting player 4 freeze to 0
[16:52:57.125] [SEVERE ] removing player 2 token from slot 10
[16:52:57.125] [SEVERE ] removing player 4 token from slot 5
[16:52:57.221] [SEVERE ] updating countdown to 27509
[16:52:57.637] [SEVERE ] player 4 placing token on slot 10
[16:52:57.637] [SEVERE ] player 2 placing token on slot 10
[16:52:57.637] [SEVERE ] updating countdown to 27093
[16:52:57.637] [SEVERE ] updating countdown to 27093
[16:52:57.637] [SEVERE ] setting player 4 freeze to 0
[16:52:57.637] [SEVERE ] setting player 2 freeze to 0
[16:52:57.637] [SEVERE ] setting player 4 freeze to 0
[16:52:57.637] [SEVERE ] setting player 2 freeze to 0
[16:52:58.146] [SEVERE ] removing player 3 token from slot 5
[16:52:58.242] [SEVERE ] updating countdown to 26488
[16:52:58.656] [SEVERE ] player 3 placing token on slot 2
[16:52:58.656] [SEVERE ] updating countdown to 26074
[16:52:58.656] [SEVERE ] setting player 3 freeze to 0
[16:52:58.656] [SEVERE ] setting player 3 freeze to 0
[16:52:59.167] [SEVERE ] removing player 3 token from slot 1
[16:52:59.256] [SEVERE ] updating countdown to 25474
[16:52:59.678] [SEVERE ] removing player 3 token from slot 9
[16:52:59.678] [SEVERE ] removing player 4 token from slot 4
[16:52:59.870] [SEVERE ] updating countdown to 24860
[16:53:00.190] [SEVERE ] removing player 4 token from slot 10
[16:53:00.190] [SEVERE ] player 3 placing token on slot 3
[16:53:00.477] [SEVERE ] updating countdown to 24253
[16:53:00.701] [SEVERE ] removing player 2 token from slot 7
[16:53:00.701] [SEVERE ] player 3 placing token on slot 10
[16:53:00.701] [SEVERE ] player 4 placing token on slot 8
[16:53:00.701] [SEVERE ] updating countdown to 24029
[16:53:00.701] [SEVERE ] setting player 3 freeze to 0
[16:53:00.701] [SEVERE ] setting player 3 freeze to 0
[16:53:01.213] [SEVERE ] removing player 1 token from slot 5
[16:53:01.213] [SEVERE ] player 4 placing token on slot 3
[16:53:01.213] [SEVERE ] player 2 placing token on slot 1
[16:53:01.213] [SEVERE ] removing player 3 token from slot 2
[16:53:01.213] [SEVERE ] setting player 4 freeze to 0
[16:53:01.213] [SEVERE ] setting player 4 freeze to 0
[16:53:01.213] [SEVERE ] updating countdown to 23517
[16:53:01.213] [SEVERE ] updating countdown to 23517
[16:53:01.213] [SEVERE ] setting player 2 freeze to 0
[16:53:01.213] [SEVERE ] setting player 2 freeze to 0
[16:53:01.725] [SEVERE ] player 3 placing token on slot 7
[16:53:01.725] [SEVERE ] removing player 1 token from slot 8
[16:53:01.725] [SEVERE ] removing player 2 token from slot 1
[16:53:01.725] [SEVERE ] setting player 3 freeze to 0
[16:53:01.725] [SEVERE ] updating countdown to 23005
[16:53:01.725] [SEVERE ] setting player 3 freeze to 0
[16:53:02.220] [SEVERE ] removing player 4 token from slot 8
[16:53:02.220] [SEVERE ] removing player 6 token from slot 1
[16:53:02.236] [SEVERE ] player 1 placing token on slot 9
[16:53:02.236] [SEVERE ] player 2 placing token on slot 7
[16:53:02.236] [SEVERE ] updating countdown to 22494
[16:53:02.236] [SEVERE ] setting player 2 freeze to 0
[16:53:02.236] [SEVERE ] setting player 2 freeze to 0
[16:53:02.731] [SEVERE ] player 6 placing token on slot 8
[16:53:02.731] [SEVERE ] player 4 placing token on slot 10
[16:53:02.731] [SEVERE ] updating countdown to 21999
[16:53:02.731] [SEVERE ] setting player 6 freeze to 0
[16:53:02.731] [SEVERE ] setting player 6 freeze to 0
[16:53:02.731] [SEVERE ] setting player 4 freeze to 0
[16:53:02.731] [SEVERE ] setting player 4 freeze to 0
[16:53:02.731] [SEVERE ] updating countdown to 21999
[16:53:02.747] [SEVERE ] player 1 placing token on slot 4
[16:53:02.747] [SEVERE ] updating countdown to 21983
[16:53:02.747] [SEVERE ] setting player 1 freeze to 0
[16:53:02.747] [SEVERE ] setting player 1 freeze to 0
[16:53:03.243] [SEVERE ] removing player 4 token from slot 10
[16:53:03.348] [SEVERE ] updating countdown to 21382
[16:53:03.753] [SEVERE ] player 4 placing token on slot 1
[16:53:03.753] [SEVERE ] updating countdown to 20977
[16:53:03.753] [SEVERE ] setting player 4 freeze to 0
[16:53:03.753] [SEVERE ] setting player 4 freeze to 0
[16:53:04.263] [SEVERE ] removing player 4 token from slot 0
[16:53:04.279] [SEVERE ] removing player 3 token from slot 10
[16:53:04.279] [SEVERE ] removing player 2 token from slot 0
[16:53:04.360] [SEVERE ] updating countdown to 20371
[16:53:04.774] [SEVERE ] player 4 placing token on slot 2
[16:53:04.774] [SEVERE ] updating countdown to 19956
[16:53:04.774] [SEVERE ] setting player 4 freeze to 0
[16:53:04.774] [SEVERE ] setting player 4 freeze to 0
[16:53:04.790] [SEVERE ] player 2 placing token on slot 0
[16:53:04.790] [SEVERE ] removing player 3 token from slot 7
[16:53:04.790] [SEVERE ] updating countdown to 19940
[16:53:04.790] [SEVERE ] setting player 2 freeze to 0
[16:53:04.790] [SEVERE ] setting player 2 freeze to 0
[16:53:05.301] [SEVERE ] player 3 placing token on slot 5
[16:53:05.301] [SEVERE ] removing player 1 token from slot 9
[16:53:05.396] [SEVERE ] updating countdown to 19334
[16:53:05.811] [SEVERE ] player 1 placing token on slot 9
[16:53:05.811] [SEVERE ] removing player 3 token from slot 3
[16:53:05.811] [SEVERE ] updating countdown to 18919
[16:53:05.811] [SEVERE ] setting player 1 freeze to 0
[16:53:05.811] [SEVERE ] setting player 1 freeze to 0
[16:53:06.306] [SEVERE ] removing player 4 token from slot 3
[16:53:06.322] [SEVERE ] player 3 placing token on slot 7
[16:53:06.418] [SEVERE ] updating countdown to 18312
[16:53:06.818] [SEVERE ] player 4 placing token on slot 6
[16:53:06.818] [SEVERE ] updating countdown to 17912
[16:53:06.818] [SEVERE ] setting player 4 freeze to 0
[16:53:06.818] [SEVERE ] setting player 4 freeze to 0
[16:53:06.834] [SEVERE ] removing player 3 token from slot 7
[16:53:06.834] [SEVERE ] removing player 1 token from slot 4
[16:53:07.329] [SEVERE ] removing player 6 token from slot 8
[16:53:07.345] [SEVERE ] player 3 placing token on slot 10
[16:53:07.345] [SEVERE ] player 1 placing token on slot 8
[16:53:07.345] [SEVERE ] removing player 2 token from slot 10
[16:53:07.345] [SEVERE ] updating countdown to 17385
[16:53:07.345] [SEVERE ] setting player 1 freeze to 0
[16:53:07.345] [SEVERE ] setting player 1 freeze to 0
[16:53:07.840] [SEVERE ] player 6 placing token on slot 5
[16:53:07.840] [SEVERE ] updating countdown to 16890
[16:53:07.840] [SEVERE ] setting player 6 freeze to 0
[16:53:07.840] [SEVERE ] setting player 6 freeze to 0
[16:53:07.856] [SEVERE ] player 3 placing token on slot 4
[16:53:07.856] [SEVERE ] player 2 placing token on slot 5
[16:53:07.856] [SEVERE ] updating countdown to 16874
[16:53:07.856] [SEVERE ] removing player 1 token from slot 8
[16:53:07.856] [SEVERE ] setting player 2 freeze to 0
[16:53:07.856] [SEVERE ] updating countdown to 16874
[16:53:07.856] [SEVERE ] setting player 3 freeze to 0
[16:53:07.856] [SEVERE ] setting player 3 freeze to 0
[16:53:07.856] [SEVERE ] setting player 2 freeze to 0
[16:53:08.351] [SEVERE ] removing player 4 token from slot 2
[16:53:08.367] [SEVERE ] player 1 placing token on slot 6
[16:53:08.367] [SEVERE ] updating countdown to 16363
[16:53:08.367] [SEVERE ] setting player 1 freeze to 0
[16:53:08.367] [SEVERE ] setting player 1 freeze to 0
[16:53:08.862] [SEVERE ] removing player 2 token from slot 0
[16:53:08.862] [SEVERE ] player 4 placing token on slot 9
[16:53:08.862] [SEVERE ] updating countdown to 15868
[16:53:08.862] [SEVERE ] setting player 4 freeze to 0
[16:53:08.862] [SEVERE ] setting player 4 freeze to 0
[16:53:08.878] [SEVERE ] removing player 1 token from slot 6
[16:53:09.373] [SEVERE ] removing player 2 token from slot 5
[16:53:09.373] [SEVERE ] removing player 4 token from slot 6
[16:53:09.389] [SEVERE ] player 1 placing token on slot 3
[16:53:09.389] [SEVERE ] updating countdown to 15341
[16:53:09.389] [SEVERE ] setting player 1 freeze to 0
[16:53:09.389] [SEVERE ] setting player 1 freeze to 0
[16:53:09.882] [SEVERE ] player 2 placing token on slot 11
[16:53:09.882] [SEVERE ] player 4 placing token on slot 11
[16:53:09.882] [SEVERE ] updating countdown to 14848
[16:53:09.882] [SEVERE ] setting player 4 freeze to 0
[16:53:09.882] [SEVERE ] setting player 4 freeze to 0
[16:53:10.393] [SEVERE ] player 2 placing token on slot 0
[16:53:10.393] [SEVERE ] removing player 4 token from slot 1
[16:53:10.393] [SEVERE ] updating countdown to 14337
[16:53:10.393] [SEVERE ] setting player 2 freeze to 0
[16:53:10.393] [SEVERE ] setting player 2 freeze to 0
[16:53:10.409] [SEVERE ] removing player 1 token from slot 9
[16:53:10.905] [SEVERE ] player 4 placing token on slot 7
[16:53:10.905] [SEVERE ] updating countdown to 13825
[16:53:10.905] [SEVERE ] setting player 4 freeze to 0
[16:53:10.905] [SEVERE ] setting player 4 freeze to 0
[16:53:10.921] [SEVERE ] player 1 placing token on slot 2
[16:53:10.921] [SEVERE ] updating countdown to 13809
[16:53:10.921] [SEVERE ] setting player 1 freeze to 0
[16:53:10.921] [SEVERE ] setting player 1 freeze to 0
[16:53:11.414] [SEVERE ] removing player 2 token from slot 7
[16:53:11.430] [SEVERE ] removing player 1 token from slot 2
[16:53:11.430] [SEVERE ] removing player 3 token from slot 5
[16:53:11.526] [SEVERE ] updating countdown to 13204
[16:53:11.926] [SEVERE ] removing player 6 token from slot 5
[16:53:11.926] [SEVERE ] removing player 4 token from slot 11
[16:53:11.926] [SEVERE ] removing player 2 token from slot 0
[16:53:11.942] [SEVERE ] player 3 placing token on slot 8
[16:53:11.942] [SEVERE ] player 1 placing token on slot 7
[16:53:11.942] [SEVERE ] updating countdown to 12788
[16:53:11.942] [SEVERE ] setting player 3 freeze to 0
[16:53:11.942] [SEVERE ] setting player 3 freeze to 0
[16:53:11.942] [SEVERE ] setting player 1 freeze to 0
[16:53:11.942] [SEVERE ] setting player 1 freeze to 0
[16:53:11.942] [SEVERE ] updating countdown to 12788
[16:53:12.436] [SEVERE ] player 2 placing token on slot 7
[16:53:12.436] [SEVERE ] player 4 placing token on slot 11
[16:53:12.436] [SEVERE ] removing player 6 token from slot 10
[16:53:12.436] [SEVERE ] updating countdown to 12294
[16:53:12.436] [SEVERE ] setting player 4 freeze to 0
[16:53:12.436] [SEVERE ] setting player 4 freeze to 0
[16:53:12.948] [SEVERE ] player 6 placing token on slot 3
[16:53:12.948] [SEVERE ] player 2 placing token on slot 4
[16:53:12.948] [SEVERE ] updating countdown to 11782
[16:53:12.948] [SEVERE ] setting player 2 freeze to 0
[16:53:12.948] [SEVERE ] setting player 2 freeze to 0
[16:53:13.460] [SEVERE ] removing player 6 token from slot 6
[16:53:13.476] [SEVERE ] removing player 1 token from slot 3
[16:53:13.555] [SEVERE ] updating countdown to 11175
[16:53:13.971] [SEVERE ] player 6 placing token on slot 6
[16:53:13.987] [SEVERE ] player 1 placing token on slot 3
[16:53:13.987] [SEVERE ] updating countdown to 10743
[16:53:13.987] [SEVERE ] setting player 1 freeze to 0
[16:53:13.987] [SEVERE ] setting player 1 freeze to 0
[16:53:14.482] [SEVERE ] player 6 placing token on slot 11
[16:53:14.482] [SEVERE ] updating countdown to 10248
[16:53:14.482] [SEVERE ] setting player 6 freeze to 0
[16:53:14.482] [SEVERE ] setting player 6 freeze to 0
[16:53:14.498] [SEVERE ] removing player 3 token from slot 8
[16:53:14.992] [SEVERE ] removing player 6 token from slot 11
[16:53:15.008] [SEVERE ] player 3 placing token on slot 5
[16:53:15.008] [SEVERE ] updating countdown to 9722
[16:53:15.008] [SEVERE ] setting player 3 freeze to 0
[16:53:15.008] [SEVERE ] setting player 3 freeze to 0
[16:53:15.504] [SEVERE ] removing player 4 token from slot 7
[16:53:15.504] [SEVERE ] player 6 placing token on slot 5
[16:53:15.504] [SEVERE ] updating countdown to 9226
[16:53:15.504] [SEVERE ] setting player 6 freeze to 0
[16:53:15.504] [SEVERE ] setting player 6 freeze to 0
[16:53:16.015] [SEVERE ] player 4 placing token on slot 4
[16:53:16.015] [SEVERE ] removing player 2 token from slot 7
[16:53:16.015] [SEVERE ] updating countdown to 8715
[16:53:16.015] [SEVERE ] setting player 4 freeze to 0
[16:53:16.015] [SEVERE ] setting player 4 freeze to 0
[16:53:16.524] [SEVERE ] removing player 6 token from slot 3
[16:53:16.524] [SEVERE ] removing player 4 token from slot 9
[16:53:16.524] [SEVERE ] removing player 2 token from slot 11
[16:53:16.619] [SEVERE ] updating countdown to 8111
[16:53:17.034] [SEVERE ] player 2 placing token on slot 9
[16:53:17.034] [SEVERE ] player 6 placing token on slot 9
[16:53:17.034] [SEVERE ] player 4 placing token on slot 10
[16:53:17.034] [SEVERE ] updating countdown to 7696
[16:53:17.034] [SEVERE ] setting player 6 freeze to 0
[16:53:17.034] [SEVERE ] setting player 6 freeze to 0
[16:53:17.034] [SEVERE ] updating countdown to 7696
[16:53:17.034] [SEVERE ] setting player 4 freeze to 0
[16:53:17.034] [SEVERE ] setting player 4 freeze to 0
[16:53:17.050] [SEVERE ] removing player 3 token from slot 5
[16:53:17.546] [SEVERE ] player 2 placing token on slot 7
[16:53:17.546] [SEVERE ] updating countdown to 7184
[16:53:17.546] [SEVERE ] setting player 2 freeze to 0
[16:53:17.546] [SEVERE ] setting player 2 freeze to 0
[16:53:17.562] [SEVERE ] removing player 3 token from slot 4
[16:53:18.057] [SEVERE ] removing player 2 token from slot 7
[16:53:18.073] [SEVERE ] player 3 placing token on slot 0
[16:53:18.073] [SEVERE ] removing player 1 token from slot 7
[16:53:18.153] [SEVERE ] updating countdown to 6577
[16:53:18.567] [SEVERE ] player 2 placing token on slot 11
[16:53:18.567] [SEVERE ] updating countdown to 6163
[16:53:18.567] [SEVERE ] setting player 2 freeze to 0
[16:53:18.567] [SEVERE ] setting player 2 freeze to 0
[16:53:18.583] [SEVERE ] removing player 3 token from slot 10
[16:53:18.583] [SEVERE ] player 1 placing token on slot 0
[16:53:18.583] [SEVERE ] updating countdown to 6147
[16:53:18.583] [SEVERE ] setting player 1 freeze to 0
[16:53:18.583] [SEVERE ] setting player 1 freeze to 0
[16:53:19.094] [SEVERE ] player 3 placing token on slot 3
[16:53:19.190] [SEVERE ] updating countdown to 5540
[16:53:19.588] [SEVERE ] removing player 4 token from slot 10
[16:53:19.604] [SEVERE ] player 3 placing token on slot 9
[16:53:19.604] [SEVERE ] updating countdown to 5126
[16:53:19.604] [SEVERE ] setting player 3 freeze to 0
[16:53:19.604] [SEVERE ] setting player 3 freeze to 0
[16:53:20.100] [SEVERE ] player 4 placing token on slot 0
[16:53:20.100] [SEVERE ] setting player 4 score to 1
[16:53:20.100] [SEVERE ] setting player 4 freeze to 0
[16:53:20.100] [SEVERE ] setting player 4 freeze to 0
[16:53:20.212] [SEVERE ] removing tokens from slot 0
[16:53:20.212] [SEVERE ] removing card from slot 0
[16:53:20.323] [SEVERE ] removing tokens from slot 4
[16:53:20.323] [SEVERE ] removing card from slot 4
[16:53:20.435] [SEVERE ] removing tokens from slot 11
[16:53:20.435] [SEVERE ] removing card from slot 11
[16:53:20.547] [SEVERE ] placing card 18 in slot 0
[16:53:20.611] [SEVERE ] player 2 placing token on slot 8
[16:53:20.611] [SEVERE ] player 4 placing token on slot 7
[16:53:20.627] [SEVERE ] player 1 placing token on slot 8
[16:53:20.627] [SEVERE ] player 3 placing token on slot 1
[16:53:20.658] [SEVERE ] placing card 20 in slot 4
[16:53:20.769] [SEVERE ] placing card 5 in slot 11
[16:53:20.769] [SEVERE ] updating countdown to 30000
[16:53:20.769] [SEVERE ] updating countdown to 30000
[16:53:20.769] [SEVERE ] updating countdown to 30000
[16:53:20.769] [SEVERE ] setting player 3 freeze to 0
[16:53:20.769] [SEVERE ] setting player 3 freeze to 0
[16:53:21.119] [SEVERE ] player 2 placing token on slot 3
[16:53:21.119] [SEVERE ] player 4 placing token on slot 0
[16:53:21.119] [SEVERE ] updating countdown to 29650
[16:53:21.119] [SEVERE ] setting player 2 freeze to 0
[16:53:21.119] [SEVERE ] setting player 2 freeze to 0
[16:53:21.135] [SEVERE ] removing player 3 token from slot 1
[16:53:21.135] [SEVERE ] player 1 placing token on slot 6
[16:53:21.135] [SEVERE ] updating countdown to 29634
[16:53:21.135] [SEVERE ] setting player 1 freeze to 0
[16:53:21.135] [SEVERE ] setting player 1 freeze to 0
[16:53:21.629] [SEVERE ] player 4 placing token on slot 9
[16:53:21.629] [SEVERE ] updating countdown to 29140
[16:53:21.629] [SEVERE ] setting player 4 freeze to 0
[16:53:21.629] [SEVERE ] setting player 4 freeze to 0
[16:53:21.645] [SEVERE ] player 3 placing token on slot 8
[16:53:21.645] [SEVERE ] updating countdown to 29124
[16:53:21.645] [SEVERE ] setting player 3 freeze to 0
[16:53:21.645] [SEVERE ] setting player 3 freeze to 0
[16:53:22.141] [SEVERE ] removing player 4 token from slot 9
[16:53:22.253] [SEVERE ] updating countdown to 28516
[16:53:22.653] [SEVERE ] player 4 placing token on slot 3
[16:53:22.653] [SEVERE ] removing player 6 token from slot 5
[16:53:22.653] [SEVERE ] updating countdown to 28116
[16:53:22.653] [SEVERE ] setting player 4 freeze to 0
[16:53:22.653] [SEVERE ] setting player 4 freeze to 0
[16:53:23.164] [SEVERE ] player 6 placing token on slot 0
[16:53:23.164] [SEVERE ] updating countdown to 27605
[16:53:23.164] [SEVERE ] setting player 6 freeze to 0
[16:53:23.164] [SEVERE ] setting player 6 freeze to 0
[16:53:23.180] [SEVERE ] removing player 3 token from slot 3
[16:53:23.690] [SEVERE ] player 3 placing token on slot 5
[16:53:23.690] [SEVERE ] updating countdown to 27079
[16:53:23.690] [SEVERE ] setting player 3 freeze to 0
[16:53:23.690] [SEVERE ] setting player 3 freeze to 0
[16:53:24.185] [SEVERE ] removing player 6 token from slot 6
[16:53:24.296] [SEVERE ] updating countdown to 26473
[16:53:24.695] [SEVERE ] removing player 2 token from slot 9
[16:53:24.695] [SEVERE ] player 6 placing token on slot 8
[16:53:24.695] [SEVERE ] updating countdown to 26074
[16:53:24.695] [SEVERE ] setting player 6 freeze to 0
[16:53:24.695] [SEVERE ] setting player 6 freeze to 0
[16:53:24.711] [SEVERE ] removing player 1 token from slot 6
[16:53:25.207] [SEVERE ] player 2 placing token on slot 11
[16:53:25.207] [SEVERE ] updating countdown to 25562
[16:53:25.207] [SEVERE ] setting player 2 freeze to 0
[16:53:25.207] [SEVERE ] setting player 2 freeze to 0
[16:53:25.223] [SEVERE ] removing player 1 token from slot 8
[16:53:25.735] [SEVERE ] removing player 3 token from slot 8
[16:53:25.735] [SEVERE ] player 1 placing token on slot 11
[16:53:25.815] [SEVERE ] updating countdown to 24954
[16:53:26.231] [SEVERE ] removing player 6 token from slot 8
[16:53:26.231] [SEVERE ] removing player 2 token from slot 8
[16:53:26.247] [SEVERE ] removing player 3 token from slot 9
[16:53:26.247] [SEVERE ] player 1 placing token on slot 2
[16:53:26.247] [SEVERE ] updating countdown to 24522
[16:53:26.247] [SEVERE ] setting player 1 freeze to 0
[16:53:26.247] [SEVERE ] setting player 1 freeze to 0
[16:53:26.742] [SEVERE ] player 6 placing token on slot 3
[16:53:26.742] [SEVERE ] player 2 placing token on slot 0
[16:53:26.742] [SEVERE ] updating countdown to 24027
[16:53:26.742] [SEVERE ] setting player 6 freeze to 0
[16:53:26.742] [SEVERE ] updating countdown to 24027
[16:53:26.742] [SEVERE ] setting player 2 freeze to 0
[16:53:26.742] [SEVERE ] setting player 6 freeze to 0
[16:53:26.742] [SEVERE ] setting player 2 freeze to 0
[16:53:26.758] [SEVERE ] player 3 placing token on slot 4
[16:53:27.267] [SEVERE ] player 3 placing token on slot 2
[16:53:27.267] [SEVERE ] updating countdown to 23502
[16:53:27.267] [SEVERE ] setting player 3 freeze to 0
[16:53:27.267] [SEVERE ] setting player 3 freeze to 0
[16:53:27.762] [SEVERE ] removing player 4 token from slot 0
[16:53:27.762] [SEVERE ] removing player 2 token from slot 3
[16:53:27.875] [SEVERE ] updating countdown to 22895
[16:53:28.274] [SEVERE ] player 2 placing token on slot 6
[16:53:28.274] [SEVERE ] removing player 6 token from slot 3
[16:53:28.274] [SEVERE ] updating countdown to 22495
[16:53:28.274] [SEVERE ] removing player 4 token from slot 7
[16:53:28.274] [SEVERE ] setting player 2 freeze to 0
[16:53:28.274] [SEVERE ] setting player 2 freeze to 0
[16:53:28.785] [SEVERE ] removing player 6 token from slot 9
[16:53:28.785] [SEVERE ] player 4 placing token on slot 7
[16:53:28.881] [SEVERE ] updating countdown to 21889
[16:53:29.296] [SEVERE ] removing player 2 token from slot 11
[16:53:29.296] [SEVERE ] player 4 placing token on slot 6
[16:53:29.296] [SEVERE ] player 6 placing token on slot 6
[16:53:29.296] [SEVERE ] updating countdown to 21473
[16:53:29.296] [SEVERE ] setting player 4 freeze to 0
[16:53:29.296] [SEVERE ] setting player 4 freeze to 0
[16:53:29.312] [SEVERE ] removing player 3 token from slot 4
[16:53:29.805] [SEVERE ] player 6 placing token on slot 1
[16:53:29.805] [SEVERE ] player 2 placing token on slot 5
[16:53:29.805] [SEVERE ] updating countdown to 20964
[16:53:29.805] [SEVERE ] setting player 6 freeze to 0
[16:53:29.805] [SEVERE ] setting player 6 freeze to 0
[16:53:29.805] [SEVERE ] updating countdown to 20964
[16:53:29.805] [SEVERE ] setting player 2 freeze to 0
[16:53:29.805] [SEVERE ] setting player 2 freeze to 0
[16:53:29.821] [SEVERE ] player 3 placing token on slot 0
[16:53:29.821] [SEVERE ] updating countdown to 20948
[16:53:29.821] [SEVERE ] setting player 3 freeze to 0
[16:53:29.821] [SEVERE ] setting player 3 freeze to 0
[16:53:30.316] [SEVERE ] removing player 6 token from slot 6
[16:53:30.332] [SEVERE ] removing player 1 token from slot 11
[16:53:30.428] [SEVERE ] updating countdown to 20341
[16:53:30.828] [SEVERE ] player 6 placing token on slot 11
[16:53:30.828] [SEVERE ] updating countdown to 19941
[16:53:30.828] [SEVERE ] setting player 6 freeze to 0
[16:53:30.828] [SEVERE ] setting player 6 freeze to 0
[16:53:30.844] [SEVERE ] player 1 placing token on slot 1
[16:53:30.844] [SEVERE ] updating countdown to 19925
[16:53:30.844] [SEVERE ] setting player 1 freeze to 0
[16:53:30.844] [SEVERE ] setting player 1 freeze to 0
[16:53:31.355] [SEVERE ] removing player 3 token from slot 0
[16:53:31.445] [SEVERE ] updating countdown to 19324
[16:53:31.866] [SEVERE ] player 3 placing token on slot 4
[16:53:31.866] [SEVERE ] updating countdown to 18903
[16:53:31.866] [SEVERE ] setting player 3 freeze to 0
[16:53:31.866] [SEVERE ] setting player 3 freeze to 0
[16:53:32.473] [SEVERE ] updating countdown to 18296
[16:53:32.873] [SEVERE ] removing player 6 token from slot 0
[16:53:32.873] [SEVERE ] removing player 4 token from slot 6
[16:53:32.873] [SEVERE ] removing player 2 token from slot 0
[16:53:32.890] [SEVERE ] removing player 3 token from slot 4
[16:53:32.890] [SEVERE ] removing player 1 token from slot 2
[16:53:33.080] [SEVERE ] updating countdown to 17689
[16:53:33.383] [SEVERE ] player 6 placing token on slot 0
[16:53:33.383] [SEVERE ] removing player 2 token from slot 6
[16:53:33.383] [SEVERE ] player 4 placing token on slot 2
[16:53:33.383] [SEVERE ] setting player 6 freeze to 0
[16:53:33.383] [SEVERE ] updating countdown to 17386
[16:53:33.383] [SEVERE ] setting player 6 freeze to 0
[16:53:33.383] [SEVERE ] setting player 4 freeze to 0
[16:53:33.383] [SEVERE ] updating countdown to 17386
[16:53:33.383] [SEVERE ] setting player 4 freeze to 0
[16:53:33.399] [SEVERE ] player 3 placing token on slot 3
[16:53:33.399] [SEVERE ] removing player 1 token from slot 3
[16:53:33.399] [SEVERE ] updating countdown to 17370
[16:53:33.399] [SEVERE ] setting player 3 freeze to 0
[16:53:33.399] [SEVERE ] setting player 3 freeze to 0
[16:53:33.894] [SEVERE ] player 2 placing token on slot 7
[16:53:33.910] [SEVERE ] player 1 placing token on slot 8
[16:53:34.006] [SEVERE ] updating countdown to 16763
[16:53:34.406] [SEVERE ] player 2 placing token on slot 8
[16:53:34.406] [SEVERE ] updating countdown to 16363
[16:53:34.406] [SEVERE ] setting player 2 freeze to 0
[16:53:34.406] [SEVERE ] setting player 2 freeze to 0
[16:53:34.422] [SEVERE ] removing player 1 token from slot 1
[16:53:34.933] [SEVERE ] player 1 placing token on slot 7
[16:53:35.006] [SEVERE ] updating countdown to 15763
[16:53:35.427] [SEVERE ] removing player 6 token from slot 1
[16:53:35.427] [SEVERE ] removing player 2 token from slot 8
[16:53:35.443] [SEVERE ] removing player 3 token from slot 3
[16:53:35.443] [SEVERE ] player 1 placing token on slot 3
[16:53:35.443] [SEVERE ] updating countdown to 15326
[16:53:35.443] [SEVERE ] setting player 1 freeze to 0
[16:53:35.443] [SEVERE ] setting player 1 freeze to 0
[16:53:35.937] [SEVERE ] player 2 placing token on slot 10
[16:53:35.937] [SEVERE ] player 6 placing token on slot 6
[16:53:35.937] [SEVERE ] updating countdown to 14832
[16:53:35.937] [SEVERE ] setting player 2 freeze to 0
[16:53:35.937] [SEVERE ] setting player 2 freeze to 0
[16:53:35.937] [SEVERE ] updating countdown to 14832
[16:53:35.937] [SEVERE ] setting player 6 freeze to 0
[16:53:35.937] [SEVERE ] setting player 6 freeze to 0
[16:53:35.953] [SEVERE ] removing player 3 token from slot 2
[16:53:36.463] [SEVERE ] player 3 placing token on slot 6
[16:53:36.463] [SEVERE ] removing player 1 token from slot 3
[16:53:36.543] [SEVERE ] updating countdown to 14226
[16:53:36.974] [SEVERE ] player 1 placing token on slot 5
[16:53:36.974] [SEVERE ] removing player 3 token from slot 5
[16:53:36.974] [SEVERE ] updating countdown to 13795
[16:53:36.974] [SEVERE ] setting player 1 freeze to 0
[16:53:36.974] [SEVERE ] setting player 1 freeze to 0
[16:53:37.467] [SEVERE ] removing player 6 token from slot 6
[16:53:37.467] [SEVERE ] removing player 4 token from slot 3
[16:53:37.483] [SEVERE ] player 3 placing token on slot 10
[16:53:37.578] [SEVERE ] updating countdown to 13191
[16:53:37.978] [SEVERE ] player 4 placing token on slot 8
[16:53:37.978] [SEVERE ] player 6 placing token on slot 8
[16:53:37.978] [SEVERE ] removing player 2 token from slot 5
[16:53:37.978] [SEVERE ] updating countdown to 12791
[16:53:37.978] [SEVERE ] setting player 6 freeze to 0
[16:53:37.978] [SEVERE ] setting player 6 freeze to 0
[16:53:37.978] [SEVERE ] setting player 4 freeze to 0
[16:53:37.978] [SEVERE ] setting player 4 freeze to 0
[16:53:37.978] [SEVERE ] updating countdown to 12791
[16:53:37.994] [SEVERE ] player 3 placing token on slot 5
[16:53:37.994] [SEVERE ] updating countdown to 12775
[16:53:37.994] [SEVERE ] setting player 3 freeze to 0
[16:53:37.994] [SEVERE ] setting player 3 freeze to 0
[16:53:38.489] [SEVERE ] player 2 placing token on slot 6
[16:53:38.489] [SEVERE ] removing player 4 token from slot 8
[16:53:38.489] [SEVERE ] updating countdown to 12280
[16:53:38.489] [SEVERE ] setting player 2 freeze to 0
[16:53:38.489] [SEVERE ] setting player 2 freeze to 0
[16:53:38.505] [SEVERE ] removing player 3 token from slot 10
[16:53:39.001] [SEVERE ] removing player 2 token from slot 6
[16:53:39.001] [SEVERE ] player 4 placing token on slot 4
[16:53:39.001] [SEVERE ] updating countdown to 11768
[16:53:39.001] [SEVERE ] setting player 4 freeze to 0
[16:53:39.001] [SEVERE ] setting player 4 freeze to 0
[16:53:39.017] [SEVERE ] removing player 3 token from slot 5
[16:53:39.512] [SEVERE ] player 2 placing token on slot 0
[16:53:39.512] [SEVERE ] removing player 4 token from slot 4
[16:53:39.512] [SEVERE ] updating countdown to 11257
[16:53:39.512] [SEVERE ] setting player 2 freeze to 0
[16:53:39.512] [SEVERE ] setting player 2 freeze to 0
[16:53:39.528] [SEVERE ] player 3 placing token on slot 2
[16:53:40.024] [SEVERE ] removing player 6 token from slot 8
[16:53:40.024] [SEVERE ] player 4 placing token on slot 3
[16:53:40.024] [SEVERE ] updating countdown to 10745
[16:53:40.024] [SEVERE ] setting player 4 freeze to 0
[16:53:40.024] [SEVERE ] setting player 4 freeze to 0
[16:53:40.040] [SEVERE ] removing player 3 token from slot 2
[16:53:40.040] [SEVERE ] removing player 1 token from slot 5
[16:53:40.536] [SEVERE ] removing player 4 token from slot 7
[16:53:40.536] [SEVERE ] removing player 6 token from slot 11
[16:53:40.536] [SEVERE ] removing player 2 token from slot 7
[16:53:40.552] [SEVERE ] player 3 placing token on slot 9
[16:53:40.552] [SEVERE ] removing player 1 token from slot 7
[16:53:40.632] [SEVERE ] updating countdown to 10137
[16:53:41.048] [SEVERE ] player 2 placing token on slot 3
[16:53:41.048] [SEVERE ] player 6 placing token on slot 4
[16:53:41.048] [SEVERE ] removing player 4 token from slot 2
[16:53:41.048] [SEVERE ] updating countdown to 9721
[16:53:41.048] [SEVERE ] setting player 2 freeze to 0
[16:53:41.048] [SEVERE ] setting player 2 freeze to 0
[16:53:41.064] [SEVERE ] player 3 placing token on slot 1
[16:53:41.064] [SEVERE ] player 1 placing token on slot 4
[16:53:41.064] [SEVERE ] updating countdown to 9705
[16:53:41.064] [SEVERE ] setting player 3 freeze to 0
[16:53:41.064] [SEVERE ] setting player 3 freeze to 0
[16:53:41.558] [SEVERE ] player 6 placing token on slot 7
[16:53:41.558] [SEVERE ] removing player 2 token from slot 10
[16:53:41.558] [SEVERE ] player 4 placing token on slot 4
[16:53:41.558] [SEVERE ] setting player 6 freeze to 0
[16:53:41.558] [SEVERE ] setting player 6 freeze to 0
[16:53:41.558] [SEVERE ] updating countdown to 9211
[16:53:41.574] [SEVERE ] player 1 placing token on slot 0
[16:53:41.574] [SEVERE ] updating countdown to 9195
[16:53:41.574] [SEVERE ] setting player 1 freeze to 0
[16:53:41.574] [SEVERE ] setting player 1 freeze to 0
[16:53:42.068] [SEVERE ] player 2 placing token on slot 2
[16:53:42.068] [SEVERE ] player 4 placing token on slot 10
[16:53:42.068] [SEVERE ] updating countdown to 8701
[16:53:42.068] [SEVERE ] setting player 2 freeze to 0
[16:53:42.068] [SEVERE ] setting player 2 freeze to 0
[16:53:42.068] [SEVERE ] updating countdown to 8701
[16:53:42.068] [SEVERE ] setting player 4 freeze to 0
[16:53:42.068] [SEVERE ] setting player 4 freeze to 0
[16:53:42.084] [SEVERE ] removing player 1 token from slot 0
[16:53:42.578] [SEVERE ] removing player 4 token from slot 4
[16:53:42.594] [SEVERE ] player 1 placing token on slot 7
[16:53:42.594] [SEVERE ] updating countdown to 8175
[16:53:42.594] [SEVERE ] setting player 1 freeze to 0
[16:53:42.594] [SEVERE ] setting player 1 freeze to 0
[16:53:43.088] [SEVERE ] removing player 2 token from slot 3
[16:53:43.088] [SEVERE ] player 4 placing token on slot 5
[16:53:43.088] [SEVERE ] updating countdown to 7681
[16:53:43.088] [SEVERE ] setting player 4 freeze to 0
[16:53:43.088] [SEVERE ] setting player 4 freeze to 0
[16:53:43.599] [SEVERE ] player 2 placing token on slot 1
[16:53:43.599] [SEVERE ] updating countdown to 7170
[16:53:43.599] [SEVERE ] setting player 2 freeze to 0
[16:53:43.599] [SEVERE ] setting player 2 freeze to 0
[16:53:44.125] [SEVERE ] removing player 1 token from slot 8
[16:53:44.125] [SEVERE ] removing player 3 token from slot 6
[16:53:44.199] [SEVERE ] updating countdown to 6570
[16:53:44.632] [SEVERE ] player 1 placing token on slot 8
[16:53:44.632] [SEVERE ] player 3 placing token on slot 6
[16:53:44.632] [SEVERE ] updating countdown to 6137
[16:53:44.632] [SEVERE ] setting player 1 freeze to 0
[16:53:44.632] [SEVERE ] setting player 3 freeze to 0
[16:53:44.632] [SEVERE ] setting player 3 freeze to 0
[16:53:44.632] [SEVERE ] updating countdown to 6137
[16:53:44.632] [SEVERE ] setting player 1 freeze to 0
[16:53:45.127] [SEVERE ] removing player 6 token from slot 0
[16:53:45.143] [SEVERE ] removing player 3 token from slot 9
[16:53:45.239] [SEVERE ] updating countdown to 5530
[16:53:45.637] [SEVERE ] removing player 2 token from slot 1
[16:53:45.637] [SEVERE ] player 6 placing token on slot 5
[16:53:45.637] [SEVERE ] removing player 4 token from slot 10
[16:53:45.637] [SEVERE ] updating countdown to 5132
[16:53:45.637] [SEVERE ] setting player 6 freeze to 0
[16:53:45.637] [SEVERE ] setting player 6 freeze to 0
[16:53:45.653] [SEVERE ] player 3 placing token on slot 4
[16:53:45.653] [SEVERE ] removing player 1 token from slot 8
[16:53:45.653] [SEVERE ] updating countdown to 5116
[16:53:45.653] [SEVERE ] setting player 3 freeze to 0
[16:53:45.653] [SEVERE ] setting player 3 freeze to 0
[16:53:46.148] [SEVERE ] player 2 placing token on slot 8
[16:53:46.148] [SEVERE ] player 4 placing token on slot 10
[16:53:46.148] [SEVERE ] setting player 2 freeze to 0
[16:53:46.148] [SEVERE ] setting player 2 freeze to 0
[16:53:46.148] [SEVERE ] setting player 4 freeze to 0
[16:53:46.148] [SEVERE ] setting player 4 freeze to 0
[16:53:46.164] [SEVERE ] player 1 placing token on slot 11
[16:53:46.164] [SEVERE ] setting player 1 freeze to 0
[16:53:46.164] [SEVERE ] setting player 1 freeze to 0
[16:53:46.658] [SEVERE ] removing player 6 token from slot 5
[16:53:46.658] [SEVERE ] removing player 2 token from slot 2
[16:53:46.674] [SEVERE ] removing player 1 token from slot 4
[16:53:47.169] [SEVERE ] player 2 placing token on slot 4
[16:53:47.169] [SEVERE ] removing player 4 token from slot 3
[16:53:47.169] [SEVERE ] player 6 placing token on slot 8
[16:53:47.169] [SEVERE ] setting player 2 freeze to 0
[16:53:47.169] [SEVERE ] setting player 2 freeze to 0
[16:53:47.169] [SEVERE ] setting player 6 freeze to 0
[16:53:47.169] [SEVERE ] setting player 6 freeze to 0
[16:53:47.186] [SEVERE ] player 1 placing token on slot 2
[16:53:47.186] [SEVERE ] setting player 1 freeze to 0
[16:53:47.186] [SEVERE ] setting player 1 freeze to 0
[16:53:47.680] [SEVERE ] player 4 placing token on slot 11
[16:53:47.680] [SEVERE ] setting player 4 freeze to 0
[16:53:47.680] [SEVERE ] setting player 4 freeze to 0
[16:53:47.696] [SEVERE ] removing player 3 token from slot 6
[16:53:48.189] [SEVERE ] removing player 6 token from slot 8
[16:53:48.206] [SEVERE ] player 3 placing token on slot 6
[16:53:48.206] [SEVERE ] setting player 3 freeze to 0
[16:53:48.206] [SEVERE ] setting player 3 freeze to 0
[16:53:48.699] [SEVERE ] removing player 4 token from slot 10
[16:53:48.699] [SEVERE ] player 6 placing token on slot 10
[16:53:48.699] [SEVERE ] setting player 6 freeze to 0
[16:53:48.699] [SEVERE ] setting player 6 freeze to 0
[16:53:48.715] [SEVERE ] removing player 1 token from slot 11
[16:53:49.209] [SEVERE ] player 4 placing token on slot 4
[16:53:49.209] [SEVERE ] removing player 2 token from slot 8
[16:53:49.209] [SEVERE ] setting player 4 freeze to 0
[16:53:49.209] [SEVERE ] setting player 4 freeze to 0
[16:53:49.224] [SEVERE ] removing player 3 token from slot 6
[16:53:49.224] [SEVERE ] player 1 placing token on slot 1
[16:53:49.224] [SEVERE ] setting player 1 freeze to 0
[16:53:49.224] [SEVERE ] setting player 1 freeze to 0
[16:53:49.714] [SEVERE ] player 2 placing token on slot 10
[16:53:49.714] [SEVERE ] setting player 2 freeze to 0
[16:53:49.714] [SEVERE ] setting player 2 freeze to 0
[16:53:49.730] [SEVERE ] player 3 placing token on slot 5
[16:53:49.730] [SEVERE ] setting player 3 freeze to 0
[16:53:49.730] [SEVERE ] setting player 3 freeze to 0
[16:53:50.240] [SEVERE ] removing player 3 token from slot 5
[16:53:50.752] [SEVERE ] player 3 placing token on slot 10
[16:53:50.752] [SEVERE ] removing player 1 token from slot 2
[16:53:50.752] [SEVERE ] setting player 3 score to 1
[16:53:50.752] [SEVERE ] setting player 3 freeze to 0
[16:53:50.752] [SEVERE ] setting player 3 freeze to 0
[16:53:50.863] [SEVERE ] removing tokens from slot 1
[16:53:50.863] [SEVERE ] removing card from slot 1
[16:53:50.975] [SEVERE ] removing tokens from slot 4
[16:53:50.975] [SEVERE ] removing card from slot 4
[16:53:51.087] [SEVERE ] removing tokens from slot 10
[16:53:51.087] [SEVERE ] removing card from slot 10
[16:53:51.198] [SEVERE ] placing card 13 in slot 1
[16:53:51.247] [SEVERE ] player 2 placing token on slot 1
[16:53:51.247] [SEVERE ] removing player 4 token from slot 11
[16:53:51.247] [SEVERE ] player 6 placing token on slot 0
[16:53:51.262] [SEVERE ] player 3 placing token on slot 6
[16:53:51.262] [SEVERE ] player 1 placing token on slot 0
[16:53:51.311] [SEVERE ] placing card 12 in slot 4
[16:53:51.422] [SEVERE ] placing card 3 in slot 10
[16:53:51.422] [SEVERE ] updating countdown to 30000
[16:53:51.422] [SEVERE ] updating countdown to 30000
[16:53:51.757] [SEVERE ] player 2 placing token on slot 5
[16:53:51.757] [SEVERE ] player 6 placing token on slot 6
[16:53:51.757] [SEVERE ] player 4 placing token on slot 7
[16:53:51.757] [SEVERE ] updating countdown to 29665
[16:53:51.757] [SEVERE ] setting player 2 freeze to 0
[16:53:51.757] [SEVERE ] setting player 2 freeze to 0
[16:53:51.757] [SEVERE ] setting player 6 freeze to 0
[16:53:51.757] [SEVERE ] updating countdown to 29665
[16:53:51.757] [SEVERE ] setting player 6 freeze to 0
[16:53:51.773] [SEVERE ] player 3 placing token on slot 5
[16:53:51.773] [SEVERE ] removing player 1 token from slot 0
[16:53:52.269] [SEVERE ] player 4 placing token on slot 8
[16:53:52.269] [SEVERE ] removing player 6 token from slot 7
[16:53:52.269] [SEVERE ] updating countdown to 29153
[16:53:52.269] [SEVERE ] setting player 4 freeze to 0
[16:53:52.269] [SEVERE ] setting player 4 freeze to 0
[16:53:52.285] [SEVERE ] player 1 placing token on slot 6
[16:53:52.285] [SEVERE ] player 3 placing token on slot 9
[16:53:52.285] [SEVERE ] updating countdown to 29137
[16:53:52.285] [SEVERE ] setting player 3 freeze to 0
[16:53:52.285] [SEVERE ] setting player 3 freeze to 0
[16:53:52.779] [SEVERE ] player 6 placing token on slot 3
[16:53:52.779] [SEVERE ] setting player 6 score to 1
[16:53:52.779] [SEVERE ] setting player 6 freeze to 0
[16:53:52.779] [SEVERE ] setting player 6 freeze to 0
[16:53:52.795] [SEVERE ] player 1 placing token on slot 8
[16:53:52.795] [SEVERE ] removing player 3 token from slot 5
[16:53:52.890] [SEVERE ] removing tokens from slot 0
[16:53:52.890] [SEVERE ] removing card from slot 0
[16:53:53.002] [SEVERE ] removing tokens from slot 3
[16:53:53.002] [SEVERE ] removing card from slot 3
[16:53:53.114] [SEVERE ] removing tokens from slot 6
[16:53:53.114] [SEVERE ] removing card from slot 6
[16:53:53.114] [SEVERE ] updating countdown to 30000
[16:53:53.114] [SEVERE ] updating countdown to 30000
[16:53:53.114] [SEVERE ] updating countdown to 30000
[16:53:53.288] [SEVERE ] player 6 placing token on slot 8
[16:53:53.288] [SEVERE ] player 2 placing token on slot 8
[16:53:53.288] [SEVERE ] updating countdown to 29826
[16:53:53.288] [SEVERE ] setting player 2 freeze to 0
[16:53:53.288] [SEVERE ] setting player 2 freeze to 0
[16:53:53.304] [SEVERE ] player 3 placing token on slot 11
[16:53:53.895] [SEVERE ] updating countdown to 29219
[16:53:54.311] [SEVERE ] player 6 placing token on slot 7
[16:53:54.326] [SEVERE ] player 3 placing token on slot 5
[16:53:54.326] [SEVERE ] updating countdown to 28788
[16:53:54.326] [SEVERE ] setting player 3 freeze to 0
[16:53:54.326] [SEVERE ] setting player 3 freeze to 0
[16:53:54.934] [SEVERE ] updating countdown to 28180
[16:53:55.333] [SEVERE ] player 6 placing token on slot 2
[16:53:55.333] [SEVERE ] removing player 4 token from slot 8
[16:53:55.333] [SEVERE ] updating countdown to 27781
[16:53:55.333] [SEVERE ] setting player 6 freeze to 0
[16:53:55.333] [SEVERE ] setting player 6 freeze to 0
[16:53:55.845] [SEVERE ] player 4 placing token on slot 2
[16:53:55.845] [SEVERE ] removing player 6 token from slot 8
[16:53:55.845] [SEVERE ] updating countdown to 27269
[16:53:55.845] [SEVERE ] setting player 4 freeze to 0
[16:53:55.845] [SEVERE ] setting player 4 freeze to 0
[16:53:56.356] [SEVERE ] removing player 2 token from slot 1
[16:53:56.356] [SEVERE ] removing player 6 token from slot 7
[16:53:56.452] [SEVERE ] updating countdown to 26662
[16:53:57.060] [SEVERE ] updating countdown to 26054
[16:53:57.380] [SEVERE ] player 2 placing token on slot 7
[16:53:57.380] [SEVERE ] updating countdown to 25734
[16:53:57.380] [SEVERE ] setting player 2 freeze to 0
[16:53:57.380] [SEVERE ] setting player 2 freeze to 0
[16:53:57.396] [SEVERE ] removing player 3 token from slot 5
[16:53:57.907] [SEVERE ] removing player 3 token from slot 11
[16:53:57.987] [SEVERE ] updating countdown to 25127
[16:53:58.403] [SEVERE ] player 6 placing token on slot 7
[16:53:58.595] [SEVERE ] updating countdown to 24519
[16:53:58.915] [SEVERE ] removing player 4 token from slot 5
[16:53:58.931] [SEVERE ] player 3 placing token on slot 11
[16:53:59.202] [SEVERE ] updating countdown to 23912
[16:53:59.426] [SEVERE ] removing player 4 token from slot 2
[16:53:59.426] [SEVERE ] player 6 placing token on slot 5
[16:53:59.426] [SEVERE ] updating countdown to 23688
[16:53:59.426] [SEVERE ] setting player 6 freeze to 0
[16:53:59.426] [SEVERE ] setting player 6 freeze to 0
[16:53:59.442] [SEVERE ] removing player 3 token from slot 9
[16:53:59.935] [SEVERE ] removing player 4 token from slot 7
[16:53:59.951] [SEVERE ] player 3 placing token on slot 4
[16:54:00.031] [SEVERE ] updating countdown to 23083
[16:54:00.447] [SEVERE ] player 4 placing token on slot 2
[16:54:00.639] [SEVERE ] updating countdown to 22475
[16:54:00.959] [SEVERE ] player 4 placing token on slot 10
[16:54:00.975] [SEVERE ] player 3 placing token on slot 10
[16:54:00.975] [SEVERE ] updating countdown to 22139
[16:54:00.975] [SEVERE ] setting player 3 freeze to 0
[16:54:00.975] [SEVERE ] setting player 3 freeze to 0
[16:54:01.471] [SEVERE ] player 4 placing token on slot 1
[16:54:01.471] [SEVERE ] removing player 6 token from slot 7
[16:54:01.471] [SEVERE ] updating countdown to 21643
[16:54:01.471] [SEVERE ] setting player 4 freeze to 0
[16:54:01.471] [SEVERE ] setting player 4 freeze to 0
[16:54:01.983] [SEVERE ] removing player 4 token from slot 1
[16:54:02.079] [SEVERE ] updating countdown to 21035
[16:54:02.494] [SEVERE ] player 6 placing token on slot 10
[16:54:02.494] [SEVERE ] updating countdown to 20620
[16:54:02.494] [SEVERE ] setting player 6 freeze to 0
[16:54:02.494] [SEVERE ] setting player 6 freeze to 0
[16:54:03.005] [SEVERE ] removing player 6 token from slot 10
[16:54:03.005] [SEVERE ] player 4 placing token on slot 1
[16:54:03.005] [SEVERE ] updating countdown to 20109
[16:54:03.005] [SEVERE ] setting player 4 freeze to 0
[16:54:03.005] [SEVERE ] setting player 4 freeze to 0
[16:54:03.516] [SEVERE ] player 6 placing token on slot 1
[16:54:03.516] [SEVERE ] updating countdown to 19598
[16:54:03.516] [SEVERE ] setting player 6 freeze to 0
[16:54:03.516] [SEVERE ] setting player 6 freeze to 0
[16:54:04.028] [SEVERE ] removing player 2 token from slot 8
[16:54:04.124] [SEVERE ] updating countdown to 18990
[16:54:04.540] [SEVERE ] player 2 placing token on slot 10
[16:54:04.540] [SEVERE ] updating countdown to 18574
[16:54:04.540] [SEVERE ] setting player 2 freeze to 0
[16:54:04.540] [SEVERE ] setting player 2 freeze to 0
[16:54:05.051] [SEVERE ] removing player 2 token from slot 7
[16:54:05.147] [SEVERE ] updating countdown to 17967
[16:54:05.561] [SEVERE ] player 2 placing token on slot 4
[16:54:05.561] [SEVERE ] removing player 6 token from slot 2
[16:54:05.561] [SEVERE ] updating countdown to 17553
[16:54:05.561] [SEVERE ] setting player 2 freeze to 0
[16:54:05.561] [SEVERE ] setting player 2 freeze to 0
[16:54:06.073] [SEVERE ] removing player 2 token from slot 4
[16:54:06.089] [SEVERE ] removing player 3 token from slot 11
[16:54:06.169] [SEVERE ] updating countdown to 16945
[16:54:06.584] [SEVERE ] removing player 2 token from slot 10
[16:54:06.584] [SEVERE ] player 6 placing token on slot 7
[16:54:06.584] [SEVERE ] updating countdown to 16530
[16:54:06.584] [SEVERE ] setting player 6 freeze to 0
[16:54:06.584] [SEVERE ] setting player 6 freeze to 0
[16:54:06.600] [SEVERE ] player 3 placing token on slot 2
[16:54:06.600] [SEVERE ] setting player 3 score to 2
[16:54:06.600] [SEVERE ] setting player 3 freeze to 0
[16:54:06.600] [SEVERE ] setting player 3 freeze to 0
[16:54:06.712] [SEVERE ] removing tokens from slot 2
[16:54:06.712] [SEVERE ] removing card from slot 2
[16:54:06.823] [SEVERE ] removing tokens from slot 4
[16:54:06.823] [SEVERE ] removing card from slot 4
[16:54:06.935] [SEVERE ] removing tokens from slot 10
[16:54:06.935] [SEVERE ] removing card from slot 10
[16:54:06.935] [SEVERE ] updating countdown to 30000
[16:54:06.935] [SEVERE ] updating countdown to 30000
[16:54:07.111] [SEVERE ] player 3 placing token on slot 1
[16:54:07.543] [SEVERE ] updating countdown to 29392
[16:54:08.117] [SEVERE ] player 2 placing token on slot 8
[16:54:08.133] [SEVERE ] player 3 placing token on slot 5
[16:54:08.149] [SEVERE ] updating countdown to 28786
[16:54:08.629] [SEVERE ] player 4 placing token on slot 9
[16:54:08.629] [SEVERE ] removing player 6 token from slot 5
[16:54:08.645] [SEVERE ] player 3 placing token on slot 8
[16:54:08.645] [SEVERE ] updating countdown to 28290
[16:54:08.645] [SEVERE ] setting player 3 freeze to 0
[16:54:08.645] [SEVERE ] setting player 3 freeze to 0
[16:54:09.140] [SEVERE ] removing player 6 token from slot 7
[16:54:09.140] [SEVERE ] player 2 placing token on slot 9
[16:54:09.140] [SEVERE ] updating countdown to 27795
[16:54:09.140] [SEVERE ] setting player 2 freeze to 0
[16:54:09.140] [SEVERE ] setting player 2 freeze to 0
[16:54:09.747] [SEVERE ] updating countdown to 27188
[16:54:10.162] [SEVERE ] player 6 placing token on slot 9
[16:54:10.178] [SEVERE ] removing player 3 token from slot 5
[16:54:10.352] [SEVERE ] updating countdown to 26583
[16:54:10.671] [SEVERE ] removing player 4 token from slot 1
[16:54:10.687] [SEVERE ] player 3 placing token on slot 9
[16:54:10.687] [SEVERE ] updating countdown to 26248
[16:54:10.687] [SEVERE ] setting player 3 freeze to 0
[16:54:10.687] [SEVERE ] setting player 3 freeze to 0
[16:54:11.294] [SEVERE ] updating countdown to 25641
[16:54:11.693] [SEVERE ] player 4 placing token on slot 8
[16:54:11.902] [SEVERE ] updating countdown to 25034
[16:54:12.508] [SEVERE ] updating countdown to 24427
[16:54:12.716] [SEVERE ] player 4 placing token on slot 5
[16:54:12.716] [SEVERE ] updating countdown to 24219
[16:54:12.716] [SEVERE ] setting player 4 freeze to 0
[16:54:12.716] [SEVERE ] setting player 4 freeze to 0
[16:54:13.227] [SEVERE ] player 6 placing token on slot 5
[16:54:13.227] [SEVERE ] removing player 2 token from slot 8
[16:54:13.227] [SEVERE ] updating countdown to 23708
[16:54:13.227] [SEVERE ] setting player 6 freeze to 0
[16:54:13.227] [SEVERE ] setting player 6 freeze to 0
[16:54:13.243] [SEVERE ] removing player 3 token from slot 8
[16:54:13.739] [SEVERE ] removing player 4 token from slot 5
[16:54:13.835] [SEVERE ] updating countdown to 23100
[16:54:14.251] [SEVERE ] player 2 placing token on slot 7
[16:54:14.251] [SEVERE ] updating countdown to 22684
[16:54:14.251] [SEVERE ] setting player 2 freeze to 0
[16:54:14.251] [SEVERE ] setting player 2 freeze to 0
[16:54:14.758] [SEVERE ] removing player 4 token from slot 9
[16:54:14.854] [SEVERE ] updating countdown to 22081
[16:54:15.462] [SEVERE ] updating countdown to 21473
[16:54:16.069] [SEVERE ] updating countdown to 20866
[16:54:16.309] [SEVERE ] removing player 3 token from slot 1
[16:54:16.676] [SEVERE ] updating countdown to 20259
[16:54:16.804] [SEVERE ] removing player 2 token from slot 7
[16:54:17.284] [SEVERE ] updating countdown to 19651
[16:54:17.332] [SEVERE ] player 3 placing token on slot 7
[16:54:17.828] [SEVERE ] player 4 placing token on slot 9
[16:54:17.892] [SEVERE ] updating countdown to 19043
[16:54:18.339] [SEVERE ] player 4 placing token on slot 7
[16:54:18.339] [SEVERE ] updating countdown to 18596
[16:54:18.339] [SEVERE ] setting player 4 freeze to 0
[16:54:18.339] [SEVERE ] setting player 4 freeze to 0
[16:54:18.355] [SEVERE ] player 3 placing token on slot 1
[16:54:18.355] [SEVERE ] setting player 3 score to 3
[16:54:18.355] [SEVERE ] setting player 3 freeze to 0
[16:54:18.355] [SEVERE ] setting player 3 freeze to 0
[16:54:18.466] [SEVERE ] removing tokens from slot 1
[16:54:18.466] [SEVERE ] removing card from slot 1
[16:54:18.578] [SEVERE ] removing tokens from slot 7
[16:54:18.578] [SEVERE ] removing card from slot 7
[16:54:18.690] [SEVERE ] removing tokens from slot 9
[16:54:18.690] [SEVERE ] removing card from slot 9
[16:54:18.690] [SEVERE ] updating countdown to 30000
[16:54:18.690] [SEVERE ] updating countdown to 30000
[16:54:19.298] [SEVERE ] updating countdown to 29392
[16:54:19.362] [SEVERE ] removing player 2 token from slot 5
[16:54:19.887] [SEVERE ] player 3 placing token on slot 8
[16:54:19.903] [SEVERE ] updating countdown to 28787
[16:54:20.510] [SEVERE ] updating countdown to 28180
[16:54:21.114] [SEVERE ] updating countdown to 27576
[16:54:21.722] [SEVERE ] updating countdown to 26968
[16:54:21.914] [SEVERE ] removing player 6 token from slot 5
[16:54:21.914] [SEVERE ] removing player 4 token from slot 8
[16:54:22.330] [SEVERE ] updating countdown to 26360
[16:54:22.426] [SEVERE ] player 2 placing token on slot 5
[16:54:22.442] [SEVERE ] player 3 placing token on slot 11
[16:54:22.935] [SEVERE ] updating countdown to 25755
[16:54:23.446] [SEVERE ] player 4 placing token on slot 8
[16:54:23.542] [SEVERE ] updating countdown to 25148
[16:54:23.958] [SEVERE ] player 4 placing token on slot 11
[16:54:23.974] [SEVERE ] player 3 placing token on slot 5
[16:54:23.974] [SEVERE ] setting player 3 score to 4
[16:54:23.974] [SEVERE ] setting player 3 freeze to 0
[16:54:23.974] [SEVERE ] setting player 3 freeze to 0
[16:54:24.084] [SEVERE ] removing tokens from slot 5
[16:54:24.084] [SEVERE ] removing card from slot 5
[16:54:24.196] [SEVERE ] removing tokens from slot 8
[16:54:24.196] [SEVERE ] removing card from slot 8
[16:54:24.307] [SEVERE ] removing tokens from slot 11
[16:54:24.307] [SEVERE ] removing card from slot 11
[16:54:24.307] [SEVERE ] updating countdown to 30000
[16:54:24.307] [SEVERE ] updating countdown to 30000
[16:54:24.323] [INFO   ] thread computer-5 terminated.
[16:54:24.323] [INFO   ] thread Thread-6 terminated.
