[15:35:10.760] [INFO   ] thread bguspl.set.Main.main() starting.
[15:35:10.764] [SEVERE ] cannot read configuration file config.properties trying from resources.
[15:35:10.764] [SEVERE ] configuration file was loaded from resources directory.
[15:35:11.395] [INFO   ] thread dealer starting.
[15:35:11.396] [INFO   ] thread dealer starting.
[15:35:11.396] [INFO   ] thread Thread-1 starting.
[15:35:11.398] [INFO   ] thread Thread-2 starting.
[15:35:11.399] [INFO   ] thread Thread-5 starting.
[15:35:11.399] [INFO   ] thread Thread-4 starting.
[15:35:11.399] [INFO   ] thread Thread-3 starting.
[15:35:11.400] [INFO   ] thread computer-3 starting.
[15:35:11.399] [INFO   ] thread computer-4 starting.
[15:35:11.399] [INFO   ] thread computer-1 starting.
[15:35:11.399] [INFO   ] thread computer-0 starting.
[15:35:11.399] [INFO   ] thread Thread-6 starting.
[15:35:11.402] [INFO   ] thread computer-2 starting.
[15:35:11.403] [INFO   ] thread computer-5 starting.
[15:35:11.508] [SEVERE ] placing card 77 in slot 0
[15:35:11.617] [SEVERE ] placing card 33 in slot 1
[15:35:11.725] [SEVERE ] placing card 19 in slot 2
[15:35:11.835] [SEVERE ] placing card 3 in slot 3
[15:35:11.946] [SEVERE ] placing card 78 in slot 4
[15:35:12.056] [SEVERE ] placing card 38 in slot 5
[15:35:12.165] [SEVERE ] placing card 64 in slot 6
[15:35:12.275] [SEVERE ] placing card 54 in slot 7
[15:35:12.385] [SEVERE ] placing card 35 in slot 8
[15:35:12.494] [SEVERE ] placing card 69 in slot 9
[15:35:12.603] [SEVERE ] placing card 5 in slot 10
[15:35:12.712] [SEVERE ] placing card 79 in slot 11
[15:35:12.712] [SEVERE ] updating countdown to 30000
[15:35:13.521] [SEVERE ] updating countdown to 29191
[15:35:14.333] [SEVERE ] updating countdown to 28379
[15:35:15.145] [SEVERE ] updating countdown to 27567
[15:35:15.957] [SEVERE ] updating countdown to 26755
[15:35:16.757] [SEVERE ] updating countdown to 25955
[15:35:17.572] [SEVERE ] updating countdown to 25140
[15:35:18.383] [SEVERE ] updating countdown to 24329
[15:35:19.195] [SEVERE ] updating countdown to 23517
[15:35:20.007] [SEVERE ] updating countdown to 22705
[15:35:20.816] [SEVERE ] updating countdown to 21896
[15:35:21.628] [SEVERE ] updating countdown to 21084
[15:35:22.439] [SEVERE ] updating countdown to 20273
[15:35:23.252] [SEVERE ] updating countdown to 19460
[15:35:24.062] [SEVERE ] updating countdown to 18650
[15:35:24.867] [SEVERE ] updating countdown to 17845
[15:35:25.683] [SEVERE ] updating countdown to 17029
