[17:10:15.794] [INFO   ] thread bguspl.set.Main.main() starting.
[17:10:15.799] [SEVERE ] cannot read configuration file config.properties trying from resources.
[17:10:15.800] [SEVERE ] configuration file was loaded from resources directory.
[17:10:16.153] [INFO   ] thread dealer starting.
[17:10:16.154] [INFO   ] thread dealer starting.
[17:10:16.155] [INFO   ] thread Thread-1 starting.
[17:10:16.155] [INFO   ] thread Thread-4 starting.
[17:10:16.155] [INFO   ] thread Thread-3 starting.
[17:10:16.155] [INFO   ] thread Thread-2 starting.
[17:10:16.155] [INFO   ] thread Thread-6 starting.
[17:10:16.155] [INFO   ] thread Thread-5 starting.
[17:10:16.159] [INFO   ] thread computer-1 starting.
[17:10:16.159] [INFO   ] thread computer-2 starting.
[17:10:16.158] [INFO   ] thread computer-0 starting.
[17:10:16.158] [INFO   ] thread computer-3 starting.
[17:10:16.160] [INFO   ] thread computer-4 starting.
[17:10:16.160] [INFO   ] thread computer-5 starting.
[17:10:16.265] [SEVERE ] placing card 8 in slot 0
[17:10:16.375] [SEVERE ] placing card 1 in slot 1
[17:10:16.483] [SEVERE ] placing card 0 in slot 2
[17:10:16.594] [SEVERE ] placing card 3 in slot 3
[17:10:16.705] [SEVERE ] placing card 7 in slot 4
[17:10:16.815] [SEVERE ] placing card 5 in slot 5
[17:10:16.927] [SEVERE ] placing card 6 in slot 6
[17:10:17.037] [SEVERE ] placing card 2 in slot 7
[17:10:17.146] [SEVERE ] placing card 4 in slot 8
[17:10:17.146] [SEVERE ] updating countdown to 30000
[17:10:17.649] [SEVERE ] player 3 placing token on slot 2
[17:10:17.649] [SEVERE ] player 5 placing token on slot 3
[17:10:17.649] [SEVERE ] player 6 placing token on slot 8
[17:10:17.649] [SEVERE ] player 1 placing token on slot 5
[17:10:17.758] [SEVERE ] updating countdown to 29388
[17:10:18.149] [SEVERE ] player 5 placing token on slot 7
[17:10:18.149] [SEVERE ] player 3 placing token on slot 3
[17:10:18.149] [SEVERE ] player 6 placing token on slot 2
[17:10:18.149] [SEVERE ] player 1 placing token on slot 4
[17:10:18.149] [SEVERE ] player 2 placing token on slot 5
[17:10:18.368] [SEVERE ] updating countdown to 28778
[17:10:18.650] [SEVERE ] player 5 placing token on slot 5
[17:10:18.650] [SEVERE ] player 3 placing token on slot 6
[17:10:18.652] [SEVERE ] setting player 5 freeze to 0
[17:10:18.651] [SEVERE ] updating countdown to 28495
[17:10:18.653] [SEVERE ] setting player 5 freeze to 0
[17:10:18.654] [SEVERE ] setting player 3 score to 1
[17:10:18.655] [SEVERE ] setting player 3 freeze to 0
[17:10:18.655] [SEVERE ] setting player 3 freeze to 0
[17:10:18.664] [SEVERE ] player 4 placing token on slot 6
[17:10:18.664] [SEVERE ] player 6 placing token on slot 4
[17:10:18.664] [SEVERE ] removing player 1 token from slot 5
[17:10:18.759] [SEVERE ] removing tokens from slot 2
[17:10:18.760] [SEVERE ] removing card from slot 2
[17:10:18.871] [SEVERE ] removing tokens from slot 3
[17:10:18.871] [SEVERE ] removing card from slot 3
[17:10:18.979] [SEVERE ] removing tokens from slot 6
[17:10:18.980] [SEVERE ] removing card from slot 6
[17:10:18.980] [SEVERE ] updating countdown to 30000
[17:10:18.981] [SEVERE ] updating countdown to 29999
[17:10:18.981] [SEVERE ] updating countdown to 29999
[17:10:19.165] [SEVERE ] player 2 placing token on slot 7
[17:10:19.165] [SEVERE ] player 3 placing token on slot 1
[17:10:19.165] [SEVERE ] player 4 placing token on slot 8
[17:10:19.165] [SEVERE ] player 1 placing token on slot 5
[17:10:19.587] [SEVERE ] updating countdown to 29393
[17:10:19.666] [SEVERE ] player 3 placing token on slot 0
[17:10:19.666] [SEVERE ] player 4 placing token on slot 0
[17:10:19.681] [SEVERE ] player 2 placing token on slot 4
[17:10:19.681] [SEVERE ] player 5 placing token on slot 0
[17:10:19.681] [SEVERE ] removing player 1 token from slot 5
[17:10:19.682] [SEVERE ] setting player 2 freeze to 0
[17:10:19.682] [SEVERE ] updating countdown to 29298
[17:10:19.683] [SEVERE ] setting player 2 freeze to 0
[17:10:19.684] [SEVERE ] setting player 5 score to 1
[17:10:19.685] [SEVERE ] setting player 5 freeze to 0
[17:10:19.685] [SEVERE ] setting player 5 freeze to 0
[17:10:19.791] [SEVERE ] removing tokens from slot 0
[17:10:19.792] [SEVERE ] removing card from slot 0
[17:10:19.899] [SEVERE ] removing tokens from slot 5
[17:10:19.900] [SEVERE ] removing card from slot 5
[17:10:20.007] [SEVERE ] removing tokens from slot 7
[17:10:20.008] [SEVERE ] removing card from slot 7
[17:10:20.008] [SEVERE ] updating countdown to 30000
[17:10:20.008] [SEVERE ] updating countdown to 30000
[17:10:20.181] [SEVERE ] player 3 placing token on slot 4
[17:10:20.196] [SEVERE ] removing player 1 token from slot 4
[17:10:20.619] [SEVERE ] updating countdown to 29389
[17:10:20.697] [SEVERE ] removing player 2 token from slot 4
[17:10:21.232] [SEVERE ] updating countdown to 28776
[17:10:21.686] [SEVERE ] removing player 3 token from slot 4
[17:10:21.844] [SEVERE ] updating countdown to 28164
[17:10:22.189] [SEVERE ] player 3 placing token on slot 8
[17:10:22.205] [SEVERE ] player 5 placing token on slot 8
[17:10:22.455] [SEVERE ] updating countdown to 27553
[17:10:23.065] [SEVERE ] updating countdown to 26943
[17:10:23.223] [SEVERE ] player 5 placing token on slot 4
[17:10:23.678] [SEVERE ] updating countdown to 26330
[17:10:23.725] [SEVERE ] removing player 5 token from slot 4
[17:10:24.211] [SEVERE ] player 4 placing token on slot 4
[17:10:24.211] [SEVERE ] removing player 3 token from slot 1
[17:10:24.289] [SEVERE ] updating countdown to 25719
[17:10:24.713] [SEVERE ] player 4 placing token on slot 1
[17:10:24.713] [SEVERE ] setting player 4 score to 1
[17:10:24.714] [SEVERE ] setting player 4 freeze to 0
[17:10:24.714] [SEVERE ] setting player 4 freeze to 0
[17:10:24.821] [SEVERE ] removing tokens from slot 1
[17:10:24.821] [SEVERE ] removing card from slot 1
[17:10:24.930] [SEVERE ] removing tokens from slot 4
[17:10:24.930] [SEVERE ] removing card from slot 4
[17:10:25.040] [SEVERE ] removing tokens from slot 8
[17:10:25.040] [SEVERE ] removing card from slot 8
[17:10:25.041] [SEVERE ] updating countdown to 30000
[17:10:25.041] [SEVERE ] updating countdown to 29999
[17:10:25.228] [INFO   ] thread computer-5 terminated.
[17:10:25.228] [INFO   ] thread Thread-6 terminated.
