[15:38:51.474] [INFO   ] thread bguspl.set.Main.main() starting.
[15:38:51.478] [SEVERE ] cannot read configuration file config.properties trying from resources.
[15:38:51.479] [SEVERE ] configuration file was loaded from resources directory.
[15:38:52.118] [INFO   ] thread dealer starting.
[15:38:52.119] [INFO   ] thread dealer starting.
[15:38:52.120] [INFO   ] thread Thread-2 starting.
[15:38:52.120] [INFO   ] thread Thread-3 starting.
[15:38:52.120] [INFO   ] thread Thread-1 starting.
[15:38:52.121] [INFO   ] thread Thread-5 starting.
[15:38:52.120] [INFO   ] thread Thread-4 starting.
[15:38:52.123] [INFO   ] thread computer-4 starting.
[15:38:52.123] [INFO   ] thread computer-2 starting.
[15:38:52.123] [INFO   ] thread computer-0 starting.
[15:38:52.122] [INFO   ] thread computer-1 starting.
[15:38:52.122] [INFO   ] thread Thread-6 starting.
[15:38:52.126] [INFO   ] thread computer-3 starting.
[15:38:52.127] [INFO   ] thread computer-5 starting.
[15:38:52.254] [SEVERE ] placing card 63 in slot 0
[15:38:52.364] [SEVERE ] placing card 9 in slot 1
[15:38:52.473] [SEVERE ] placing card 49 in slot 2
[15:38:52.582] [SEVERE ] placing card 0 in slot 3
[15:38:52.693] [SEVERE ] placing card 6 in slot 4
[15:38:52.803] [SEVERE ] placing card 10 in slot 5
[15:38:52.915] [SEVERE ] placing card 32 in slot 6
[15:38:53.024] [SEVERE ] placing card 14 in slot 7
[15:38:53.132] [SEVERE ] placing card 18 in slot 8
[15:38:53.242] [SEVERE ] placing card 39 in slot 9
[15:38:53.351] [SEVERE ] placing card 57 in slot 10
[15:38:53.461] [SEVERE ] placing card 66 in slot 11
[15:38:53.461] [SEVERE ] updating countdown to 30000
[15:38:54.277] [SEVERE ] updating countdown to 29184
[15:38:55.088] [SEVERE ] updating countdown to 28373
[15:38:55.904] [SEVERE ] updating countdown to 27557
[15:38:56.719] [SEVERE ] updating countdown to 26742
[15:38:57.532] [SEVERE ] updating countdown to 25929
[15:38:58.336] [SEVERE ] updating countdown to 25125
[15:38:59.149] [SEVERE ] updating countdown to 24312
[15:38:59.950] [SEVERE ] updating countdown to 23511
[15:39:00.765] [SEVERE ] updating countdown to 22696
[15:39:01.566] [SEVERE ] updating countdown to 21895
[15:39:02.377] [SEVERE ] updating countdown to 21084
[15:39:03.193] [SEVERE ] updating countdown to 20268
[15:39:04.008] [SEVERE ] updating countdown to 19453
[15:39:04.809] [SEVERE ] updating countdown to 18652
[15:39:05.610] [SEVERE ] updating countdown to 17851
[15:39:06.423] [SEVERE ] updating countdown to 17038
[15:39:07.238] [SEVERE ] updating countdown to 16223
[15:39:08.039] [SEVERE ] updating countdown to 15422
[15:39:08.854] [SEVERE ] updating countdown to 14607
[15:39:09.666] [SEVERE ] updating countdown to 13795
[15:39:10.482] [SEVERE ] updating countdown to 12979
[15:39:11.284] [SEVERE ] updating countdown to 12177
[15:39:12.097] [SEVERE ] updating countdown to 11364
[15:39:12.913] [SEVERE ] updating countdown to 10548
[15:39:13.715] [SEVERE ] updating countdown to 9746
[15:39:14.517] [SEVERE ] updating countdown to 8944
[15:39:15.331] [SEVERE ] updating countdown to 8130
[15:39:16.145] [SEVERE ] updating countdown to 7316
[15:39:16.959] [SEVERE ] updating countdown to 6502
[15:39:17.466] [SEVERE ] key 67 was pressed by player 1
[15:39:17.770] [SEVERE ] updating countdown to 5691
[15:39:18.628] [SEVERE ] exit button pressed
[15:39:18.628] [INFO   ] thread computer-5 terminated.
[15:39:18.628] [INFO   ] thread Thread-6 terminated.
[15:39:18.628] [INFO   ] thread computer-4 terminated.
[15:39:18.629] [INFO   ] thread Thread-5 terminated.
[15:39:18.629] [INFO   ] thread computer-3 terminated.
[15:39:18.629] [INFO   ] thread Thread-4 terminated.
[15:39:18.629] [INFO   ] thread computer-2 terminated.
[15:39:18.629] [INFO   ] thread Thread-3 terminated.
[15:39:18.630] [INFO   ] thread computer-1 terminated.
[15:39:18.630] [INFO   ] thread Thread-2 terminated.
[15:39:18.630] [INFO   ] thread computer-0 terminated.
[15:39:18.630] [INFO   ] thread Thread-1 terminated.
[15:39:18.741] [SEVERE ] removing tokens from slot 0
[15:39:18.742] [SEVERE ] removing card from slot 0
[15:39:18.851] [SEVERE ] removing tokens from slot 1
[15:39:18.851] [SEVERE ] removing card from slot 1
[15:39:18.959] [SEVERE ] removing tokens from slot 2
[15:39:18.960] [SEVERE ] removing card from slot 2
[15:39:19.070] [SEVERE ] removing tokens from slot 3
[15:39:19.071] [SEVERE ] removing card from slot 3
[15:39:19.179] [SEVERE ] removing tokens from slot 4
[15:39:19.179] [SEVERE ] removing card from slot 4
[15:39:19.289] [SEVERE ] removing tokens from slot 5
[15:39:19.289] [SEVERE ] removing card from slot 5
[15:39:19.399] [SEVERE ] removing tokens from slot 6
[15:39:19.399] [SEVERE ] removing card from slot 6
[15:39:19.507] [SEVERE ] removing tokens from slot 7
[15:39:19.507] [SEVERE ] removing card from slot 7
[15:39:19.616] [SEVERE ] removing tokens from slot 8
[15:39:19.616] [SEVERE ] removing card from slot 8
[15:39:19.726] [SEVERE ] removing tokens from slot 9
[15:39:19.727] [SEVERE ] removing card from slot 9
[15:39:19.835] [SEVERE ] removing tokens from slot 10
[15:39:19.835] [SEVERE ] removing card from slot 10
[15:39:19.942] [SEVERE ] removing tokens from slot 11
[15:39:19.942] [SEVERE ] removing card from slot 11
[15:39:20.051] [SEVERE ] placing card 1 in slot 0
[15:39:20.160] [SEVERE ] placing card 30 in slot 1
[15:39:20.270] [SEVERE ] placing card 59 in slot 2
[15:39:20.379] [SEVERE ] placing card 50 in slot 3
[15:39:20.489] [SEVERE ] placing card 70 in slot 4
[15:39:20.596] [SEVERE ] placing card 77 in slot 5
[15:39:20.706] [SEVERE ] placing card 43 in slot 6
[15:39:20.815] [SEVERE ] placing card 76 in slot 7
[15:39:20.926] [SEVERE ] placing card 2 in slot 8
[15:39:21.034] [SEVERE ] placing card 61 in slot 9
