[16:59:00.368] [INFO   ] thread bguspl.set.Main.main() starting.
[16:59:00.372] [SEVERE ] cannot read configuration file config.properties trying from resources.
[16:59:00.373] [SEVERE ] configuration file was loaded from resources directory.
[16:59:00.843] [INFO   ] thread dealer starting.
[16:59:00.843] [INFO   ] thread dealer starting.
[16:59:00.846] [INFO   ] thread Thread-1 starting.
[16:59:00.847] [INFO   ] thread Thread-4 starting.
[16:59:00.846] [INFO   ] thread Thread-6 starting.
[16:59:00.846] [INFO   ] thread Thread-5 starting.
[16:59:00.846] [INFO   ] thread Thread-3 starting.
[16:59:00.846] [INFO   ] thread Thread-2 starting.
[16:59:00.849] [INFO   ] thread computer-4 starting.
[16:59:00.849] [INFO   ] thread computer-2 starting.
[16:59:00.850] [INFO   ] thread computer-5 starting.
[16:59:00.849] [INFO   ] thread computer-3 starting.
[16:59:00.850] [INFO   ] thread computer-1 starting.
[16:59:00.851] [INFO   ] thread computer-0 starting.
[16:59:00.952] [SEVERE ] placing card 24 in slot 0
[16:59:01.065] [SEVERE ] placing card 26 in slot 1
[16:59:01.174] [SEVERE ] placing card 10 in slot 2
[16:59:01.283] [SEVERE ] placing card 8 in slot 3
[16:59:01.392] [SEVERE ] placing card 11 in slot 4
[16:59:01.503] [SEVERE ] placing card 9 in slot 5
[16:59:01.612] [SEVERE ] placing card 6 in slot 6
[16:59:01.722] [SEVERE ] placing card 13 in slot 7
[16:59:01.832] [SEVERE ] placing card 4 in slot 8
[16:59:01.942] [SEVERE ] placing card 17 in slot 9
[16:59:02.052] [SEVERE ] placing card 16 in slot 10
[16:59:02.161] [SEVERE ] placing card 22 in slot 11
[16:59:02.161] [SEVERE ] updating countdown to 30000
[16:59:02.665] [SEVERE ] player 2 placing token on slot 0
[16:59:02.666] [SEVERE ] player 4 placing token on slot 1
[16:59:02.666] [SEVERE ] player 3 placing token on slot 6
[16:59:02.665] [SEVERE ] player 6 placing token on slot 1
[16:59:02.665] [SEVERE ] player 5 placing token on slot 9
[16:59:02.665] [SEVERE ] player 1 placing token on slot 7
[16:59:02.775] [SEVERE ] updating countdown to 29386
[16:59:03.166] [SEVERE ] player 4 placing token on slot 11
[16:59:03.166] [SEVERE ] player 1 placing token on slot 8
[16:59:03.166] [SEVERE ] player 2 placing token on slot 9
[16:59:03.166] [SEVERE ] player 3 placing token on slot 4
[16:59:03.166] [SEVERE ] player 5 placing token on slot 11
[16:59:03.166] [SEVERE ] player 6 placing token on slot 5
[16:59:03.384] [SEVERE ] updating countdown to 28777
[16:59:03.666] [SEVERE ] player 1 placing token on slot 2
[16:59:03.666] [SEVERE ] player 2 placing token on slot 2
[16:59:03.667] [SEVERE ] updating countdown to 28494
[16:59:03.668] [SEVERE ] setting player 1 freeze to 0
[16:59:03.668] [SEVERE ] setting player 2 freeze to 0
[16:59:03.668] [SEVERE ] updating countdown to 28493
[16:59:03.669] [SEVERE ] setting player 2 freeze to 0
[16:59:03.669] [SEVERE ] setting player 1 freeze to 0
[16:59:03.681] [SEVERE ] player 3 placing token on slot 2
[16:59:03.681] [SEVERE ] player 4 placing token on slot 2
[16:59:03.681] [SEVERE ] player 5 placing token on slot 4
[16:59:03.681] [SEVERE ] player 6 placing token on slot 0
[16:59:03.682] [SEVERE ] setting player 3 freeze to 0
[16:59:03.682] [SEVERE ] updating countdown to 28479
[16:59:03.683] [SEVERE ] setting player 3 freeze to 0
[16:59:03.684] [SEVERE ] setting player 4 freeze to 0
[16:59:03.684] [SEVERE ] updating countdown to 28477
[16:59:03.684] [SEVERE ] setting player 4 freeze to 0
[16:59:03.685] [SEVERE ] setting player 5 freeze to 0
[16:59:03.685] [SEVERE ] updating countdown to 28476
[16:59:03.686] [SEVERE ] setting player 5 freeze to 0
[16:59:03.686] [SEVERE ] setting player 6 freeze to 0
[16:59:03.686] [SEVERE ] updating countdown to 28475
[16:59:03.687] [SEVERE ] setting player 6 freeze to 0
[16:59:04.294] [SEVERE ] updating countdown to 27867
[16:59:04.670] [SEVERE ] removing player 2 token from slot 0
[16:59:04.903] [SEVERE ] updating countdown to 27258
[16:59:05.182] [SEVERE ] player 2 placing token on slot 7
[16:59:05.182] [SEVERE ] removing player 1 token from slot 7
[16:59:05.182] [SEVERE ] setting player 2 freeze to 0
[16:59:05.183] [SEVERE ] setting player 2 freeze to 0
[16:59:05.182] [SEVERE ] updating countdown to 26979
[16:59:05.696] [SEVERE ] removing player 2 token from slot 7
[16:59:05.696] [SEVERE ] player 1 placing token on slot 7
[16:59:05.698] [SEVERE ] updating countdown to 26463
[16:59:05.698] [SEVERE ] setting player 1 freeze to 0
[16:59:05.699] [SEVERE ] setting player 1 freeze to 0
[16:59:06.211] [SEVERE ] player 2 placing token on slot 3
[16:59:06.211] [SEVERE ] removing player 3 token from slot 4
[16:59:06.212] [SEVERE ] updating countdown to 25949
[16:59:06.212] [SEVERE ] setting player 2 freeze to 0
[16:59:06.213] [SEVERE ] setting player 2 freeze to 0
[16:59:06.726] [SEVERE ] player 3 placing token on slot 11
[16:59:06.726] [SEVERE ] updating countdown to 25435
[16:59:06.726] [SEVERE ] setting player 3 freeze to 0
[16:59:06.726] [SEVERE ] setting player 3 freeze to 0
[16:59:06.741] [SEVERE ] removing player 5 token from slot 11
[16:59:06.741] [SEVERE ] removing player 6 token from slot 5
[16:59:07.239] [SEVERE ] removing player 2 token from slot 3
[16:59:07.255] [SEVERE ] player 6 placing token on slot 9
[16:59:07.255] [SEVERE ] player 5 placing token on slot 1
[16:59:07.256] [SEVERE ] updating countdown to 24905
[16:59:07.256] [SEVERE ] setting player 6 freeze to 0
[16:59:07.256] [SEVERE ] setting player 6 freeze to 0
[16:59:07.256] [SEVERE ] setting player 5 freeze to 0
[16:59:07.257] [SEVERE ] setting player 5 freeze to 0
[16:59:07.256] [SEVERE ] updating countdown to 24905
[16:59:07.741] [SEVERE ] player 2 placing token on slot 4
[16:59:07.742] [SEVERE ] updating countdown to 24419
[16:59:07.742] [SEVERE ] setting player 2 freeze to 0
[16:59:07.743] [SEVERE ] setting player 2 freeze to 0
[16:59:08.246] [SEVERE ] removing player 2 token from slot 4
[16:59:08.262] [SEVERE ] removing player 4 token from slot 1
[16:59:08.262] [SEVERE ] removing player 6 token from slot 9
[16:59:08.342] [SEVERE ] updating countdown to 23819
[16:59:08.749] [SEVERE ] player 2 placing token on slot 8
[16:59:08.750] [SEVERE ] updating countdown to 23411
[16:59:08.750] [SEVERE ] setting player 2 freeze to 0
[16:59:08.751] [SEVERE ] setting player 2 freeze to 0
[16:59:08.765] [SEVERE ] removing player 5 token from slot 4
[16:59:08.765] [SEVERE ] player 6 placing token on slot 9
[16:59:08.765] [SEVERE ] player 4 placing token on slot 6
[16:59:08.766] [SEVERE ] updating countdown to 23395
[16:59:08.766] [SEVERE ] setting player 6 freeze to 0
[16:59:08.766] [SEVERE ] setting player 4 freeze to 0
[16:59:08.766] [SEVERE ] updating countdown to 23395
[16:59:08.767] [SEVERE ] setting player 4 freeze to 0
[16:59:08.767] [SEVERE ] setting player 6 freeze to 0
[16:59:09.250] [SEVERE ] removing player 3 token from slot 2
[16:59:09.281] [SEVERE ] removing player 6 token from slot 0
[16:59:09.281] [SEVERE ] player 5 placing token on slot 10
[16:59:09.282] [SEVERE ] updating countdown to 22879
[16:59:09.282] [SEVERE ] setting player 5 freeze to 0
[16:59:09.282] [SEVERE ] setting player 5 freeze to 0
[16:59:09.751] [SEVERE ] player 3 placing token on slot 8
[16:59:09.751] [SEVERE ] updating countdown to 22410
[16:59:09.751] [SEVERE ] setting player 3 freeze to 0
[16:59:09.752] [SEVERE ] setting player 3 freeze to 0
[16:59:09.783] [SEVERE ] removing player 6 token from slot 9
[16:59:09.783] [SEVERE ] removing player 4 token from slot 11
[16:59:10.255] [SEVERE ] removing player 3 token from slot 11
[16:59:10.286] [SEVERE ] player 4 placing token on slot 0
[16:59:10.286] [SEVERE ] player 6 placing token on slot 11
[16:59:10.288] [SEVERE ] updating countdown to 21873
[16:59:10.288] [SEVERE ] setting player 4 freeze to 0
[16:59:10.289] [SEVERE ] setting player 4 freeze to 0
[16:59:10.770] [SEVERE ] removing player 1 token from slot 8
[16:59:10.770] [SEVERE ] player 3 placing token on slot 7
[16:59:10.771] [SEVERE ] setting player 3 freeze to 0
[16:59:10.771] [SEVERE ] updating countdown to 21390
[16:59:10.772] [SEVERE ] setting player 3 freeze to 0
[16:59:10.802] [SEVERE ] player 6 placing token on slot 6
[16:59:10.802] [SEVERE ] removing player 4 token from slot 0
[16:59:10.803] [SEVERE ] setting player 6 freeze to 0
[16:59:10.802] [SEVERE ] updating countdown to 21359
[16:59:10.803] [SEVERE ] setting player 6 freeze to 0
[16:59:11.270] [SEVERE ] removing player 3 token from slot 8
[16:59:11.270] [SEVERE ] player 1 placing token on slot 8
[16:59:11.271] [SEVERE ] updating countdown to 20890
[16:59:11.271] [SEVERE ] setting player 1 freeze to 0
[16:59:11.273] [SEVERE ] setting player 1 freeze to 0
[16:59:11.317] [SEVERE ] player 4 placing token on slot 3
[16:59:11.318] [SEVERE ] updating countdown to 20843
[16:59:11.318] [SEVERE ] setting player 4 freeze to 0
[16:59:11.318] [SEVERE ] setting player 4 freeze to 0
[16:59:11.772] [SEVERE ] player 3 placing token on slot 5
[16:59:11.773] [SEVERE ] updating countdown to 20388
[16:59:11.773] [SEVERE ] setting player 3 freeze to 0
[16:59:11.774] [SEVERE ] setting player 3 freeze to 0
[16:59:12.348] [SEVERE ] removing player 6 token from slot 1
[16:59:12.348] [SEVERE ] removing player 5 token from slot 9
[16:59:12.378] [SEVERE ] updating countdown to 19783
[16:59:12.785] [SEVERE ] removing player 2 token from slot 8
[16:59:12.863] [SEVERE ] player 6 placing token on slot 8
[16:59:12.863] [SEVERE ] removing player 4 token from slot 3
[16:59:12.863] [SEVERE ] player 5 placing token on slot 2
[16:59:12.864] [SEVERE ] setting player 6 freeze to 0
[16:59:12.864] [SEVERE ] updating countdown to 19297
[16:59:12.865] [SEVERE ] setting player 6 freeze to 0
[16:59:12.866] [SEVERE ] setting player 5 freeze to 0
[16:59:12.866] [SEVERE ] updating countdown to 19296
[16:59:12.866] [SEVERE ] setting player 5 freeze to 0
[16:59:13.299] [SEVERE ] player 2 placing token on slot 1
[16:59:13.299] [SEVERE ] removing player 1 token from slot 8
[16:59:13.299] [SEVERE ] removing player 3 token from slot 5
[16:59:13.299] [SEVERE ] setting player 2 freeze to 0
[16:59:13.300] [SEVERE ] setting player 2 freeze to 0
[16:59:13.299] [SEVERE ] updating countdown to 18862
[16:59:13.376] [SEVERE ] player 4 placing token on slot 4
[16:59:13.376] [SEVERE ] updating countdown to 18785
[16:59:13.376] [SEVERE ] setting player 4 freeze to 0
[16:59:13.376] [SEVERE ] setting player 4 freeze to 0
[16:59:13.812] [SEVERE ] player 3 placing token on slot 10
[16:59:13.812] [SEVERE ] player 1 placing token on slot 4
[16:59:13.812] [SEVERE ] updating countdown to 18349
[16:59:13.812] [SEVERE ] setting player 3 freeze to 0
[16:59:13.812] [SEVERE ] setting player 1 freeze to 0
[16:59:13.812] [SEVERE ] updating countdown to 18349
[16:59:13.813] [SEVERE ] setting player 1 freeze to 0
[16:59:13.812] [SEVERE ] setting player 3 freeze to 0
[16:59:14.327] [SEVERE ] removing player 2 token from slot 9
[16:59:14.389] [SEVERE ] removing player 6 token from slot 8
[16:59:14.420] [SEVERE ] updating countdown to 17741
[16:59:14.842] [SEVERE ] player 2 placing token on slot 3
[16:59:14.842] [SEVERE ] updating countdown to 17319
[16:59:14.842] [SEVERE ] setting player 2 freeze to 0
[16:59:14.842] [SEVERE ] setting player 2 freeze to 0
[16:59:14.904] [SEVERE ] removing player 5 token from slot 1
[16:59:14.904] [SEVERE ] removing player 6 token from slot 6
[16:59:15.355] [SEVERE ] removing player 2 token from slot 3
[16:59:15.418] [SEVERE ] player 6 placing token on slot 5
[16:59:15.418] [SEVERE ] player 5 placing token on slot 6
[16:59:15.420] [SEVERE ] updating countdown to 16741
[16:59:15.420] [SEVERE ] setting player 5 freeze to 0
[16:59:15.420] [SEVERE ] setting player 5 freeze to 0
[16:59:15.857] [SEVERE ] player 2 placing token on slot 11
[16:59:15.857] [SEVERE ] setting player 2 freeze to 0
[16:59:15.857] [SEVERE ] updating countdown to 16304
[16:59:15.858] [SEVERE ] setting player 2 freeze to 0
[16:59:15.920] [SEVERE ] player 6 placing token on slot 3
[16:59:15.920] [SEVERE ] removing player 4 token from slot 4
[16:59:15.920] [SEVERE ] setting player 6 score to 1
[16:59:15.920] [SEVERE ] setting player 6 freeze to 0
[16:59:15.924] [SEVERE ] setting player 6 freeze to 0
[16:59:16.031] [SEVERE ] removing tokens from slot 3
[16:59:16.031] [SEVERE ] removing card from slot 3
[16:59:16.139] [SEVERE ] removing tokens from slot 5
[16:59:16.139] [SEVERE ] removing card from slot 5
[16:59:16.248] [SEVERE ] removing tokens from slot 11
[16:59:16.248] [SEVERE ] removing card from slot 11
[16:59:16.359] [SEVERE ] placing card 12 in slot 3
[16:59:16.422] [SEVERE ] player 4 placing token on slot 4
[16:59:16.469] [SEVERE ] placing card 1 in slot 5
[16:59:16.579] [SEVERE ] placing card 18 in slot 11
[16:59:16.579] [SEVERE ] updating countdown to 30000
[16:59:16.580] [SEVERE ] updating countdown to 29999
[16:59:16.580] [SEVERE ] updating countdown to 29999
[16:59:16.580] [SEVERE ] setting player 4 freeze to 0
[16:59:16.581] [SEVERE ] setting player 4 freeze to 0
[16:59:16.861] [SEVERE ] player 2 placing token on slot 0
[16:59:16.861] [SEVERE ] removing player 1 token from slot 2
[16:59:16.862] [SEVERE ] setting player 2 freeze to 0
[16:59:16.862] [SEVERE ] updating countdown to 29717
[16:59:16.862] [SEVERE ] setting player 2 freeze to 0
[16:59:16.925] [SEVERE ] player 6 placing token on slot 1
[16:59:17.364] [SEVERE ] player 1 placing token on slot 8
[16:59:17.364] [SEVERE ] updating countdown to 29215
[16:59:17.364] [SEVERE ] setting player 1 freeze to 0
[16:59:17.365] [SEVERE ] setting player 1 freeze to 0
[16:59:17.426] [SEVERE ] removing player 6 token from slot 1
[16:59:17.426] [SEVERE ] removing player 4 token from slot 6
[16:59:17.927] [SEVERE ] player 6 placing token on slot 3
[16:59:17.927] [SEVERE ] removing player 4 token from slot 4
[16:59:17.965] [SEVERE ] updating countdown to 28614
[16:59:18.365] [SEVERE ] removing player 1 token from slot 4
[16:59:18.428] [SEVERE ] removing player 5 token from slot 2
[16:59:18.428] [SEVERE ] player 6 placing token on slot 8
[16:59:18.428] [SEVERE ] player 4 placing token on slot 1
[16:59:18.568] [SEVERE ] updating countdown to 28011
[16:59:18.868] [SEVERE ] removing player 3 token from slot 10
[16:59:18.868] [SEVERE ] player 1 placing token on slot 10
[16:59:18.869] [SEVERE ] updating countdown to 27710
[16:59:18.869] [SEVERE ] setting player 1 freeze to 0
[16:59:18.869] [SEVERE ] setting player 1 freeze to 0
[16:59:18.930] [SEVERE ] removing player 4 token from slot 2
[16:59:18.930] [SEVERE ] player 6 placing token on slot 11
[16:59:18.930] [SEVERE ] player 5 placing token on slot 7
[16:59:18.931] [SEVERE ] updating countdown to 27648
[16:59:18.931] [SEVERE ] setting player 6 freeze to 0
[16:59:18.932] [SEVERE ] setting player 5 freeze to 0
[16:59:18.931] [SEVERE ] updating countdown to 27648
[16:59:18.932] [SEVERE ] setting player 5 freeze to 0
[16:59:18.932] [SEVERE ] setting player 6 freeze to 0
[16:59:19.369] [SEVERE ] removing player 1 token from slot 8
[16:59:19.369] [SEVERE ] player 3 placing token on slot 10
[16:59:19.370] [SEVERE ] updating countdown to 27209
[16:59:19.370] [SEVERE ] setting player 3 freeze to 0
[16:59:19.371] [SEVERE ] setting player 3 freeze to 0
[16:59:19.431] [SEVERE ] player 4 placing token on slot 3
[16:59:19.870] [SEVERE ] player 1 placing token on slot 6
[16:59:19.871] [SEVERE ] updating countdown to 26708
[16:59:19.871] [SEVERE ] setting player 1 freeze to 0
[16:59:19.871] [SEVERE ] setting player 1 freeze to 0
[16:59:19.933] [SEVERE ] player 4 placing token on slot 2
[16:59:19.933] [SEVERE ] setting player 4 freeze to 0
[16:59:19.933] [SEVERE ] setting player 4 freeze to 0
[16:59:19.933] [SEVERE ] updating countdown to 26646
[16:59:20.372] [SEVERE ] removing player 2 token from slot 2
[16:59:20.372] [SEVERE ] removing player 1 token from slot 7
[16:59:20.436] [SEVERE ] removing player 5 token from slot 10
[16:59:20.547] [SEVERE ] updating countdown to 26032
[16:59:20.877] [SEVERE ] removing player 2 token from slot 1
[16:59:20.877] [SEVERE ] removing player 3 token from slot 10
[16:59:20.877] [SEVERE ] player 1 placing token on slot 2
[16:59:20.878] [SEVERE ] updating countdown to 25701
[16:59:20.878] [SEVERE ] setting player 1 freeze to 0
[16:59:20.879] [SEVERE ] setting player 1 freeze to 0
[16:59:20.939] [SEVERE ] player 5 placing token on slot 10
[16:59:20.939] [SEVERE ] removing player 4 token from slot 3
[16:59:20.940] [SEVERE ] updating countdown to 25639
[16:59:20.940] [SEVERE ] setting player 5 freeze to 0
[16:59:20.941] [SEVERE ] setting player 5 freeze to 0
[16:59:21.379] [SEVERE ] removing player 3 token from slot 7
[16:59:21.379] [SEVERE ] player 2 placing token on slot 4
[16:59:21.379] [SEVERE ] removing player 1 token from slot 2
[16:59:21.442] [SEVERE ] player 4 placing token on slot 6
[16:59:21.443] [SEVERE ] updating countdown to 25136
[16:59:21.443] [SEVERE ] setting player 4 freeze to 0
[16:59:21.443] [SEVERE ] setting player 4 freeze to 0
[16:59:21.894] [SEVERE ] player 2 placing token on slot 3
[16:59:21.894] [SEVERE ] player 1 placing token on slot 1
[16:59:21.894] [SEVERE ] player 3 placing token on slot 3
[16:59:21.895] [SEVERE ] setting player 2 freeze to 0
[16:59:21.895] [SEVERE ] updating countdown to 24684
[16:59:21.896] [SEVERE ] setting player 2 freeze to 0
[16:59:21.896] [SEVERE ] setting player 1 score to 1
[16:59:21.897] [SEVERE ] setting player 1 freeze to 0
[16:59:21.897] [SEVERE ] setting player 1 freeze to 0
[16:59:22.005] [SEVERE ] removing tokens from slot 1
[16:59:22.005] [SEVERE ] removing card from slot 1
[16:59:22.116] [SEVERE ] removing tokens from slot 6
[16:59:22.116] [SEVERE ] removing card from slot 6
[16:59:22.225] [SEVERE ] removing tokens from slot 10
[16:59:22.225] [SEVERE ] removing card from slot 10
[16:59:22.335] [SEVERE ] placing card 7 in slot 1
[16:59:22.395] [SEVERE ] player 3 placing token on slot 9
[16:59:22.395] [SEVERE ] player 1 placing token on slot 2
[16:59:22.445] [SEVERE ] placing card 25 in slot 6
[16:59:22.461] [SEVERE ] player 4 placing token on slot 1
[16:59:22.461] [SEVERE ] player 5 placing token on slot 0
[16:59:22.556] [SEVERE ] placing card 23 in slot 10
[16:59:22.556] [SEVERE ] updating countdown to 30000
[16:59:22.557] [SEVERE ] updating countdown to 29999
[16:59:22.901] [SEVERE ] removing player 3 token from slot 3
[16:59:22.901] [SEVERE ] player 1 placing token on slot 11
[16:59:22.961] [SEVERE ] player 4 placing token on slot 8
[16:59:22.961] [SEVERE ] player 5 placing token on slot 6
[16:59:22.962] [SEVERE ] updating countdown to 29594
[16:59:22.962] [SEVERE ] setting player 4 freeze to 0
[16:59:22.962] [SEVERE ] setting player 5 freeze to 0
[16:59:22.962] [SEVERE ] updating countdown to 29594
[16:59:22.963] [SEVERE ] setting player 5 freeze to 0
[16:59:22.963] [SEVERE ] setting player 4 freeze to 0
[16:59:23.403] [SEVERE ] removing player 3 token from slot 9
[16:59:23.403] [SEVERE ] player 1 placing token on slot 1
[16:59:23.404] [SEVERE ] updating countdown to 29152
[16:59:23.404] [SEVERE ] setting player 1 freeze to 0
[16:59:23.405] [SEVERE ] setting player 1 freeze to 0
[16:59:23.464] [SEVERE ] removing player 5 token from slot 6
[16:59:23.464] [SEVERE ] removing player 4 token from slot 8
[16:59:23.906] [SEVERE ] player 3 placing token on slot 0
[16:59:23.968] [SEVERE ] player 5 placing token on slot 2
[16:59:23.968] [SEVERE ] player 4 placing token on slot 3
[16:59:23.968] [SEVERE ] removing player 6 token from slot 8
[16:59:23.969] [SEVERE ] setting player 5 freeze to 0
[16:59:23.969] [SEVERE ] updating countdown to 28587
[16:59:23.970] [SEVERE ] setting player 5 freeze to 0
[16:59:23.970] [SEVERE ] setting player 4 freeze to 0
[16:59:23.970] [SEVERE ] updating countdown to 28586
[16:59:23.971] [SEVERE ] setting player 4 freeze to 0
[16:59:24.408] [SEVERE ] player 3 placing token on slot 10
[16:59:24.471] [SEVERE ] removing player 4 token from slot 2
[16:59:24.471] [SEVERE ] player 6 placing token on slot 8
[16:59:24.471] [SEVERE ] updating countdown to 28085
[16:59:24.471] [SEVERE ] setting player 6 freeze to 0
[16:59:24.471] [SEVERE ] setting player 6 freeze to 0
[16:59:24.909] [SEVERE ] player 3 placing token on slot 5
[16:59:24.909] [SEVERE ] updating countdown to 27647
[16:59:24.909] [SEVERE ] setting player 3 freeze to 0
[16:59:24.909] [SEVERE ] setting player 3 freeze to 0
[16:59:24.972] [SEVERE ] player 4 placing token on slot 0
[16:59:24.973] [SEVERE ] updating countdown to 27583
[16:59:24.973] [SEVERE ] setting player 4 freeze to 0
[16:59:24.973] [SEVERE ] setting player 4 freeze to 0
[16:59:25.411] [SEVERE ] removing player 2 token from slot 3
[16:59:25.411] [SEVERE ] removing player 3 token from slot 0
[16:59:25.472] [SEVERE ] removing player 4 token from slot 3
[16:59:25.573] [SEVERE ] updating countdown to 26983
[16:59:25.911] [SEVERE ] player 3 placing token on slot 1
[16:59:25.911] [SEVERE ] removing player 2 token from slot 4
[16:59:25.912] [SEVERE ] updating countdown to 26644
[16:59:25.912] [SEVERE ] setting player 3 freeze to 0
[16:59:25.912] [SEVERE ] setting player 3 freeze to 0
[16:59:25.973] [SEVERE ] removing player 6 token from slot 8
[16:59:25.973] [SEVERE ] removing player 4 token from slot 0
[16:59:25.973] [SEVERE ] removing player 5 token from slot 2
[16:59:26.413] [SEVERE ] removing player 2 token from slot 0
[16:59:26.413] [SEVERE ] removing player 3 token from slot 1
[16:59:26.477] [SEVERE ] removing player 6 token from slot 3
[16:59:26.477] [SEVERE ] player 4 placing token on slot 2
[16:59:26.477] [SEVERE ] player 5 placing token on slot 5
[16:59:26.478] [SEVERE ] updating countdown to 26078
[16:59:26.478] [SEVERE ] setting player 5 freeze to 0
[16:59:26.478] [SEVERE ] setting player 5 freeze to 0
[16:59:26.917] [SEVERE ] player 2 placing token on slot 5
[16:59:26.917] [SEVERE ] removing player 1 token from slot 11
[16:59:26.917] [SEVERE ] player 3 placing token on slot 1
[16:59:26.918] [SEVERE ] updating countdown to 25638
[16:59:26.918] [SEVERE ] setting player 3 freeze to 0
[16:59:26.918] [SEVERE ] setting player 3 freeze to 0
[16:59:26.980] [SEVERE ] removing player 4 token from slot 1
[16:59:26.980] [SEVERE ] player 6 placing token on slot 1
[16:59:27.419] [SEVERE ] player 1 placing token on slot 8
[16:59:27.419] [SEVERE ] player 2 placing token on slot 2
[16:59:27.420] [SEVERE ] updating countdown to 25136
[16:59:27.420] [SEVERE ] setting player 1 freeze to 0
[16:59:27.420] [SEVERE ] setting player 1 freeze to 0
[16:59:27.482] [SEVERE ] player 6 placing token on slot 10
[16:59:27.482] [SEVERE ] player 4 placing token on slot 0
[16:59:27.482] [SEVERE ] updating countdown to 25074
[16:59:27.482] [SEVERE ] setting player 6 freeze to 0
[16:59:27.482] [SEVERE ] setting player 6 freeze to 0
[16:59:27.920] [SEVERE ] removing player 3 token from slot 5
[16:59:27.920] [SEVERE ] player 2 placing token on slot 0
[16:59:27.920] [SEVERE ] updating countdown to 24636
[16:59:27.920] [SEVERE ] setting player 2 freeze to 0
[16:59:27.920] [SEVERE ] setting player 2 freeze to 0
[16:59:27.982] [SEVERE ] removing player 6 token from slot 1
[16:59:27.982] [SEVERE ] removing player 4 token from slot 0
[16:59:28.420] [SEVERE ] removing player 2 token from slot 5
[16:59:28.434] [SEVERE ] player 3 placing token on slot 11
[16:59:28.435] [SEVERE ] updating countdown to 24121
[16:59:28.435] [SEVERE ] setting player 3 freeze to 0
[16:59:28.435] [SEVERE ] setting player 3 freeze to 0
[16:59:28.496] [SEVERE ] player 4 placing token on slot 10
[16:59:28.496] [SEVERE ] removing player 6 token from slot 11
[16:59:28.934] [SEVERE ] player 2 placing token on slot 9
[16:59:28.935] [SEVERE ] updating countdown to 23621
[16:59:28.935] [SEVERE ] setting player 2 freeze to 0
[16:59:28.935] [SEVERE ] setting player 2 freeze to 0
[16:59:29.012] [SEVERE ] player 4 placing token on slot 0
[16:59:29.012] [SEVERE ] player 6 placing token on slot 6
[16:59:29.013] [SEVERE ] setting player 4 freeze to 0
[16:59:29.013] [SEVERE ] updating countdown to 23543
[16:59:29.013] [SEVERE ] setting player 4 freeze to 0
[16:59:29.435] [SEVERE ] removing player 2 token from slot 9
[16:59:29.513] [SEVERE ] removing player 4 token from slot 10
[16:59:29.513] [SEVERE ] player 6 placing token on slot 7
[16:59:29.513] [SEVERE ] updating countdown to 23043
[16:59:29.513] [SEVERE ] setting player 6 freeze to 0
[16:59:29.514] [SEVERE ] setting player 6 freeze to 0
[16:59:29.935] [SEVERE ] removing player 2 token from slot 0
[16:59:29.951] [SEVERE ] removing player 3 token from slot 1
[16:59:30.013] [SEVERE ] removing player 5 token from slot 7
[16:59:30.013] [SEVERE ] player 4 placing token on slot 4
[16:59:30.015] [SEVERE ] updating countdown to 22541
[16:59:30.015] [SEVERE ] setting player 4 freeze to 0
[16:59:30.016] [SEVERE ] setting player 4 freeze to 0
[16:59:30.438] [SEVERE ] player 2 placing token on slot 9
[16:59:30.454] [SEVERE ] player 3 placing token on slot 1
[16:59:30.455] [SEVERE ] updating countdown to 22101
[16:59:30.455] [SEVERE ] setting player 3 freeze to 0
[16:59:30.455] [SEVERE ] setting player 3 freeze to 0
[16:59:30.516] [SEVERE ] removing player 6 token from slot 10
[16:59:30.516] [SEVERE ] player 5 placing token on slot 9
[16:59:30.517] [SEVERE ] updating countdown to 22039
[16:59:30.517] [SEVERE ] setting player 5 freeze to 0
[16:59:30.517] [SEVERE ] setting player 5 freeze to 0
[16:59:30.941] [SEVERE ] player 2 placing token on slot 5
[16:59:30.942] [SEVERE ] updating countdown to 21614
[16:59:30.942] [SEVERE ] setting player 2 freeze to 0
[16:59:30.942] [SEVERE ] setting player 2 freeze to 0
[16:59:31.020] [SEVERE ] removing player 6 token from slot 6
[16:59:31.020] [SEVERE ] removing player 4 token from slot 4
[16:59:31.459] [SEVERE ] removing player 3 token from slot 11
[16:59:31.522] [SEVERE ] player 4 placing token on slot 7
[16:59:31.522] [SEVERE ] player 6 placing token on slot 2
[16:59:31.523] [SEVERE ] setting player 4 freeze to 0
[16:59:31.522] [SEVERE ] updating countdown to 21034
[16:59:31.523] [SEVERE ] setting player 4 freeze to 0
[16:59:31.960] [SEVERE ] removing player 1 token from slot 2
[16:59:31.960] [SEVERE ] player 3 placing token on slot 5
[16:59:31.960] [SEVERE ] updating countdown to 20596
[16:59:31.960] [SEVERE ] setting player 3 freeze to 0
[16:59:31.960] [SEVERE ] setting player 3 freeze to 0
[16:59:32.037] [SEVERE ] removing player 4 token from slot 2
[16:59:32.037] [SEVERE ] player 6 placing token on slot 5
[16:59:32.038] [SEVERE ] updating countdown to 20518
[16:59:32.038] [SEVERE ] setting player 6 freeze to 0
[16:59:32.039] [SEVERE ] setting player 6 freeze to 0
[16:59:32.474] [SEVERE ] player 1 placing token on slot 7
[16:59:32.475] [SEVERE ] updating countdown to 20081
[16:59:32.475] [SEVERE ] setting player 1 freeze to 0
[16:59:32.475] [SEVERE ] setting player 1 freeze to 0
[16:59:32.552] [SEVERE ] player 4 placing token on slot 2
[16:59:32.552] [SEVERE ] updating countdown to 20004
[16:59:32.552] [SEVERE ] setting player 4 freeze to 0
[16:59:32.553] [SEVERE ] setting player 4 freeze to 0
[16:59:33.152] [SEVERE ] updating countdown to 19404
[16:59:33.505] [SEVERE ] removing player 3 token from slot 10
[16:59:33.505] [SEVERE ] removing player 1 token from slot 8
[16:59:33.756] [SEVERE ] updating countdown to 18800
[16:59:34.006] [SEVERE ] player 3 placing token on slot 10
[16:59:34.006] [SEVERE ] player 1 placing token on slot 2
[16:59:34.007] [SEVERE ] updating countdown to 18549
[16:59:34.007] [SEVERE ] setting player 3 freeze to 0
[16:59:34.007] [SEVERE ] setting player 3 freeze to 0
[16:59:34.007] [SEVERE ] setting player 1 freeze to 0
[16:59:34.007] [SEVERE ] updating countdown to 18549
[16:59:34.008] [SEVERE ] setting player 1 freeze to 0
[16:59:34.571] [SEVERE ] removing player 4 token from slot 7
[16:59:34.609] [SEVERE ] updating countdown to 17947
[16:59:35.073] [SEVERE ] player 4 placing token on slot 9
[16:59:35.073] [SEVERE ] updating countdown to 17483
[16:59:35.073] [SEVERE ] setting player 4 freeze to 0
[16:59:35.074] [SEVERE ] setting player 4 freeze to 0
[16:59:35.511] [SEVERE ] removing player 3 token from slot 5
[16:59:35.575] [SEVERE ] removing player 6 token from slot 5
[16:59:35.675] [SEVERE ] updating countdown to 16881
[16:59:36.014] [SEVERE ] player 3 placing token on slot 2
[16:59:36.014] [SEVERE ] updating countdown to 16542
[16:59:36.015] [SEVERE ] setting player 3 freeze to 0
[16:59:36.015] [SEVERE ] setting player 3 freeze to 0
[16:59:36.077] [SEVERE ] removing player 4 token from slot 0
[16:59:36.077] [SEVERE ] player 6 placing token on slot 9
[16:59:36.078] [SEVERE ] updating countdown to 16478
[16:59:36.078] [SEVERE ] setting player 6 freeze to 0
[16:59:36.079] [SEVERE ] setting player 6 freeze to 0
[16:59:36.516] [SEVERE ] removing player 3 token from slot 2
[16:59:36.580] [SEVERE ] player 4 placing token on slot 4
[16:59:36.581] [SEVERE ] updating countdown to 15975
[16:59:36.581] [SEVERE ] setting player 4 freeze to 0
[16:59:36.581] [SEVERE ] setting player 4 freeze to 0
[16:59:37.004] [SEVERE ] removing player 2 token from slot 2
[16:59:37.020] [SEVERE ] removing player 1 token from slot 2
[16:59:37.020] [SEVERE ] player 3 placing token on slot 7
[16:59:37.021] [SEVERE ] updating countdown to 15535
[16:59:37.021] [SEVERE ] setting player 3 freeze to 0
[16:59:37.022] [SEVERE ] setting player 3 freeze to 0
[16:59:37.510] [SEVERE ] player 2 placing token on slot 3
[16:59:37.510] [SEVERE ] updating countdown to 15046
[16:59:37.510] [SEVERE ] setting player 2 freeze to 0
[16:59:37.510] [SEVERE ] setting player 2 freeze to 0
[16:59:37.525] [SEVERE ] player 1 placing token on slot 0
[16:59:37.525] [SEVERE ] updating countdown to 15031
[16:59:37.526] [SEVERE ] setting player 1 freeze to 0
[16:59:37.526] [SEVERE ] setting player 1 freeze to 0
[16:59:37.589] [SEVERE ] removing player 4 token from slot 9
[16:59:38.028] [SEVERE ] removing player 3 token from slot 1
[16:59:38.092] [SEVERE ] player 4 placing token on slot 5
[16:59:38.092] [SEVERE ] removing player 5 token from slot 0
[16:59:38.092] [SEVERE ] updating countdown to 14464
[16:59:38.092] [SEVERE ] setting player 4 freeze to 0
[16:59:38.093] [SEVERE ] setting player 4 freeze to 0
[16:59:38.533] [SEVERE ] removing player 3 token from slot 10
[16:59:38.594] [SEVERE ] removing player 6 token from slot 9
[16:59:38.594] [SEVERE ] removing player 4 token from slot 5
[16:59:38.594] [SEVERE ] player 5 placing token on slot 7
[16:59:38.594] [SEVERE ] updating countdown to 13962
[16:59:38.594] [SEVERE ] setting player 5 freeze to 0
[16:59:38.595] [SEVERE ] setting player 5 freeze to 0
[16:59:39.034] [SEVERE ] player 3 placing token on slot 1
[16:59:39.097] [SEVERE ] player 4 placing token on slot 6
[16:59:39.097] [SEVERE ] removing player 6 token from slot 7
[16:59:39.097] [SEVERE ] updating countdown to 13459
[16:59:39.098] [SEVERE ] setting player 4 freeze to 0
[16:59:39.098] [SEVERE ] setting player 4 freeze to 0
[16:59:39.536] [SEVERE ] player 3 placing token on slot 8
[16:59:39.537] [SEVERE ] updating countdown to 13019
[16:59:39.537] [SEVERE ] setting player 3 freeze to 0
[16:59:39.537] [SEVERE ] setting player 3 freeze to 0
[16:59:39.599] [SEVERE ] removing player 4 token from slot 6
[16:59:39.599] [SEVERE ] player 6 placing token on slot 1
[16:59:40.035] [SEVERE ] removing player 2 token from slot 3
[16:59:40.113] [SEVERE ] player 6 placing token on slot 6
[16:59:40.113] [SEVERE ] player 4 placing token on slot 5
[16:59:40.113] [SEVERE ] updating countdown to 12443
[16:59:40.114] [SEVERE ] setting player 6 freeze to 0
[16:59:40.114] [SEVERE ] updating countdown to 12442
[16:59:40.114] [SEVERE ] setting player 4 freeze to 0
[16:59:40.114] [SEVERE ] setting player 6 freeze to 0
[16:59:40.114] [SEVERE ] setting player 4 freeze to 0
[16:59:40.535] [SEVERE ] player 2 placing token on slot 8
[16:59:40.535] [SEVERE ] updating countdown to 12021
[16:59:40.537] [SEVERE ] setting player 2 freeze to 0
[16:59:40.537] [SEVERE ] setting player 2 freeze to 0
[16:59:40.551] [SEVERE ] removing player 1 token from slot 1
[16:59:41.037] [SEVERE ] removing player 2 token from slot 8
[16:59:41.052] [SEVERE ] player 1 placing token on slot 5
[16:59:41.052] [SEVERE ] updating countdown to 11504
[16:59:41.052] [SEVERE ] setting player 1 freeze to 0
[16:59:41.053] [SEVERE ] setting player 1 freeze to 0
[16:59:41.115] [SEVERE ] removing player 5 token from slot 7
[16:59:41.537] [SEVERE ] player 2 placing token on slot 6
[16:59:41.537] [SEVERE ] updating countdown to 11019
[16:59:41.537] [SEVERE ] setting player 2 freeze to 0
[16:59:41.538] [SEVERE ] setting player 2 freeze to 0
[16:59:41.616] [SEVERE ] player 5 placing token on slot 7
[16:59:41.616] [SEVERE ] updating countdown to 10940
[16:59:41.616] [SEVERE ] setting player 5 freeze to 0
[16:59:41.617] [SEVERE ] setting player 5 freeze to 0
[16:59:42.118] [SEVERE ] removing player 5 token from slot 7
[16:59:42.228] [SEVERE ] updating countdown to 10328
[16:59:42.620] [SEVERE ] player 5 placing token on slot 8
[16:59:42.620] [SEVERE ] removing player 4 token from slot 5
[16:59:42.621] [SEVERE ] updating countdown to 9935
[16:59:42.621] [SEVERE ] setting player 5 freeze to 0
[16:59:42.621] [SEVERE ] setting player 5 freeze to 0
[16:59:43.123] [SEVERE ] removing player 5 token from slot 8
[16:59:43.123] [SEVERE ] player 4 placing token on slot 0
[16:59:43.124] [SEVERE ] updating countdown to 9432
[16:59:43.124] [SEVERE ] setting player 4 freeze to 0
[16:59:43.124] [SEVERE ] setting player 4 freeze to 0
[16:59:43.625] [SEVERE ] removing player 4 token from slot 2
[16:59:43.625] [SEVERE ] player 5 placing token on slot 8
[16:59:43.625] [SEVERE ] updating countdown to 8931
[16:59:43.626] [SEVERE ] setting player 5 freeze to 0
[16:59:43.626] [SEVERE ] setting player 5 freeze to 0
[16:59:44.128] [SEVERE ] player 4 placing token on slot 8
[16:59:44.129] [SEVERE ] setting player 4 score to 1
[16:59:44.129] [SEVERE ] setting player 4 freeze to 0
[16:59:44.129] [SEVERE ] setting player 4 freeze to 0
[16:59:44.238] [SEVERE ] removing tokens from slot 0
[16:59:44.238] [SEVERE ] removing card from slot 0
[16:59:44.348] [SEVERE ] removing tokens from slot 4
[16:59:44.348] [SEVERE ] removing card from slot 4
[16:59:44.457] [SEVERE ] removing tokens from slot 8
[16:59:44.457] [SEVERE ] removing card from slot 8
[16:59:44.567] [SEVERE ] placing card 19 in slot 0
[16:59:44.567] [SEVERE ] removing player 3 token from slot 7
[16:59:44.631] [SEVERE ] player 5 placing token on slot 3
[16:59:44.631] [SEVERE ] player 4 placing token on slot 10
[16:59:44.677] [SEVERE ] placing card 5 in slot 4
[16:59:44.788] [SEVERE ] placing card 3 in slot 8
[16:59:44.790] [SEVERE ] updating countdown to 30000
[16:59:44.790] [SEVERE ] updating countdown to 30000
[16:59:44.790] [SEVERE ] updating countdown to 30000
[16:59:44.790] [SEVERE ] setting player 5 freeze to 0
[16:59:44.791] [SEVERE ] setting player 5 freeze to 0
[16:59:45.069] [SEVERE ] player 3 placing token on slot 5
[16:59:45.069] [SEVERE ] player 1 placing token on slot 2
[16:59:45.070] [SEVERE ] updating countdown to 29720
[16:59:45.070] [SEVERE ] setting player 1 freeze to 0
[16:59:45.070] [SEVERE ] setting player 1 freeze to 0
[16:59:45.132] [SEVERE ] removing player 4 token from slot 10
[16:59:45.572] [SEVERE ] player 3 placing token on slot 0
[16:59:45.572] [SEVERE ] updating countdown to 29218
[16:59:45.572] [SEVERE ] setting player 3 freeze to 0
[16:59:45.572] [SEVERE ] setting player 3 freeze to 0
[16:59:45.636] [SEVERE ] removing player 5 token from slot 9
[16:59:45.636] [SEVERE ] player 4 placing token on slot 6
[16:59:46.151] [SEVERE ] player 4 placing token on slot 1
[16:59:46.151] [SEVERE ] player 5 placing token on slot 11
[16:59:46.152] [SEVERE ] updating countdown to 28638
[16:59:46.152] [SEVERE ] setting player 5 freeze to 0
[16:59:46.152] [SEVERE ] setting player 5 freeze to 0
[16:59:46.573] [SEVERE ] removing player 1 token from slot 2
[16:59:46.666] [SEVERE ] removing player 5 token from slot 11
[16:59:46.666] [SEVERE ] player 4 placing token on slot 4
[16:59:46.667] [SEVERE ] updating countdown to 28123
[16:59:46.667] [SEVERE ] setting player 4 freeze to 0
[16:59:46.667] [SEVERE ] setting player 4 freeze to 0
[16:59:47.087] [SEVERE ] player 1 placing token on slot 6
[16:59:47.087] [SEVERE ] setting player 1 score to 2
[16:59:47.087] [SEVERE ] setting player 1 freeze to 0
[16:59:47.087] [SEVERE ] setting player 1 freeze to 0
[16:59:47.181] [SEVERE ] removing player 6 token from slot 6
[16:59:47.181] [SEVERE ] player 5 placing token on slot 8
[16:59:47.196] [SEVERE ] removing tokens from slot 5
[16:59:47.196] [SEVERE ] removing card from slot 5
[16:59:47.306] [SEVERE ] removing tokens from slot 6
[16:59:47.306] [SEVERE ] removing card from slot 6
[16:59:47.417] [SEVERE ] removing tokens from slot 7
[16:59:47.417] [SEVERE ] removing card from slot 7
[16:59:47.526] [SEVERE ] placing card 0 in slot 5
[16:59:47.589] [SEVERE ] player 3 placing token on slot 5
[16:59:47.589] [SEVERE ] player 1 placing token on slot 8
[16:59:47.637] [SEVERE ] placing card 21 in slot 6
[16:59:47.685] [SEVERE ] player 4 placing token on slot 10
[16:59:47.748] [SEVERE ] placing card 15 in slot 7
[16:59:47.748] [SEVERE ] updating countdown to 30000
[16:59:47.749] [SEVERE ] updating countdown to 29999
[16:59:47.749] [SEVERE ] updating countdown to 29999
[16:59:47.749] [SEVERE ] updating countdown to 29999
[16:59:47.749] [SEVERE ] setting player 3 freeze to 0
[16:59:47.749] [SEVERE ] setting player 4 freeze to 0
[16:59:47.749] [SEVERE ] updating countdown to 29999
[16:59:47.749] [SEVERE ] setting player 4 freeze to 0
[16:59:47.749] [SEVERE ] setting player 3 freeze to 0
[16:59:48.079] [SEVERE ] player 2 placing token on slot 3
[16:59:48.094] [SEVERE ] player 1 placing token on slot 7
[16:59:48.187] [SEVERE ] player 6 placing token on slot 11
[16:59:48.188] [SEVERE ] updating countdown to 29560
[16:59:48.188] [SEVERE ] setting player 6 freeze to 0
[16:59:48.188] [SEVERE ] setting player 6 freeze to 0
[16:59:48.580] [SEVERE ] player 2 placing token on slot 0
[16:59:48.580] [SEVERE ] updating countdown to 29168
[16:59:48.580] [SEVERE ] setting player 2 freeze to 0
[16:59:48.580] [SEVERE ] setting player 2 freeze to 0
[16:59:48.596] [SEVERE ] player 1 placing token on slot 10
[16:59:48.596] [SEVERE ] updating countdown to 29152
[16:59:48.596] [SEVERE ] setting player 1 freeze to 0
[16:59:48.596] [SEVERE ] setting player 1 freeze to 0
[16:59:48.690] [SEVERE ] removing player 6 token from slot 1
[16:59:49.096] [SEVERE ] removing player 1 token from slot 7
[16:59:49.190] [SEVERE ] removing player 6 token from slot 2
[16:59:49.205] [SEVERE ] updating countdown to 28543
[16:59:49.604] [SEVERE ] removing player 1 token from slot 8
[16:59:49.700] [SEVERE ] player 6 placing token on slot 2
[16:59:49.812] [SEVERE ] updating countdown to 27936
[16:59:50.099] [SEVERE ] removing player 2 token from slot 3
[16:59:50.115] [SEVERE ] player 1 placing token on slot 9
[16:59:50.211] [SEVERE ] player 6 placing token on slot 4
[16:59:50.211] [SEVERE ] updating countdown to 27537
[16:59:50.211] [SEVERE ] setting player 6 freeze to 0
[16:59:50.211] [SEVERE ] setting player 6 freeze to 0
[16:59:50.611] [SEVERE ] player 2 placing token on slot 5
[16:59:50.611] [SEVERE ] updating countdown to 27137
[16:59:50.611] [SEVERE ] setting player 2 freeze to 0
[16:59:50.611] [SEVERE ] setting player 2 freeze to 0
[16:59:50.627] [SEVERE ] player 1 placing token on slot 1
[16:59:50.627] [SEVERE ] updating countdown to 27121
[16:59:50.627] [SEVERE ] setting player 1 freeze to 0
[16:59:50.627] [SEVERE ] setting player 1 freeze to 0
[16:59:50.723] [SEVERE ] removing player 4 token from slot 4
[16:59:51.138] [SEVERE ] removing player 1 token from slot 9
[16:59:51.234] [SEVERE ] updating countdown to 26514
[16:59:51.234] [SEVERE ] player 4 placing token on slot 4
[16:59:51.234] [SEVERE ] updating countdown to 26514
[16:59:51.234] [SEVERE ] setting player 4 freeze to 0
[16:59:51.234] [SEVERE ] setting player 4 freeze to 0
[16:59:51.648] [SEVERE ] removing player 3 token from slot 0
[16:59:51.648] [SEVERE ] player 1 placing token on slot 9
[16:59:51.648] [SEVERE ] updating countdown to 26100
[16:59:51.648] [SEVERE ] setting player 1 freeze to 0
[16:59:51.648] [SEVERE ] setting player 1 freeze to 0
[16:59:51.744] [SEVERE ] removing player 4 token from slot 1
[16:59:52.158] [SEVERE ] removing player 1 token from slot 9
[16:59:52.158] [SEVERE ] player 3 placing token on slot 4
[16:59:52.158] [SEVERE ] setting player 3 score to 1
[16:59:52.158] [SEVERE ] setting player 3 freeze to 0
[16:59:52.158] [SEVERE ] setting player 3 freeze to 0
[16:59:52.254] [SEVERE ] player 4 placing token on slot 2
[16:59:52.270] [SEVERE ] removing tokens from slot 1
[16:59:52.270] [SEVERE ] removing card from slot 1
[16:59:52.382] [SEVERE ] removing tokens from slot 4
[16:59:52.382] [SEVERE ] removing card from slot 4
[16:59:52.494] [SEVERE ] removing tokens from slot 5
[16:59:52.494] [SEVERE ] removing card from slot 5
[16:59:52.606] [SEVERE ] placing card 2 in slot 1
[16:59:52.654] [SEVERE ] player 2 placing token on slot 8
[16:59:52.670] [SEVERE ] player 3 placing token on slot 7
[16:59:52.718] [SEVERE ] placing card 14 in slot 4
[16:59:52.768] [SEVERE ] player 6 placing token on slot 6
[16:59:52.830] [SEVERE ] placing card 20 in slot 5
[16:59:52.830] [SEVERE ] updating countdown to 30000
[16:59:52.830] [SEVERE ] updating countdown to 30000
[16:59:52.830] [SEVERE ] updating countdown to 30000
[16:59:52.830] [SEVERE ] setting player 2 score to 1
[16:59:52.830] [SEVERE ] setting player 2 freeze to 0
[16:59:52.830] [SEVERE ] setting player 2 freeze to 0
[16:59:52.941] [SEVERE ] removing tokens from slot 0
[16:59:52.941] [SEVERE ] removing card from slot 0
[16:59:53.053] [SEVERE ] removing tokens from slot 8
[16:59:53.053] [SEVERE ] removing card from slot 8
[16:59:53.165] [SEVERE ] removing tokens from slot 9
[16:59:53.165] [SEVERE ] player 2 placing token on slot 2
[16:59:53.165] [SEVERE ] removing card from slot 9
[16:59:53.165] [SEVERE ] updating countdown to 30000
[16:59:53.165] [SEVERE ] updating countdown to 30000
[16:59:53.165] [SEVERE ] updating countdown to 30000
[16:59:53.165] [SEVERE ] setting player 6 freeze to 0
[16:59:53.165] [SEVERE ] setting player 6 freeze to 0
[16:59:53.181] [SEVERE ] player 1 placing token on slot 2
[16:59:53.676] [SEVERE ] player 2 placing token on slot 5
[16:59:53.692] [SEVERE ] player 3 placing token on slot 6
[16:59:53.692] [SEVERE ] player 1 placing token on slot 4
[16:59:53.692] [SEVERE ] updating countdown to 29473
[16:59:53.692] [SEVERE ] setting player 1 freeze to 0
[16:59:53.692] [SEVERE ] setting player 1 freeze to 0
[16:59:54.186] [SEVERE ] player 2 placing token on slot 4
[16:59:54.186] [SEVERE ] updating countdown to 28979
[16:59:54.186] [SEVERE ] setting player 2 freeze to 0
[16:59:54.186] [SEVERE ] setting player 2 freeze to 0
[16:59:54.202] [SEVERE ] removing player 3 token from slot 6
[16:59:54.712] [SEVERE ] player 3 placing token on slot 2
[16:59:54.792] [SEVERE ] updating countdown to 28373
[16:59:54.808] [SEVERE ] removing player 6 token from slot 11
[16:59:55.223] [SEVERE ] player 3 placing token on slot 11
[16:59:55.223] [SEVERE ] updating countdown to 27942
[16:59:55.223] [SEVERE ] setting player 3 freeze to 0
[16:59:55.223] [SEVERE ] setting player 3 freeze to 0
[16:59:55.734] [SEVERE ] removing player 3 token from slot 2
[16:59:55.830] [SEVERE ] updating countdown to 27335
[16:59:55.830] [SEVERE ] player 6 placing token on slot 10
[16:59:55.830] [SEVERE ] updating countdown to 27335
[16:59:55.830] [SEVERE ] setting player 6 freeze to 0
[16:59:55.830] [SEVERE ] setting player 6 freeze to 0
[16:59:56.243] [SEVERE ] player 3 placing token on slot 6
[16:59:56.243] [SEVERE ] updating countdown to 26922
[16:59:56.243] [SEVERE ] setting player 3 freeze to 0
[16:59:56.243] [SEVERE ] setting player 3 freeze to 0
[16:59:56.738] [SEVERE ] removing player 2 token from slot 5
[16:59:56.850] [SEVERE ] updating countdown to 26315
[16:59:57.250] [SEVERE ] player 2 placing token on slot 5
[16:59:57.250] [SEVERE ] updating countdown to 25915
[16:59:57.250] [SEVERE ] setting player 2 freeze to 0
[16:59:57.250] [SEVERE ] setting player 2 freeze to 0
[16:59:57.266] [SEVERE ] removing player 1 token from slot 4
[16:59:57.858] [SEVERE ] updating countdown to 25307
[16:59:58.464] [SEVERE ] updating countdown to 24701
[16:59:58.799] [SEVERE ] player 1 placing token on slot 1
[16:59:58.799] [SEVERE ] setting player 1 freeze to 0
[16:59:58.799] [SEVERE ] updating countdown to 24366
[16:59:58.799] [SEVERE ] setting player 1 freeze to 0
[16:59:58.895] [SEVERE ] removing player 6 token from slot 2
[16:59:59.306] [SEVERE ] removing player 1 token from slot 10
[16:59:59.402] [SEVERE ] updating countdown to 23763
[16:59:59.913] [SEVERE ] player 6 placing token on slot 2
[16:59:59.913] [SEVERE ] updating countdown to 23252
[16:59:59.913] [SEVERE ] setting player 6 freeze to 0
[16:59:59.913] [SEVERE ] setting player 6 freeze to 0
[17:00:00.520] [SEVERE ] updating countdown to 22645
[17:00:00.823] [SEVERE ] removing player 2 token from slot 2
[17:00:00.839] [SEVERE ] removing player 1 token from slot 2
[17:00:01.127] [SEVERE ] updating countdown to 22038
[17:00:01.335] [SEVERE ] player 2 placing token on slot 11
[17:00:01.335] [SEVERE ] updating countdown to 21830
[17:00:01.335] [SEVERE ] setting player 2 freeze to 0
[17:00:01.335] [SEVERE ] setting player 2 freeze to 0
[17:00:01.862] [SEVERE ] player 1 placing token on slot 2
[17:00:01.862] [SEVERE ] removing player 3 token from slot 7
[17:00:01.941] [SEVERE ] updating countdown to 21224
[17:00:02.355] [SEVERE ] removing player 2 token from slot 11
[17:00:02.371] [SEVERE ] removing player 1 token from slot 2
[17:00:02.547] [SEVERE ] updating countdown to 20618
[17:00:02.866] [SEVERE ] player 2 placing token on slot 3
[17:00:02.866] [SEVERE ] updating countdown to 20299
[17:00:02.866] [SEVERE ] setting player 2 freeze to 0
[17:00:02.866] [SEVERE ] setting player 2 freeze to 0
[17:00:02.882] [SEVERE ] player 1 placing token on slot 10
[17:00:03.394] [SEVERE ] player 3 placing token on slot 1
[17:00:03.394] [SEVERE ] player 1 placing token on slot 4
[17:00:03.394] [SEVERE ] updating countdown to 19771
[17:00:03.394] [SEVERE ] setting player 3 freeze to 0
[17:00:03.394] [SEVERE ] setting player 1 freeze to 0
[17:00:03.394] [SEVERE ] updating countdown to 19771
[17:00:03.394] [SEVERE ] setting player 1 freeze to 0
[17:00:03.394] [SEVERE ] setting player 3 freeze to 0
[17:00:03.903] [SEVERE ] removing player 3 token from slot 11
[17:00:03.998] [SEVERE ] updating countdown to 19167
[17:00:03.998] [SEVERE ] removing player 6 token from slot 6
[17:00:04.414] [SEVERE ] removing player 3 token from slot 6
[17:00:04.510] [SEVERE ] player 6 placing token on slot 3
[17:00:04.510] [SEVERE ] updating countdown to 18655
[17:00:04.510] [SEVERE ] setting player 6 freeze to 0
[17:00:04.510] [SEVERE ] setting player 6 freeze to 0
[17:00:05.021] [SEVERE ] removing player 6 token from slot 3
[17:00:05.116] [SEVERE ] updating countdown to 18049
[17:00:05.420] [SEVERE ] removing player 2 token from slot 3
[17:00:05.436] [SEVERE ] player 3 placing token on slot 2
[17:00:05.531] [SEVERE ] removing player 6 token from slot 10
[17:00:05.722] [SEVERE ] updating countdown to 17443
[17:00:05.929] [SEVERE ] player 2 placing token on slot 11
[17:00:05.929] [SEVERE ] updating countdown to 17236
[17:00:05.929] [SEVERE ] setting player 2 freeze to 0
[17:00:05.929] [SEVERE ] setting player 2 freeze to 0
[17:00:05.945] [SEVERE ] player 3 placing token on slot 6
[17:00:05.945] [SEVERE ] updating countdown to 17220
[17:00:05.945] [SEVERE ] setting player 3 freeze to 0
[17:00:05.945] [SEVERE ] setting player 3 freeze to 0
[17:00:06.041] [SEVERE ] removing player 6 token from slot 2
[17:00:06.457] [SEVERE ] removing player 3 token from slot 2
[17:00:06.457] [SEVERE ] removing player 1 token from slot 1
[17:00:06.546] [SEVERE ] updating countdown to 16619
[17:00:06.552] [SEVERE ] player 6 placing token on slot 2
[17:00:06.952] [SEVERE ] removing player 2 token from slot 11
[17:00:06.967] [SEVERE ] removing player 1 token from slot 10
[17:00:06.967] [SEVERE ] player 3 placing token on slot 7
[17:00:06.967] [SEVERE ] updating countdown to 16198
[17:00:06.967] [SEVERE ] setting player 3 freeze to 0
[17:00:06.967] [SEVERE ] setting player 3 freeze to 0
[17:00:07.463] [SEVERE ] player 2 placing token on slot 2
[17:00:07.463] [SEVERE ] updating countdown to 15702
[17:00:07.463] [SEVERE ] setting player 2 freeze to 0
[17:00:07.463] [SEVERE ] setting player 2 freeze to 0
[17:00:07.479] [SEVERE ] removing player 3 token from slot 6
[17:00:07.575] [SEVERE ] player 6 placing token on slot 5
[17:00:07.974] [SEVERE ] removing player 2 token from slot 5
[17:00:08.070] [SEVERE ] updating countdown to 15095
[17:00:08.486] [SEVERE ] player 2 placing token on slot 7
[17:00:08.486] [SEVERE ] setting player 2 score to 2
[17:00:08.486] [SEVERE ] setting player 2 freeze to 0
[17:00:08.486] [SEVERE ] setting player 2 freeze to 0
[17:00:08.502] [SEVERE ] player 3 placing token on slot 4
[17:00:08.598] [SEVERE ] removing tokens from slot 2
[17:00:08.598] [SEVERE ] player 6 placing token on slot 3
[17:00:08.598] [SEVERE ] removing card from slot 2
[17:00:08.710] [SEVERE ] removing tokens from slot 4
[17:00:08.710] [SEVERE ] removing card from slot 4
[17:00:08.822] [SEVERE ] removing tokens from slot 7
[17:00:08.822] [SEVERE ] removing card from slot 7
[17:00:08.822] [SEVERE ] updating countdown to 30000
[17:00:08.822] [SEVERE ] updating countdown to 30000
[17:00:08.822] [SEVERE ] updating countdown to 30000
[17:00:08.997] [SEVERE ] player 1 placing token on slot 6
[17:00:09.428] [SEVERE ] updating countdown to 29394
[17:00:09.508] [SEVERE ] player 1 placing token on slot 1
[17:00:10.019] [SEVERE ] player 2 placing token on slot 10
[17:00:10.019] [SEVERE ] player 1 placing token on slot 11
[17:00:10.019] [SEVERE ] updating countdown to 28803
[17:00:10.019] [SEVERE ] setting player 1 freeze to 0
[17:00:10.019] [SEVERE ] setting player 1 freeze to 0
[17:00:10.626] [SEVERE ] updating countdown to 28196
[17:00:11.042] [SEVERE ] removing player 2 token from slot 10
[17:00:11.153] [SEVERE ] removing player 6 token from slot 5
[17:00:11.233] [SEVERE ] updating countdown to 27589
[17:00:11.664] [SEVERE ] player 6 placing token on slot 5
[17:00:11.839] [SEVERE ] updating countdown to 26983
[17:00:12.063] [SEVERE ] removing player 1 token from slot 6
[17:00:12.174] [SEVERE ] player 6 placing token on slot 10
[17:00:12.174] [SEVERE ] updating countdown to 26648
[17:00:12.174] [SEVERE ] setting player 6 freeze to 0
[17:00:12.174] [SEVERE ] setting player 6 freeze to 0
[17:00:12.574] [SEVERE ] player 2 placing token on slot 3
[17:00:12.782] [SEVERE ] updating countdown to 26040
[17:00:13.085] [SEVERE ] removing player 1 token from slot 11
[17:00:13.085] [SEVERE ] player 2 placing token on slot 10
[17:00:13.197] [SEVERE ] removing player 6 token from slot 10
[17:00:13.389] [SEVERE ] updating countdown to 25433
[17:00:13.597] [SEVERE ] removing player 1 token from slot 1
[17:00:13.996] [SEVERE ] updating countdown to 24826
[17:00:14.108] [SEVERE ] removing player 2 token from slot 3
[17:00:14.108] [SEVERE ] player 1 placing token on slot 5
[17:00:14.219] [SEVERE ] removing player 6 token from slot 3
[17:00:14.602] [SEVERE ] updating countdown to 24220
[17:00:14.617] [SEVERE ] removing player 2 token from slot 10
[17:00:14.617] [SEVERE ] player 1 placing token on slot 3
[17:00:14.729] [SEVERE ] player 6 placing token on slot 6
[17:00:15.209] [SEVERE ] updating countdown to 23613
[17:00:15.753] [SEVERE ] removing player 6 token from slot 5
[17:00:15.817] [SEVERE ] updating countdown to 23005
[17:00:16.153] [SEVERE ] removing player 1 token from slot 5
[17:00:16.265] [SEVERE ] removing player 6 token from slot 6
[17:00:16.425] [SEVERE ] updating countdown to 22397
[17:00:16.665] [SEVERE ] player 1 placing token on slot 11
[17:00:17.031] [SEVERE ] updating countdown to 21791
[17:00:17.175] [SEVERE ] player 2 placing token on slot 10
[17:00:17.287] [SEVERE ] player 6 placing token on slot 1
[17:00:17.640] [SEVERE ] updating countdown to 21183
[17:00:17.687] [SEVERE ] removing player 2 token from slot 10
[17:00:17.687] [SEVERE ] removing player 1 token from slot 3
[17:00:18.198] [SEVERE ] removing player 1 token from slot 11
[17:00:18.198] [SEVERE ] player 2 placing token on slot 1
[17:00:18.246] [SEVERE ] updating countdown to 20576
[17:00:18.310] [SEVERE ] removing player 6 token from slot 1
[17:00:18.850] [SEVERE ] updating countdown to 19972
[17:00:19.218] [SEVERE ] player 1 placing token on slot 1
[17:00:19.456] [SEVERE ] updating countdown to 19366
[17:00:20.063] [SEVERE ] updating countdown to 18759
[17:00:20.239] [SEVERE ] player 1 placing token on slot 3
[17:00:20.671] [SEVERE ] updating countdown to 18151
[17:00:20.751] [SEVERE ] removing player 2 token from slot 1
[17:00:20.862] [SEVERE ] player 6 placing token on slot 5
[17:00:21.275] [SEVERE ] updating countdown to 17547
[17:00:21.371] [SEVERE ] player 6 placing token on slot 6
[17:00:21.770] [SEVERE ] player 2 placing token on slot 10
[17:00:21.882] [SEVERE ] updating countdown to 16940
[17:00:22.281] [SEVERE ] player 1 placing token on slot 11
[17:00:22.281] [SEVERE ] updating countdown to 16541
[17:00:22.281] [SEVERE ] setting player 1 freeze to 0
[17:00:22.281] [SEVERE ] setting player 1 freeze to 0
[17:00:22.791] [SEVERE ] removing player 1 token from slot 11
[17:00:22.791] [SEVERE ] removing player 2 token from slot 10
[17:00:22.885] [SEVERE ] updating countdown to 15937
[17:00:23.411] [SEVERE ] removing player 6 token from slot 6
[17:00:23.491] [SEVERE ] updating countdown to 15331
[17:00:23.811] [SEVERE ] player 2 placing token on slot 5
[17:00:23.922] [SEVERE ] player 6 placing token on slot 3
[17:00:24.098] [SEVERE ] updating countdown to 14724
[17:00:24.322] [SEVERE ] player 1 placing token on slot 6
[17:00:24.322] [SEVERE ] updating countdown to 14500
[17:00:24.322] [SEVERE ] setting player 1 freeze to 0
[17:00:24.322] [SEVERE ] setting player 1 freeze to 0
[17:00:24.434] [SEVERE ] player 6 placing token on slot 1
[17:00:24.434] [SEVERE ] updating countdown to 14388
[17:00:24.434] [SEVERE ] setting player 6 freeze to 0
[17:00:24.434] [SEVERE ] setting player 6 freeze to 0
[17:00:25.034] [SEVERE ] updating countdown to 13788
[17:00:25.649] [SEVERE ] updating countdown to 13173
[17:00:25.856] [SEVERE ] player 2 placing token on slot 3
[17:00:26.254] [SEVERE ] updating countdown to 12568
[17:00:26.365] [SEVERE ] removing player 1 token from slot 1
[17:00:26.476] [SEVERE ] removing player 6 token from slot 5
[17:00:26.859] [SEVERE ] updating countdown to 11963
[17:00:26.875] [SEVERE ] player 1 placing token on slot 11
[17:00:26.875] [SEVERE ] player 2 placing token on slot 10
[17:00:26.875] [SEVERE ] updating countdown to 11947
[17:00:26.875] [SEVERE ] setting player 1 freeze to 0
[17:00:26.875] [SEVERE ] setting player 2 freeze to 0
[17:00:26.875] [SEVERE ] setting player 2 freeze to 0
[17:00:26.875] [SEVERE ] updating countdown to 11947
[17:00:26.875] [SEVERE ] setting player 1 freeze to 0
[17:00:27.483] [SEVERE ] updating countdown to 11339
[17:00:27.899] [SEVERE ] removing player 2 token from slot 5
[17:00:28.011] [SEVERE ] player 6 placing token on slot 10
[17:00:28.011] [SEVERE ] updating countdown to 10811
[17:00:28.011] [SEVERE ] setting player 6 freeze to 0
[17:00:28.011] [SEVERE ] setting player 6 freeze to 0
[17:00:28.612] [SEVERE ] updating countdown to 10210
[17:00:29.034] [SEVERE ] removing player 6 token from slot 3
[17:00:29.226] [SEVERE ] updating countdown to 9596
[17:00:29.545] [SEVERE ] player 6 placing token on slot 5
[17:00:29.545] [SEVERE ] updating countdown to 9277
[17:00:29.545] [SEVERE ] setting player 6 freeze to 0
[17:00:29.545] [SEVERE ] setting player 6 freeze to 0
[17:00:30.145] [SEVERE ] updating countdown to 8677
[17:00:30.455] [SEVERE ] player 2 placing token on slot 11
[17:00:30.455] [SEVERE ] setting player 2 freeze to 0
[17:00:30.455] [SEVERE ] updating countdown to 8367
[17:00:30.455] [SEVERE ] setting player 2 freeze to 0
[17:00:30.966] [SEVERE ] removing player 2 token from slot 11
[17:00:31.061] [SEVERE ] updating countdown to 7761
[17:00:31.476] [SEVERE ] player 2 placing token on slot 11
[17:00:31.476] [SEVERE ] updating countdown to 7346
[17:00:31.476] [SEVERE ] setting player 2 freeze to 0
[17:00:31.476] [SEVERE ] setting player 2 freeze to 0
[17:00:31.986] [SEVERE ] removing player 1 token from slot 3
[17:00:32.082] [SEVERE ] updating countdown to 6740
[17:00:32.688] [SEVERE ] updating countdown to 6134
[17:00:33.008] [SEVERE ] removing player 1 token from slot 6
[17:00:33.296] [SEVERE ] updating countdown to 5526
[17:00:33.519] [SEVERE ] player 1 placing token on slot 10
[17:00:33.631] [SEVERE ] removing player 6 token from slot 10
[17:00:34.031] [SEVERE ] player 1 placing token on slot 3
[17:00:34.031] [SEVERE ] setting player 1 freeze to 0
[17:00:34.031] [SEVERE ] setting player 1 freeze to 0
[17:00:34.142] [SEVERE ] player 6 placing token on slot 6
[17:00:34.142] [SEVERE ] setting player 6 freeze to 0
[17:00:34.142] [SEVERE ] setting player 6 freeze to 0
[17:00:34.652] [SEVERE ] removing player 6 token from slot 1
[17:00:35.161] [SEVERE ] player 6 placing token on slot 10
[17:00:35.161] [SEVERE ] setting player 6 freeze to 0
[17:00:35.161] [SEVERE ] setting player 6 freeze to 0
[17:00:35.560] [SEVERE ] removing player 1 token from slot 3
[17:00:36.067] [SEVERE ] player 1 placing token on slot 1
[17:00:36.067] [SEVERE ] setting player 1 freeze to 0
[17:00:36.067] [SEVERE ] setting player 1 freeze to 0
[17:00:36.178] [SEVERE ] removing player 6 token from slot 10
[17:00:36.575] [SEVERE ] removing player 1 token from slot 10
[17:00:37.590] [SEVERE ] player 1 placing token on slot 10
[17:00:37.590] [SEVERE ] setting player 1 freeze to 0
[17:00:37.590] [SEVERE ] setting player 1 freeze to 0
[17:00:38.210] [SEVERE ] removing player 6 token from slot 6
[17:00:38.608] [SEVERE ] removing player 1 token from slot 11
[17:00:38.720] [SEVERE ] player 6 placing token on slot 1
[17:00:38.831] [SEVERE ] updating countdown to 0
[17:00:38.942] [SEVERE ] removing tokens from slot 1
[17:00:38.942] [SEVERE ] removing card from slot 1
[17:00:39.053] [SEVERE ] removing tokens from slot 3
[17:00:39.053] [SEVERE ] removing card from slot 3
[17:00:39.165] [SEVERE ] removing tokens from slot 5
[17:00:39.165] [SEVERE ] removing card from slot 5
[17:00:39.277] [SEVERE ] removing tokens from slot 6
[17:00:39.277] [SEVERE ] removing card from slot 6
[17:00:39.389] [SEVERE ] removing tokens from slot 10
[17:00:39.389] [SEVERE ] removing card from slot 10
[17:00:39.501] [SEVERE ] removing tokens from slot 11
[17:00:39.501] [SEVERE ] removing card from slot 11
