[17:16:06.392] [INFO   ] thread bguspl.set.Main.main() starting.
[17:16:06.397] [SEVERE ] cannot read configuration file config.properties trying from resources.
[17:16:06.398] [SEVERE ] configuration file was loaded from resources directory.
[17:16:06.704] [INFO   ] thread dealer starting.
[17:16:06.704] [INFO   ] thread dealer starting.
[17:16:06.705] [INFO   ] thread Thread-1 starting.
[17:16:06.705] [INFO   ] thread Thread-3 starting.
[17:16:06.705] [INFO   ] thread Thread-2 starting.
[17:16:06.706] [INFO   ] thread Thread-6 starting.
[17:16:06.705] [INFO   ] thread Thread-4 starting.
[17:16:06.706] [INFO   ] thread Thread-5 starting.
[17:16:06.709] [INFO   ] thread computer-1 starting.
[17:16:06.709] [INFO   ] thread computer-2 starting.
[17:16:06.709] [INFO   ] thread computer-0 starting.
[17:16:06.709] [INFO   ] thread computer-4 starting.
[17:16:06.709] [INFO   ] thread computer-5 starting.
[17:16:06.709] [INFO   ] thread computer-3 starting.
[17:16:06.817] [SEVERE ] placing card 3 in slot 0
[17:16:06.926] [SEVERE ] placing card 7 in slot 1
[17:16:07.035] [SEVERE ] placing card 1 in slot 2
[17:16:07.145] [SEVERE ] placing card 6 in slot 3
[17:16:07.253] [SEVERE ] placing card 5 in slot 4
[17:16:07.362] [SEVERE ] placing card 2 in slot 5
[17:16:07.473] [SEVERE ] placing card 8 in slot 6
[17:16:07.584] [SEVERE ] placing card 4 in slot 7
[17:16:07.694] [SEVERE ] placing card 0 in slot 8
[17:16:07.695] [SEVERE ] updating countdown to 30000
[17:16:08.211] [SEVERE ] player 1 placing token on slot 0
[17:16:08.211] [SEVERE ] player 4 placing token on slot 4
[17:16:08.211] [SEVERE ] player 2 placing token on slot 5
[17:16:08.211] [SEVERE ] player 6 placing token on slot 5
[17:16:08.211] [SEVERE ] player 5 placing token on slot 3
[17:16:08.305] [SEVERE ] updating countdown to 29389
[17:16:08.711] [SEVERE ] player 5 placing token on slot 7
[17:16:08.711] [SEVERE ] player 6 placing token on slot 7
[17:16:08.714] [SEVERE ] removing player 2 token from slot 5
[17:16:08.714] [SEVERE ] player 4 placing token on slot 0
[17:16:08.714] [SEVERE ] player 3 placing token on slot 1
[17:16:08.714] [SEVERE ] player 1 placing token on slot 1
[17:16:08.917] [SEVERE ] updating countdown to 28777
[17:16:09.218] [SEVERE ] player 3 placing token on slot 3
[17:16:09.219] [SEVERE ] player 5 placing token on slot 1
[17:16:09.218] [SEVERE ] player 1 placing token on slot 4
[17:16:09.218] [SEVERE ] player 2 placing token on slot 6
[17:16:09.218] [SEVERE ] player 4 placing token on slot 5
[17:16:09.220] [SEVERE ] setting player 5 freeze to 0
[17:16:09.220] [SEVERE ] updating countdown to 28474
[17:16:09.222] [SEVERE ] setting player 5 freeze to 0
[17:16:09.222] [SEVERE ] setting player 1 freeze to 0
[17:16:09.222] [SEVERE ] updating countdown to 28472
[17:16:09.223] [SEVERE ] setting player 1 freeze to 0
[17:16:09.223] [SEVERE ] setting player 4 freeze to 0
[17:16:09.223] [SEVERE ] updating countdown to 28471
[17:16:09.224] [SEVERE ] setting player 4 freeze to 0
[17:16:09.720] [SEVERE ] removing player 5 token from slot 3
[17:16:09.720] [SEVERE ] player 2 placing token on slot 7
[17:16:09.721] [SEVERE ] removing player 4 token from slot 5
[17:16:09.721] [SEVERE ] player 3 placing token on slot 2
[17:16:09.721] [SEVERE ] player 6 placing token on slot 4
[17:16:09.722] [SEVERE ] setting player 3 freeze to 0
[17:16:09.722] [SEVERE ] updating countdown to 27972
[17:16:09.723] [SEVERE ] setting player 3 freeze to 0
[17:16:09.723] [SEVERE ] setting player 6 freeze to 0
[17:16:09.723] [SEVERE ] updating countdown to 27971
[17:16:09.724] [SEVERE ] setting player 6 freeze to 0
[17:16:10.222] [SEVERE ] player 4 placing token on slot 7
[17:16:10.222] [SEVERE ] player 5 placing token on slot 5
[17:16:10.222] [SEVERE ] removing player 6 token from slot 4
[17:16:10.222] [SEVERE ] player 2 placing token on slot 8
[17:16:10.223] [SEVERE ] setting player 4 score to 1
[17:16:10.225] [SEVERE ] setting player 4 freeze to 0
[17:16:10.225] [SEVERE ] setting player 4 freeze to 0
[17:16:10.323] [SEVERE ] removing tokens from slot 0
[17:16:10.323] [SEVERE ] removing card from slot 0
[17:16:10.425] [SEVERE ] removing tokens from slot 4
[17:16:10.426] [SEVERE ] removing card from slot 4
[17:16:10.534] [SEVERE ] removing tokens from slot 7
[17:16:10.535] [SEVERE ] removing card from slot 7
[17:16:10.536] [SEVERE ] updating countdown to 30000
[17:16:10.536] [SEVERE ] updating countdown to 30000
[17:16:10.537] [SEVERE ] updating countdown to 29999
[17:16:10.538] [SEVERE ] updating countdown to 29998
[17:16:10.722] [SEVERE ] player 1 placing token on slot 8
[17:16:10.724] [SEVERE ] player 6 placing token on slot 3
[17:16:10.724] [SEVERE ] player 4 placing token on slot 8
[17:16:11.143] [SEVERE ] updating countdown to 29393
[17:16:11.222] [SEVERE ] player 1 placing token on slot 2
[17:16:11.222] [SEVERE ] removing player 3 token from slot 3
[17:16:11.223] [SEVERE ] setting player 1 freeze to 0
[17:16:11.223] [SEVERE ] setting player 1 freeze to 0
[17:16:11.223] [SEVERE ] updating countdown to 29313
[17:16:11.739] [SEVERE ] player 4 placing token on slot 3
[17:16:11.739] [SEVERE ] removing player 6 token from slot 3
[17:16:11.833] [SEVERE ] updating countdown to 28703
[17:16:12.236] [SEVERE ] removing player 3 token from slot 2
[17:16:12.253] [SEVERE ] player 6 placing token on slot 6
[17:16:12.440] [SEVERE ] updating countdown to 28096
[17:16:12.737] [SEVERE ] removing player 1 token from slot 8
[17:16:12.753] [SEVERE ] player 4 placing token on slot 1
[17:16:12.753] [SEVERE ] updating countdown to 27783
[17:16:12.753] [SEVERE ] setting player 4 freeze to 0
[17:16:12.754] [SEVERE ] setting player 4 freeze to 0
[17:16:13.250] [SEVERE ] player 3 placing token on slot 8
[17:16:13.250] [SEVERE ] removing player 1 token from slot 2
[17:16:13.360] [SEVERE ] updating countdown to 27176
[17:16:13.755] [SEVERE ] player 1 placing token on slot 3
[17:16:13.755] [SEVERE ] removing player 3 token from slot 1
[17:16:13.962] [SEVERE ] updating countdown to 26574
[17:16:14.265] [SEVERE ] removing player 1 token from slot 1
[17:16:14.569] [SEVERE ] updating countdown to 25967
[17:16:14.776] [SEVERE ] player 1 placing token on slot 6
[17:16:14.776] [SEVERE ] player 3 placing token on slot 1
[17:16:15.175] [SEVERE ] updating countdown to 25361
[17:16:15.286] [SEVERE ] removing player 4 token from slot 8
[17:16:15.782] [SEVERE ] updating countdown to 24754
[17:16:15.798] [SEVERE ] removing player 1 token from slot 3
[17:16:15.814] [SEVERE ] removing player 6 token from slot 5
[17:16:16.308] [SEVERE ] player 1 placing token on slot 3
[17:16:16.308] [SEVERE ] player 3 placing token on slot 6
[17:16:16.308] [SEVERE ] updating countdown to 24228
[17:16:16.308] [SEVERE ] setting player 3 freeze to 0
[17:16:16.309] [SEVERE ] setting player 3 freeze to 0
[17:16:16.818] [SEVERE ] player 4 placing token on slot 6
[17:16:16.818] [SEVERE ] removing player 3 token from slot 1
[17:16:16.818] [SEVERE ] setting player 4 score to 2
[17:16:16.818] [SEVERE ] setting player 4 freeze to 0
[17:16:16.818] [SEVERE ] setting player 4 freeze to 0
[17:16:16.930] [SEVERE ] removing tokens from slot 1
[17:16:16.930] [SEVERE ] removing card from slot 1
[17:16:17.042] [SEVERE ] removing tokens from slot 3
[17:16:17.042] [SEVERE ] removing card from slot 3
[17:16:17.153] [SEVERE ] removing tokens from slot 6
[17:16:17.153] [SEVERE ] removing card from slot 6
[17:16:17.153] [SEVERE ] updating countdown to 30000
[17:16:17.153] [SEVERE ] updating countdown to 30000
[17:16:17.343] [SEVERE ] player 6 placing token on slot 8
[17:16:17.758] [SEVERE ] updating countdown to 29395
[17:16:17.837] [SEVERE ] player 1 placing token on slot 8
[17:16:18.349] [SEVERE ] player 1 placing token on slot 2
[17:16:18.366] [SEVERE ] player 6 placing token on slot 5
[17:16:18.366] [SEVERE ] updating countdown to 28788
[17:16:18.973] [SEVERE ] updating countdown to 28180
[17:16:19.577] [SEVERE ] updating countdown to 27576
[17:16:19.880] [SEVERE ] removing player 3 token from slot 8
[17:16:19.896] [SEVERE ] removing player 6 token from slot 8
[17:16:20.183] [SEVERE ] updating countdown to 26970
[17:16:20.790] [SEVERE ] updating countdown to 26363
[17:16:21.396] [SEVERE ] updating countdown to 25757
[17:16:21.428] [SEVERE ] player 6 placing token on slot 2
[17:16:21.924] [SEVERE ] removing player 1 token from slot 2
[17:16:22.003] [SEVERE ] updating countdown to 25150
[17:16:22.611] [SEVERE ] updating countdown to 24542
[17:16:22.945] [SEVERE ] player 1 placing token on slot 2
[17:16:23.217] [SEVERE ] updating countdown to 23936
[17:16:23.456] [SEVERE ] removing player 1 token from slot 8
[17:16:23.820] [SEVERE ] updating countdown to 23333
[17:16:23.964] [SEVERE ] player 3 placing token on slot 2
[17:16:24.428] [SEVERE ] updating countdown to 22725
[17:16:24.491] [SEVERE ] removing player 6 token from slot 5
[17:16:24.986] [SEVERE ] player 1 placing token on slot 5
[17:16:25.034] [SEVERE ] updating countdown to 22119
[17:16:25.640] [SEVERE ] updating countdown to 21513
[17:16:26.008] [SEVERE ] removing player 3 token from slot 2
[17:16:26.008] [SEVERE ] removing player 1 token from slot 5
[17:16:26.024] [SEVERE ] player 6 placing token on slot 5
[17:16:26.248] [SEVERE ] updating countdown to 20905
[17:16:26.519] [SEVERE ] player 1 placing token on slot 8
[17:16:26.854] [SEVERE ] updating countdown to 20299
[17:16:27.030] [SEVERE ] player 3 placing token on slot 5
[17:16:27.030] [SEVERE ] removing player 1 token from slot 8
[17:16:27.461] [SEVERE ] updating countdown to 19692
[17:16:27.530] [SEVERE ] player 4 placing token on slot 5
[17:16:27.540] [SEVERE ] removing player 1 token from slot 2
[17:16:27.540] [SEVERE ] removing player 3 token from slot 5
[17:16:28.036] [SEVERE ] player 4 placing token on slot 8
[17:16:28.068] [SEVERE ] updating countdown to 19085
[17:16:28.546] [SEVERE ] player 4 placing token on slot 2
[17:16:28.546] [SEVERE ] setting player 4 score to 3
[17:16:28.546] [SEVERE ] setting player 4 freeze to 0
[17:16:28.546] [SEVERE ] setting player 4 freeze to 0
[17:16:28.562] [SEVERE ] player 3 placing token on slot 2
[17:16:28.578] [SEVERE ] player 6 placing token on slot 8
[17:16:28.658] [SEVERE ] removing tokens from slot 2
[17:16:28.658] [SEVERE ] removing card from slot 2
[17:16:28.770] [SEVERE ] removing tokens from slot 5
[17:16:28.770] [SEVERE ] removing card from slot 5
[17:16:28.882] [SEVERE ] removing tokens from slot 8
[17:16:28.882] [SEVERE ] removing card from slot 8
[17:16:28.882] [SEVERE ] updating countdown to 30000
[17:16:28.882] [SEVERE ] updating countdown to 30000
[17:16:29.090] [INFO   ] thread computer-5 terminated.
[17:16:29.090] [INFO   ] thread Thread-6 terminated.
[17:16:29.090] [INFO   ] thread computer-4 terminated.
[17:16:29.092] [INFO   ] thread Thread-5 terminated.
