[15:37:03.066] [INFO   ] thread bguspl.set.Main.main() starting.
[15:37:03.070] [SEVERE ] cannot read configuration file config.properties trying from resources.
[15:37:03.071] [SEVERE ] configuration file was loaded from resources directory.
[15:37:03.684] [INFO   ] thread dealer starting.
[15:37:03.684] [INFO   ] thread dealer starting.
[15:37:03.685] [INFO   ] thread Thread-1 starting.
[15:37:03.685] [INFO   ] thread Thread-3 starting.
[15:37:03.685] [INFO   ] thread Thread-2 starting.
[15:37:03.687] [INFO   ] thread Thread-4 starting.
[15:37:03.688] [INFO   ] thread computer-0 starting.
[15:37:03.688] [INFO   ] thread computer-1 starting.
[15:37:03.687] [INFO   ] thread Thread-6 starting.
[15:37:03.687] [INFO   ] thread Thread-5 starting.
[15:37:03.688] [INFO   ] thread computer-3 starting.
[15:37:03.688] [INFO   ] thread computer-2 starting.
[15:37:03.694] [INFO   ] thread computer-4 starting.
[15:37:03.694] [INFO   ] thread computer-5 starting.
[15:37:03.703] [INFO   ] thread dealer terminated.
[15:37:06.714] [SEVERE ] thanks for playing... it was fun!
[15:37:06.715] [INFO   ] thread bguspl.set.Main.main() terminated.
[15:37:06.715] [SEVERE ] disposing of user interface elements
