[17:17:40.528] [INFO   ] thread bguspl.set.Main.main() starting.
[17:17:40.532] [SEVERE ] cannot read configuration file config.properties trying from resources.
[17:17:40.533] [SEVERE ] configuration file was loaded from resources directory.
[17:17:40.854] [INFO   ] thread dealer starting.
[17:17:40.855] [INFO   ] thread dealer starting.
[17:17:40.855] [INFO   ] thread Thread-1 starting.
[17:17:40.856] [INFO   ] thread Thread-5 starting.
[17:17:40.856] [INFO   ] thread Thread-4 starting.
[17:17:40.855] [INFO   ] thread Thread-3 starting.
[17:17:40.855] [INFO   ] thread Thread-2 starting.
[17:17:40.856] [INFO   ] thread Thread-6 starting.
[17:17:40.859] [INFO   ] thread computer-0 starting.
[17:17:40.859] [INFO   ] thread computer-1 starting.
[17:17:40.859] [INFO   ] thread computer-2 starting.
[17:17:40.859] [INFO   ] thread computer-4 starting.
[17:17:40.859] [INFO   ] thread computer-3 starting.
[17:17:40.859] [INFO   ] thread computer-5 starting.
[17:17:40.974] [SEVERE ] placing card 6 in slot 0
[17:17:41.083] [SEVERE ] placing card 2 in slot 1
[17:17:41.192] [SEVERE ] placing card 3 in slot 2
[17:17:41.301] [SEVERE ] placing card 4 in slot 3
[17:17:41.411] [SEVERE ] placing card 8 in slot 4
[17:17:41.520] [SEVERE ] placing card 7 in slot 5
[17:17:41.632] [SEVERE ] placing card 5 in slot 6
[17:17:41.744] [SEVERE ] placing card 0 in slot 7
[17:17:41.853] [SEVERE ] placing card 1 in slot 8
[17:17:41.853] [SEVERE ] updating countdown to 30000
[17:17:42.357] [SEVERE ] player 5 placing token on slot 1
[17:17:42.357] [SEVERE ] player 1 placing token on slot 1
[17:17:42.357] [SEVERE ] player 6 placing token on slot 8
[17:17:42.465] [SEVERE ] updating countdown to 29388
[17:17:42.869] [SEVERE ] player 2 placing token on slot 1
[17:17:42.869] [SEVERE ] player 4 placing token on slot 7
[17:17:42.869] [SEVERE ] player 5 placing token on slot 6
[17:17:42.869] [SEVERE ] player 6 placing token on slot 5
[17:17:43.074] [SEVERE ] updating countdown to 28779
[17:17:43.372] [SEVERE ] player 1 placing token on slot 4
[17:17:43.372] [SEVERE ] removing player 2 token from slot 1
[17:17:43.372] [SEVERE ] player 4 placing token on slot 0
[17:17:43.372] [SEVERE ] player 3 placing token on slot 4
[17:17:43.372] [SEVERE ] player 5 placing token on slot 3
[17:17:43.376] [SEVERE ] updating countdown to 28477
[17:17:43.376] [SEVERE ] setting player 5 freeze to 0
[17:17:43.377] [SEVERE ] setting player 5 freeze to 0
[17:17:43.874] [SEVERE ] player 1 placing token on slot 6
[17:17:43.874] [SEVERE ] player 6 placing token on slot 1
[17:17:43.874] [SEVERE ] player 3 placing token on slot 3
[17:17:43.876] [SEVERE ] setting player 1 score to 1
[17:17:43.877] [SEVERE ] setting player 1 freeze to 0
[17:17:43.878] [SEVERE ] setting player 1 freeze to 0
[17:17:43.977] [SEVERE ] removing tokens from slot 1
[17:17:43.977] [SEVERE ] removing card from slot 1
[17:17:44.094] [SEVERE ] removing tokens from slot 4
[17:17:44.095] [SEVERE ] removing card from slot 4
[17:17:44.203] [SEVERE ] removing tokens from slot 6
[17:17:44.205] [SEVERE ] removing card from slot 6
[17:17:44.205] [SEVERE ] updating countdown to 30000
[17:17:44.206] [SEVERE ] updating countdown to 29999
[17:17:44.207] [SEVERE ] updating countdown to 29998
[17:17:44.375] [SEVERE ] player 1 placing token on slot 8
[17:17:44.813] [SEVERE ] updating countdown to 29392
[17:17:44.890] [SEVERE ] player 4 placing token on slot 3
[17:17:44.890] [SEVERE ] player 2 placing token on slot 5
[17:17:44.891] [SEVERE ] setting player 4 freeze to 0
[17:17:44.891] [SEVERE ] updating countdown to 29314
[17:17:44.892] [SEVERE ] setting player 4 freeze to 0
[17:17:45.405] [SEVERE ] removing player 4 token from slot 3
[17:17:45.405] [SEVERE ] player 5 placing token on slot 5
[17:17:45.405] [SEVERE ] player 1 placing token on slot 3
[17:17:45.500] [SEVERE ] updating countdown to 28705
[17:17:45.908] [SEVERE ] player 5 placing token on slot 0
[17:17:45.908] [SEVERE ] player 2 placing token on slot 3
[17:17:45.909] [SEVERE ] setting player 5 freeze to 0
[17:17:45.908] [SEVERE ] player 3 placing token on slot 5
[17:17:45.910] [SEVERE ] setting player 5 freeze to 0
[17:17:45.909] [SEVERE ] updating countdown to 28296
[17:17:46.412] [SEVERE ] removing player 3 token from slot 5
[17:17:46.412] [SEVERE ] player 2 placing token on slot 0
[17:17:46.412] [SEVERE ] player 4 placing token on slot 3
[17:17:46.412] [SEVERE ] setting player 2 freeze to 0
[17:17:46.412] [SEVERE ] updating countdown to 27793
[17:17:46.412] [SEVERE ] setting player 2 freeze to 0
[17:17:46.412] [SEVERE ] setting player 4 freeze to 0
[17:17:46.412] [SEVERE ] updating countdown to 27793
[17:17:46.412] [SEVERE ] setting player 4 freeze to 0
[17:17:46.915] [SEVERE ] player 3 placing token on slot 5
[17:17:47.023] [SEVERE ] updating countdown to 27182
[17:17:47.415] [SEVERE ] removing player 4 token from slot 0
[17:17:47.639] [SEVERE ] updating countdown to 26566
[17:17:47.927] [SEVERE ] player 4 placing token on slot 0
[17:17:47.927] [SEVERE ] removing player 2 token from slot 5
[17:17:47.927] [SEVERE ] removing player 5 token from slot 3
[17:17:47.927] [SEVERE ] setting player 4 freeze to 0
[17:17:47.927] [SEVERE ] updating countdown to 26278
[17:17:47.927] [SEVERE ] player 1 placing token on slot 7
[17:17:47.928] [SEVERE ] setting player 4 freeze to 0
[17:17:47.928] [SEVERE ] setting player 1 freeze to 0
[17:17:47.928] [SEVERE ] setting player 1 freeze to 0
[17:17:47.928] [SEVERE ] updating countdown to 26277
[17:17:48.428] [SEVERE ] player 2 placing token on slot 8
[17:17:48.428] [SEVERE ] updating countdown to 25777
[17:17:48.428] [SEVERE ] setting player 2 freeze to 0
[17:17:48.428] [SEVERE ] setting player 2 freeze to 0
[17:17:48.437] [SEVERE ] player 3 placing token on slot 8
[17:17:48.437] [SEVERE ] removing player 5 token from slot 5
[17:17:48.437] [SEVERE ] setting player 3 score to 1
[17:17:48.437] [SEVERE ] setting player 3 freeze to 0
[17:17:48.437] [SEVERE ] setting player 3 freeze to 0
[17:17:48.549] [SEVERE ] removing tokens from slot 3
[17:17:48.549] [SEVERE ] removing card from slot 3
[17:17:48.661] [SEVERE ] removing tokens from slot 5
[17:17:48.661] [SEVERE ] removing card from slot 5
[17:17:48.773] [SEVERE ] removing tokens from slot 8
[17:17:48.773] [SEVERE ] removing card from slot 8
[17:17:48.773] [SEVERE ] updating countdown to 30000
[17:17:48.773] [SEVERE ] updating countdown to 30000
[17:17:48.949] [SEVERE ] player 4 placing token on slot 2
[17:17:48.949] [SEVERE ] setting player 4 score to 1
[17:17:48.949] [SEVERE ] setting player 4 freeze to 0
[17:17:48.950] [SEVERE ] setting player 4 freeze to 0
[17:17:49.060] [SEVERE ] removing tokens from slot 0
[17:17:49.060] [SEVERE ] removing card from slot 0
[17:17:49.171] [SEVERE ] removing tokens from slot 2
[17:17:49.171] [SEVERE ] removing card from slot 2
[17:17:49.283] [SEVERE ] removing tokens from slot 7
[17:17:49.283] [SEVERE ] removing card from slot 7
[17:17:49.283] [SEVERE ] updating countdown to 30000
[17:17:49.284] [SEVERE ] updating countdown to 29999
[17:17:49.284] [INFO   ] thread computer-5 terminated.
[17:17:49.286] [INFO   ] thread Thread-6 terminated.
[17:17:49.457] [INFO   ] thread computer-4 terminated.
[17:17:49.458] [INFO   ] thread Thread-5 terminated.
[17:17:49.973] [INFO   ] thread computer-3 terminated.
[17:17:49.974] [INFO   ] thread Thread-4 terminated.
[17:17:50.488] [INFO   ] thread computer-2 terminated.
[17:17:50.489] [INFO   ] thread Thread-3 terminated.
[17:17:51.007] [INFO   ] thread computer-1 terminated.
[17:17:51.007] [INFO   ] thread Thread-2 terminated.
[17:17:51.524] [INFO   ] thread computer-0 terminated.
[17:17:51.525] [INFO   ] thread Thread-1 terminated.
[17:17:51.527] [SEVERE ] announcing winner(s): player 1, player 3, player 4
[17:17:54.542] [INFO   ] thread dealer terminated.
[17:17:54.543] [INFO   ] thread dealer terminated.
[17:17:57.555] [SEVERE ] thanks for playing... it was fun!
[17:17:57.556] [INFO   ] thread bguspl.set.Main.main() terminated.
[17:17:57.556] [SEVERE ] disposing of user interface elements
