[17:13:12.778] [INFO   ] thread bguspl.set.Main.main() starting.
[17:13:12.782] [SEVERE ] cannot read configuration file config.properties trying from resources.
[17:13:12.783] [SEVERE ] configuration file was loaded from resources directory.
[17:13:13.181] [INFO   ] thread dealer starting.
[17:13:13.181] [INFO   ] thread dealer starting.
[17:13:13.184] [INFO   ] thread Thread-1 starting.
[17:13:13.184] [INFO   ] thread Thread-6 starting.
[17:13:13.184] [INFO   ] thread Thread-5 starting.
[17:13:13.184] [INFO   ] thread Thread-4 starting.
[17:13:13.184] [INFO   ] thread Thread-3 starting.
[17:13:13.184] [INFO   ] thread Thread-2 starting.
[17:13:13.186] [INFO   ] thread computer-4 starting.
[17:13:13.186] [INFO   ] thread computer-5 starting.
[17:13:13.186] [INFO   ] thread computer-3 starting.
[17:13:13.185] [INFO   ] thread computer-0 starting.
[17:13:13.187] [INFO   ] thread computer-1 starting.
[17:13:13.187] [INFO   ] thread computer-2 starting.
[17:13:13.304] [SEVERE ] placing card 5 in slot 0
[17:13:13.415] [SEVERE ] placing card 1 in slot 1
[17:13:13.524] [SEVERE ] placing card 4 in slot 2
[17:13:13.635] [SEVERE ] placing card 7 in slot 3
[17:13:13.746] [SEVERE ] placing card 8 in slot 4
[17:13:13.856] [SEVERE ] placing card 6 in slot 5
[17:13:13.965] [SEVERE ] placing card 0 in slot 6
[17:13:14.073] [SEVERE ] placing card 2 in slot 7
[17:13:14.182] [SEVERE ] placing card 3 in slot 8
[17:13:14.183] [SEVERE ] updating countdown to 30000
[17:13:14.700] [SEVERE ] player 5 placing token on slot 2
[17:13:14.700] [SEVERE ] player 3 placing token on slot 4
[17:13:14.701] [SEVERE ] player 1 placing token on slot 1
[17:13:14.702] [SEVERE ] player 2 placing token on slot 4
[17:13:14.703] [SEVERE ] player 6 placing token on slot 2
[17:13:14.704] [SEVERE ] player 4 placing token on slot 8
[17:13:14.791] [SEVERE ] updating countdown to 29392
[17:13:15.214] [SEVERE ] player 6 placing token on slot 1
[17:13:15.220] [SEVERE ] player 1 placing token on slot 6
[17:13:15.224] [SEVERE ] player 2 placing token on slot 5
[17:13:15.400] [SEVERE ] updating countdown to 28783
[17:13:15.702] [SEVERE ] player 5 placing token on slot 1
[17:13:15.717] [SEVERE ] player 4 placing token on slot 0
[17:13:15.720] [SEVERE ] player 3 placing token on slot 0
[17:13:15.734] [SEVERE ] player 1 placing token on slot 3
[17:13:15.736] [SEVERE ] updating countdown to 28447
[17:13:15.737] [SEVERE ] setting player 1 freeze to 0
[17:13:15.739] [SEVERE ] setting player 1 freeze to 0
[17:13:15.739] [SEVERE ] player 2 placing token on slot 7
[17:13:15.741] [SEVERE ] updating countdown to 28442
[17:13:15.741] [SEVERE ] setting player 2 freeze to 0
[17:13:15.742] [SEVERE ] setting player 2 freeze to 0
[17:13:16.218] [SEVERE ] removing player 5 token from slot 1
[17:13:16.224] [SEVERE ] player 6 placing token on slot 4
[17:13:16.226] [SEVERE ] updating countdown to 27957
[17:13:16.226] [SEVERE ] setting player 6 freeze to 0
[17:13:16.228] [SEVERE ] setting player 6 freeze to 0
[17:13:16.230] [SEVERE ] player 4 placing token on slot 1
[17:13:16.231] [SEVERE ] updating countdown to 27952
[17:13:16.231] [SEVERE ] setting player 4 freeze to 0
[17:13:16.233] [SEVERE ] setting player 4 freeze to 0
[17:13:16.238] [SEVERE ] player 3 placing token on slot 6
[17:13:16.240] [SEVERE ] updating countdown to 27943
[17:13:16.240] [SEVERE ] setting player 3 freeze to 0
[17:13:16.240] [SEVERE ] setting player 3 freeze to 0
[17:13:16.720] [SEVERE ] player 5 placing token on slot 8
[17:13:16.736] [SEVERE ] removing player 4 token from slot 0
[17:13:16.752] [SEVERE ] removing player 2 token from slot 5
[17:13:16.843] [SEVERE ] updating countdown to 27340
[17:13:17.233] [SEVERE ] player 5 placing token on slot 7
[17:13:17.233] [SEVERE ] updating countdown to 26950
[17:13:17.233] [SEVERE ] setting player 5 freeze to 0
[17:13:17.234] [SEVERE ] setting player 5 freeze to 0
[17:13:17.250] [SEVERE ] removing player 4 token from slot 8
[17:13:17.264] [SEVERE ] removing player 3 token from slot 6
[17:13:17.768] [SEVERE ] player 4 placing token on slot 6
[17:13:17.771] [SEVERE ] player 3 placing token on slot 8
[17:13:17.773] [SEVERE ] updating countdown to 26410
[17:13:17.773] [SEVERE ] setting player 3 freeze to 0
[17:13:17.774] [SEVERE ] setting player 3 freeze to 0
[17:13:17.774] [SEVERE ] player 2 placing token on slot 0
[17:13:17.776] [SEVERE ] setting player 2 score to 1
[17:13:17.776] [SEVERE ] setting player 2 freeze to 0
[17:13:17.777] [SEVERE ] setting player 2 freeze to 0
[17:13:17.783] [SEVERE ] removing player 1 token from slot 3
[17:13:17.890] [SEVERE ] removing tokens from slot 0
[17:13:17.890] [SEVERE ] removing card from slot 0
[17:13:18.001] [SEVERE ] removing tokens from slot 4
[17:13:18.002] [SEVERE ] removing card from slot 4
[17:13:18.110] [SEVERE ] removing tokens from slot 7
[17:13:18.110] [SEVERE ] removing card from slot 7
[17:13:18.111] [SEVERE ] updating countdown to 30000
[17:13:18.111] [SEVERE ] updating countdown to 30000
[17:13:18.236] [SEVERE ] player 5 placing token on slot 1
[17:13:18.237] [SEVERE ] updating countdown to 29875
[17:13:18.237] [SEVERE ] setting player 5 freeze to 0
[17:13:18.237] [SEVERE ] setting player 5 freeze to 0
[17:13:18.269] [SEVERE ] player 4 placing token on slot 8
[17:13:18.270] [SEVERE ] updating countdown to 29841
[17:13:18.270] [SEVERE ] setting player 4 freeze to 0
[17:13:18.270] [SEVERE ] setting player 4 freeze to 0
[17:13:18.284] [SEVERE ] removing player 3 token from slot 8
[17:13:18.738] [SEVERE ] removing player 5 token from slot 1
[17:13:18.754] [SEVERE ] player 6 placing token on slot 5
[17:13:18.754] [SEVERE ] updating countdown to 29357
[17:13:18.754] [SEVERE ] setting player 6 freeze to 0
[17:13:18.754] [SEVERE ] setting player 6 freeze to 0
[17:13:18.788] [SEVERE ] player 2 placing token on slot 5
[17:13:18.801] [SEVERE ] removing player 1 token from slot 6
[17:13:18.804] [SEVERE ] player 3 placing token on slot 1
[17:13:19.285] [SEVERE ] removing player 4 token from slot 8
[17:13:19.302] [SEVERE ] removing player 1 token from slot 1
[17:13:19.305] [SEVERE ] player 2 placing token on slot 6
[17:13:19.318] [SEVERE ] player 3 placing token on slot 6
[17:13:19.354] [SEVERE ] updating countdown to 28757
[17:13:19.755] [SEVERE ] player 5 placing token on slot 6
[17:13:19.755] [SEVERE ] updating countdown to 28356
[17:13:19.755] [SEVERE ] setting player 5 freeze to 0
[17:13:19.756] [SEVERE ] setting player 5 freeze to 0
[17:13:19.771] [SEVERE ] removing player 6 token from slot 2
[17:13:19.788] [SEVERE ] player 4 placing token on slot 8
[17:13:19.789] [SEVERE ] updating countdown to 28322
[17:13:19.789] [SEVERE ] setting player 4 freeze to 0
[17:13:19.789] [SEVERE ] setting player 4 freeze to 0
[17:13:19.816] [SEVERE ] player 1 placing token on slot 6
[17:13:19.833] [SEVERE ] player 3 placing token on slot 2
[17:13:19.833] [SEVERE ] updating countdown to 28278
[17:13:19.833] [SEVERE ] setting player 3 freeze to 0
[17:13:19.834] [SEVERE ] setting player 3 freeze to 0
[17:13:20.268] [SEVERE ] removing player 5 token from slot 2
[17:13:20.285] [SEVERE ] removing player 6 token from slot 5
[17:13:20.331] [SEVERE ] player 1 placing token on slot 2
[17:13:20.440] [SEVERE ] updating countdown to 27671
[17:13:20.834] [SEVERE ] player 1 placing token on slot 3
[17:13:20.835] [SEVERE ] updating countdown to 27276
[17:13:20.835] [SEVERE ] setting player 1 freeze to 0
[17:13:20.836] [SEVERE ] setting player 1 freeze to 0
[17:13:20.863] [SEVERE ] removing player 3 token from slot 6
[17:13:21.285] [SEVERE ] player 5 placing token on slot 3
[17:13:21.285] [SEVERE ] updating countdown to 26826
[17:13:21.285] [SEVERE ] setting player 5 freeze to 0
[17:13:21.286] [SEVERE ] setting player 5 freeze to 0
[17:13:21.301] [SEVERE ] player 6 placing token on slot 5
[17:13:21.332] [SEVERE ] player 2 placing token on slot 3
[17:13:21.333] [SEVERE ] updating countdown to 26778
[17:13:21.333] [SEVERE ] setting player 2 freeze to 0
[17:13:21.333] [SEVERE ] setting player 2 freeze to 0
[17:13:21.378] [SEVERE ] removing player 3 token from slot 1
[17:13:21.798] [SEVERE ] removing player 5 token from slot 6
[17:13:21.844] [SEVERE ] removing player 2 token from slot 3
[17:13:21.845] [SEVERE ] removing player 4 token from slot 1
[17:13:21.863] [SEVERE ] removing player 1 token from slot 6
[17:13:21.938] [SEVERE ] updating countdown to 26173
[17:13:22.346] [SEVERE ] removing player 2 token from slot 5
[17:13:22.361] [SEVERE ] player 4 placing token on slot 1
[17:13:22.363] [SEVERE ] updating countdown to 25749
[17:13:22.363] [SEVERE ] setting player 4 freeze to 0
[17:13:22.364] [SEVERE ] setting player 4 freeze to 0
[17:13:22.408] [SEVERE ] player 3 placing token on slot 5
[17:13:22.815] [SEVERE ] removing player 5 token from slot 8
[17:13:22.862] [SEVERE ] player 2 placing token on slot 2
[17:13:22.879] [SEVERE ] removing player 1 token from slot 2
[17:13:22.973] [SEVERE ] updating countdown to 25138
[17:13:23.320] [SEVERE ] player 5 placing token on slot 1
[17:13:23.363] [SEVERE ] player 2 placing token on slot 8
[17:13:23.364] [SEVERE ] updating countdown to 24747
[17:13:23.364] [SEVERE ] setting player 2 freeze to 0
[17:13:23.365] [SEVERE ] setting player 2 freeze to 0
[17:13:23.367] [SEVERE ] removing player 4 token from slot 8
[17:13:23.414] [SEVERE ] removing player 3 token from slot 5
[17:13:23.823] [SEVERE ] player 5 placing token on slot 6
[17:13:23.823] [SEVERE ] updating countdown to 24288
[17:13:23.823] [SEVERE ] setting player 5 freeze to 0
[17:13:23.825] [SEVERE ] setting player 5 freeze to 0
[17:13:23.916] [SEVERE ] player 3 placing token on slot 1
[17:13:24.341] [SEVERE ] player 6 placing token on slot 3
[17:13:24.342] [SEVERE ] updating countdown to 23769
[17:13:24.342] [SEVERE ] setting player 6 freeze to 0
[17:13:24.343] [SEVERE ] setting player 6 freeze to 0
[17:13:24.370] [SEVERE ] player 4 placing token on slot 5
[17:13:24.371] [SEVERE ] updating countdown to 23740
[17:13:24.371] [SEVERE ] setting player 4 freeze to 0
[17:13:24.372] [SEVERE ] setting player 4 freeze to 0
[17:13:24.417] [SEVERE ] player 3 placing token on slot 3
[17:13:24.419] [SEVERE ] setting player 3 score to 1
[17:13:24.419] [SEVERE ] setting player 3 freeze to 0
[17:13:24.419] [SEVERE ] setting player 3 freeze to 0
[17:13:24.527] [SEVERE ] removing tokens from slot 1
[17:13:24.528] [SEVERE ] removing card from slot 1
[17:13:24.637] [SEVERE ] removing tokens from slot 2
[17:13:24.638] [SEVERE ] removing card from slot 2
[17:13:24.747] [SEVERE ] removing tokens from slot 3
[17:13:24.748] [SEVERE ] removing card from slot 3
[17:13:24.748] [SEVERE ] updating countdown to 30000
[17:13:24.748] [SEVERE ] updating countdown to 30000
[17:13:25.356] [SEVERE ] updating countdown to 29392
[17:13:25.371] [SEVERE ] player 2 placing token on slot 5
[17:13:25.372] [SEVERE ] setting player 2 score to 2
[17:13:25.372] [SEVERE ] setting player 2 freeze to 0
[17:13:25.372] [SEVERE ] setting player 2 freeze to 0
[17:13:25.388] [SEVERE ] player 1 placing token on slot 8
[17:13:25.482] [SEVERE ] removing tokens from slot 5
[17:13:25.483] [SEVERE ] removing card from slot 5
[17:13:25.590] [SEVERE ] removing tokens from slot 6
[17:13:25.590] [SEVERE ] removing card from slot 6
[17:13:25.700] [SEVERE ] removing tokens from slot 8
[17:13:25.700] [SEVERE ] removing card from slot 8
[17:13:25.700] [SEVERE ] updating countdown to 30000
[17:13:25.701] [SEVERE ] updating countdown to 29999
[17:13:25.857] [INFO   ] thread computer-5 terminated.
[17:13:25.857] [INFO   ] thread Thread-6 terminated.
